Starting training for 50 epochs...
--- Optuna Trial 54 ---
Device: cuda
Model parameters: 581,685
----------------------------------------------------------------------
Epoch   1/50 | Train Loss: 1.2466 | Val Loss: 1.1582 | LR: 0.001041
  Train - Data Loss (MIXMSE): 1.2466, GD: 5.8069e+04,     RMSE: 0.7239, MAE: 0.3490
  Val   - Data Loss (MIXMSE): 1.1582, GD: 3.7363e+05,     RMSE: 0.7007, MAE: 0.3346
----------------------------------------------------------------------
Epoch   2/50 | Train Loss: 1.0455 | Val Loss: 0.9463 | LR: 0.001041
  Train - Data Loss (MIXMSE): 1.0455, GD: 9.1466e+05,     RMSE: 0.6625, MAE: 0.3267
  Val   - Data Loss (MIXMSE): 0.9463, GD: 2.2686e+06,     RMSE: 0.6335, MAE: 0.3061
----------------------------------------------------------------------
Epoch   3/50 | Train Loss: 0.8358 | Val Loss: 0.7562 | LR: 0.001041
  Train - Data Loss (MIXMSE): 0.8358, GD: 4.3729e+06,     RMSE: 0.5921, MAE: 0.3037
  Val   - Data Loss (MIXMSE): 0.7562, GD: 8.8423e+06,     RMSE: 0.5664, MAE: 0.2914
----------------------------------------------------------------------
Epoch   4/50 | Train Loss: 0.6959 | Val Loss: 0.6506 | LR: 0.001041
  Train - Data Loss (MIXMSE): 0.6959, GD: 1.5793e+07,     RMSE: 0.5401, MAE: 0.2798
  Val   - Data Loss (MIXMSE): 0.6506, GD: 2.8507e+07,     RMSE: 0.5253, MAE: 0.2589
----------------------------------------------------------------------
Epoch   5/50 | Train Loss: 0.5902 | Val Loss: 0.5591 | LR: 0.001041
  Train - Data Loss (MIXMSE): 0.5902, GD: 4.4834e+07,     RMSE: 0.4973, MAE: 0.2555
  Val   - Data Loss (MIXMSE): 0.5591, GD: 6.2243e+07,     RMSE: 0.4870, MAE: 0.2472
----------------------------------------------------------------------
Epoch   6/50 | Train Loss: 0.4477 | Val Loss: 0.4092 | LR: 0.001041
  Train - Data Loss (MIXMSE): 0.4477, GD: 4.0283e+07,     RMSE: 0.4327, MAE: 0.2189
  Val   - Data Loss (MIXMSE): 0.4092, GD: 2.1067e+07,     RMSE: 0.4167, MAE: 0.2021
----------------------------------------------------------------------
Epoch   7/50 | Train Loss: 0.3631 | Val Loss: 0.3438 | LR: 0.001041
  Train - Data Loss (MIXMSE): 0.3631, GD: 1.8604e+07,     RMSE: 0.3899, MAE: 0.1959
  Val   - Data Loss (MIXMSE): 0.3438, GD: 1.7473e+07,     RMSE: 0.3820, MAE: 0.1847
----------------------------------------------------------------------
Epoch   8/50 | Train Loss: 0.3434 | Val Loss: 0.3519 | LR: 0.001041
  Train - Data Loss (MIXMSE): 0.3434, GD: 1.7408e+07,     RMSE: 0.3793, MAE: 0.1879
  Val   - Data Loss (MIXMSE): 0.3519, GD: 1.5747e+07,     RMSE: 0.3865, MAE: 0.1845
----------------------------------------------------------------------
Epoch   9/50 | Train Loss: 0.3038 | Val Loss: 0.3458 | LR: 0.001041
  Train - Data Loss (MIXMSE): 0.3038, GD: 2.3325e+07,     RMSE: 0.3569, MAE: 0.1778
  Val   - Data Loss (MIXMSE): 0.3458, GD: 1.9309e+07,     RMSE: 0.3829, MAE: 0.1792
----------------------------------------------------------------------
Epoch  10/50 | Train Loss: 0.2845 | Val Loss: 0.3132 | LR: 0.001041
  Train - Data Loss (MIXMSE): 0.2845, GD: 3.0932e+07,     RMSE: 0.3453, MAE: 0.1709
  Val   - Data Loss (MIXMSE): 0.3132, GD: 3.0000e+07,     RMSE: 0.3645, MAE: 0.1778
----------------------------------------------------------------------
Epoch  11/50 | Train Loss: 0.2656 | Val Loss: 0.2585 | LR: 0.001041
  Train - Data Loss (MIXMSE): 0.2656, GD: 3.7886e+07,     RMSE: 0.3335, MAE: 0.1656
  Val   - Data Loss (MIXMSE): 0.2585, GD: 4.4019e+07,     RMSE: 0.3311, MAE: 0.1598
----------------------------------------------------------------------
Epoch  12/50 | Train Loss: 0.2560 | Val Loss: 0.2567 | LR: 0.001041
  Train - Data Loss (MIXMSE): 0.2560, GD: 4.1936e+07,     RMSE: 0.3273, MAE: 0.1632
  Val   - Data Loss (MIXMSE): 0.2567, GD: 4.7301e+07,     RMSE: 0.3300, MAE: 0.1578
----------------------------------------------------------------------
Epoch  13/50 | Train Loss: 0.2408 | Val Loss: 0.2390 | LR: 0.001041
  Train - Data Loss (MIXMSE): 0.2408, GD: 4.7513e+07,     RMSE: 0.3180, MAE: 0.1581
  Val   - Data Loss (MIXMSE): 0.2390, GD: 4.9450e+07,     RMSE: 0.3184, MAE: 0.1546
----------------------------------------------------------------------
Epoch  14/50 | Train Loss: 0.2323 | Val Loss: 0.2458 | LR: 0.001041
  Train - Data Loss (MIXMSE): 0.2323, GD: 5.1200e+07,     RMSE: 0.3121, MAE: 0.1551
  Val   - Data Loss (MIXMSE): 0.2458, GD: 4.8611e+07,     RMSE: 0.3228, MAE: 0.1531
----------------------------------------------------------------------
Epoch  15/50 | Train Loss: 0.2255 | Val Loss: 0.2386 | LR: 0.001041
  Train - Data Loss (MIXMSE): 0.2255, GD: 5.2932e+07,     RMSE: 0.3076, MAE: 0.1536
  Val   - Data Loss (MIXMSE): 0.2386, GD: 5.6379e+07,     RMSE: 0.3181, MAE: 0.1548
----------------------------------------------------------------------
Epoch  16/50 | Train Loss: 0.2254 | Val Loss: 0.2326 | LR: 0.001041
  Train - Data Loss (MIXMSE): 0.2254, GD: 5.3051e+07,     RMSE: 0.3076, MAE: 0.1539
  Val   - Data Loss (MIXMSE): 0.2326, GD: 5.5088e+07,     RMSE: 0.3141, MAE: 0.1545
----------------------------------------------------------------------
Epoch  17/50 | Train Loss: 0.2168 | Val Loss: 0.2280 | LR: 0.001041
  Train - Data Loss (MIXMSE): 0.2168, GD: 5.5672e+07,     RMSE: 0.3016, MAE: 0.1505
  Val   - Data Loss (MIXMSE): 0.2280, GD: 5.2543e+07,     RMSE: 0.3110, MAE: 0.1475
----------------------------------------------------------------------
Epoch  18/50 | Train Loss: 0.2170 | Val Loss: 0.2257 | LR: 0.001041
  Train - Data Loss (MIXMSE): 0.2170, GD: 5.5843e+07,     RMSE: 0.3017, MAE: 0.1507
  Val   - Data Loss (MIXMSE): 0.2257, GD: 6.6203e+07,     RMSE: 0.3092, MAE: 0.1486
----------------------------------------------------------------------
Epoch  19/50 | Train Loss: 0.2059 | Val Loss: 0.2324 | LR: 0.001041
  Train - Data Loss (MIXMSE): 0.2059, GD: 6.0644e+07,     RMSE: 0.2939, MAE: 0.1469
  Val   - Data Loss (MIXMSE): 0.2324, GD: 6.4196e+07,     RMSE: 0.3137, MAE: 0.1562
----------------------------------------------------------------------
Epoch  20/50 | Train Loss: 0.2146 | Val Loss: 0.2128 | LR: 0.001041
  Train - Data Loss (MIXMSE): 0.2146, GD: 5.9968e+07,     RMSE: 0.3000, MAE: 0.1497
  Val   - Data Loss (MIXMSE): 0.2128, GD: 6.7105e+07,     RMSE: 0.3002, MAE: 0.1449
----------------------------------------------------------------------
Epoch  21/50 | Train Loss: 0.2015 | Val Loss: 0.1973 | LR: 0.001041
  Train - Data Loss (MIXMSE): 0.2015, GD: 6.1763e+07,     RMSE: 0.2908, MAE: 0.1453
  Val   - Data Loss (MIXMSE): 0.1973, GD: 6.8111e+07,     RMSE: 0.2892, MAE: 0.1392
----------------------------------------------------------------------
Epoch  22/50 | Train Loss: 0.2025 | Val Loss: 0.2154 | LR: 0.001041
  Train - Data Loss (MIXMSE): 0.2025, GD: 6.2999e+07,     RMSE: 0.2914, MAE: 0.1453
  Val   - Data Loss (MIXMSE): 0.2154, GD: 6.4892e+07,     RMSE: 0.3021, MAE: 0.1445
----------------------------------------------------------------------
Epoch  23/50 | Train Loss: 0.1954 | Val Loss: 0.1980 | LR: 0.001041
  Train - Data Loss (MIXMSE): 0.1954, GD: 6.6168e+07,     RMSE: 0.2862, MAE: 0.1424
  Val   - Data Loss (MIXMSE): 0.1980, GD: 6.2096e+07,     RMSE: 0.2897, MAE: 0.1389
----------------------------------------------------------------------
Epoch  24/50 | Train Loss: 0.1899 | Val Loss: 0.2061 | LR: 0.001041
  Train - Data Loss (MIXMSE): 0.1899, GD: 6.8112e+07,     RMSE: 0.2822, MAE: 0.1410
  Val   - Data Loss (MIXMSE): 0.2061, GD: 6.6650e+07,     RMSE: 0.2954, MAE: 0.1438
----------------------------------------------------------------------
Epoch  25/50 | Train Loss: 0.1873 | Val Loss: 0.1988 | LR: 0.001041
  Train - Data Loss (MIXMSE): 0.1873, GD: 6.9741e+07,     RMSE: 0.2803, MAE: 0.1401
  Val   - Data Loss (MIXMSE): 0.1988, GD: 6.6401e+07,     RMSE: 0.2902, MAE: 0.1413
----------------------------------------------------------------------
Epoch  26/50 | Train Loss: 0.1894 | Val Loss: 0.2023 | LR: 0.001041
  Train - Data Loss (MIXMSE): 0.1894, GD: 6.9564e+07,     RMSE: 0.2819, MAE: 0.1401
  Val   - Data Loss (MIXMSE): 0.2023, GD: 7.3333e+07,     RMSE: 0.2928, MAE: 0.1498
----------------------------------------------------------------------
Epoch  27/50 | Train Loss: 0.1855 | Val Loss: 0.1899 | LR: 0.001041
  Train - Data Loss (MIXMSE): 0.1855, GD: 7.3802e+07,     RMSE: 0.2790, MAE: 0.1388
  Val   - Data Loss (MIXMSE): 0.1899, GD: 8.4411e+07,     RMSE: 0.2836, MAE: 0.1358
----------------------------------------------------------------------
Epoch  28/50 | Train Loss: 0.1847 | Val Loss: 0.1769 | LR: 0.001041
  Train - Data Loss (MIXMSE): 0.1847, GD: 7.5870e+07,     RMSE: 0.2782, MAE: 0.1386
  Val   - Data Loss (MIXMSE): 0.1769, GD: 8.8653e+07,     RMSE: 0.2737, MAE: 0.1319
----------------------------------------------------------------------
Epoch  29/50 | Train Loss: 0.1836 | Val Loss: 0.1879 | LR: 0.001041
  Train - Data Loss (MIXMSE): 0.1836, GD: 7.6969e+07,     RMSE: 0.2776, MAE: 0.1378
  Val   - Data Loss (MIXMSE): 0.1879, GD: 8.6523e+07,     RMSE: 0.2821, MAE: 0.1363
----------------------------------------------------------------------
Epoch  30/50 | Train Loss: 0.1775 | Val Loss: 0.1840 | LR: 0.001041
  Train - Data Loss (MIXMSE): 0.1775, GD: 7.9321e+07,     RMSE: 0.2729, MAE: 0.1352
  Val   - Data Loss (MIXMSE): 0.1840, GD: 8.5411e+07,     RMSE: 0.2792, MAE: 0.1378
----------------------------------------------------------------------
Epoch  31/50 | Train Loss: 0.1770 | Val Loss: 0.1769 | LR: 0.001041
  Train - Data Loss (MIXMSE): 0.1770, GD: 8.0607e+07,     RMSE: 0.2724, MAE: 0.1344
  Val   - Data Loss (MIXMSE): 0.1769, GD: 7.9305e+07,     RMSE: 0.2738, MAE: 0.1349
----------------------------------------------------------------------
Epoch  32/50 | Train Loss: 0.1789 | Val Loss: 0.2099 | LR: 0.001041
  Train - Data Loss (MIXMSE): 0.1789, GD: 8.1506e+07,     RMSE: 0.2737, MAE: 0.1351
  Val   - Data Loss (MIXMSE): 0.2099, GD: 7.5071e+07,     RMSE: 0.2983, MAE: 0.1437
----------------------------------------------------------------------
Epoch  33/50 | Train Loss: 0.1746 | Val Loss: 0.1880 | LR: 0.001041
  Train - Data Loss (MIXMSE): 0.1746, GD: 8.4288e+07,     RMSE: 0.2707, MAE: 0.1332
  Val   - Data Loss (MIXMSE): 0.1880, GD: 7.7622e+07,     RMSE: 0.2822, MAE: 0.1372
----------------------------------------------------------------------
Epoch  34/50 | Train Loss: 0.1750 | Val Loss: 0.1739 | LR: 0.001041
  Train - Data Loss (MIXMSE): 0.1750, GD: 8.7226e+07,     RMSE: 0.2709, MAE: 0.1333
  Val   - Data Loss (MIXMSE): 0.1739, GD: 9.2151e+07,     RMSE: 0.2715, MAE: 0.1298
----------------------------------------------------------------------
Epoch  35/50 | Train Loss: 0.1721 | Val Loss: 0.1805 | LR: 0.001041
  Train - Data Loss (MIXMSE): 0.1721, GD: 8.8673e+07,     RMSE: 0.2686, MAE: 0.1321
  Val   - Data Loss (MIXMSE): 0.1805, GD: 8.9031e+07,     RMSE: 0.2765, MAE: 0.1345
----------------------------------------------------------------------
Epoch  36/50 | Train Loss: 0.1718 | Val Loss: 0.1689 | LR: 0.001041
  Train - Data Loss (MIXMSE): 0.1718, GD: 8.6518e+07,     RMSE: 0.2681, MAE: 0.1317
  Val   - Data Loss (MIXMSE): 0.1689, GD: 9.3214e+07,     RMSE: 0.2675, MAE: 0.1278
----------------------------------------------------------------------
Epoch  37/50 | Train Loss: 0.1666 | Val Loss: 0.1833 | LR: 0.001041
  Train - Data Loss (MIXMSE): 0.1666, GD: 9.1328e+07,     RMSE: 0.2643, MAE: 0.1300
  Val   - Data Loss (MIXMSE): 0.1833, GD: 9.9132e+07,     RMSE: 0.2787, MAE: 0.1280
----------------------------------------------------------------------
Epoch  38/50 | Train Loss: 0.1649 | Val Loss: 0.1826 | LR: 0.001041
  Train - Data Loss (MIXMSE): 0.1649, GD: 9.3421e+07,     RMSE: 0.2629, MAE: 0.1291
  Val   - Data Loss (MIXMSE): 0.1826, GD: 1.0204e+08,     RMSE: 0.2782, MAE: 0.1339
----------------------------------------------------------------------
Epoch  39/50 | Train Loss: 0.1629 | Val Loss: 0.1681 | LR: 0.001041
  Train - Data Loss (MIXMSE): 0.1629, GD: 9.5710e+07,     RMSE: 0.2612, MAE: 0.1273
  Val   - Data Loss (MIXMSE): 0.1681, GD: 1.0301e+08,     RMSE: 0.2668, MAE: 0.1270
----------------------------------------------------------------------
Epoch  40/50 | Train Loss: 0.1623 | Val Loss: 0.1847 | LR: 0.001041
  Train - Data Loss (MIXMSE): 0.1623, GD: 9.6725e+07,     RMSE: 0.2606, MAE: 0.1274
  Val   - Data Loss (MIXMSE): 0.1847, GD: 1.1705e+08,     RMSE: 0.2796, MAE: 0.1323
----------------------------------------------------------------------
Epoch  41/50 | Train Loss: 0.1645 | Val Loss: 0.1820 | LR: 0.001041
  Train - Data Loss (MIXMSE): 0.1645, GD: 1.0214e+08,     RMSE: 0.2624, MAE: 0.1287
  Val   - Data Loss (MIXMSE): 0.1820, GD: 8.7853e+07,     RMSE: 0.2777, MAE: 0.1361
----------------------------------------------------------------------
Epoch  42/50 | Train Loss: 0.1614 | Val Loss: 0.1710 | LR: 0.001041
  Train - Data Loss (MIXMSE): 0.1614, GD: 9.8826e+07,     RMSE: 0.2600, MAE: 0.1272
  Val   - Data Loss (MIXMSE): 0.1710, GD: 9.1283e+07,     RMSE: 0.2692, MAE: 0.1281
----------------------------------------------------------------------
Epoch  43/50 | Train Loss: 0.1601 | Val Loss: 0.1608 | LR: 0.001041
  Train - Data Loss (MIXMSE): 0.1601, GD: 1.0291e+08,     RMSE: 0.2591, MAE: 0.1258
  Val   - Data Loss (MIXMSE): 0.1608, GD: 1.0246e+08,     RMSE: 0.2610, MAE: 0.1232
----------------------------------------------------------------------
Epoch  44/50 | Train Loss: 0.1567 | Val Loss: 0.1522 | LR: 0.001041
  Train - Data Loss (MIXMSE): 0.1567, GD: 1.1064e+08,     RMSE: 0.2564, MAE: 0.1246
  Val   - Data Loss (MIXMSE): 0.1522, GD: 1.2520e+08,     RMSE: 0.2539, MAE: 0.1247
----------------------------------------------------------------------
Epoch  45/50 | Train Loss: 0.1593 | Val Loss: 0.1642 | LR: 0.001041
  Train - Data Loss (MIXMSE): 0.1593, GD: 1.1628e+08,     RMSE: 0.2583, MAE: 0.1256
  Val   - Data Loss (MIXMSE): 0.1642, GD: 1.0792e+08,     RMSE: 0.2637, MAE: 0.1266
----------------------------------------------------------------------
Epoch  46/50 | Train Loss: 0.1541 | Val Loss: 0.1686 | LR: 0.001041
  Train - Data Loss (MIXMSE): 0.1541, GD: 1.1347e+08,     RMSE: 0.2543, MAE: 0.1231
  Val   - Data Loss (MIXMSE): 0.1686, GD: 1.2918e+08,     RMSE: 0.2671, MAE: 0.1260
----------------------------------------------------------------------
Epoch  47/50 | Train Loss: 0.1552 | Val Loss: 0.1574 | LR: 0.001041
  Train - Data Loss (MIXMSE): 0.1552, GD: 1.1959e+08,     RMSE: 0.2549, MAE: 0.1235
  Val   - Data Loss (MIXMSE): 0.1574, GD: 1.1435e+08,     RMSE: 0.2582, MAE: 0.1214
----------------------------------------------------------------------
Epoch  48/50 | Train Loss: 0.1554 | Val Loss: 0.1714 | LR: 0.001041
  Train - Data Loss (MIXMSE): 0.1554, GD: 1.2386e+08,     RMSE: 0.2552, MAE: 0.1235
  Val   - Data Loss (MIXMSE): 0.1714, GD: 1.2264e+08,     RMSE: 0.2695, MAE: 0.1292
----------------------------------------------------------------------
Epoch  49/50 | Train Loss: 0.1515 | Val Loss: 0.1669 | LR: 0.001041
  Train - Data Loss (MIXMSE): 0.1515, GD: 1.3069e+08,     RMSE: 0.2518, MAE: 0.1221
  Val   - Data Loss (MIXMSE): 0.1669, GD: 1.3854e+08,     RMSE: 0.2661, MAE: 0.1290
----------------------------------------------------------------------
Epoch  50/50 | Train Loss: 0.1513 | Val Loss: 0.1612 | LR: 0.001041
  Train - Data Loss (MIXMSE): 0.1513, GD: 1.3427e+08,     RMSE: 0.2517, MAE: 0.1218
  Val   - Data Loss (MIXMSE): 0.1612, GD: 1.2984e+08,     RMSE: 0.2614, MAE: 0.1230
----------------------------------------------------------------------

Training complete!
Best validation loss: 0.1522 at epoch 44

Evaluating on test set...
Test Loss: 0.1640
Test MIXMSE: 0.1640, GD: 1.2736e+08,     RMSE: 0.2636, MAE: 0.1234