Starting training for 50 epochs...
--- Optuna Trial 44 ---
Device: cuda
Model parameters: 34,852
----------------------------------------------------------------------
Epoch   1/50 | Train Loss: 1.2711 | Val Loss: 1.1989 | LR: 0.005650
  Train - Data Loss (MIXMSE): 1.2711, GD: 8.9890e+05,     RMSE: 0.7308, MAE: 0.3460
  Val   - Data Loss (MIXMSE): 1.1989, GD: 4.1223e+06,     RMSE: 0.7130, MAE: 0.3150
----------------------------------------------------------------------
Epoch   2/50 | Train Loss: 1.0880 | Val Loss: 0.9913 | LR: 0.005650
  Train - Data Loss (MIXMSE): 1.0880, GD: 1.8270e+07,     RMSE: 0.6761, MAE: 0.3121
  Val   - Data Loss (MIXMSE): 0.9913, GD: 3.3124e+07,     RMSE: 0.6484, MAE: 0.2986
----------------------------------------------------------------------
Epoch   3/50 | Train Loss: 0.8685 | Val Loss: 0.8209 | LR: 0.005650
  Train - Data Loss (MIXMSE): 0.8685, GD: 1.4969e+07,     RMSE: 0.6038, MAE: 0.2834
  Val   - Data Loss (MIXMSE): 0.8209, GD: 1.2963e+07,     RMSE: 0.5901, MAE: 0.2811
----------------------------------------------------------------------
Epoch   4/50 | Train Loss: 0.7211 | Val Loss: 0.6239 | LR: 0.005650
  Train - Data Loss (MIXMSE): 0.7211, GD: 1.4892e+07,     RMSE: 0.5499, MAE: 0.2617
  Val   - Data Loss (MIXMSE): 0.6239, GD: 1.8170e+07,     RMSE: 0.5144, MAE: 0.2415
----------------------------------------------------------------------
Epoch   5/50 | Train Loss: 0.5560 | Val Loss: 0.5000 | LR: 0.005650
  Train - Data Loss (MIXMSE): 0.5560, GD: 1.7305e+07,     RMSE: 0.4828, MAE: 0.2349
  Val   - Data Loss (MIXMSE): 0.5000, GD: 1.6392e+07,     RMSE: 0.4604, MAE: 0.2191
----------------------------------------------------------------------
Epoch   6/50 | Train Loss: 0.4695 | Val Loss: 0.5101 | LR: 0.005650
  Train - Data Loss (MIXMSE): 0.4695, GD: 1.5477e+07,     RMSE: 0.4441, MAE: 0.2184
  Val   - Data Loss (MIXMSE): 0.5101, GD: 1.3224e+07,     RMSE: 0.4649, MAE: 0.2131
----------------------------------------------------------------------

--- TRIAL PRUNED AT EPOCH 6 ---