Starting training for 50 epochs...
--- Optuna Trial 7 ---
Device: cuda
Model parameters: 469,572
----------------------------------------------------------------------
Epoch   1/50 | Train Loss: 1.4330 | Val Loss: 1.3454 | LR: 0.000119
  Train - Data Loss (MIXMSE): 1.4330, GD: 2.6023e+02,     RMSE: 0.7724, MAE: 0.4001
  Val   - Data Loss (MIXMSE): 1.3454, GD: 9.0080e+02,     RMSE: 0.7552, MAE: 0.3704
----------------------------------------------------------------------
Epoch   2/50 | Train Loss: 1.3086 | Val Loss: 1.3188 | LR: 0.000119
  Train - Data Loss (MIXMSE): 1.3086, GD: 3.5377e+03,     RMSE: 0.7419, MAE: 0.3573
  Val   - Data Loss (MIXMSE): 1.3188, GD: 8.0263e+03,     RMSE: 0.7478, MAE: 0.3577
----------------------------------------------------------------------
Epoch   3/50 | Train Loss: 1.2787 | Val Loss: 1.2804 | LR: 0.000119
  Train - Data Loss (MIXMSE): 1.2787, GD: 1.6173e+04,     RMSE: 0.7331, MAE: 0.3493
  Val   - Data Loss (MIXMSE): 1.2804, GD: 2.3068e+04,     RMSE: 0.7368, MAE: 0.3390
----------------------------------------------------------------------
Epoch   4/50 | Train Loss: 1.2481 | Val Loss: 1.2420 | LR: 0.000119
  Train - Data Loss (MIXMSE): 1.2481, GD: 3.4236e+04,     RMSE: 0.7243, MAE: 0.3457
  Val   - Data Loss (MIXMSE): 1.2420, GD: 4.2989e+04,     RMSE: 0.7257, MAE: 0.3412
----------------------------------------------------------------------
Epoch   5/50 | Train Loss: 1.2174 | Val Loss: 1.2148 | LR: 0.000119
  Train - Data Loss (MIXMSE): 1.2174, GD: 5.3153e+04,     RMSE: 0.7151, MAE: 0.3480
  Val   - Data Loss (MIXMSE): 1.2148, GD: 6.5430e+04,     RMSE: 0.7177, MAE: 0.3537
----------------------------------------------------------------------
Epoch   6/50 | Train Loss: 1.1889 | Val Loss: 1.1796 | LR: 0.000119
  Train - Data Loss (MIXMSE): 1.1889, GD: 6.0722e+04,     RMSE: 0.7069, MAE: 0.3492
  Val   - Data Loss (MIXMSE): 1.1796, GD: 5.8292e+04,     RMSE: 0.7072, MAE: 0.3438
----------------------------------------------------------------------
Epoch   7/50 | Train Loss: 1.1616 | Val Loss: 1.1641 | LR: 0.000119
  Train - Data Loss (MIXMSE): 1.1616, GD: 4.2521e+04,     RMSE: 0.6987, MAE: 0.3452
  Val   - Data Loss (MIXMSE): 1.1641, GD: 2.9436e+04,     RMSE: 0.7026, MAE: 0.3437
----------------------------------------------------------------------
Epoch   8/50 | Train Loss: 1.1332 | Val Loss: 1.1221 | LR: 0.000119
  Train - Data Loss (MIXMSE): 1.1332, GD: 1.6768e+04,     RMSE: 0.6901, MAE: 0.3380
  Val   - Data Loss (MIXMSE): 1.1221, GD: 1.4227e+04,     RMSE: 0.6898, MAE: 0.3314
----------------------------------------------------------------------
Epoch   9/50 | Train Loss: 1.1024 | Val Loss: 1.0934 | LR: 0.000119
  Train - Data Loss (MIXMSE): 1.1024, GD: 2.7780e+04,     RMSE: 0.6804, MAE: 0.3320
  Val   - Data Loss (MIXMSE): 1.0934, GD: 3.6814e+04,     RMSE: 0.6809, MAE: 0.3263
----------------------------------------------------------------------
Epoch  10/50 | Train Loss: 1.0743 | Val Loss: 1.0881 | LR: 0.000119
  Train - Data Loss (MIXMSE): 1.0743, GD: 6.0805e+04,     RMSE: 0.6716, MAE: 0.3283
  Val   - Data Loss (MIXMSE): 1.0881, GD: 7.8027e+04,     RMSE: 0.6793, MAE: 0.3220
----------------------------------------------------------------------
Epoch  11/50 | Train Loss: 1.0487 | Val Loss: 1.0438 | LR: 0.000119
  Train - Data Loss (MIXMSE): 1.0487, GD: 9.5289e+04,     RMSE: 0.6640, MAE: 0.3258
  Val   - Data Loss (MIXMSE): 1.0438, GD: 9.2278e+04,     RMSE: 0.6653, MAE: 0.3191
----------------------------------------------------------------------
Epoch  12/50 | Train Loss: 1.0138 | Val Loss: 1.0238 | LR: 0.000119
  Train - Data Loss (MIXMSE): 1.0138, GD: 1.2030e+05,     RMSE: 0.6526, MAE: 0.3228
  Val   - Data Loss (MIXMSE): 1.0238, GD: 1.1771e+05,     RMSE: 0.6589, MAE: 0.3266
----------------------------------------------------------------------
Epoch  13/50 | Train Loss: 0.9821 | Val Loss: 1.0094 | LR: 0.000119
  Train - Data Loss (MIXMSE): 0.9821, GD: 1.3622e+05,     RMSE: 0.6420, MAE: 0.3194
  Val   - Data Loss (MIXMSE): 1.0094, GD: 1.2019e+05,     RMSE: 0.6542, MAE: 0.3311
----------------------------------------------------------------------
Epoch  14/50 | Train Loss: 0.9594 | Val Loss: 0.9742 | LR: 0.000119
  Train - Data Loss (MIXMSE): 0.9594, GD: 1.5191e+05,     RMSE: 0.6350, MAE: 0.3175
  Val   - Data Loss (MIXMSE): 0.9742, GD: 1.3460e+05,     RMSE: 0.6427, MAE: 0.3168
----------------------------------------------------------------------
Epoch  15/50 | Train Loss: 0.9533 | Val Loss: 0.9421 | LR: 0.000119
  Train - Data Loss (MIXMSE): 0.9533, GD: 1.5705e+05,     RMSE: 0.6328, MAE: 0.3166
  Val   - Data Loss (MIXMSE): 0.9421, GD: 1.7111e+05,     RMSE: 0.6320, MAE: 0.3154
----------------------------------------------------------------------
Epoch  16/50 | Train Loss: 0.9207 | Val Loss: 0.9300 | LR: 0.000119
  Train - Data Loss (MIXMSE): 0.9207, GD: 1.5610e+05,     RMSE: 0.6218, MAE: 0.3139
  Val   - Data Loss (MIXMSE): 0.9300, GD: 1.6306e+05,     RMSE: 0.6280, MAE: 0.3152
----------------------------------------------------------------------
Epoch  17/50 | Train Loss: 0.9115 | Val Loss: 0.9108 | LR: 0.000119
  Train - Data Loss (MIXMSE): 0.9115, GD: 1.4752e+05,     RMSE: 0.6186, MAE: 0.3124
  Val   - Data Loss (MIXMSE): 0.9108, GD: 1.3800e+05,     RMSE: 0.6215, MAE: 0.3090
----------------------------------------------------------------------
Epoch  18/50 | Train Loss: 0.8907 | Val Loss: 0.9015 | LR: 0.000119
  Train - Data Loss (MIXMSE): 0.8907, GD: 1.3095e+05,     RMSE: 0.6116, MAE: 0.3094
  Val   - Data Loss (MIXMSE): 0.9015, GD: 1.3999e+05,     RMSE: 0.6183, MAE: 0.3082
----------------------------------------------------------------------
Epoch  19/50 | Train Loss: 0.8776 | Val Loss: 0.8939 | LR: 0.000119
  Train - Data Loss (MIXMSE): 0.8776, GD: 1.3180e+05,     RMSE: 0.6074, MAE: 0.3070
  Val   - Data Loss (MIXMSE): 0.8939, GD: 1.3027e+05,     RMSE: 0.6157, MAE: 0.2996
----------------------------------------------------------------------
Epoch  20/50 | Train Loss: 0.8649 | Val Loss: 0.8738 | LR: 0.000119
  Train - Data Loss (MIXMSE): 0.8649, GD: 1.4250e+05,     RMSE: 0.6029, MAE: 0.3050
  Val   - Data Loss (MIXMSE): 0.8738, GD: 1.5455e+05,     RMSE: 0.6088, MAE: 0.3043
----------------------------------------------------------------------
Epoch  21/50 | Train Loss: 0.8566 | Val Loss: 0.8597 | LR: 0.000119
  Train - Data Loss (MIXMSE): 0.8566, GD: 1.5920e+05,     RMSE: 0.5999, MAE: 0.3036
  Val   - Data Loss (MIXMSE): 0.8597, GD: 1.6059e+05,     RMSE: 0.6039, MAE: 0.3001
----------------------------------------------------------------------
Epoch  22/50 | Train Loss: 0.8502 | Val Loss: 0.8567 | LR: 0.000119
  Train - Data Loss (MIXMSE): 0.8502, GD: 1.7400e+05,     RMSE: 0.5974, MAE: 0.3027
  Val   - Data Loss (MIXMSE): 0.8567, GD: 2.0579e+05,     RMSE: 0.6027, MAE: 0.3011
----------------------------------------------------------------------
Epoch  23/50 | Train Loss: 0.8356 | Val Loss: 0.8416 | LR: 0.000119
  Train - Data Loss (MIXMSE): 0.8356, GD: 1.9421e+05,     RMSE: 0.5922, MAE: 0.3010
  Val   - Data Loss (MIXMSE): 0.8416, GD: 2.1922e+05,     RMSE: 0.5974, MAE: 0.3023
----------------------------------------------------------------------
Epoch  24/50 | Train Loss: 0.8274 | Val Loss: 0.8448 | LR: 0.000119
  Train - Data Loss (MIXMSE): 0.8274, GD: 2.1206e+05,     RMSE: 0.5896, MAE: 0.2998
  Val   - Data Loss (MIXMSE): 0.8448, GD: 2.3831e+05,     RMSE: 0.5986, MAE: 0.3042
----------------------------------------------------------------------
Epoch  25/50 | Train Loss: 0.8189 | Val Loss: 0.8246 | LR: 0.000119
  Train - Data Loss (MIXMSE): 0.8189, GD: 2.3268e+05,     RMSE: 0.5868, MAE: 0.2981
  Val   - Data Loss (MIXMSE): 0.8246, GD: 2.3229e+05,     RMSE: 0.5914, MAE: 0.2958
----------------------------------------------------------------------
Epoch  26/50 | Train Loss: 0.8078 | Val Loss: 0.8202 | LR: 0.000119
  Train - Data Loss (MIXMSE): 0.8078, GD: 2.4935e+05,     RMSE: 0.5824, MAE: 0.2966
  Val   - Data Loss (MIXMSE): 0.8202, GD: 2.4443e+05,     RMSE: 0.5898, MAE: 0.2936
----------------------------------------------------------------------
Epoch  27/50 | Train Loss: 0.7988 | Val Loss: 0.8064 | LR: 0.000119
  Train - Data Loss (MIXMSE): 0.7988, GD: 2.7093e+05,     RMSE: 0.5791, MAE: 0.2951
  Val   - Data Loss (MIXMSE): 0.8064, GD: 2.7623e+05,     RMSE: 0.5848, MAE: 0.2909
----------------------------------------------------------------------
Epoch  28/50 | Train Loss: 0.7893 | Val Loss: 0.8232 | LR: 0.000119
  Train - Data Loss (MIXMSE): 0.7893, GD: 2.8698e+05,     RMSE: 0.5757, MAE: 0.2935
  Val   - Data Loss (MIXMSE): 0.8232, GD: 3.3075e+05,     RMSE: 0.5909, MAE: 0.3118
----------------------------------------------------------------------
Epoch  29/50 | Train Loss: 0.7824 | Val Loss: 0.7911 | LR: 0.000119
  Train - Data Loss (MIXMSE): 0.7824, GD: 3.1385e+05,     RMSE: 0.5730, MAE: 0.2923
  Val   - Data Loss (MIXMSE): 0.7911, GD: 3.0878e+05,     RMSE: 0.5792, MAE: 0.2940
----------------------------------------------------------------------
Epoch  30/50 | Train Loss: 0.7769 | Val Loss: 0.7859 | LR: 0.000119
  Train - Data Loss (MIXMSE): 0.7769, GD: 3.3283e+05,     RMSE: 0.5709, MAE: 0.2914
  Val   - Data Loss (MIXMSE): 0.7859, GD: 3.4256e+05,     RMSE: 0.5774, MAE: 0.2930
----------------------------------------------------------------------
Epoch  31/50 | Train Loss: 0.7659 | Val Loss: 0.7784 | LR: 0.000119
  Train - Data Loss (MIXMSE): 0.7659, GD: 3.6636e+05,     RMSE: 0.5672, MAE: 0.2895
  Val   - Data Loss (MIXMSE): 0.7784, GD: 3.8473e+05,     RMSE: 0.5746, MAE: 0.2892
----------------------------------------------------------------------
Epoch  32/50 | Train Loss: 0.7583 | Val Loss: 0.7680 | LR: 0.000119
  Train - Data Loss (MIXMSE): 0.7583, GD: 4.0391e+05,     RMSE: 0.5642, MAE: 0.2878
  Val   - Data Loss (MIXMSE): 0.7680, GD: 3.9596e+05,     RMSE: 0.5708, MAE: 0.2867
----------------------------------------------------------------------
Epoch  33/50 | Train Loss: 0.7522 | Val Loss: 0.7608 | LR: 0.000119
  Train - Data Loss (MIXMSE): 0.7522, GD: 4.4071e+05,     RMSE: 0.5620, MAE: 0.2871
  Val   - Data Loss (MIXMSE): 0.7608, GD: 4.3765e+05,     RMSE: 0.5681, MAE: 0.2826
----------------------------------------------------------------------
Epoch  34/50 | Train Loss: 0.7409 | Val Loss: 0.7693 | LR: 0.000119
  Train - Data Loss (MIXMSE): 0.7409, GD: 4.9464e+05,     RMSE: 0.5578, MAE: 0.2848
  Val   - Data Loss (MIXMSE): 0.7693, GD: 5.0016e+05,     RMSE: 0.5712, MAE: 0.2844
----------------------------------------------------------------------
Epoch  35/50 | Train Loss: 0.7385 | Val Loss: 0.7473 | LR: 0.000119
  Train - Data Loss (MIXMSE): 0.7385, GD: 5.4915e+05,     RMSE: 0.5569, MAE: 0.2845
  Val   - Data Loss (MIXMSE): 0.7473, GD: 5.8649e+05,     RMSE: 0.5630, MAE: 0.2933
----------------------------------------------------------------------
Epoch  36/50 | Train Loss: 0.7238 | Val Loss: 0.7334 | LR: 0.000119
  Train - Data Loss (MIXMSE): 0.7238, GD: 6.1143e+05,     RMSE: 0.5511, MAE: 0.2821
  Val   - Data Loss (MIXMSE): 0.7334, GD: 6.0871e+05,     RMSE: 0.5578, MAE: 0.2803
----------------------------------------------------------------------
Epoch  37/50 | Train Loss: 0.7200 | Val Loss: 0.7294 | LR: 0.000119
  Train - Data Loss (MIXMSE): 0.7200, GD: 6.8921e+05,     RMSE: 0.5498, MAE: 0.2819
  Val   - Data Loss (MIXMSE): 0.7294, GD: 7.5915e+05,     RMSE: 0.5563, MAE: 0.2813
----------------------------------------------------------------------
Epoch  38/50 | Train Loss: 0.7045 | Val Loss: 0.7237 | LR: 0.000119
  Train - Data Loss (MIXMSE): 0.7045, GD: 7.0936e+05,     RMSE: 0.5439, MAE: 0.2794
  Val   - Data Loss (MIXMSE): 0.7237, GD: 6.5461e+05,     RMSE: 0.5541, MAE: 0.2758
----------------------------------------------------------------------
Epoch  39/50 | Train Loss: 0.6957 | Val Loss: 0.7120 | LR: 0.000119
  Train - Data Loss (MIXMSE): 0.6957, GD: 7.4184e+05,     RMSE: 0.5401, MAE: 0.2780
  Val   - Data Loss (MIXMSE): 0.7120, GD: 6.7992e+05,     RMSE: 0.5496, MAE: 0.2809
----------------------------------------------------------------------
Epoch  40/50 | Train Loss: 0.6862 | Val Loss: 0.7000 | LR: 0.000119
  Train - Data Loss (MIXMSE): 0.6862, GD: 7.4822e+05,     RMSE: 0.5366, MAE: 0.2767
  Val   - Data Loss (MIXMSE): 0.7000, GD: 7.0060e+05,     RMSE: 0.5450, MAE: 0.2775
----------------------------------------------------------------------
Epoch  41/50 | Train Loss: 0.6787 | Val Loss: 0.6981 | LR: 0.000119
  Train - Data Loss (MIXMSE): 0.6787, GD: 7.6028e+05,     RMSE: 0.5337, MAE: 0.2755
  Val   - Data Loss (MIXMSE): 0.6981, GD: 8.4622e+05,     RMSE: 0.5442, MAE: 0.2853
----------------------------------------------------------------------
Epoch  42/50 | Train Loss: 0.6671 | Val Loss: 0.6844 | LR: 0.000119
  Train - Data Loss (MIXMSE): 0.6671, GD: 7.8619e+05,     RMSE: 0.5293, MAE: 0.2735
  Val   - Data Loss (MIXMSE): 0.6844, GD: 7.3913e+05,     RMSE: 0.5389, MAE: 0.2698
----------------------------------------------------------------------
Epoch  43/50 | Train Loss: 0.6594 | Val Loss: 0.6888 | LR: 0.000119
  Train - Data Loss (MIXMSE): 0.6594, GD: 8.0118e+05,     RMSE: 0.5260, MAE: 0.2720
  Val   - Data Loss (MIXMSE): 0.6888, GD: 8.3763e+05,     RMSE: 0.5405, MAE: 0.2826
----------------------------------------------------------------------
Epoch  44/50 | Train Loss: 0.6458 | Val Loss: 0.6682 | LR: 0.000119
  Train - Data Loss (MIXMSE): 0.6458, GD: 8.7574e+05,     RMSE: 0.5208, MAE: 0.2691
  Val   - Data Loss (MIXMSE): 0.6682, GD: 8.2763e+05,     RMSE: 0.5324, MAE: 0.2683
----------------------------------------------------------------------
Epoch  45/50 | Train Loss: 0.6372 | Val Loss: 0.6510 | LR: 0.000119
  Train - Data Loss (MIXMSE): 0.6372, GD: 9.6282e+05,     RMSE: 0.5171, MAE: 0.2675
  Val   - Data Loss (MIXMSE): 0.6510, GD: 1.0454e+06,     RMSE: 0.5255, MAE: 0.2673
----------------------------------------------------------------------
Epoch  46/50 | Train Loss: 0.6308 | Val Loss: 0.6406 | LR: 0.000119
  Train - Data Loss (MIXMSE): 0.6308, GD: 1.1171e+06,     RMSE: 0.5146, MAE: 0.2661
  Val   - Data Loss (MIXMSE): 0.6406, GD: 1.2208e+06,     RMSE: 0.5213, MAE: 0.2622
----------------------------------------------------------------------
Epoch  47/50 | Train Loss: 0.6210 | Val Loss: 0.6372 | LR: 0.000119
  Train - Data Loss (MIXMSE): 0.6210, GD: 1.4486e+06,     RMSE: 0.5103, MAE: 0.2643
  Val   - Data Loss (MIXMSE): 0.6372, GD: 1.4771e+06,     RMSE: 0.5198, MAE: 0.2667
----------------------------------------------------------------------
Epoch  48/50 | Train Loss: 0.6115 | Val Loss: 0.6208 | LR: 0.000119
  Train - Data Loss (MIXMSE): 0.6115, GD: 1.8591e+06,     RMSE: 0.5066, MAE: 0.2624
  Val   - Data Loss (MIXMSE): 0.6208, GD: 1.9549e+06,     RMSE: 0.5131, MAE: 0.2622
----------------------------------------------------------------------
Epoch  49/50 | Train Loss: 0.6012 | Val Loss: 0.6219 | LR: 0.000119
  Train - Data Loss (MIXMSE): 0.6012, GD: 2.5413e+06,     RMSE: 0.5023, MAE: 0.2607
  Val   - Data Loss (MIXMSE): 0.6219, GD: 2.7626e+06,     RMSE: 0.5136, MAE: 0.2604
----------------------------------------------------------------------
Epoch  50/50 | Train Loss: 0.5889 | Val Loss: 0.6022 | LR: 0.000119
  Train - Data Loss (MIXMSE): 0.5889, GD: 3.3383e+06,     RMSE: 0.4968, MAE: 0.2576
  Val   - Data Loss (MIXMSE): 0.6022, GD: 3.1827e+06,     RMSE: 0.5054, MAE: 0.2572
----------------------------------------------------------------------

Training complete!
Best validation loss: 0.6022 at epoch 50

Evaluating on test set...
Test Loss: 0.5902
Test MIXMSE: 0.5902, GD: 3.1486e+06,     RMSE: 0.5002, MAE: 0.2558