Starting training for 50 epochs...
--- Optuna Trial 46 ---
Device: cuda
Model parameters: 34,852
----------------------------------------------------------------------
Epoch   1/50 | Train Loss: 1.2884 | Val Loss: 1.1957 | LR: 0.002097
  Train - Data Loss (MIXMSE): 1.2884, GD: 3.5808e+04,     RMSE: 0.7360, MAE: 0.3525
  Val   - Data Loss (MIXMSE): 1.1957, GD: 1.5615e+05,     RMSE: 0.7121, MAE: 0.3251
----------------------------------------------------------------------
Epoch   2/50 | Train Loss: 1.1132 | Val Loss: 1.0465 | LR: 0.002097
  Train - Data Loss (MIXMSE): 1.1132, GD: 5.9141e+05,     RMSE: 0.6838, MAE: 0.3278
  Val   - Data Loss (MIXMSE): 1.0465, GD: 1.2715e+06,     RMSE: 0.6662, MAE: 0.3421
----------------------------------------------------------------------
Epoch   3/50 | Train Loss: 0.8902 | Val Loss: 0.7857 | LR: 0.002097
  Train - Data Loss (MIXMSE): 0.8902, GD: 5.0262e+06,     RMSE: 0.6109, MAE: 0.3054
  Val   - Data Loss (MIXMSE): 0.7857, GD: 1.1326e+07,     RMSE: 0.5772, MAE: 0.2909
----------------------------------------------------------------------
Epoch   4/50 | Train Loss: 0.7319 | Val Loss: 0.7100 | LR: 0.002097
  Train - Data Loss (MIXMSE): 0.7319, GD: 1.3659e+07,     RMSE: 0.5543, MAE: 0.2754
  Val   - Data Loss (MIXMSE): 0.7100, GD: 1.5133e+07,     RMSE: 0.5488, MAE: 0.2774
----------------------------------------------------------------------
Epoch   5/50 | Train Loss: 0.6240 | Val Loss: 0.5870 | LR: 0.002097
  Train - Data Loss (MIXMSE): 0.6240, GD: 1.3894e+07,     RMSE: 0.5117, MAE: 0.2568
  Val   - Data Loss (MIXMSE): 0.5870, GD: 1.2112e+07,     RMSE: 0.4991, MAE: 0.2456
----------------------------------------------------------------------
Epoch   6/50 | Train Loss: 0.4982 | Val Loss: 0.4635 | LR: 0.002097
  Train - Data Loss (MIXMSE): 0.4982, GD: 1.1008e+07,     RMSE: 0.4568, MAE: 0.2328
  Val   - Data Loss (MIXMSE): 0.4635, GD: 1.2887e+07,     RMSE: 0.4435, MAE: 0.2239
----------------------------------------------------------------------
Epoch   7/50 | Train Loss: 0.4181 | Val Loss: 0.3806 | LR: 0.002097
  Train - Data Loss (MIXMSE): 0.4181, GD: 1.4521e+07,     RMSE: 0.4186, MAE: 0.2126
  Val   - Data Loss (MIXMSE): 0.3806, GD: 1.8429e+07,     RMSE: 0.4018, MAE: 0.1971
----------------------------------------------------------------------
Epoch   8/50 | Train Loss: 0.3728 | Val Loss: 0.3808 | LR: 0.002097
  Train - Data Loss (MIXMSE): 0.3728, GD: 1.7710e+07,     RMSE: 0.3952, MAE: 0.2001
  Val   - Data Loss (MIXMSE): 0.3808, GD: 2.0761e+07,     RMSE: 0.4019, MAE: 0.2027
----------------------------------------------------------------------
Epoch   9/50 | Train Loss: 0.3544 | Val Loss: 0.5605 | LR: 0.002097
  Train - Data Loss (MIXMSE): 0.3544, GD: 2.1025e+07,     RMSE: 0.3847, MAE: 0.1907
  Val   - Data Loss (MIXMSE): 0.5605, GD: 2.6599e+07,     RMSE: 0.4875, MAE: 0.2230
----------------------------------------------------------------------
Epoch  10/50 | Train Loss: 0.3457 | Val Loss: 0.3387 | LR: 0.002097
  Train - Data Loss (MIXMSE): 0.3457, GD: 2.2523e+07,     RMSE: 0.3801, MAE: 0.1877
  Val   - Data Loss (MIXMSE): 0.3387, GD: 2.0972e+07,     RMSE: 0.3790, MAE: 0.1948
----------------------------------------------------------------------
Epoch  11/50 | Train Loss: 0.2979 | Val Loss: 0.3211 | LR: 0.002097
  Train - Data Loss (MIXMSE): 0.2979, GD: 2.4046e+07,     RMSE: 0.3534, MAE: 0.1766
  Val   - Data Loss (MIXMSE): 0.3211, GD: 2.5353e+07,     RMSE: 0.3691, MAE: 0.1824
----------------------------------------------------------------------
Epoch  12/50 | Train Loss: 0.2797 | Val Loss: 0.2811 | LR: 0.002097
  Train - Data Loss (MIXMSE): 0.2797, GD: 2.4270e+07,     RMSE: 0.3426, MAE: 0.1712
  Val   - Data Loss (MIXMSE): 0.2811, GD: 2.4644e+07,     RMSE: 0.3451, MAE: 0.1689
----------------------------------------------------------------------
Epoch  13/50 | Train Loss: 0.2757 | Val Loss: 0.3155 | LR: 0.002097
  Train - Data Loss (MIXMSE): 0.2757, GD: 2.2855e+07,     RMSE: 0.3398, MAE: 0.1700
  Val   - Data Loss (MIXMSE): 0.3155, GD: 2.6547e+07,     RMSE: 0.3659, MAE: 0.1747
----------------------------------------------------------------------
Epoch  14/50 | Train Loss: 0.2611 | Val Loss: 0.2726 | LR: 0.002097
  Train - Data Loss (MIXMSE): 0.2611, GD: 2.2374e+07,     RMSE: 0.3308, MAE: 0.1658
  Val   - Data Loss (MIXMSE): 0.2726, GD: 2.5379e+07,     RMSE: 0.3400, MAE: 0.1640
----------------------------------------------------------------------
Epoch  15/50 | Train Loss: 0.2525 | Val Loss: 0.2625 | LR: 0.002097
  Train - Data Loss (MIXMSE): 0.2525, GD: 2.1454e+07,     RMSE: 0.3254, MAE: 0.1625
  Val   - Data Loss (MIXMSE): 0.2625, GD: 2.4928e+07,     RMSE: 0.3335, MAE: 0.1694
----------------------------------------------------------------------
Epoch  16/50 | Train Loss: 0.2470 | Val Loss: 0.2551 | LR: 0.002097
  Train - Data Loss (MIXMSE): 0.2470, GD: 2.0245e+07,     RMSE: 0.3219, MAE: 0.1606
  Val   - Data Loss (MIXMSE): 0.2551, GD: 1.7344e+07,     RMSE: 0.3287, MAE: 0.1607
----------------------------------------------------------------------
Epoch  17/50 | Train Loss: 0.2424 | Val Loss: 0.2453 | LR: 0.002097
  Train - Data Loss (MIXMSE): 0.2424, GD: 1.9939e+07,     RMSE: 0.3189, MAE: 0.1589
  Val   - Data Loss (MIXMSE): 0.2453, GD: 1.8615e+07,     RMSE: 0.3224, MAE: 0.1549
----------------------------------------------------------------------
Epoch  18/50 | Train Loss: 0.2284 | Val Loss: 0.2334 | LR: 0.002097
  Train - Data Loss (MIXMSE): 0.2284, GD: 1.9431e+07,     RMSE: 0.3096, MAE: 0.1542
  Val   - Data Loss (MIXMSE): 0.2334, GD: 1.7681e+07,     RMSE: 0.3144, MAE: 0.1557
----------------------------------------------------------------------
Epoch  19/50 | Train Loss: 0.2280 | Val Loss: 0.2330 | LR: 0.002097
  Train - Data Loss (MIXMSE): 0.2280, GD: 1.8761e+07,     RMSE: 0.3090, MAE: 0.1534
  Val   - Data Loss (MIXMSE): 0.2330, GD: 1.7902e+07,     RMSE: 0.3143, MAE: 0.1518
----------------------------------------------------------------------
Epoch  20/50 | Train Loss: 0.2227 | Val Loss: 0.2378 | LR: 0.002097
  Train - Data Loss (MIXMSE): 0.2227, GD: 1.7807e+07,     RMSE: 0.3056, MAE: 0.1524
  Val   - Data Loss (MIXMSE): 0.2378, GD: 1.7669e+07,     RMSE: 0.3174, MAE: 0.1516
----------------------------------------------------------------------
Epoch  21/50 | Train Loss: 0.2189 | Val Loss: 0.2174 | LR: 0.002097
  Train - Data Loss (MIXMSE): 0.2189, GD: 1.6628e+07,     RMSE: 0.3031, MAE: 0.1509
  Val   - Data Loss (MIXMSE): 0.2174, GD: 1.5388e+07,     RMSE: 0.3036, MAE: 0.1458
----------------------------------------------------------------------
Epoch  22/50 | Train Loss: 0.2403 | Val Loss: 0.3225 | LR: 0.002097
  Train - Data Loss (MIXMSE): 0.2403, GD: 1.6038e+07,     RMSE: 0.3157, MAE: 0.1535
  Val   - Data Loss (MIXMSE): 0.3225, GD: 1.3366e+07,     RMSE: 0.3699, MAE: 0.1706
----------------------------------------------------------------------
Epoch  23/50 | Train Loss: 0.2478 | Val Loss: 0.2380 | LR: 0.002097
  Train - Data Loss (MIXMSE): 0.2478, GD: 1.4150e+07,     RMSE: 0.3219, MAE: 0.1596
  Val   - Data Loss (MIXMSE): 0.2380, GD: 1.3977e+07,     RMSE: 0.3177, MAE: 0.1577
----------------------------------------------------------------------
Epoch  24/50 | Train Loss: 0.2160 | Val Loss: 0.2013 | LR: 0.002097
  Train - Data Loss (MIXMSE): 0.2160, GD: 1.3737e+07,     RMSE: 0.3011, MAE: 0.1494
  Val   - Data Loss (MIXMSE): 0.2013, GD: 1.2803e+07,     RMSE: 0.2921, MAE: 0.1416
----------------------------------------------------------------------
Epoch  25/50 | Train Loss: 0.2042 | Val Loss: 0.2063 | LR: 0.002097
  Train - Data Loss (MIXMSE): 0.2042, GD: 1.3295e+07,     RMSE: 0.2928, MAE: 0.1453
  Val   - Data Loss (MIXMSE): 0.2063, GD: 1.4561e+07,     RMSE: 0.2957, MAE: 0.1449
----------------------------------------------------------------------
Epoch  26/50 | Train Loss: 0.2020 | Val Loss: 0.2055 | LR: 0.002097
  Train - Data Loss (MIXMSE): 0.2020, GD: 1.3030e+07,     RMSE: 0.2910, MAE: 0.1440
  Val   - Data Loss (MIXMSE): 0.2055, GD: 1.3463e+07,     RMSE: 0.2951, MAE: 0.1435
----------------------------------------------------------------------
Epoch  27/50 | Train Loss: 0.1950 | Val Loss: 0.1931 | LR: 0.002097
  Train - Data Loss (MIXMSE): 0.1950, GD: 1.2339e+07,     RMSE: 0.2860, MAE: 0.1415
  Val   - Data Loss (MIXMSE): 0.1931, GD: 1.1329e+07,     RMSE: 0.2860, MAE: 0.1377
----------------------------------------------------------------------
Epoch  28/50 | Train Loss: 0.1969 | Val Loss: 0.1961 | LR: 0.002097
  Train - Data Loss (MIXMSE): 0.1969, GD: 1.1855e+07,     RMSE: 0.2874, MAE: 0.1423
  Val   - Data Loss (MIXMSE): 0.1961, GD: 1.2358e+07,     RMSE: 0.2882, MAE: 0.1393
----------------------------------------------------------------------
Epoch  29/50 | Train Loss: 0.1936 | Val Loss: 0.2009 | LR: 0.002097
  Train - Data Loss (MIXMSE): 0.1936, GD: 1.1980e+07,     RMSE: 0.2848, MAE: 0.1409
  Val   - Data Loss (MIXMSE): 0.2009, GD: 1.1486e+07,     RMSE: 0.2918, MAE: 0.1431
----------------------------------------------------------------------
Epoch  30/50 | Train Loss: 0.1944 | Val Loss: 0.1816 | LR: 0.002097
  Train - Data Loss (MIXMSE): 0.1944, GD: 1.1169e+07,     RMSE: 0.2856, MAE: 0.1414
  Val   - Data Loss (MIXMSE): 0.1816, GD: 1.1725e+07,     RMSE: 0.2774, MAE: 0.1354
----------------------------------------------------------------------
Epoch  31/50 | Train Loss: 0.1868 | Val Loss: 0.1941 | LR: 0.002097
  Train - Data Loss (MIXMSE): 0.1868, GD: 1.1135e+07,     RMSE: 0.2798, MAE: 0.1379
  Val   - Data Loss (MIXMSE): 0.1941, GD: 1.1957e+07,     RMSE: 0.2868, MAE: 0.1380
----------------------------------------------------------------------
Epoch  32/50 | Train Loss: 0.1920 | Val Loss: 0.2091 | LR: 0.002097
  Train - Data Loss (MIXMSE): 0.1920, GD: 1.0371e+07,     RMSE: 0.2840, MAE: 0.1404
  Val   - Data Loss (MIXMSE): 0.2091, GD: 1.2565e+07,     RMSE: 0.2976, MAE: 0.1437
----------------------------------------------------------------------
Epoch  33/50 | Train Loss: 0.1890 | Val Loss: 0.1980 | LR: 0.002097
  Train - Data Loss (MIXMSE): 0.1890, GD: 9.7126e+06,     RMSE: 0.2816, MAE: 0.1381
  Val   - Data Loss (MIXMSE): 0.1980, GD: 8.4881e+06,     RMSE: 0.2896, MAE: 0.1380
----------------------------------------------------------------------
Epoch  34/50 | Train Loss: 0.1857 | Val Loss: 0.2020 | LR: 0.002097
  Train - Data Loss (MIXMSE): 0.1857, GD: 9.6719e+06,     RMSE: 0.2792, MAE: 0.1377
  Val   - Data Loss (MIXMSE): 0.2020, GD: 9.4698e+06,     RMSE: 0.2925, MAE: 0.1412
----------------------------------------------------------------------
Epoch  35/50 | Train Loss: 0.1853 | Val Loss: 0.1955 | LR: 0.002097
  Train - Data Loss (MIXMSE): 0.1853, GD: 9.0145e+06,     RMSE: 0.2787, MAE: 0.1368
  Val   - Data Loss (MIXMSE): 0.1955, GD: 9.6770e+06,     RMSE: 0.2879, MAE: 0.1404
----------------------------------------------------------------------
Epoch  36/50 | Train Loss: 0.1757 | Val Loss: 0.1769 | LR: 0.002097
  Train - Data Loss (MIXMSE): 0.1757, GD: 8.8558e+06,     RMSE: 0.2714, MAE: 0.1332
  Val   - Data Loss (MIXMSE): 0.1769, GD: 8.6146e+06,     RMSE: 0.2737, MAE: 0.1312
----------------------------------------------------------------------
Epoch  37/50 | Train Loss: 0.1792 | Val Loss: 0.1969 | LR: 0.002097
  Train - Data Loss (MIXMSE): 0.1792, GD: 8.8173e+06,     RMSE: 0.2739, MAE: 0.1337
  Val   - Data Loss (MIXMSE): 0.1969, GD: 9.2091e+06,     RMSE: 0.2890, MAE: 0.1332
----------------------------------------------------------------------
Epoch  38/50 | Train Loss: 0.1791 | Val Loss: 0.1924 | LR: 0.002097
  Train - Data Loss (MIXMSE): 0.1791, GD: 8.6285e+06,     RMSE: 0.2740, MAE: 0.1338
  Val   - Data Loss (MIXMSE): 0.1924, GD: 8.3691e+06,     RMSE: 0.2854, MAE: 0.1424
----------------------------------------------------------------------
Epoch  39/50 | Train Loss: 0.1794 | Val Loss: 0.1735 | LR: 0.002097
  Train - Data Loss (MIXMSE): 0.1794, GD: 8.4135e+06,     RMSE: 0.2744, MAE: 0.1346
  Val   - Data Loss (MIXMSE): 0.1735, GD: 8.2582e+06,     RMSE: 0.2711, MAE: 0.1293
----------------------------------------------------------------------
Epoch  40/50 | Train Loss: 0.1688 | Val Loss: 0.1792 | LR: 0.002097
  Train - Data Loss (MIXMSE): 0.1688, GD: 8.5248e+06,     RMSE: 0.2663, MAE: 0.1300
  Val   - Data Loss (MIXMSE): 0.1792, GD: 7.8692e+06,     RMSE: 0.2755, MAE: 0.1326
----------------------------------------------------------------------
Epoch  41/50 | Train Loss: 0.1730 | Val Loss: 0.2027 | LR: 0.002097
  Train - Data Loss (MIXMSE): 0.1730, GD: 8.7799e+06,     RMSE: 0.2691, MAE: 0.1313
  Val   - Data Loss (MIXMSE): 0.2027, GD: 9.4158e+06,     RMSE: 0.2930, MAE: 0.1425
----------------------------------------------------------------------
Epoch  42/50 | Train Loss: 0.1739 | Val Loss: 0.1751 | LR: 0.002097
  Train - Data Loss (MIXMSE): 0.1739, GD: 9.1192e+06,     RMSE: 0.2702, MAE: 0.1322
  Val   - Data Loss (MIXMSE): 0.1751, GD: 9.2460e+06,     RMSE: 0.2723, MAE: 0.1322
----------------------------------------------------------------------
Epoch  43/50 | Train Loss: 0.1702 | Val Loss: 0.1763 | LR: 0.002097
  Train - Data Loss (MIXMSE): 0.1702, GD: 9.7293e+06,     RMSE: 0.2671, MAE: 0.1300
  Val   - Data Loss (MIXMSE): 0.1763, GD: 9.8106e+06,     RMSE: 0.2734, MAE: 0.1288
----------------------------------------------------------------------
Epoch  44/50 | Train Loss: 0.1693 | Val Loss: 0.1773 | LR: 0.002097
  Train - Data Loss (MIXMSE): 0.1693, GD: 1.0067e+07,     RMSE: 0.2666, MAE: 0.1302
  Val   - Data Loss (MIXMSE): 0.1773, GD: 1.1193e+07,     RMSE: 0.2741, MAE: 0.1313
----------------------------------------------------------------------
Epoch  45/50 | Train Loss: 0.1704 | Val Loss: 0.1708 | LR: 0.002097
  Train - Data Loss (MIXMSE): 0.1704, GD: 1.0918e+07,     RMSE: 0.2672, MAE: 0.1298
  Val   - Data Loss (MIXMSE): 0.1708, GD: 1.0775e+07,     RMSE: 0.2691, MAE: 0.1267
----------------------------------------------------------------------
Epoch  46/50 | Train Loss: 0.1664 | Val Loss: 0.1812 | LR: 0.002097
  Train - Data Loss (MIXMSE): 0.1664, GD: 1.1155e+07,     RMSE: 0.2640, MAE: 0.1278
  Val   - Data Loss (MIXMSE): 0.1812, GD: 1.1198e+07,     RMSE: 0.2771, MAE: 0.1310
----------------------------------------------------------------------
Epoch  47/50 | Train Loss: 0.1672 | Val Loss: 0.1806 | LR: 0.002097
  Train - Data Loss (MIXMSE): 0.1672, GD: 1.1830e+07,     RMSE: 0.2648, MAE: 0.1289
  Val   - Data Loss (MIXMSE): 0.1806, GD: 1.1633e+07,     RMSE: 0.2767, MAE: 0.1293
----------------------------------------------------------------------
Epoch  48/50 | Train Loss: 0.1639 | Val Loss: 0.1706 | LR: 0.002097
  Train - Data Loss (MIXMSE): 0.1639, GD: 1.1966e+07,     RMSE: 0.2623, MAE: 0.1271
  Val   - Data Loss (MIXMSE): 0.1706, GD: 1.2758e+07,     RMSE: 0.2689, MAE: 0.1282
----------------------------------------------------------------------
Epoch  49/50 | Train Loss: 0.1708 | Val Loss: 0.1631 | LR: 0.002097
  Train - Data Loss (MIXMSE): 0.1708, GD: 1.2645e+07,     RMSE: 0.2676, MAE: 0.1296
  Val   - Data Loss (MIXMSE): 0.1631, GD: 1.1390e+07,     RMSE: 0.2628, MAE: 0.1248
----------------------------------------------------------------------
Epoch  50/50 | Train Loss: 0.2219 | Val Loss: 0.1754 | LR: 0.002097
  Train - Data Loss (MIXMSE): 0.2219, GD: 1.2606e+07,     RMSE: 0.3032, MAE: 0.1443
  Val   - Data Loss (MIXMSE): 0.1754, GD: 1.3039e+07,     RMSE: 0.2726, MAE: 0.1284
----------------------------------------------------------------------

Training complete!
Best validation loss: 0.1631 at epoch 49

Evaluating on test set...
Test Loss: 0.1753
Test MIXMSE: 0.1753, GD: 1.3134e+07,     RMSE: 0.2724, MAE: 0.1294