Starting training for 50 epochs...
--- Optuna Trial 18 ---
Device: cuda
Model parameters: 32,579
----------------------------------------------------------------------
Epoch   1/50 | Train Loss: 1.3650 | Val Loss: 1.3436 | LR: 0.000356
  Train - Data Loss (MIXMSE): 1.3650, GD: 6.1892e+02,     RMSE: 0.7567, MAE: 0.3783
  Val   - Data Loss (MIXMSE): 1.3436, GD: 3.9957e+03,     RMSE: 0.7547, MAE: 0.3522
----------------------------------------------------------------------
Epoch   2/50 | Train Loss: 1.2771 | Val Loss: 1.2593 | LR: 0.000356
  Train - Data Loss (MIXMSE): 1.2771, GD: 1.4691e+04,     RMSE: 0.7324, MAE: 0.3472
  Val   - Data Loss (MIXMSE): 1.2593, GD: 3.1946e+04,     RMSE: 0.7307, MAE: 0.3463
----------------------------------------------------------------------
Epoch   3/50 | Train Loss: 1.2111 | Val Loss: 1.2145 | LR: 0.000356
  Train - Data Loss (MIXMSE): 1.2111, GD: 7.7381e+04,     RMSE: 0.7134, MAE: 0.3318
  Val   - Data Loss (MIXMSE): 1.2145, GD: 9.2253e+04,     RMSE: 0.7176, MAE: 0.3243
----------------------------------------------------------------------
Epoch   4/50 | Train Loss: 1.1793 | Val Loss: 1.1830 | LR: 0.000356
  Train - Data Loss (MIXMSE): 1.1793, GD: 9.5716e+04,     RMSE: 0.7041, MAE: 0.3295
  Val   - Data Loss (MIXMSE): 1.1830, GD: 7.4590e+04,     RMSE: 0.7083, MAE: 0.3238
----------------------------------------------------------------------
Epoch   5/50 | Train Loss: 1.1511 | Val Loss: 1.1436 | LR: 0.000356
  Train - Data Loss (MIXMSE): 1.1511, GD: 8.7554e+04,     RMSE: 0.6954, MAE: 0.3288
  Val   - Data Loss (MIXMSE): 1.1436, GD: 1.1292e+05,     RMSE: 0.6965, MAE: 0.3257
----------------------------------------------------------------------

--- TRIAL PRUNED AT EPOCH 5 ---