Starting training for 50 epochs...
--- Optuna Trial 22 ---
Device: cuda
Model parameters: 30,211
----------------------------------------------------------------------
Epoch   1/50 | Train Loss: 1.3067 | Val Loss: 1.2754 | LR: 0.000589
  Train - Data Loss (MIXMSE): 1.3067, GD: 4.7143e+04,     RMSE: 0.7414, MAE: 0.3548
  Val   - Data Loss (MIXMSE): 1.2754, GD: 1.9017e+05,     RMSE: 0.7353, MAE: 0.3311
----------------------------------------------------------------------
Epoch   2/50 | Train Loss: 1.2192 | Val Loss: 1.2155 | LR: 0.000589
  Train - Data Loss (MIXMSE): 1.2192, GD: 6.5915e+05,     RMSE: 0.7160, MAE: 0.3365
  Val   - Data Loss (MIXMSE): 1.2155, GD: 1.0663e+06,     RMSE: 0.7179, MAE: 0.3361
----------------------------------------------------------------------
Epoch   3/50 | Train Loss: 1.1687 | Val Loss: 1.1413 | LR: 0.000589
  Train - Data Loss (MIXMSE): 1.1687, GD: 9.7378e+05,     RMSE: 0.7006, MAE: 0.3374
  Val   - Data Loss (MIXMSE): 1.1413, GD: 7.8391e+05,     RMSE: 0.6957, MAE: 0.3304
----------------------------------------------------------------------
Epoch   4/50 | Train Loss: 1.1122 | Val Loss: 1.0919 | LR: 0.000589
  Train - Data Loss (MIXMSE): 1.1122, GD: 6.8183e+05,     RMSE: 0.6833, MAE: 0.3268
  Val   - Data Loss (MIXMSE): 1.0919, GD: 8.5165e+05,     RMSE: 0.6806, MAE: 0.3225
----------------------------------------------------------------------
Epoch   5/50 | Train Loss: 1.0695 | Val Loss: 1.0567 | LR: 0.000589
  Train - Data Loss (MIXMSE): 1.0695, GD: 7.6733e+05,     RMSE: 0.6702, MAE: 0.3237
  Val   - Data Loss (MIXMSE): 1.0567, GD: 9.2389e+05,     RMSE: 0.6695, MAE: 0.3160
----------------------------------------------------------------------

--- TRIAL PRUNED AT EPOCH 5 ---