Starting training for 50 epochs...
--- Optuna Trial 38 ---
Device: cuda
Model parameters: 42,341
----------------------------------------------------------------------
Epoch   1/50 | Train Loss: 1.2651 | Val Loss: 1.2182 | LR: 0.002629
  Train - Data Loss (MIXMSE): 1.2651, GD: 3.5910e+05,     RMSE: 0.7288, MAE: 0.3464
  Val   - Data Loss (MIXMSE): 1.2182, GD: 2.0085e+06,     RMSE: 0.7187, MAE: 0.3509
----------------------------------------------------------------------
Epoch   2/50 | Train Loss: 1.0403 | Val Loss: 0.9101 | LR: 0.002629
  Train - Data Loss (MIXMSE): 1.0403, GD: 7.2428e+06,     RMSE: 0.6609, MAE: 0.3213
  Val   - Data Loss (MIXMSE): 0.9101, GD: 1.3695e+07,     RMSE: 0.6213, MAE: 0.3133
----------------------------------------------------------------------
Epoch   3/50 | Train Loss: 0.7575 | Val Loss: 0.6818 | LR: 0.002629
  Train - Data Loss (MIXMSE): 0.7575, GD: 9.6469e+06,     RMSE: 0.5632, MAE: 0.2782
  Val   - Data Loss (MIXMSE): 0.6818, GD: 1.0041e+07,     RMSE: 0.5378, MAE: 0.2705
----------------------------------------------------------------------
Epoch   4/50 | Train Loss: 0.5470 | Val Loss: 0.5117 | LR: 0.002629
  Train - Data Loss (MIXMSE): 0.5470, GD: 1.0939e+07,     RMSE: 0.4788, MAE: 0.2362
  Val   - Data Loss (MIXMSE): 0.5117, GD: 1.2697e+07,     RMSE: 0.4658, MAE: 0.2255
----------------------------------------------------------------------
Epoch   5/50 | Train Loss: 0.4536 | Val Loss: 0.4389 | LR: 0.002629
  Train - Data Loss (MIXMSE): 0.4536, GD: 1.1924e+07,     RMSE: 0.4359, MAE: 0.2154
  Val   - Data Loss (MIXMSE): 0.4389, GD: 1.4537e+07,     RMSE: 0.4314, MAE: 0.2160
----------------------------------------------------------------------
Epoch   6/50 | Train Loss: 0.3836 | Val Loss: 0.3619 | LR: 0.002629
  Train - Data Loss (MIXMSE): 0.3836, GD: 1.2134e+07,     RMSE: 0.4013, MAE: 0.1996
  Val   - Data Loss (MIXMSE): 0.3619, GD: 1.1291e+07,     RMSE: 0.3918, MAE: 0.1927
----------------------------------------------------------------------
Epoch   7/50 | Train Loss: 0.3424 | Val Loss: 0.3436 | LR: 0.002629
  Train - Data Loss (MIXMSE): 0.3424, GD: 1.1363e+07,     RMSE: 0.3791, MAE: 0.1901
  Val   - Data Loss (MIXMSE): 0.3436, GD: 1.5072e+07,     RMSE: 0.3817, MAE: 0.1893
----------------------------------------------------------------------
Epoch   8/50 | Train Loss: 0.3176 | Val Loss: 0.3358 | LR: 0.002629
  Train - Data Loss (MIXMSE): 0.3176, GD: 1.1765e+07,     RMSE: 0.3651, MAE: 0.1826
  Val   - Data Loss (MIXMSE): 0.3358, GD: 1.6020e+07,     RMSE: 0.3773, MAE: 0.1856
----------------------------------------------------------------------
Epoch   9/50 | Train Loss: 0.3065 | Val Loss: 0.2960 | LR: 0.002629
  Train - Data Loss (MIXMSE): 0.3065, GD: 1.2103e+07,     RMSE: 0.3586, MAE: 0.1789
  Val   - Data Loss (MIXMSE): 0.2960, GD: 1.2492e+07,     RMSE: 0.3541, MAE: 0.1717
----------------------------------------------------------------------
Epoch  10/50 | Train Loss: 0.2819 | Val Loss: 0.2717 | LR: 0.002629
  Train - Data Loss (MIXMSE): 0.2819, GD: 1.3051e+07,     RMSE: 0.3438, MAE: 0.1714
  Val   - Data Loss (MIXMSE): 0.2717, GD: 1.2241e+07,     RMSE: 0.3393, MAE: 0.1673
----------------------------------------------------------------------
Epoch  11/50 | Train Loss: 0.2737 | Val Loss: 0.2655 | LR: 0.002629
  Train - Data Loss (MIXMSE): 0.2737, GD: 1.2193e+07,     RMSE: 0.3387, MAE: 0.1689
  Val   - Data Loss (MIXMSE): 0.2655, GD: 1.1087e+07,     RMSE: 0.3355, MAE: 0.1627
----------------------------------------------------------------------
Epoch  12/50 | Train Loss: 0.2578 | Val Loss: 0.2679 | LR: 0.002629
  Train - Data Loss (MIXMSE): 0.2578, GD: 1.2236e+07,     RMSE: 0.3290, MAE: 0.1637
  Val   - Data Loss (MIXMSE): 0.2679, GD: 1.5346e+07,     RMSE: 0.3369, MAE: 0.1625
----------------------------------------------------------------------
Epoch  13/50 | Train Loss: 0.2509 | Val Loss: 0.2516 | LR: 0.002629
  Train - Data Loss (MIXMSE): 0.2509, GD: 1.1430e+07,     RMSE: 0.3244, MAE: 0.1621
  Val   - Data Loss (MIXMSE): 0.2516, GD: 1.0116e+07,     RMSE: 0.3266, MAE: 0.1614
----------------------------------------------------------------------
Epoch  14/50 | Train Loss: 0.2473 | Val Loss: 0.2611 | LR: 0.002629
  Train - Data Loss (MIXMSE): 0.2473, GD: 1.0792e+07,     RMSE: 0.3222, MAE: 0.1607
  Val   - Data Loss (MIXMSE): 0.2611, GD: 8.6643e+06,     RMSE: 0.3327, MAE: 0.1633
----------------------------------------------------------------------
Epoch  15/50 | Train Loss: 0.2419 | Val Loss: 0.2372 | LR: 0.002629
  Train - Data Loss (MIXMSE): 0.2419, GD: 1.0197e+07,     RMSE: 0.3186, MAE: 0.1584
  Val   - Data Loss (MIXMSE): 0.2372, GD: 1.0936e+07,     RMSE: 0.3170, MAE: 0.1553
----------------------------------------------------------------------
Epoch  16/50 | Train Loss: 0.2309 | Val Loss: 0.2408 | LR: 0.002629
  Train - Data Loss (MIXMSE): 0.2309, GD: 1.0563e+07,     RMSE: 0.3113, MAE: 0.1549
  Val   - Data Loss (MIXMSE): 0.2408, GD: 9.3739e+06,     RMSE: 0.3195, MAE: 0.1565
----------------------------------------------------------------------
Epoch  17/50 | Train Loss: 0.2254 | Val Loss: 0.2494 | LR: 0.002629
  Train - Data Loss (MIXMSE): 0.2254, GD: 1.0124e+07,     RMSE: 0.3077, MAE: 0.1532
  Val   - Data Loss (MIXMSE): 0.2494, GD: 9.3451e+06,     RMSE: 0.3251, MAE: 0.1577
----------------------------------------------------------------------
Epoch  18/50 | Train Loss: 0.2281 | Val Loss: 0.2283 | LR: 0.002629
  Train - Data Loss (MIXMSE): 0.2281, GD: 9.5860e+06,     RMSE: 0.3094, MAE: 0.1538
  Val   - Data Loss (MIXMSE): 0.2283, GD: 9.0364e+06,     RMSE: 0.3111, MAE: 0.1487
----------------------------------------------------------------------
Epoch  19/50 | Train Loss: 0.2141 | Val Loss: 0.2245 | LR: 0.002629
  Train - Data Loss (MIXMSE): 0.2141, GD: 9.6057e+06,     RMSE: 0.2996, MAE: 0.1485
  Val   - Data Loss (MIXMSE): 0.2245, GD: 8.4507e+06,     RMSE: 0.3085, MAE: 0.1481
----------------------------------------------------------------------
Epoch  20/50 | Train Loss: 0.2153 | Val Loss: 0.2166 | LR: 0.002629
  Train - Data Loss (MIXMSE): 0.2153, GD: 9.9419e+06,     RMSE: 0.3006, MAE: 0.1487
  Val   - Data Loss (MIXMSE): 0.2166, GD: 9.1623e+06,     RMSE: 0.3030, MAE: 0.1482
----------------------------------------------------------------------
Epoch  21/50 | Train Loss: 0.2122 | Val Loss: 0.2195 | LR: 0.002629
  Train - Data Loss (MIXMSE): 0.2122, GD: 9.9085e+06,     RMSE: 0.2984, MAE: 0.1476
  Val   - Data Loss (MIXMSE): 0.2195, GD: 9.3517e+06,     RMSE: 0.3050, MAE: 0.1466
----------------------------------------------------------------------
Epoch  22/50 | Train Loss: 0.2088 | Val Loss: 0.2298 | LR: 0.002629
  Train - Data Loss (MIXMSE): 0.2088, GD: 9.9876e+06,     RMSE: 0.2959, MAE: 0.1458
  Val   - Data Loss (MIXMSE): 0.2298, GD: 7.8322e+06,     RMSE: 0.3121, MAE: 0.1508
----------------------------------------------------------------------
Epoch  23/50 | Train Loss: 0.2029 | Val Loss: 0.2160 | LR: 0.002629
  Train - Data Loss (MIXMSE): 0.2029, GD: 1.0321e+07,     RMSE: 0.2919, MAE: 0.1436
  Val   - Data Loss (MIXMSE): 0.2160, GD: 9.9125e+06,     RMSE: 0.3026, MAE: 0.1471
----------------------------------------------------------------------
Epoch  24/50 | Train Loss: 0.2036 | Val Loss: 0.2146 | LR: 0.002629
  Train - Data Loss (MIXMSE): 0.2036, GD: 1.0194e+07,     RMSE: 0.2921, MAE: 0.1437
  Val   - Data Loss (MIXMSE): 0.2146, GD: 1.2196e+07,     RMSE: 0.3015, MAE: 0.1438
----------------------------------------------------------------------
Epoch  25/50 | Train Loss: 0.1924 | Val Loss: 0.2176 | LR: 0.002629
  Train - Data Loss (MIXMSE): 0.1924, GD: 1.1025e+07,     RMSE: 0.2841, MAE: 0.1394
  Val   - Data Loss (MIXMSE): 0.2176, GD: 1.0266e+07,     RMSE: 0.3036, MAE: 0.1441
----------------------------------------------------------------------
Epoch  26/50 | Train Loss: 0.1971 | Val Loss: 0.2072 | LR: 0.002629
  Train - Data Loss (MIXMSE): 0.1971, GD: 1.0718e+07,     RMSE: 0.2876, MAE: 0.1416
  Val   - Data Loss (MIXMSE): 0.2072, GD: 9.1260e+06,     RMSE: 0.2964, MAE: 0.1412
----------------------------------------------------------------------
Epoch  27/50 | Train Loss: 0.1875 | Val Loss: 0.2276 | LR: 0.002629
  Train - Data Loss (MIXMSE): 0.1875, GD: 1.0800e+07,     RMSE: 0.2804, MAE: 0.1371
  Val   - Data Loss (MIXMSE): 0.2276, GD: 9.4900e+06,     RMSE: 0.3105, MAE: 0.1508
----------------------------------------------------------------------
Epoch  28/50 | Train Loss: 0.1966 | Val Loss: 0.2120 | LR: 0.002629
  Train - Data Loss (MIXMSE): 0.1966, GD: 1.0815e+07,     RMSE: 0.2872, MAE: 0.1409
  Val   - Data Loss (MIXMSE): 0.2120, GD: 9.6281e+06,     RMSE: 0.2998, MAE: 0.1426
----------------------------------------------------------------------
Epoch  29/50 | Train Loss: 0.1915 | Val Loss: 0.2032 | LR: 0.002629
  Train - Data Loss (MIXMSE): 0.1915, GD: 1.0950e+07,     RMSE: 0.2835, MAE: 0.1384
  Val   - Data Loss (MIXMSE): 0.2032, GD: 7.7399e+06,     RMSE: 0.2933, MAE: 0.1392
----------------------------------------------------------------------
Epoch  30/50 | Train Loss: 0.1923 | Val Loss: 0.1938 | LR: 0.002629
  Train - Data Loss (MIXMSE): 0.1923, GD: 1.0849e+07,     RMSE: 0.2841, MAE: 0.1385
  Val   - Data Loss (MIXMSE): 0.1938, GD: 1.0457e+07,     RMSE: 0.2867, MAE: 0.1343
----------------------------------------------------------------------
Epoch  31/50 | Train Loss: 0.1890 | Val Loss: 0.1893 | LR: 0.002629
  Train - Data Loss (MIXMSE): 0.1890, GD: 1.0981e+07,     RMSE: 0.2814, MAE: 0.1375
  Val   - Data Loss (MIXMSE): 0.1893, GD: 9.0700e+06,     RMSE: 0.2833, MAE: 0.1341
----------------------------------------------------------------------
Epoch  32/50 | Train Loss: 0.1850 | Val Loss: 0.2006 | LR: 0.002629
  Train - Data Loss (MIXMSE): 0.1850, GD: 1.1017e+07,     RMSE: 0.2785, MAE: 0.1359
  Val   - Data Loss (MIXMSE): 0.2006, GD: 1.0227e+07,     RMSE: 0.2916, MAE: 0.1418
----------------------------------------------------------------------
Epoch  33/50 | Train Loss: 0.1777 | Val Loss: 0.1901 | LR: 0.002629
  Train - Data Loss (MIXMSE): 0.1777, GD: 1.1567e+07,     RMSE: 0.2730, MAE: 0.1329
  Val   - Data Loss (MIXMSE): 0.1901, GD: 9.5752e+06,     RMSE: 0.2838, MAE: 0.1340
----------------------------------------------------------------------
Epoch  34/50 | Train Loss: 0.1781 | Val Loss: 0.1842 | LR: 0.002629
  Train - Data Loss (MIXMSE): 0.1781, GD: 1.1545e+07,     RMSE: 0.2733, MAE: 0.1331
  Val   - Data Loss (MIXMSE): 0.1842, GD: 1.3730e+07,     RMSE: 0.2792, MAE: 0.1347
----------------------------------------------------------------------
Epoch  35/50 | Train Loss: 0.1765 | Val Loss: 0.1746 | LR: 0.002629
  Train - Data Loss (MIXMSE): 0.1765, GD: 1.1593e+07,     RMSE: 0.2722, MAE: 0.1332
  Val   - Data Loss (MIXMSE): 0.1746, GD: 1.2670e+07,     RMSE: 0.2720, MAE: 0.1294
----------------------------------------------------------------------
Epoch  36/50 | Train Loss: 0.1774 | Val Loss: 0.1952 | LR: 0.002629
  Train - Data Loss (MIXMSE): 0.1774, GD: 1.1706e+07,     RMSE: 0.2727, MAE: 0.1334
  Val   - Data Loss (MIXMSE): 0.1952, GD: 1.1761e+07,     RMSE: 0.2876, MAE: 0.1346
----------------------------------------------------------------------
Epoch  37/50 | Train Loss: 0.1762 | Val Loss: 0.1825 | LR: 0.002629
  Train - Data Loss (MIXMSE): 0.1762, GD: 1.1701e+07,     RMSE: 0.2718, MAE: 0.1320
  Val   - Data Loss (MIXMSE): 0.1825, GD: 1.2743e+07,     RMSE: 0.2781, MAE: 0.1320
----------------------------------------------------------------------
Epoch  38/50 | Train Loss: 0.1764 | Val Loss: 0.1956 | LR: 0.002629
  Train - Data Loss (MIXMSE): 0.1764, GD: 1.1524e+07,     RMSE: 0.2721, MAE: 0.1327
  Val   - Data Loss (MIXMSE): 0.1956, GD: 1.2601e+07,     RMSE: 0.2878, MAE: 0.1383
----------------------------------------------------------------------
Epoch  39/50 | Train Loss: 0.1754 | Val Loss: 0.1835 | LR: 0.002629
  Train - Data Loss (MIXMSE): 0.1754, GD: 1.1464e+07,     RMSE: 0.2712, MAE: 0.1311
  Val   - Data Loss (MIXMSE): 0.1835, GD: 1.0649e+07,     RMSE: 0.2788, MAE: 0.1327
----------------------------------------------------------------------
Epoch  40/50 | Train Loss: 0.1815 | Val Loss: 0.1978 | LR: 0.002629
  Train - Data Loss (MIXMSE): 0.1815, GD: 1.1288e+07,     RMSE: 0.2754, MAE: 0.1333
  Val   - Data Loss (MIXMSE): 0.1978, GD: 1.1788e+07,     RMSE: 0.2894, MAE: 0.1375
----------------------------------------------------------------------
Epoch  41/50 | Train Loss: 0.1744 | Val Loss: 0.1830 | LR: 0.002629
  Train - Data Loss (MIXMSE): 0.1744, GD: 1.1659e+07,     RMSE: 0.2706, MAE: 0.1313
  Val   - Data Loss (MIXMSE): 0.1830, GD: 1.2410e+07,     RMSE: 0.2784, MAE: 0.1329
----------------------------------------------------------------------
Epoch  42/50 | Train Loss: 0.1683 | Val Loss: 0.1682 | LR: 0.002629
  Train - Data Loss (MIXMSE): 0.1683, GD: 1.1764e+07,     RMSE: 0.2658, MAE: 0.1288
  Val   - Data Loss (MIXMSE): 0.1682, GD: 1.2643e+07,     RMSE: 0.2670, MAE: 0.1245
----------------------------------------------------------------------
Epoch  43/50 | Train Loss: 0.1641 | Val Loss: 0.1753 | LR: 0.002629
  Train - Data Loss (MIXMSE): 0.1641, GD: 1.2275e+07,     RMSE: 0.2622, MAE: 0.1264
  Val   - Data Loss (MIXMSE): 0.1753, GD: 1.3162e+07,     RMSE: 0.2725, MAE: 0.1287
----------------------------------------------------------------------
Epoch  44/50 | Train Loss: 0.1669 | Val Loss: 0.1809 | LR: 0.002629
  Train - Data Loss (MIXMSE): 0.1669, GD: 1.2043e+07,     RMSE: 0.2646, MAE: 0.1278
  Val   - Data Loss (MIXMSE): 0.1809, GD: 1.0516e+07,     RMSE: 0.2769, MAE: 0.1354
----------------------------------------------------------------------
Epoch  45/50 | Train Loss: 0.1726 | Val Loss: 0.1833 | LR: 0.002629
  Train - Data Loss (MIXMSE): 0.1726, GD: 1.1968e+07,     RMSE: 0.2691, MAE: 0.1303
  Val   - Data Loss (MIXMSE): 0.1833, GD: 1.2376e+07,     RMSE: 0.2785, MAE: 0.1381
----------------------------------------------------------------------
Epoch  46/50 | Train Loss: 0.1744 | Val Loss: 0.1761 | LR: 0.002629
  Train - Data Loss (MIXMSE): 0.1744, GD: 1.1652e+07,     RMSE: 0.2703, MAE: 0.1310
  Val   - Data Loss (MIXMSE): 0.1761, GD: 1.0373e+07,     RMSE: 0.2731, MAE: 0.1322
----------------------------------------------------------------------
Epoch  47/50 | Train Loss: 0.1629 | Val Loss: 0.1626 | LR: 0.002629
  Train - Data Loss (MIXMSE): 0.1629, GD: 1.2012e+07,     RMSE: 0.2614, MAE: 0.1260
  Val   - Data Loss (MIXMSE): 0.1626, GD: 1.2523e+07,     RMSE: 0.2624, MAE: 0.1232
----------------------------------------------------------------------
Epoch  48/50 | Train Loss: 0.1609 | Val Loss: 0.1607 | LR: 0.002629
  Train - Data Loss (MIXMSE): 0.1609, GD: 1.2587e+07,     RMSE: 0.2600, MAE: 0.1255
  Val   - Data Loss (MIXMSE): 0.1607, GD: 1.1812e+07,     RMSE: 0.2609, MAE: 0.1224
----------------------------------------------------------------------
Epoch  49/50 | Train Loss: 0.1592 | Val Loss: 0.1796 | LR: 0.002629
  Train - Data Loss (MIXMSE): 0.1592, GD: 1.2799e+07,     RMSE: 0.2585, MAE: 0.1246
  Val   - Data Loss (MIXMSE): 0.1796, GD: 1.1057e+07,     RMSE: 0.2759, MAE: 0.1285
----------------------------------------------------------------------
Epoch  50/50 | Train Loss: 0.1617 | Val Loss: 0.1764 | LR: 0.002629
  Train - Data Loss (MIXMSE): 0.1617, GD: 1.2773e+07,     RMSE: 0.2605, MAE: 0.1259
  Val   - Data Loss (MIXMSE): 0.1764, GD: 1.0793e+07,     RMSE: 0.2733, MAE: 0.1318
----------------------------------------------------------------------

Training complete!
Best validation loss: 0.1607 at epoch 48

Evaluating on test set...
Test Loss: 0.1817
Test MIXMSE: 0.1817, GD: 1.0618e+07,     RMSE: 0.2774, MAE: 0.1318