Starting training for 50 epochs...
--- Optuna Trial 27 ---
Device: cuda
Model parameters: 34,852
----------------------------------------------------------------------
Epoch   1/50 | Train Loss: 1.2417 | Val Loss: 1.2232 | LR: 0.002757
  Train - Data Loss (MIXMSE): 1.2417, GD: 2.0591e+05,     RMSE: 0.7222, MAE: 0.3408
  Val   - Data Loss (MIXMSE): 1.2232, GD: 3.6940e+05,     RMSE: 0.7202, MAE: 0.3265
----------------------------------------------------------------------
Epoch   2/50 | Train Loss: 1.0509 | Val Loss: 0.9885 | LR: 0.002757
  Train - Data Loss (MIXMSE): 1.0509, GD: 5.1341e+06,     RMSE: 0.6643, MAE: 0.3194
  Val   - Data Loss (MIXMSE): 0.9885, GD: 1.3584e+07,     RMSE: 0.6475, MAE: 0.3097
----------------------------------------------------------------------
Epoch   3/50 | Train Loss: 0.8041 | Val Loss: 0.6974 | LR: 0.002757
  Train - Data Loss (MIXMSE): 0.8041, GD: 1.9100e+07,     RMSE: 0.5807, MAE: 0.2854
  Val   - Data Loss (MIXMSE): 0.6974, GD: 1.2269e+07,     RMSE: 0.5438, MAE: 0.2611
----------------------------------------------------------------------
Epoch   4/50 | Train Loss: 0.6274 | Val Loss: 0.5670 | LR: 0.002757
  Train - Data Loss (MIXMSE): 0.6274, GD: 1.3120e+07,     RMSE: 0.5133, MAE: 0.2523
  Val   - Data Loss (MIXMSE): 0.5670, GD: 9.1591e+06,     RMSE: 0.4904, MAE: 0.2347
----------------------------------------------------------------------
Epoch   5/50 | Train Loss: 0.4632 | Val Loss: 0.4303 | LR: 0.002757
  Train - Data Loss (MIXMSE): 0.4632, GD: 1.2687e+07,     RMSE: 0.4404, MAE: 0.2159
  Val   - Data Loss (MIXMSE): 0.4303, GD: 1.2783e+07,     RMSE: 0.4270, MAE: 0.2083
----------------------------------------------------------------------
Epoch   6/50 | Train Loss: 0.3816 | Val Loss: 0.3981 | LR: 0.002757
  Train - Data Loss (MIXMSE): 0.3816, GD: 1.2342e+07,     RMSE: 0.4003, MAE: 0.1982
  Val   - Data Loss (MIXMSE): 0.3981, GD: 1.5874e+07,     RMSE: 0.4108, MAE: 0.1995
----------------------------------------------------------------------
Epoch   7/50 | Train Loss: 0.3457 | Val Loss: 0.3408 | LR: 0.002757
  Train - Data Loss (MIXMSE): 0.3457, GD: 1.1707e+07,     RMSE: 0.3806, MAE: 0.1892
  Val   - Data Loss (MIXMSE): 0.3408, GD: 1.5315e+07,     RMSE: 0.3800, MAE: 0.1862
----------------------------------------------------------------------
Epoch   8/50 | Train Loss: 0.3217 | Val Loss: 0.3270 | LR: 0.002757
  Train - Data Loss (MIXMSE): 0.3217, GD: 1.1892e+07,     RMSE: 0.3674, MAE: 0.1827
  Val   - Data Loss (MIXMSE): 0.3270, GD: 1.3348e+07,     RMSE: 0.3724, MAE: 0.1800
----------------------------------------------------------------------
Epoch   9/50 | Train Loss: 0.3043 | Val Loss: 0.3059 | LR: 0.002757
  Train - Data Loss (MIXMSE): 0.3043, GD: 1.1473e+07,     RMSE: 0.3574, MAE: 0.1770
  Val   - Data Loss (MIXMSE): 0.3059, GD: 1.0483e+07,     RMSE: 0.3601, MAE: 0.1725
----------------------------------------------------------------------
Epoch  10/50 | Train Loss: 0.2885 | Val Loss: 0.2930 | LR: 0.002757
  Train - Data Loss (MIXMSE): 0.2885, GD: 1.1163e+07,     RMSE: 0.3480, MAE: 0.1735
  Val   - Data Loss (MIXMSE): 0.2930, GD: 1.2584e+07,     RMSE: 0.3524, MAE: 0.1758
----------------------------------------------------------------------
Epoch  11/50 | Train Loss: 0.2852 | Val Loss: 0.2763 | LR: 0.002757
  Train - Data Loss (MIXMSE): 0.2852, GD: 1.1373e+07,     RMSE: 0.3457, MAE: 0.1713
  Val   - Data Loss (MIXMSE): 0.2763, GD: 9.9080e+06,     RMSE: 0.3423, MAE: 0.1638
----------------------------------------------------------------------
Epoch  12/50 | Train Loss: 0.2700 | Val Loss: 0.2668 | LR: 0.002757
  Train - Data Loss (MIXMSE): 0.2700, GD: 1.1155e+07,     RMSE: 0.3367, MAE: 0.1665
  Val   - Data Loss (MIXMSE): 0.2668, GD: 1.3432e+07,     RMSE: 0.3360, MAE: 0.1670
----------------------------------------------------------------------
Epoch  13/50 | Train Loss: 0.2632 | Val Loss: 0.2540 | LR: 0.002757
  Train - Data Loss (MIXMSE): 0.2632, GD: 1.1535e+07,     RMSE: 0.3322, MAE: 0.1643
  Val   - Data Loss (MIXMSE): 0.2540, GD: 1.0817e+07,     RMSE: 0.3280, MAE: 0.1571
----------------------------------------------------------------------
Epoch  14/50 | Train Loss: 0.2482 | Val Loss: 0.2563 | LR: 0.002757
  Train - Data Loss (MIXMSE): 0.2482, GD: 1.1403e+07,     RMSE: 0.3229, MAE: 0.1605
  Val   - Data Loss (MIXMSE): 0.2563, GD: 1.1149e+07,     RMSE: 0.3295, MAE: 0.1606
----------------------------------------------------------------------
Epoch  15/50 | Train Loss: 0.2486 | Val Loss: 0.2536 | LR: 0.002757
  Train - Data Loss (MIXMSE): 0.2486, GD: 1.1171e+07,     RMSE: 0.3228, MAE: 0.1603
  Val   - Data Loss (MIXMSE): 0.2536, GD: 1.0583e+07,     RMSE: 0.3278, MAE: 0.1587
----------------------------------------------------------------------
Epoch  16/50 | Train Loss: 0.2348 | Val Loss: 0.2468 | LR: 0.002757
  Train - Data Loss (MIXMSE): 0.2348, GD: 1.1383e+07,     RMSE: 0.3138, MAE: 0.1554
  Val   - Data Loss (MIXMSE): 0.2468, GD: 1.0476e+07,     RMSE: 0.3235, MAE: 0.1545
----------------------------------------------------------------------
Epoch  17/50 | Train Loss: 0.2448 | Val Loss: 0.2589 | LR: 0.002757
  Train - Data Loss (MIXMSE): 0.2448, GD: 1.1322e+07,     RMSE: 0.3200, MAE: 0.1574
  Val   - Data Loss (MIXMSE): 0.2589, GD: 1.0971e+07,     RMSE: 0.3313, MAE: 0.1543
----------------------------------------------------------------------
Epoch  18/50 | Train Loss: 0.2309 | Val Loss: 0.2393 | LR: 0.002757
  Train - Data Loss (MIXMSE): 0.2309, GD: 1.1440e+07,     RMSE: 0.3112, MAE: 0.1538
  Val   - Data Loss (MIXMSE): 0.2393, GD: 1.0535e+07,     RMSE: 0.3185, MAE: 0.1578
----------------------------------------------------------------------
Epoch  19/50 | Train Loss: 0.2227 | Val Loss: 0.2244 | LR: 0.002757
  Train - Data Loss (MIXMSE): 0.2227, GD: 1.1198e+07,     RMSE: 0.3056, MAE: 0.1511
  Val   - Data Loss (MIXMSE): 0.2244, GD: 1.0574e+07,     RMSE: 0.3084, MAE: 0.1500
----------------------------------------------------------------------
Epoch  20/50 | Train Loss: 0.2302 | Val Loss: 0.3307 | LR: 0.002757
  Train - Data Loss (MIXMSE): 0.2302, GD: 1.1200e+07,     RMSE: 0.3103, MAE: 0.1528
  Val   - Data Loss (MIXMSE): 0.3307, GD: 1.7198e+07,     RMSE: 0.3737, MAE: 0.1735
----------------------------------------------------------------------
Epoch  21/50 | Train Loss: 0.2184 | Val Loss: 0.2199 | LR: 0.002757
  Train - Data Loss (MIXMSE): 0.2184, GD: 1.0998e+07,     RMSE: 0.3028, MAE: 0.1494
  Val   - Data Loss (MIXMSE): 0.2199, GD: 1.0781e+07,     RMSE: 0.3052, MAE: 0.1472
----------------------------------------------------------------------
Epoch  22/50 | Train Loss: 0.2105 | Val Loss: 0.2083 | LR: 0.002757
  Train - Data Loss (MIXMSE): 0.2105, GD: 1.0907e+07,     RMSE: 0.2972, MAE: 0.1465
  Val   - Data Loss (MIXMSE): 0.2083, GD: 1.2053e+07,     RMSE: 0.2968, MAE: 0.1436
----------------------------------------------------------------------
Epoch  23/50 | Train Loss: 0.2054 | Val Loss: 0.2310 | LR: 0.002757
  Train - Data Loss (MIXMSE): 0.2054, GD: 1.0990e+07,     RMSE: 0.2933, MAE: 0.1441
  Val   - Data Loss (MIXMSE): 0.2310, GD: 1.1633e+07,     RMSE: 0.3128, MAE: 0.1508
----------------------------------------------------------------------
Epoch  24/50 | Train Loss: 0.2062 | Val Loss: 0.2283 | LR: 0.002757
  Train - Data Loss (MIXMSE): 0.2062, GD: 1.0844e+07,     RMSE: 0.2942, MAE: 0.1446
  Val   - Data Loss (MIXMSE): 0.2283, GD: 1.0208e+07,     RMSE: 0.3110, MAE: 0.1527
----------------------------------------------------------------------
Epoch  25/50 | Train Loss: 0.2152 | Val Loss: 0.2305 | LR: 0.002757
  Train - Data Loss (MIXMSE): 0.2152, GD: 1.0296e+07,     RMSE: 0.3004, MAE: 0.1472
  Val   - Data Loss (MIXMSE): 0.2305, GD: 1.2112e+07,     RMSE: 0.3125, MAE: 0.1523
----------------------------------------------------------------------
Epoch  26/50 | Train Loss: 0.2065 | Val Loss: 0.2205 | LR: 0.002757
  Train - Data Loss (MIXMSE): 0.2065, GD: 1.0634e+07,     RMSE: 0.2943, MAE: 0.1442
  Val   - Data Loss (MIXMSE): 0.2205, GD: 1.0651e+07,     RMSE: 0.3057, MAE: 0.1483
----------------------------------------------------------------------
Epoch  27/50 | Train Loss: 0.2086 | Val Loss: 0.1961 | LR: 0.002757
  Train - Data Loss (MIXMSE): 0.2086, GD: 1.0531e+07,     RMSE: 0.2954, MAE: 0.1442
  Val   - Data Loss (MIXMSE): 0.1961, GD: 1.0462e+07,     RMSE: 0.2882, MAE: 0.1376
----------------------------------------------------------------------
Epoch  28/50 | Train Loss: 0.1944 | Val Loss: 0.2179 | LR: 0.002757
  Train - Data Loss (MIXMSE): 0.1944, GD: 1.0531e+07,     RMSE: 0.2856, MAE: 0.1402
  Val   - Data Loss (MIXMSE): 0.2179, GD: 9.2559e+06,     RMSE: 0.3039, MAE: 0.1440
----------------------------------------------------------------------
Epoch  29/50 | Train Loss: 0.2045 | Val Loss: 0.2066 | LR: 0.002757
  Train - Data Loss (MIXMSE): 0.2045, GD: 1.0328e+07,     RMSE: 0.2925, MAE: 0.1439
  Val   - Data Loss (MIXMSE): 0.2066, GD: 9.1158e+06,     RMSE: 0.2959, MAE: 0.1420
----------------------------------------------------------------------
Epoch  30/50 | Train Loss: 0.1931 | Val Loss: 0.2036 | LR: 0.002757
  Train - Data Loss (MIXMSE): 0.1931, GD: 1.0109e+07,     RMSE: 0.2845, MAE: 0.1396
  Val   - Data Loss (MIXMSE): 0.2036, GD: 9.4000e+06,     RMSE: 0.2938, MAE: 0.1412
----------------------------------------------------------------------
Epoch  31/50 | Train Loss: 0.1885 | Val Loss: 0.1865 | LR: 0.002757
  Train - Data Loss (MIXMSE): 0.1885, GD: 1.0177e+07,     RMSE: 0.2807, MAE: 0.1371
  Val   - Data Loss (MIXMSE): 0.1865, GD: 9.6331e+06,     RMSE: 0.2811, MAE: 0.1338
----------------------------------------------------------------------
Epoch  32/50 | Train Loss: 0.1878 | Val Loss: 0.2012 | LR: 0.002757
  Train - Data Loss (MIXMSE): 0.1878, GD: 1.0084e+07,     RMSE: 0.2807, MAE: 0.1374
  Val   - Data Loss (MIXMSE): 0.2012, GD: 1.1315e+07,     RMSE: 0.2919, MAE: 0.1384
----------------------------------------------------------------------
Epoch  33/50 | Train Loss: 0.1881 | Val Loss: 0.1929 | LR: 0.002757
  Train - Data Loss (MIXMSE): 0.1881, GD: 9.7854e+06,     RMSE: 0.2809, MAE: 0.1369
  Val   - Data Loss (MIXMSE): 0.1929, GD: 1.0612e+07,     RMSE: 0.2859, MAE: 0.1364
----------------------------------------------------------------------
Epoch  34/50 | Train Loss: 0.1846 | Val Loss: 0.1925 | LR: 0.002757
  Train - Data Loss (MIXMSE): 0.1846, GD: 9.8590e+06,     RMSE: 0.2780, MAE: 0.1356
  Val   - Data Loss (MIXMSE): 0.1925, GD: 8.4763e+06,     RMSE: 0.2857, MAE: 0.1332
----------------------------------------------------------------------
Epoch  35/50 | Train Loss: 0.1789 | Val Loss: 0.1908 | LR: 0.002757
  Train - Data Loss (MIXMSE): 0.1789, GD: 9.6800e+06,     RMSE: 0.2740, MAE: 0.1337
  Val   - Data Loss (MIXMSE): 0.1908, GD: 1.1677e+07,     RMSE: 0.2844, MAE: 0.1345
----------------------------------------------------------------------
Epoch  36/50 | Train Loss: 0.1769 | Val Loss: 0.2211 | LR: 0.002757
  Train - Data Loss (MIXMSE): 0.1769, GD: 9.5717e+06,     RMSE: 0.2725, MAE: 0.1334
  Val   - Data Loss (MIXMSE): 0.2211, GD: 9.0927e+06,     RMSE: 0.3062, MAE: 0.1539
----------------------------------------------------------------------
Epoch  37/50 | Train Loss: 0.1838 | Val Loss: 0.1861 | LR: 0.002757
  Train - Data Loss (MIXMSE): 0.1838, GD: 9.4298e+06,     RMSE: 0.2776, MAE: 0.1355
  Val   - Data Loss (MIXMSE): 0.1861, GD: 9.4483e+06,     RMSE: 0.2809, MAE: 0.1337
----------------------------------------------------------------------
Epoch  38/50 | Train Loss: 0.1774 | Val Loss: 0.2081 | LR: 0.002757
  Train - Data Loss (MIXMSE): 0.1774, GD: 9.6785e+06,     RMSE: 0.2727, MAE: 0.1331
  Val   - Data Loss (MIXMSE): 0.2081, GD: 8.7209e+06,     RMSE: 0.2970, MAE: 0.1405
----------------------------------------------------------------------
Epoch  39/50 | Train Loss: 0.1830 | Val Loss: 0.1895 | LR: 0.002757
  Train - Data Loss (MIXMSE): 0.1830, GD: 9.4259e+06,     RMSE: 0.2769, MAE: 0.1348
  Val   - Data Loss (MIXMSE): 0.1895, GD: 9.6339e+06,     RMSE: 0.2834, MAE: 0.1354
----------------------------------------------------------------------
Epoch  40/50 | Train Loss: 0.1829 | Val Loss: 0.1888 | LR: 0.002757
  Train - Data Loss (MIXMSE): 0.1829, GD: 9.4863e+06,     RMSE: 0.2771, MAE: 0.1355
  Val   - Data Loss (MIXMSE): 0.1888, GD: 1.0759e+07,     RMSE: 0.2829, MAE: 0.1357
----------------------------------------------------------------------
Epoch  41/50 | Train Loss: 0.1739 | Val Loss: 0.2013 | LR: 0.002757
  Train - Data Loss (MIXMSE): 0.1739, GD: 9.6175e+06,     RMSE: 0.2700, MAE: 0.1312
  Val   - Data Loss (MIXMSE): 0.2013, GD: 9.1679e+06,     RMSE: 0.2920, MAE: 0.1378
----------------------------------------------------------------------
Epoch  42/50 | Train Loss: 0.1789 | Val Loss: 0.1778 | LR: 0.002757
  Train - Data Loss (MIXMSE): 0.1789, GD: 9.5941e+06,     RMSE: 0.2739, MAE: 0.1333
  Val   - Data Loss (MIXMSE): 0.1778, GD: 8.9870e+06,     RMSE: 0.2745, MAE: 0.1285
----------------------------------------------------------------------
Epoch  43/50 | Train Loss: 0.1702 | Val Loss: 0.1862 | LR: 0.002757
  Train - Data Loss (MIXMSE): 0.1702, GD: 9.2718e+06,     RMSE: 0.2672, MAE: 0.1298
  Val   - Data Loss (MIXMSE): 0.1862, GD: 1.0502e+07,     RMSE: 0.2809, MAE: 0.1324
----------------------------------------------------------------------
Epoch  44/50 | Train Loss: 0.1736 | Val Loss: 0.1858 | LR: 0.002757
  Train - Data Loss (MIXMSE): 0.1736, GD: 9.2490e+06,     RMSE: 0.2698, MAE: 0.1318
  Val   - Data Loss (MIXMSE): 0.1858, GD: 8.4219e+06,     RMSE: 0.2807, MAE: 0.1332
----------------------------------------------------------------------
Epoch  45/50 | Train Loss: 0.1731 | Val Loss: 0.2293 | LR: 0.002757
  Train - Data Loss (MIXMSE): 0.1731, GD: 9.1835e+06,     RMSE: 0.2693, MAE: 0.1311
  Val   - Data Loss (MIXMSE): 0.2293, GD: 7.9796e+06,     RMSE: 0.3115, MAE: 0.1516
----------------------------------------------------------------------
Epoch  46/50 | Train Loss: 0.1758 | Val Loss: 0.1751 | LR: 0.002757
  Train - Data Loss (MIXMSE): 0.1758, GD: 8.9159e+06,     RMSE: 0.2715, MAE: 0.1324
  Val   - Data Loss (MIXMSE): 0.1751, GD: 8.8236e+06,     RMSE: 0.2724, MAE: 0.1268
----------------------------------------------------------------------
Epoch  47/50 | Train Loss: 0.1715 | Val Loss: 0.1740 | LR: 0.002757
  Train - Data Loss (MIXMSE): 0.1715, GD: 8.9721e+06,     RMSE: 0.2679, MAE: 0.1302
  Val   - Data Loss (MIXMSE): 0.1740, GD: 7.8088e+06,     RMSE: 0.2714, MAE: 0.1285
----------------------------------------------------------------------
Epoch  48/50 | Train Loss: 0.1734 | Val Loss: 0.1720 | LR: 0.002757
  Train - Data Loss (MIXMSE): 0.1734, GD: 8.8328e+06,     RMSE: 0.2696, MAE: 0.1311
  Val   - Data Loss (MIXMSE): 0.1720, GD: 8.4711e+06,     RMSE: 0.2700, MAE: 0.1277
----------------------------------------------------------------------
Epoch  49/50 | Train Loss: 0.1644 | Val Loss: 0.1767 | LR: 0.002757
  Train - Data Loss (MIXMSE): 0.1644, GD: 8.6425e+06,     RMSE: 0.2627, MAE: 0.1274
  Val   - Data Loss (MIXMSE): 0.1767, GD: 1.0745e+07,     RMSE: 0.2735, MAE: 0.1292
----------------------------------------------------------------------
Epoch  50/50 | Train Loss: 0.1678 | Val Loss: 0.1679 | LR: 0.002757
  Train - Data Loss (MIXMSE): 0.1678, GD: 8.7517e+06,     RMSE: 0.2652, MAE: 0.1288
  Val   - Data Loss (MIXMSE): 0.1679, GD: 8.3969e+06,     RMSE: 0.2667, MAE: 0.1242
----------------------------------------------------------------------

Training complete!
Best validation loss: 0.1679 at epoch 50

Evaluating on test set...
Test Loss: 0.1686
Test MIXMSE: 0.1686, GD: 8.3759e+06,     RMSE: 0.2671, MAE: 0.1242