Starting training for 50 epochs...
--- Optuna Trial 56 ---
Device: cuda
Model parameters: 581,685
----------------------------------------------------------------------
Epoch   1/50 | Train Loss: 1.2465 | Val Loss: 1.1750 | LR: 0.001180
  Train - Data Loss (MIXMSE): 1.2465, GD: 8.0125e+04,     RMSE: 0.7231, MAE: 0.3469
  Val   - Data Loss (MIXMSE): 1.1750, GD: 2.8152e+05,     RMSE: 0.7058, MAE: 0.3401
----------------------------------------------------------------------
Epoch   2/50 | Train Loss: 1.0475 | Val Loss: 0.9785 | LR: 0.001180
  Train - Data Loss (MIXMSE): 1.0475, GD: 2.7831e+06,     RMSE: 0.6627, MAE: 0.3296
  Val   - Data Loss (MIXMSE): 0.9785, GD: 6.4178e+06,     RMSE: 0.6443, MAE: 0.3181
----------------------------------------------------------------------
Epoch   3/50 | Train Loss: 0.8644 | Val Loss: 0.8179 | LR: 0.001180
  Train - Data Loss (MIXMSE): 0.8644, GD: 1.6633e+07,     RMSE: 0.6024, MAE: 0.3111
  Val   - Data Loss (MIXMSE): 0.8179, GD: 2.8253e+07,     RMSE: 0.5890, MAE: 0.2996
----------------------------------------------------------------------
Epoch   4/50 | Train Loss: 0.6837 | Val Loss: 0.5932 | LR: 0.001180
  Train - Data Loss (MIXMSE): 0.6837, GD: 3.9292e+07,     RMSE: 0.5353, MAE: 0.2731
  Val   - Data Loss (MIXMSE): 0.5932, GD: 4.6286e+07,     RMSE: 0.5016, MAE: 0.2535
----------------------------------------------------------------------
Epoch   5/50 | Train Loss: 0.5321 | Val Loss: 0.4764 | LR: 0.001180
  Train - Data Loss (MIXMSE): 0.5321, GD: 2.3053e+07,     RMSE: 0.4719, MAE: 0.2334
  Val   - Data Loss (MIXMSE): 0.4764, GD: 1.4065e+07,     RMSE: 0.4496, MAE: 0.2158
----------------------------------------------------------------------
Epoch   6/50 | Train Loss: 0.4579 | Val Loss: 0.5073 | LR: 0.001180
  Train - Data Loss (MIXMSE): 0.4579, GD: 1.3532e+07,     RMSE: 0.4382, MAE: 0.2166
  Val   - Data Loss (MIXMSE): 0.5073, GD: 1.0063e+07,     RMSE: 0.4639, MAE: 0.2155
----------------------------------------------------------------------

--- TRIAL PRUNED AT EPOCH 6 ---