Starting training for 50 epochs...
--- Optuna Trial 35 ---
Device: cuda
Model parameters: 14,117
----------------------------------------------------------------------
Epoch   1/50 | Train Loss: 1.2828 | Val Loss: 1.2252 | LR: 0.001290
  Train - Data Loss (MIXMSE): 1.2828, GD: 1.8003e+04,     RMSE: 0.7342, MAE: 0.3464
  Val   - Data Loss (MIXMSE): 1.2252, GD: 5.7420e+04,     RMSE: 0.7207, MAE: 0.3270
----------------------------------------------------------------------
Epoch   2/50 | Train Loss: 1.1746 | Val Loss: 1.1842 | LR: 0.001290
  Train - Data Loss (MIXMSE): 1.1746, GD: 2.9879e+05,     RMSE: 0.7028, MAE: 0.3255
  Val   - Data Loss (MIXMSE): 1.1842, GD: 7.4122e+05,     RMSE: 0.7087, MAE: 0.3440
----------------------------------------------------------------------
Epoch   3/50 | Train Loss: 1.1117 | Val Loss: 1.0849 | LR: 0.001290
  Train - Data Loss (MIXMSE): 1.1117, GD: 1.5808e+06,     RMSE: 0.6835, MAE: 0.3232
  Val   - Data Loss (MIXMSE): 1.0849, GD: 3.4421e+06,     RMSE: 0.6784, MAE: 0.3258
----------------------------------------------------------------------
Epoch   4/50 | Train Loss: 1.0237 | Val Loss: 0.9718 | LR: 0.001290
  Train - Data Loss (MIXMSE): 1.0237, GD: 6.0817e+06,     RMSE: 0.6557, MAE: 0.3196
  Val   - Data Loss (MIXMSE): 0.9718, GD: 5.9622e+06,     RMSE: 0.6420, MAE: 0.3022
----------------------------------------------------------------------
Epoch   5/50 | Train Loss: 0.9184 | Val Loss: 0.8701 | LR: 0.001290
  Train - Data Loss (MIXMSE): 0.9184, GD: 5.3651e+06,     RMSE: 0.6207, MAE: 0.3029
  Val   - Data Loss (MIXMSE): 0.8701, GD: 5.0615e+06,     RMSE: 0.6076, MAE: 0.2956
----------------------------------------------------------------------

--- TRIAL PRUNED AT EPOCH 5 ---