Starting training for 50 epochs...
--- Optuna Trial 11 ---
Device: cuda
Model parameters: 58,610
----------------------------------------------------------------------
Epoch   1/50 | Train Loss: 1.2779 | Val Loss: 1.2539 | LR: 0.001072
  Train - Data Loss (MIXMSE): 1.2779, GD: 6.4886e+03,     RMSE: 0.7329, MAE: 0.3487
  Val   - Data Loss (MIXMSE): 1.2539, GD: 9.0341e+03,     RMSE: 0.7290, MAE: 0.3583
----------------------------------------------------------------------
Epoch   2/50 | Train Loss: 1.1663 | Val Loss: 1.1404 | LR: 0.001072
  Train - Data Loss (MIXMSE): 1.1663, GD: 1.3279e+05,     RMSE: 0.7002, MAE: 0.3393
  Val   - Data Loss (MIXMSE): 1.1404, GD: 4.0502e+05,     RMSE: 0.6953, MAE: 0.3435
----------------------------------------------------------------------
Epoch   3/50 | Train Loss: 1.0535 | Val Loss: 1.0561 | LR: 0.001072
  Train - Data Loss (MIXMSE): 1.0535, GD: 1.3867e+06,     RMSE: 0.6652, MAE: 0.3280
  Val   - Data Loss (MIXMSE): 1.0561, GD: 2.8596e+06,     RMSE: 0.6692, MAE: 0.3283
----------------------------------------------------------------------
Epoch   4/50 | Train Loss: 0.9522 | Val Loss: 0.9286 | LR: 0.001072
  Train - Data Loss (MIXMSE): 0.9522, GD: 6.1172e+06,     RMSE: 0.6323, MAE: 0.3107
  Val   - Data Loss (MIXMSE): 0.9286, GD: 1.1181e+07,     RMSE: 0.6276, MAE: 0.2947
----------------------------------------------------------------------
Epoch   5/50 | Train Loss: 0.8638 | Val Loss: 0.8196 | LR: 0.001072
  Train - Data Loss (MIXMSE): 0.8638, GD: 1.8924e+07,     RMSE: 0.6019, MAE: 0.2964
  Val   - Data Loss (MIXMSE): 0.8196, GD: 2.6978e+07,     RMSE: 0.5896, MAE: 0.2864
----------------------------------------------------------------------
Epoch   6/50 | Train Loss: 0.7710 | Val Loss: 0.7463 | LR: 0.001072
  Train - Data Loss (MIXMSE): 0.7710, GD: 3.6752e+07,     RMSE: 0.5688, MAE: 0.2873
  Val   - Data Loss (MIXMSE): 0.7463, GD: 4.7722e+07,     RMSE: 0.5626, MAE: 0.2829
----------------------------------------------------------------------
Epoch   7/50 | Train Loss: 0.6753 | Val Loss: 0.6572 | LR: 0.001072
  Train - Data Loss (MIXMSE): 0.6753, GD: 5.2618e+07,     RMSE: 0.5320, MAE: 0.2735
  Val   - Data Loss (MIXMSE): 0.6572, GD: 5.9452e+07,     RMSE: 0.5279, MAE: 0.2702
----------------------------------------------------------------------
Epoch   8/50 | Train Loss: 0.6025 | Val Loss: 0.5817 | LR: 0.001072
  Train - Data Loss (MIXMSE): 0.6025, GD: 7.0562e+07,     RMSE: 0.5026, MAE: 0.2578
  Val   - Data Loss (MIXMSE): 0.5817, GD: 8.3281e+07,     RMSE: 0.4967, MAE: 0.2514
----------------------------------------------------------------------
Epoch   9/50 | Train Loss: 0.5423 | Val Loss: 0.5282 | LR: 0.001072
  Train - Data Loss (MIXMSE): 0.5423, GD: 9.3628e+07,     RMSE: 0.4769, MAE: 0.2444
  Val   - Data Loss (MIXMSE): 0.5282, GD: 1.0791e+08,     RMSE: 0.4733, MAE: 0.2403
----------------------------------------------------------------------
Epoch  10/50 | Train Loss: 0.4947 | Val Loss: 0.4917 | LR: 0.001072
  Train - Data Loss (MIXMSE): 0.4947, GD: 1.2145e+08,     RMSE: 0.4556, MAE: 0.2320
  Val   - Data Loss (MIXMSE): 0.4917, GD: 1.2587e+08,     RMSE: 0.4567, MAE: 0.2206
----------------------------------------------------------------------
Epoch  11/50 | Train Loss: 0.4522 | Val Loss: 0.4445 | LR: 0.001072
  Train - Data Loss (MIXMSE): 0.4522, GD: 1.5091e+08,     RMSE: 0.4354, MAE: 0.2206
  Val   - Data Loss (MIXMSE): 0.4445, GD: 1.6484e+08,     RMSE: 0.4343, MAE: 0.2153
----------------------------------------------------------------------
Epoch  12/50 | Train Loss: 0.4203 | Val Loss: 0.4115 | LR: 0.001072
  Train - Data Loss (MIXMSE): 0.4203, GD: 1.8493e+08,     RMSE: 0.4198, MAE: 0.2133
  Val   - Data Loss (MIXMSE): 0.4115, GD: 2.1027e+08,     RMSE: 0.4179, MAE: 0.2092
----------------------------------------------------------------------
Epoch  13/50 | Train Loss: 0.3913 | Val Loss: 0.3953 | LR: 0.001072
  Train - Data Loss (MIXMSE): 0.3913, GD: 2.1628e+08,     RMSE: 0.4050, MAE: 0.2057
  Val   - Data Loss (MIXMSE): 0.3953, GD: 2.2434e+08,     RMSE: 0.4096, MAE: 0.1983
----------------------------------------------------------------------
Epoch  14/50 | Train Loss: 0.3702 | Val Loss: 0.3609 | LR: 0.001072
  Train - Data Loss (MIXMSE): 0.3702, GD: 2.4491e+08,     RMSE: 0.3941, MAE: 0.2001
  Val   - Data Loss (MIXMSE): 0.3609, GD: 2.6100e+08,     RMSE: 0.3914, MAE: 0.1949
----------------------------------------------------------------------
Epoch  15/50 | Train Loss: 0.3500 | Val Loss: 0.3453 | LR: 0.001072
  Train - Data Loss (MIXMSE): 0.3500, GD: 2.7122e+08,     RMSE: 0.3830, MAE: 0.1948
  Val   - Data Loss (MIXMSE): 0.3453, GD: 2.8381e+08,     RMSE: 0.3827, MAE: 0.1880
----------------------------------------------------------------------
Epoch  16/50 | Train Loss: 0.3375 | Val Loss: 0.3638 | LR: 0.001072
  Train - Data Loss (MIXMSE): 0.3375, GD: 2.9125e+08,     RMSE: 0.3764, MAE: 0.1933
  Val   - Data Loss (MIXMSE): 0.3638, GD: 2.9632e+08,     RMSE: 0.3928, MAE: 0.1910
----------------------------------------------------------------------
Epoch  17/50 | Train Loss: 0.3232 | Val Loss: 0.3475 | LR: 0.001072
  Train - Data Loss (MIXMSE): 0.3232, GD: 3.1408e+08,     RMSE: 0.3682, MAE: 0.1875
  Val   - Data Loss (MIXMSE): 0.3475, GD: 3.2030e+08,     RMSE: 0.3840, MAE: 0.1918
----------------------------------------------------------------------
Epoch  18/50 | Train Loss: 0.3159 | Val Loss: 0.3228 | LR: 0.001072
  Train - Data Loss (MIXMSE): 0.3159, GD: 3.3149e+08,     RMSE: 0.3640, MAE: 0.1855
  Val   - Data Loss (MIXMSE): 0.3228, GD: 3.5092e+08,     RMSE: 0.3700, MAE: 0.1853
----------------------------------------------------------------------
Epoch  19/50 | Train Loss: 0.3068 | Val Loss: 0.3098 | LR: 0.001072
  Train - Data Loss (MIXMSE): 0.3068, GD: 3.4641e+08,     RMSE: 0.3588, MAE: 0.1830
  Val   - Data Loss (MIXMSE): 0.3098, GD: 3.5625e+08,     RMSE: 0.3625, MAE: 0.1799
----------------------------------------------------------------------
Epoch  20/50 | Train Loss: 0.2975 | Val Loss: 0.2978 | LR: 0.001072
  Train - Data Loss (MIXMSE): 0.2975, GD: 3.6087e+08,     RMSE: 0.3533, MAE: 0.1809
  Val   - Data Loss (MIXMSE): 0.2978, GD: 3.7284e+08,     RMSE: 0.3554, MAE: 0.1785
----------------------------------------------------------------------
Epoch  21/50 | Train Loss: 0.2880 | Val Loss: 0.2916 | LR: 0.001072
  Train - Data Loss (MIXMSE): 0.2880, GD: 3.7455e+08,     RMSE: 0.3474, MAE: 0.1777
  Val   - Data Loss (MIXMSE): 0.2916, GD: 3.7520e+08,     RMSE: 0.3517, MAE: 0.1736
----------------------------------------------------------------------
Epoch  22/50 | Train Loss: 0.2788 | Val Loss: 0.2816 | LR: 0.001072
  Train - Data Loss (MIXMSE): 0.2788, GD: 3.9000e+08,     RMSE: 0.3421, MAE: 0.1748
  Val   - Data Loss (MIXMSE): 0.2816, GD: 3.9596e+08,     RMSE: 0.3456, MAE: 0.1710
----------------------------------------------------------------------
Epoch  23/50 | Train Loss: 0.2780 | Val Loss: 0.2737 | LR: 0.001072
  Train - Data Loss (MIXMSE): 0.2780, GD: 4.0165e+08,     RMSE: 0.3416, MAE: 0.1746
  Val   - Data Loss (MIXMSE): 0.2737, GD: 4.0823e+08,     RMSE: 0.3407, MAE: 0.1758
----------------------------------------------------------------------
Epoch  24/50 | Train Loss: 0.2705 | Val Loss: 0.2842 | LR: 0.001072
  Train - Data Loss (MIXMSE): 0.2705, GD: 4.1182e+08,     RMSE: 0.3370, MAE: 0.1728
  Val   - Data Loss (MIXMSE): 0.2842, GD: 4.1312e+08,     RMSE: 0.3471, MAE: 0.1710
----------------------------------------------------------------------
Epoch  25/50 | Train Loss: 0.2702 | Val Loss: 0.2690 | LR: 0.001072
  Train - Data Loss (MIXMSE): 0.2702, GD: 4.1653e+08,     RMSE: 0.3367, MAE: 0.1732
  Val   - Data Loss (MIXMSE): 0.2690, GD: 3.9875e+08,     RMSE: 0.3378, MAE: 0.1725
----------------------------------------------------------------------
Epoch  26/50 | Train Loss: 0.2609 | Val Loss: 0.2762 | LR: 0.001072
  Train - Data Loss (MIXMSE): 0.2609, GD: 4.2437e+08,     RMSE: 0.3309, MAE: 0.1699
  Val   - Data Loss (MIXMSE): 0.2762, GD: 4.3829e+08,     RMSE: 0.3421, MAE: 0.1761
----------------------------------------------------------------------
Epoch  27/50 | Train Loss: 0.2594 | Val Loss: 0.2652 | LR: 0.001072
  Train - Data Loss (MIXMSE): 0.2594, GD: 4.3235e+08,     RMSE: 0.3298, MAE: 0.1680
  Val   - Data Loss (MIXMSE): 0.2652, GD: 4.5475e+08,     RMSE: 0.3353, MAE: 0.1671
----------------------------------------------------------------------
Epoch  28/50 | Train Loss: 0.2554 | Val Loss: 0.2764 | LR: 0.001072
  Train - Data Loss (MIXMSE): 0.2554, GD: 4.4007e+08,     RMSE: 0.3272, MAE: 0.1672
  Val   - Data Loss (MIXMSE): 0.2764, GD: 4.4339e+08,     RMSE: 0.3425, MAE: 0.1684
----------------------------------------------------------------------
Epoch  29/50 | Train Loss: 0.2495 | Val Loss: 0.2685 | LR: 0.001072
  Train - Data Loss (MIXMSE): 0.2495, GD: 4.4337e+08,     RMSE: 0.3238, MAE: 0.1657
  Val   - Data Loss (MIXMSE): 0.2685, GD: 4.2231e+08,     RMSE: 0.3375, MAE: 0.1628
----------------------------------------------------------------------
Epoch  30/50 | Train Loss: 0.2493 | Val Loss: 0.2576 | LR: 0.001072
  Train - Data Loss (MIXMSE): 0.2493, GD: 4.5177e+08,     RMSE: 0.3234, MAE: 0.1644
  Val   - Data Loss (MIXMSE): 0.2576, GD: 4.4908e+08,     RMSE: 0.3306, MAE: 0.1650
----------------------------------------------------------------------
Epoch  31/50 | Train Loss: 0.2437 | Val Loss: 0.2439 | LR: 0.001072
  Train - Data Loss (MIXMSE): 0.2437, GD: 4.5525e+08,     RMSE: 0.3198, MAE: 0.1639
  Val   - Data Loss (MIXMSE): 0.2439, GD: 4.5511e+08,     RMSE: 0.3216, MAE: 0.1584
----------------------------------------------------------------------
Epoch  32/50 | Train Loss: 0.2393 | Val Loss: 0.2406 | LR: 0.001072
  Train - Data Loss (MIXMSE): 0.2393, GD: 4.6341e+08,     RMSE: 0.3168, MAE: 0.1617
  Val   - Data Loss (MIXMSE): 0.2406, GD: 4.4796e+08,     RMSE: 0.3194, MAE: 0.1596
----------------------------------------------------------------------
Epoch  33/50 | Train Loss: 0.2368 | Val Loss: 0.2404 | LR: 0.001072
  Train - Data Loss (MIXMSE): 0.2368, GD: 4.6620e+08,     RMSE: 0.3151, MAE: 0.1605
  Val   - Data Loss (MIXMSE): 0.2404, GD: 4.7258e+08,     RMSE: 0.3193, MAE: 0.1540
----------------------------------------------------------------------
Epoch  34/50 | Train Loss: 0.2337 | Val Loss: 0.2516 | LR: 0.001072
  Train - Data Loss (MIXMSE): 0.2337, GD: 4.7207e+08,     RMSE: 0.3131, MAE: 0.1592
  Val   - Data Loss (MIXMSE): 0.2516, GD: 4.6535e+08,     RMSE: 0.3267, MAE: 0.1588
----------------------------------------------------------------------
Epoch  35/50 | Train Loss: 0.2279 | Val Loss: 0.2386 | LR: 0.001072
  Train - Data Loss (MIXMSE): 0.2279, GD: 4.7530e+08,     RMSE: 0.3092, MAE: 0.1579
  Val   - Data Loss (MIXMSE): 0.2386, GD: 4.7415e+08,     RMSE: 0.3181, MAE: 0.1547
----------------------------------------------------------------------
Epoch  36/50 | Train Loss: 0.2279 | Val Loss: 0.2279 | LR: 0.001072
  Train - Data Loss (MIXMSE): 0.2279, GD: 4.8090e+08,     RMSE: 0.3093, MAE: 0.1572
  Val   - Data Loss (MIXMSE): 0.2279, GD: 4.9205e+08,     RMSE: 0.3109, MAE: 0.1514
----------------------------------------------------------------------
Epoch  37/50 | Train Loss: 0.2207 | Val Loss: 0.2588 | LR: 0.001072
  Train - Data Loss (MIXMSE): 0.2207, GD: 4.8850e+08,     RMSE: 0.3042, MAE: 0.1547
  Val   - Data Loss (MIXMSE): 0.2588, GD: 5.0386e+08,     RMSE: 0.3312, MAE: 0.1721
----------------------------------------------------------------------
Epoch  38/50 | Train Loss: 0.2241 | Val Loss: 0.2281 | LR: 0.001072
  Train - Data Loss (MIXMSE): 0.2241, GD: 4.8500e+08,     RMSE: 0.3069, MAE: 0.1561
  Val   - Data Loss (MIXMSE): 0.2281, GD: 4.8834e+08,     RMSE: 0.3109, MAE: 0.1528
----------------------------------------------------------------------
Epoch  39/50 | Train Loss: 0.2225 | Val Loss: 0.2265 | LR: 0.001072
  Train - Data Loss (MIXMSE): 0.2225, GD: 4.9378e+08,     RMSE: 0.3055, MAE: 0.1550
  Val   - Data Loss (MIXMSE): 0.2265, GD: 4.8756e+08,     RMSE: 0.3098, MAE: 0.1544
----------------------------------------------------------------------
Epoch  40/50 | Train Loss: 0.2169 | Val Loss: 0.2362 | LR: 0.001072
  Train - Data Loss (MIXMSE): 0.2169, GD: 4.9139e+08,     RMSE: 0.3017, MAE: 0.1533
  Val   - Data Loss (MIXMSE): 0.2362, GD: 4.9847e+08,     RMSE: 0.3165, MAE: 0.1630
----------------------------------------------------------------------
Epoch  41/50 | Train Loss: 0.2181 | Val Loss: 0.2284 | LR: 0.001072
  Train - Data Loss (MIXMSE): 0.2181, GD: 4.9357e+08,     RMSE: 0.3026, MAE: 0.1546
  Val   - Data Loss (MIXMSE): 0.2284, GD: 4.8811e+08,     RMSE: 0.3113, MAE: 0.1528
----------------------------------------------------------------------
Epoch  42/50 | Train Loss: 0.2149 | Val Loss: 0.2422 | LR: 0.001072
  Train - Data Loss (MIXMSE): 0.2149, GD: 4.9856e+08,     RMSE: 0.3004, MAE: 0.1522
  Val   - Data Loss (MIXMSE): 0.2422, GD: 4.8343e+08,     RMSE: 0.3204, MAE: 0.1531
----------------------------------------------------------------------
Epoch  43/50 | Train Loss: 0.2156 | Val Loss: 0.2308 | LR: 0.001072
  Train - Data Loss (MIXMSE): 0.2156, GD: 5.0105e+08,     RMSE: 0.3008, MAE: 0.1520
  Val   - Data Loss (MIXMSE): 0.2308, GD: 5.2743e+08,     RMSE: 0.3128, MAE: 0.1538
----------------------------------------------------------------------
Epoch  44/50 | Train Loss: 0.2113 | Val Loss: 0.2308 | LR: 0.001072
  Train - Data Loss (MIXMSE): 0.2113, GD: 5.0657e+08,     RMSE: 0.2979, MAE: 0.1521
  Val   - Data Loss (MIXMSE): 0.2308, GD: 5.1408e+08,     RMSE: 0.3127, MAE: 0.1513
----------------------------------------------------------------------
Epoch  45/50 | Train Loss: 0.2105 | Val Loss: 0.2220 | LR: 0.001072
  Train - Data Loss (MIXMSE): 0.2105, GD: 5.0588e+08,     RMSE: 0.2973, MAE: 0.1507
  Val   - Data Loss (MIXMSE): 0.2220, GD: 5.1262e+08,     RMSE: 0.3068, MAE: 0.1569
----------------------------------------------------------------------
Epoch  46/50 | Train Loss: 0.2045 | Val Loss: 0.2239 | LR: 0.001072
  Train - Data Loss (MIXMSE): 0.2045, GD: 5.0837e+08,     RMSE: 0.2930, MAE: 0.1484
  Val   - Data Loss (MIXMSE): 0.2239, GD: 4.9868e+08,     RMSE: 0.3080, MAE: 0.1479
----------------------------------------------------------------------
Epoch  47/50 | Train Loss: 0.2099 | Val Loss: 0.2182 | LR: 0.001072
  Train - Data Loss (MIXMSE): 0.2099, GD: 5.0872e+08,     RMSE: 0.2967, MAE: 0.1499
  Val   - Data Loss (MIXMSE): 0.2182, GD: 5.2156e+08,     RMSE: 0.3040, MAE: 0.1506
----------------------------------------------------------------------
Epoch  48/50 | Train Loss: 0.2056 | Val Loss: 0.2295 | LR: 0.001072
  Train - Data Loss (MIXMSE): 0.2056, GD: 5.1378e+08,     RMSE: 0.2935, MAE: 0.1480
  Val   - Data Loss (MIXMSE): 0.2295, GD: 4.9083e+08,     RMSE: 0.3119, MAE: 0.1546
----------------------------------------------------------------------
Epoch  49/50 | Train Loss: 0.2075 | Val Loss: 0.2175 | LR: 0.001072
  Train - Data Loss (MIXMSE): 0.2075, GD: 5.1656e+08,     RMSE: 0.2950, MAE: 0.1494
  Val   - Data Loss (MIXMSE): 0.2175, GD: 5.2339e+08,     RMSE: 0.3035, MAE: 0.1477
----------------------------------------------------------------------
Epoch  50/50 | Train Loss: 0.1997 | Val Loss: 0.2420 | LR: 0.001072
  Train - Data Loss (MIXMSE): 0.1997, GD: 5.2036e+08,     RMSE: 0.2893, MAE: 0.1460
  Val   - Data Loss (MIXMSE): 0.2420, GD: 5.4844e+08,     RMSE: 0.3203, MAE: 0.1580
----------------------------------------------------------------------

Training complete!
Best validation loss: 0.2175 at epoch 49

Evaluating on test set...
Test Loss: 0.2438
Test MIXMSE: 0.2438, GD: 5.4649e+08,     RMSE: 0.3212, MAE: 0.1582