Starting training for 50 epochs...
--- Optuna Trial 55 ---
Device: cuda
Model parameters: 581,685
----------------------------------------------------------------------
Epoch   1/50 | Train Loss: 1.3045 | Val Loss: 1.2588 | LR: 0.000266
  Train - Data Loss (MIXMSE): 1.3045, GD: 7.8867e+03,     RMSE: 0.7405, MAE: 0.3559
  Val   - Data Loss (MIXMSE): 1.2588, GD: 2.8495e+04,     RMSE: 0.7305, MAE: 0.3396
----------------------------------------------------------------------
Epoch   2/50 | Train Loss: 1.1765 | Val Loss: 1.1142 | LR: 0.000266
  Train - Data Loss (MIXMSE): 1.1765, GD: 4.6884e+04,     RMSE: 0.7029, MAE: 0.3343
  Val   - Data Loss (MIXMSE): 1.1142, GD: 5.3000e+04,     RMSE: 0.6874, MAE: 0.3310
----------------------------------------------------------------------
Epoch   3/50 | Train Loss: 1.0488 | Val Loss: 1.0181 | LR: 0.000266
  Train - Data Loss (MIXMSE): 1.0488, GD: 1.2623e+05,     RMSE: 0.6637, MAE: 0.3279
  Val   - Data Loss (MIXMSE): 1.0181, GD: 2.7078e+05,     RMSE: 0.6571, MAE: 0.3350
----------------------------------------------------------------------
Epoch   4/50 | Train Loss: 0.9576 | Val Loss: 0.9360 | LR: 0.000266
  Train - Data Loss (MIXMSE): 0.9576, GD: 4.6760e+05,     RMSE: 0.6344, MAE: 0.3268
  Val   - Data Loss (MIXMSE): 0.9360, GD: 8.7679e+05,     RMSE: 0.6300, MAE: 0.3197
----------------------------------------------------------------------
Epoch   5/50 | Train Loss: 0.8807 | Val Loss: 0.8789 | LR: 0.000266
  Train - Data Loss (MIXMSE): 0.8807, GD: 1.4298e+06,     RMSE: 0.6084, MAE: 0.3156
  Val   - Data Loss (MIXMSE): 0.8789, GD: 2.4286e+06,     RMSE: 0.6105, MAE: 0.3069
----------------------------------------------------------------------

--- TRIAL PRUNED AT EPOCH 5 ---