Starting training for 50 epochs...
--- Optuna Trial 13 ---
Device: cuda
Model parameters: 58,610
----------------------------------------------------------------------
Epoch   1/50 | Train Loss: 1.3327 | Val Loss: 1.3074 | LR: 0.000426
  Train - Data Loss (MIXMSE): 1.3327, GD: 2.5832e+03,     RMSE: 0.7485, MAE: 0.3677
  Val   - Data Loss (MIXMSE): 1.3074, GD: 1.1348e+04,     RMSE: 0.7445, MAE: 0.3414
----------------------------------------------------------------------
Epoch   2/50 | Train Loss: 1.2491 | Val Loss: 1.2217 | LR: 0.000426
  Train - Data Loss (MIXMSE): 1.2491, GD: 2.2647e+04,     RMSE: 0.7249, MAE: 0.3410
  Val   - Data Loss (MIXMSE): 1.2217, GD: 1.9692e+04,     RMSE: 0.7197, MAE: 0.3315
----------------------------------------------------------------------
Epoch   3/50 | Train Loss: 1.1462 | Val Loss: 1.1652 | LR: 0.000426
  Train - Data Loss (MIXMSE): 1.1462, GD: 5.3453e+04,     RMSE: 0.6938, MAE: 0.3339
  Val   - Data Loss (MIXMSE): 1.1652, GD: 5.9916e+04,     RMSE: 0.7030, MAE: 0.3325
----------------------------------------------------------------------
Epoch   4/50 | Train Loss: 1.0976 | Val Loss: 1.0817 | LR: 0.000426
  Train - Data Loss (MIXMSE): 1.0976, GD: 8.7802e+04,     RMSE: 0.6792, MAE: 0.3359
  Val   - Data Loss (MIXMSE): 1.0817, GD: 9.9539e+04,     RMSE: 0.6773, MAE: 0.3341
----------------------------------------------------------------------
Epoch   5/50 | Train Loss: 1.0526 | Val Loss: 1.0377 | LR: 0.000426
  Train - Data Loss (MIXMSE): 1.0526, GD: 1.1940e+05,     RMSE: 0.6652, MAE: 0.3357
  Val   - Data Loss (MIXMSE): 1.0377, GD: 1.4040e+05,     RMSE: 0.6634, MAE: 0.3296
----------------------------------------------------------------------
Epoch   6/50 | Train Loss: 1.0092 | Val Loss: 0.9988 | LR: 0.000426
  Train - Data Loss (MIXMSE): 1.0092, GD: 1.9798e+05,     RMSE: 0.6512, MAE: 0.3337
  Val   - Data Loss (MIXMSE): 0.9988, GD: 2.3500e+05,     RMSE: 0.6508, MAE: 0.3281
----------------------------------------------------------------------
Epoch   7/50 | Train Loss: 0.9774 | Val Loss: 0.9691 | LR: 0.000426
  Train - Data Loss (MIXMSE): 0.9774, GD: 2.9912e+05,     RMSE: 0.6409, MAE: 0.3294
  Val   - Data Loss (MIXMSE): 0.9691, GD: 3.9673e+05,     RMSE: 0.6411, MAE: 0.3256
----------------------------------------------------------------------
Epoch   8/50 | Train Loss: 0.9469 | Val Loss: 0.9585 | LR: 0.000426
  Train - Data Loss (MIXMSE): 0.9469, GD: 4.0647e+05,     RMSE: 0.6306, MAE: 0.3250
  Val   - Data Loss (MIXMSE): 0.9585, GD: 3.9080e+05,     RMSE: 0.6376, MAE: 0.3260
----------------------------------------------------------------------
Epoch   9/50 | Train Loss: 0.9178 | Val Loss: 0.9167 | LR: 0.000426
  Train - Data Loss (MIXMSE): 0.9178, GD: 4.9664e+05,     RMSE: 0.6209, MAE: 0.3192
  Val   - Data Loss (MIXMSE): 0.9167, GD: 5.3075e+05,     RMSE: 0.6236, MAE: 0.3176
----------------------------------------------------------------------
Epoch  10/50 | Train Loss: 0.8774 | Val Loss: 0.8690 | LR: 0.000426
  Train - Data Loss (MIXMSE): 0.8774, GD: 6.1917e+05,     RMSE: 0.6069, MAE: 0.3110
  Val   - Data Loss (MIXMSE): 0.8690, GD: 6.5469e+05,     RMSE: 0.6072, MAE: 0.3063
----------------------------------------------------------------------
Epoch  11/50 | Train Loss: 0.8465 | Val Loss: 0.8428 | LR: 0.000426
  Train - Data Loss (MIXMSE): 0.8465, GD: 7.0351e+05,     RMSE: 0.5959, MAE: 0.3036
  Val   - Data Loss (MIXMSE): 0.8428, GD: 7.9692e+05,     RMSE: 0.5979, MAE: 0.3010
----------------------------------------------------------------------
Epoch  12/50 | Train Loss: 0.8173 | Val Loss: 0.8193 | LR: 0.000426
  Train - Data Loss (MIXMSE): 0.8173, GD: 8.4223e+05,     RMSE: 0.5858, MAE: 0.2969
  Val   - Data Loss (MIXMSE): 0.8193, GD: 8.3721e+05,     RMSE: 0.5896, MAE: 0.2871
----------------------------------------------------------------------
Epoch  13/50 | Train Loss: 0.7999 | Val Loss: 0.8041 | LR: 0.000426
  Train - Data Loss (MIXMSE): 0.7999, GD: 9.4548e+05,     RMSE: 0.5796, MAE: 0.2934
  Val   - Data Loss (MIXMSE): 0.8041, GD: 9.2948e+05,     RMSE: 0.5841, MAE: 0.2874
----------------------------------------------------------------------
Epoch  14/50 | Train Loss: 0.7745 | Val Loss: 0.7753 | LR: 0.000426
  Train - Data Loss (MIXMSE): 0.7745, GD: 1.0620e+06,     RMSE: 0.5704, MAE: 0.2877
  Val   - Data Loss (MIXMSE): 0.7753, GD: 1.2925e+06,     RMSE: 0.5735, MAE: 0.2817
----------------------------------------------------------------------
Epoch  15/50 | Train Loss: 0.7477 | Val Loss: 0.7563 | LR: 0.000426
  Train - Data Loss (MIXMSE): 0.7477, GD: 1.1770e+06,     RMSE: 0.5606, MAE: 0.2825
  Val   - Data Loss (MIXMSE): 0.7563, GD: 1.3593e+06,     RMSE: 0.5664, MAE: 0.2790
----------------------------------------------------------------------
Epoch  16/50 | Train Loss: 0.7210 | Val Loss: 0.7164 | LR: 0.000426
  Train - Data Loss (MIXMSE): 0.7210, GD: 1.3241e+06,     RMSE: 0.5500, MAE: 0.2765
  Val   - Data Loss (MIXMSE): 0.7164, GD: 1.3329e+06,     RMSE: 0.5513, MAE: 0.2758
----------------------------------------------------------------------
Epoch  17/50 | Train Loss: 0.6996 | Val Loss: 0.6996 | LR: 0.000426
  Train - Data Loss (MIXMSE): 0.6996, GD: 1.4675e+06,     RMSE: 0.5417, MAE: 0.2721
  Val   - Data Loss (MIXMSE): 0.6996, GD: 1.5344e+06,     RMSE: 0.5447, MAE: 0.2682
----------------------------------------------------------------------
Epoch  18/50 | Train Loss: 0.6703 | Val Loss: 0.6861 | LR: 0.000426
  Train - Data Loss (MIXMSE): 0.6703, GD: 1.6911e+06,     RMSE: 0.5303, MAE: 0.2667
  Val   - Data Loss (MIXMSE): 0.6861, GD: 1.9105e+06,     RMSE: 0.5394, MAE: 0.2742
----------------------------------------------------------------------
Epoch  19/50 | Train Loss: 0.6339 | Val Loss: 0.6302 | LR: 0.000426
  Train - Data Loss (MIXMSE): 0.6339, GD: 1.9630e+06,     RMSE: 0.5157, MAE: 0.2610
  Val   - Data Loss (MIXMSE): 0.6302, GD: 1.8588e+06,     RMSE: 0.5171, MAE: 0.2603
----------------------------------------------------------------------
Epoch  20/50 | Train Loss: 0.6011 | Val Loss: 0.6426 | LR: 0.000426
  Train - Data Loss (MIXMSE): 0.6011, GD: 2.2967e+06,     RMSE: 0.5021, MAE: 0.2556
  Val   - Data Loss (MIXMSE): 0.6426, GD: 3.1168e+06,     RMSE: 0.5219, MAE: 0.2632
----------------------------------------------------------------------
Epoch  21/50 | Train Loss: 0.5759 | Val Loss: 0.5768 | LR: 0.000426
  Train - Data Loss (MIXMSE): 0.5759, GD: 2.7600e+06,     RMSE: 0.4915, MAE: 0.2512
  Val   - Data Loss (MIXMSE): 0.5768, GD: 3.1995e+06,     RMSE: 0.4946, MAE: 0.2505
----------------------------------------------------------------------
Epoch  22/50 | Train Loss: 0.5500 | Val Loss: 0.5681 | LR: 0.000426
  Train - Data Loss (MIXMSE): 0.5500, GD: 3.4242e+06,     RMSE: 0.4802, MAE: 0.2466
  Val   - Data Loss (MIXMSE): 0.5681, GD: 3.9106e+06,     RMSE: 0.4908, MAE: 0.2566
----------------------------------------------------------------------
Epoch  23/50 | Train Loss: 0.5232 | Val Loss: 0.5299 | LR: 0.000426
  Train - Data Loss (MIXMSE): 0.5232, GD: 4.2557e+06,     RMSE: 0.4684, MAE: 0.2412
  Val   - Data Loss (MIXMSE): 0.5299, GD: 4.7264e+06,     RMSE: 0.4741, MAE: 0.2372
----------------------------------------------------------------------
Epoch  24/50 | Train Loss: 0.5058 | Val Loss: 0.5117 | LR: 0.000426
  Train - Data Loss (MIXMSE): 0.5058, GD: 5.3145e+06,     RMSE: 0.4606, MAE: 0.2372
  Val   - Data Loss (MIXMSE): 0.5117, GD: 5.6578e+06,     RMSE: 0.4658, MAE: 0.2347
----------------------------------------------------------------------
Epoch  25/50 | Train Loss: 0.4821 | Val Loss: 0.4842 | LR: 0.000426
  Train - Data Loss (MIXMSE): 0.4821, GD: 6.7220e+06,     RMSE: 0.4497, MAE: 0.2317
  Val   - Data Loss (MIXMSE): 0.4842, GD: 7.6363e+06,     RMSE: 0.4531, MAE: 0.2293
----------------------------------------------------------------------
Epoch  26/50 | Train Loss: 0.4663 | Val Loss: 0.4655 | LR: 0.000426
  Train - Data Loss (MIXMSE): 0.4663, GD: 8.4284e+06,     RMSE: 0.4420, MAE: 0.2280
  Val   - Data Loss (MIXMSE): 0.4655, GD: 9.8424e+06,     RMSE: 0.4443, MAE: 0.2269
----------------------------------------------------------------------
Epoch  27/50 | Train Loss: 0.4439 | Val Loss: 0.4539 | LR: 0.000426
  Train - Data Loss (MIXMSE): 0.4439, GD: 1.0579e+07,     RMSE: 0.4314, MAE: 0.2223
  Val   - Data Loss (MIXMSE): 0.4539, GD: 1.1892e+07,     RMSE: 0.4387, MAE: 0.2227
----------------------------------------------------------------------
Epoch  28/50 | Train Loss: 0.4290 | Val Loss: 0.4335 | LR: 0.000426
  Train - Data Loss (MIXMSE): 0.4290, GD: 1.2866e+07,     RMSE: 0.4239, MAE: 0.2186
  Val   - Data Loss (MIXMSE): 0.4335, GD: 1.4519e+07,     RMSE: 0.4288, MAE: 0.2151
----------------------------------------------------------------------
Epoch  29/50 | Train Loss: 0.4171 | Val Loss: 0.4360 | LR: 0.000426
  Train - Data Loss (MIXMSE): 0.4171, GD: 1.5446e+07,     RMSE: 0.4180, MAE: 0.2153
  Val   - Data Loss (MIXMSE): 0.4360, GD: 1.6897e+07,     RMSE: 0.4300, MAE: 0.2170
----------------------------------------------------------------------
Epoch  30/50 | Train Loss: 0.4028 | Val Loss: 0.4063 | LR: 0.000426
  Train - Data Loss (MIXMSE): 0.4028, GD: 1.8018e+07,     RMSE: 0.4109, MAE: 0.2115
  Val   - Data Loss (MIXMSE): 0.4063, GD: 1.9010e+07,     RMSE: 0.4151, MAE: 0.2083
----------------------------------------------------------------------
Epoch  31/50 | Train Loss: 0.3911 | Val Loss: 0.3960 | LR: 0.000426
  Train - Data Loss (MIXMSE): 0.3911, GD: 2.0817e+07,     RMSE: 0.4047, MAE: 0.2085
  Val   - Data Loss (MIXMSE): 0.3960, GD: 2.1460e+07,     RMSE: 0.4098, MAE: 0.2050
----------------------------------------------------------------------
Epoch  32/50 | Train Loss: 0.3826 | Val Loss: 0.4010 | LR: 0.000426
  Train - Data Loss (MIXMSE): 0.3826, GD: 2.3411e+07,     RMSE: 0.4005, MAE: 0.2061
  Val   - Data Loss (MIXMSE): 0.4010, GD: 2.5652e+07,     RMSE: 0.4123, MAE: 0.2075
----------------------------------------------------------------------
Epoch  33/50 | Train Loss: 0.3679 | Val Loss: 0.3963 | LR: 0.000426
  Train - Data Loss (MIXMSE): 0.3679, GD: 2.6158e+07,     RMSE: 0.3928, MAE: 0.2023
  Val   - Data Loss (MIXMSE): 0.3963, GD: 2.7530e+07,     RMSE: 0.4099, MAE: 0.2069
----------------------------------------------------------------------
Epoch  34/50 | Train Loss: 0.3661 | Val Loss: 0.3661 | LR: 0.000426
  Train - Data Loss (MIXMSE): 0.3661, GD: 2.8787e+07,     RMSE: 0.3917, MAE: 0.2012
  Val   - Data Loss (MIXMSE): 0.3661, GD: 2.9310e+07,     RMSE: 0.3940, MAE: 0.1973
----------------------------------------------------------------------
Epoch  35/50 | Train Loss: 0.3575 | Val Loss: 0.3931 | LR: 0.000426
  Train - Data Loss (MIXMSE): 0.3575, GD: 3.1074e+07,     RMSE: 0.3869, MAE: 0.1985
  Val   - Data Loss (MIXMSE): 0.3931, GD: 3.1909e+07,     RMSE: 0.4082, MAE: 0.2062
----------------------------------------------------------------------
Epoch  36/50 | Train Loss: 0.3501 | Val Loss: 0.3581 | LR: 0.000426
  Train - Data Loss (MIXMSE): 0.3501, GD: 3.3264e+07,     RMSE: 0.3828, MAE: 0.1968
  Val   - Data Loss (MIXMSE): 0.3581, GD: 3.4627e+07,     RMSE: 0.3897, MAE: 0.1914
----------------------------------------------------------------------
Epoch  37/50 | Train Loss: 0.3399 | Val Loss: 0.3560 | LR: 0.000426
  Train - Data Loss (MIXMSE): 0.3399, GD: 3.5423e+07,     RMSE: 0.3775, MAE: 0.1938
  Val   - Data Loss (MIXMSE): 0.3560, GD: 3.5910e+07,     RMSE: 0.3884, MAE: 0.1903
----------------------------------------------------------------------
Epoch  38/50 | Train Loss: 0.3387 | Val Loss: 0.3485 | LR: 0.000426
  Train - Data Loss (MIXMSE): 0.3387, GD: 3.7655e+07,     RMSE: 0.3768, MAE: 0.1935
  Val   - Data Loss (MIXMSE): 0.3485, GD: 3.8604e+07,     RMSE: 0.3844, MAE: 0.1917
----------------------------------------------------------------------
Epoch  39/50 | Train Loss: 0.3283 | Val Loss: 0.3572 | LR: 0.000426
  Train - Data Loss (MIXMSE): 0.3283, GD: 3.9765e+07,     RMSE: 0.3709, MAE: 0.1903
  Val   - Data Loss (MIXMSE): 0.3572, GD: 4.1870e+07,     RMSE: 0.3892, MAE: 0.1947
----------------------------------------------------------------------
Epoch  40/50 | Train Loss: 0.3278 | Val Loss: 0.3322 | LR: 0.000426
  Train - Data Loss (MIXMSE): 0.3278, GD: 4.1673e+07,     RMSE: 0.3707, MAE: 0.1901
  Val   - Data Loss (MIXMSE): 0.3322, GD: 4.2425e+07,     RMSE: 0.3754, MAE: 0.1867
----------------------------------------------------------------------
Epoch  41/50 | Train Loss: 0.3241 | Val Loss: 0.3270 | LR: 0.000426
  Train - Data Loss (MIXMSE): 0.3241, GD: 4.3371e+07,     RMSE: 0.3684, MAE: 0.1893
  Val   - Data Loss (MIXMSE): 0.3270, GD: 4.5382e+07,     RMSE: 0.3723, MAE: 0.1888
----------------------------------------------------------------------
Epoch  42/50 | Train Loss: 0.3198 | Val Loss: 0.3490 | LR: 0.000426
  Train - Data Loss (MIXMSE): 0.3198, GD: 4.5097e+07,     RMSE: 0.3661, MAE: 0.1875
  Val   - Data Loss (MIXMSE): 0.3490, GD: 4.4451e+07,     RMSE: 0.3846, MAE: 0.1891
----------------------------------------------------------------------
Epoch  43/50 | Train Loss: 0.3139 | Val Loss: 0.3194 | LR: 0.000426
  Train - Data Loss (MIXMSE): 0.3139, GD: 4.7035e+07,     RMSE: 0.3628, MAE: 0.1867
  Val   - Data Loss (MIXMSE): 0.3194, GD: 4.8240e+07,     RMSE: 0.3680, MAE: 0.1839
----------------------------------------------------------------------
Epoch  44/50 | Train Loss: 0.3109 | Val Loss: 0.3116 | LR: 0.000426
  Train - Data Loss (MIXMSE): 0.3109, GD: 4.8489e+07,     RMSE: 0.3610, MAE: 0.1855
  Val   - Data Loss (MIXMSE): 0.3116, GD: 4.9914e+07,     RMSE: 0.3635, MAE: 0.1821
----------------------------------------------------------------------
Epoch  45/50 | Train Loss: 0.3123 | Val Loss: 0.3187 | LR: 0.000426
  Train - Data Loss (MIXMSE): 0.3123, GD: 5.0057e+07,     RMSE: 0.3618, MAE: 0.1857
  Val   - Data Loss (MIXMSE): 0.3187, GD: 5.0770e+07,     RMSE: 0.3676, MAE: 0.1830
----------------------------------------------------------------------
Epoch  46/50 | Train Loss: 0.3051 | Val Loss: 0.3329 | LR: 0.000426
  Train - Data Loss (MIXMSE): 0.3051, GD: 5.2044e+07,     RMSE: 0.3578, MAE: 0.1834
  Val   - Data Loss (MIXMSE): 0.3329, GD: 5.3251e+07,     RMSE: 0.3757, MAE: 0.1866
----------------------------------------------------------------------
Epoch  47/50 | Train Loss: 0.2984 | Val Loss: 0.3124 | LR: 0.000426
  Train - Data Loss (MIXMSE): 0.2984, GD: 5.3814e+07,     RMSE: 0.3539, MAE: 0.1817
  Val   - Data Loss (MIXMSE): 0.3124, GD: 5.4113e+07,     RMSE: 0.3640, MAE: 0.1808
----------------------------------------------------------------------
Epoch  48/50 | Train Loss: 0.2982 | Val Loss: 0.3105 | LR: 0.000426
  Train - Data Loss (MIXMSE): 0.2982, GD: 5.5367e+07,     RMSE: 0.3537, MAE: 0.1817
  Val   - Data Loss (MIXMSE): 0.3105, GD: 5.7763e+07,     RMSE: 0.3629, MAE: 0.1828
----------------------------------------------------------------------
Epoch  49/50 | Train Loss: 0.2998 | Val Loss: 0.2983 | LR: 0.000426
  Train - Data Loss (MIXMSE): 0.2998, GD: 5.6687e+07,     RMSE: 0.3545, MAE: 0.1815
  Val   - Data Loss (MIXMSE): 0.2983, GD: 5.6232e+07,     RMSE: 0.3557, MAE: 0.1759
----------------------------------------------------------------------
Epoch  50/50 | Train Loss: 0.2927 | Val Loss: 0.2985 | LR: 0.000426
  Train - Data Loss (MIXMSE): 0.2927, GD: 5.8196e+07,     RMSE: 0.3504, MAE: 0.1798
  Val   - Data Loss (MIXMSE): 0.2985, GD: 5.9304e+07,     RMSE: 0.3558, MAE: 0.1774
----------------------------------------------------------------------

Training complete!
Best validation loss: 0.2983 at epoch 49

Evaluating on test set...
Test Loss: 0.3055
Test MIXMSE: 0.3055, GD: 5.9458e+07,     RMSE: 0.3598, MAE: 0.1780