Starting training for 50 epochs...
--- Optuna Trial 14 ---
Device: cuda
Model parameters: 30,211
----------------------------------------------------------------------
Epoch   1/50 | Train Loss: 1.2997 | Val Loss: 1.2578 | LR: 0.001942
  Train - Data Loss (MIXMSE): 1.2997, GD: 4.6373e+04,     RMSE: 0.7390, MAE: 0.3533
  Val   - Data Loss (MIXMSE): 1.2578, GD: 1.1867e+05,     RMSE: 0.7303, MAE: 0.3335
----------------------------------------------------------------------
Epoch   2/50 | Train Loss: 1.1954 | Val Loss: 1.1563 | LR: 0.001942
  Train - Data Loss (MIXMSE): 1.1954, GD: 1.9016e+05,     RMSE: 0.7088, MAE: 0.3297
  Val   - Data Loss (MIXMSE): 1.1563, GD: 2.5295e+05,     RMSE: 0.7003, MAE: 0.3171
----------------------------------------------------------------------
Epoch   3/50 | Train Loss: 1.0751 | Val Loss: 1.0115 | LR: 0.001942
  Train - Data Loss (MIXMSE): 1.0751, GD: 4.3357e+05,     RMSE: 0.6721, MAE: 0.3221
  Val   - Data Loss (MIXMSE): 1.0115, GD: 5.1120e+05,     RMSE: 0.6549, MAE: 0.3129
----------------------------------------------------------------------
Epoch   4/50 | Train Loss: 0.9127 | Val Loss: 0.8573 | LR: 0.001942
  Train - Data Loss (MIXMSE): 0.9127, GD: 9.0571e+05,     RMSE: 0.6191, MAE: 0.3079
  Val   - Data Loss (MIXMSE): 0.8573, GD: 1.4324e+06,     RMSE: 0.6031, MAE: 0.2973
----------------------------------------------------------------------
Epoch   5/50 | Train Loss: 0.7729 | Val Loss: 0.6962 | LR: 0.001942
  Train - Data Loss (MIXMSE): 0.7729, GD: 2.2221e+06,     RMSE: 0.5691, MAE: 0.2857
  Val   - Data Loss (MIXMSE): 0.6962, GD: 2.9251e+06,     RMSE: 0.5434, MAE: 0.2627
----------------------------------------------------------------------
Epoch   6/50 | Train Loss: 0.6088 | Val Loss: 0.5468 | LR: 0.001942
  Train - Data Loss (MIXMSE): 0.6088, GD: 4.9630e+06,     RMSE: 0.5054, MAE: 0.2527
  Val   - Data Loss (MIXMSE): 0.5468, GD: 5.5374e+06,     RMSE: 0.4816, MAE: 0.2344
----------------------------------------------------------------------
Epoch   7/50 | Train Loss: 0.5082 | Val Loss: 0.5053 | LR: 0.001942
  Train - Data Loss (MIXMSE): 0.5082, GD: 7.1508e+06,     RMSE: 0.4617, MAE: 0.2293
  Val   - Data Loss (MIXMSE): 0.5053, GD: 7.7648e+06,     RMSE: 0.4628, MAE: 0.2252
----------------------------------------------------------------------
Epoch   8/50 | Train Loss: 0.4411 | Val Loss: 0.4279 | LR: 0.001942
  Train - Data Loss (MIXMSE): 0.4411, GD: 9.9149e+06,     RMSE: 0.4301, MAE: 0.2135
  Val   - Data Loss (MIXMSE): 0.4279, GD: 1.1852e+07,     RMSE: 0.4260, MAE: 0.2094
----------------------------------------------------------------------
Epoch   9/50 | Train Loss: 0.3983 | Val Loss: 0.3976 | LR: 0.001942
  Train - Data Loss (MIXMSE): 0.3983, GD: 1.3248e+07,     RMSE: 0.4088, MAE: 0.2035
  Val   - Data Loss (MIXMSE): 0.3976, GD: 1.5551e+07,     RMSE: 0.4106, MAE: 0.2030
----------------------------------------------------------------------
Epoch  10/50 | Train Loss: 0.3663 | Val Loss: 0.3722 | LR: 0.001942
  Train - Data Loss (MIXMSE): 0.3663, GD: 1.6560e+07,     RMSE: 0.3920, MAE: 0.1964
  Val   - Data Loss (MIXMSE): 0.3722, GD: 1.9704e+07,     RMSE: 0.3972, MAE: 0.1991
----------------------------------------------------------------------
Epoch  11/50 | Train Loss: 0.3410 | Val Loss: 0.3461 | LR: 0.001942
  Train - Data Loss (MIXMSE): 0.3410, GD: 1.8589e+07,     RMSE: 0.3784, MAE: 0.1903
  Val   - Data Loss (MIXMSE): 0.3461, GD: 1.9545e+07,     RMSE: 0.3831, MAE: 0.1873
----------------------------------------------------------------------
Epoch  12/50 | Train Loss: 0.3344 | Val Loss: 0.3200 | LR: 0.001942
  Train - Data Loss (MIXMSE): 0.3344, GD: 1.9665e+07,     RMSE: 0.3747, MAE: 0.1886
  Val   - Data Loss (MIXMSE): 0.3200, GD: 1.9913e+07,     RMSE: 0.3683, MAE: 0.1924
----------------------------------------------------------------------
Epoch  13/50 | Train Loss: 0.3072 | Val Loss: 0.3119 | LR: 0.001942
  Train - Data Loss (MIXMSE): 0.3072, GD: 1.9617e+07,     RMSE: 0.3592, MAE: 0.1817
  Val   - Data Loss (MIXMSE): 0.3119, GD: 1.9707e+07,     RMSE: 0.3636, MAE: 0.1773
----------------------------------------------------------------------
Epoch  14/50 | Train Loss: 0.2951 | Val Loss: 0.3101 | LR: 0.001942
  Train - Data Loss (MIXMSE): 0.2951, GD: 1.9607e+07,     RMSE: 0.3518, MAE: 0.1776
  Val   - Data Loss (MIXMSE): 0.3101, GD: 1.8511e+07,     RMSE: 0.3624, MAE: 0.1782
----------------------------------------------------------------------
Epoch  15/50 | Train Loss: 0.2904 | Val Loss: 0.2796 | LR: 0.001942
  Train - Data Loss (MIXMSE): 0.2904, GD: 1.8615e+07,     RMSE: 0.3488, MAE: 0.1760
  Val   - Data Loss (MIXMSE): 0.2796, GD: 1.9120e+07,     RMSE: 0.3441, MAE: 0.1697
----------------------------------------------------------------------
Epoch  16/50 | Train Loss: 0.2753 | Val Loss: 0.2979 | LR: 0.001942
  Train - Data Loss (MIXMSE): 0.2753, GD: 1.8092e+07,     RMSE: 0.3398, MAE: 0.1710
  Val   - Data Loss (MIXMSE): 0.2979, GD: 1.9084e+07,     RMSE: 0.3551, MAE: 0.1756
----------------------------------------------------------------------
Epoch  17/50 | Train Loss: 0.2645 | Val Loss: 0.2704 | LR: 0.001942
  Train - Data Loss (MIXMSE): 0.2645, GD: 1.7596e+07,     RMSE: 0.3330, MAE: 0.1672
  Val   - Data Loss (MIXMSE): 0.2704, GD: 1.8009e+07,     RMSE: 0.3386, MAE: 0.1646
----------------------------------------------------------------------
Epoch  18/50 | Train Loss: 0.2552 | Val Loss: 0.2556 | LR: 0.001942
  Train - Data Loss (MIXMSE): 0.2552, GD: 1.6870e+07,     RMSE: 0.3272, MAE: 0.1641
  Val   - Data Loss (MIXMSE): 0.2556, GD: 1.7653e+07,     RMSE: 0.3291, MAE: 0.1614
----------------------------------------------------------------------
Epoch  19/50 | Train Loss: 0.2534 | Val Loss: 0.2857 | LR: 0.001942
  Train - Data Loss (MIXMSE): 0.2534, GD: 1.5916e+07,     RMSE: 0.3262, MAE: 0.1642
  Val   - Data Loss (MIXMSE): 0.2857, GD: 1.5464e+07,     RMSE: 0.3479, MAE: 0.1661
----------------------------------------------------------------------
Epoch  20/50 | Train Loss: 0.2508 | Val Loss: 0.2726 | LR: 0.001942
  Train - Data Loss (MIXMSE): 0.2508, GD: 1.5351e+07,     RMSE: 0.3244, MAE: 0.1628
  Val   - Data Loss (MIXMSE): 0.2726, GD: 1.4622e+07,     RMSE: 0.3397, MAE: 0.1647
----------------------------------------------------------------------
Epoch  21/50 | Train Loss: 0.2493 | Val Loss: 0.2487 | LR: 0.001942
  Train - Data Loss (MIXMSE): 0.2493, GD: 1.4499e+07,     RMSE: 0.3234, MAE: 0.1625
  Val   - Data Loss (MIXMSE): 0.2487, GD: 1.4093e+07,     RMSE: 0.3247, MAE: 0.1580
----------------------------------------------------------------------
Epoch  22/50 | Train Loss: 0.2359 | Val Loss: 0.2803 | LR: 0.001942
  Train - Data Loss (MIXMSE): 0.2359, GD: 1.4035e+07,     RMSE: 0.3146, MAE: 0.1580
  Val   - Data Loss (MIXMSE): 0.2803, GD: 1.2723e+07,     RMSE: 0.3446, MAE: 0.1642
----------------------------------------------------------------------
Epoch  23/50 | Train Loss: 0.2336 | Val Loss: 0.2282 | LR: 0.001942
  Train - Data Loss (MIXMSE): 0.2336, GD: 1.3398e+07,     RMSE: 0.3131, MAE: 0.1567
  Val   - Data Loss (MIXMSE): 0.2282, GD: 1.2992e+07,     RMSE: 0.3110, MAE: 0.1520
----------------------------------------------------------------------
Epoch  24/50 | Train Loss: 0.2284 | Val Loss: 0.2306 | LR: 0.001942
  Train - Data Loss (MIXMSE): 0.2284, GD: 1.2717e+07,     RMSE: 0.3096, MAE: 0.1545
  Val   - Data Loss (MIXMSE): 0.2306, GD: 1.2349e+07,     RMSE: 0.3126, MAE: 0.1490
----------------------------------------------------------------------
Epoch  25/50 | Train Loss: 0.2289 | Val Loss: 0.2271 | LR: 0.001942
  Train - Data Loss (MIXMSE): 0.2289, GD: 1.2077e+07,     RMSE: 0.3099, MAE: 0.1545
  Val   - Data Loss (MIXMSE): 0.2271, GD: 1.1727e+07,     RMSE: 0.3102, MAE: 0.1492
----------------------------------------------------------------------
Epoch  26/50 | Train Loss: 0.2267 | Val Loss: 0.2244 | LR: 0.001942
  Train - Data Loss (MIXMSE): 0.2267, GD: 1.1287e+07,     RMSE: 0.3085, MAE: 0.1536
  Val   - Data Loss (MIXMSE): 0.2244, GD: 1.1758e+07,     RMSE: 0.3084, MAE: 0.1498
----------------------------------------------------------------------
Epoch  27/50 | Train Loss: 0.2168 | Val Loss: 0.2516 | LR: 0.001942
  Train - Data Loss (MIXMSE): 0.2168, GD: 1.1139e+07,     RMSE: 0.3016, MAE: 0.1504
  Val   - Data Loss (MIXMSE): 0.2516, GD: 1.1153e+07,     RMSE: 0.3266, MAE: 0.1546
----------------------------------------------------------------------
Epoch  28/50 | Train Loss: 0.2188 | Val Loss: 0.2584 | LR: 0.001942
  Train - Data Loss (MIXMSE): 0.2188, GD: 1.0391e+07,     RMSE: 0.3029, MAE: 0.1511
  Val   - Data Loss (MIXMSE): 0.2584, GD: 9.3219e+06,     RMSE: 0.3309, MAE: 0.1545
----------------------------------------------------------------------
Epoch  29/50 | Train Loss: 0.2179 | Val Loss: 0.2366 | LR: 0.001942
  Train - Data Loss (MIXMSE): 0.2179, GD: 9.5223e+06,     RMSE: 0.3024, MAE: 0.1507
  Val   - Data Loss (MIXMSE): 0.2366, GD: 8.5904e+06,     RMSE: 0.3167, MAE: 0.1499
----------------------------------------------------------------------
Epoch  30/50 | Train Loss: 0.2108 | Val Loss: 0.2292 | LR: 0.001942
  Train - Data Loss (MIXMSE): 0.2108, GD: 8.9579e+06,     RMSE: 0.2974, MAE: 0.1479
  Val   - Data Loss (MIXMSE): 0.2292, GD: 8.8344e+06,     RMSE: 0.3116, MAE: 0.1471
----------------------------------------------------------------------
Epoch  31/50 | Train Loss: 0.2126 | Val Loss: 0.2212 | LR: 0.001942
  Train - Data Loss (MIXMSE): 0.2126, GD: 8.0806e+06,     RMSE: 0.2986, MAE: 0.1486
  Val   - Data Loss (MIXMSE): 0.2212, GD: 7.4127e+06,     RMSE: 0.3062, MAE: 0.1463
----------------------------------------------------------------------
Epoch  32/50 | Train Loss: 0.2079 | Val Loss: 0.2296 | LR: 0.001942
  Train - Data Loss (MIXMSE): 0.2079, GD: 7.4853e+06,     RMSE: 0.2953, MAE: 0.1460
  Val   - Data Loss (MIXMSE): 0.2296, GD: 7.7820e+06,     RMSE: 0.3118, MAE: 0.1515
----------------------------------------------------------------------
Epoch  33/50 | Train Loss: 0.2035 | Val Loss: 0.2346 | LR: 0.001942
  Train - Data Loss (MIXMSE): 0.2035, GD: 7.2064e+06,     RMSE: 0.2919, MAE: 0.1448
  Val   - Data Loss (MIXMSE): 0.2346, GD: 6.4454e+06,     RMSE: 0.3153, MAE: 0.1526
----------------------------------------------------------------------
Epoch  34/50 | Train Loss: 0.2063 | Val Loss: 0.2310 | LR: 0.001942
  Train - Data Loss (MIXMSE): 0.2063, GD: 6.4151e+06,     RMSE: 0.2942, MAE: 0.1456
  Val   - Data Loss (MIXMSE): 0.2310, GD: 7.7192e+06,     RMSE: 0.3129, MAE: 0.1502
----------------------------------------------------------------------
Epoch  35/50 | Train Loss: 0.1997 | Val Loss: 0.2512 | LR: 0.001942
  Train - Data Loss (MIXMSE): 0.1997, GD: 6.3782e+06,     RMSE: 0.2895, MAE: 0.1436
  Val   - Data Loss (MIXMSE): 0.2512, GD: 6.6950e+06,     RMSE: 0.3263, MAE: 0.1569
----------------------------------------------------------------------
Epoch  36/50 | Train Loss: 0.2019 | Val Loss: 0.2241 | LR: 0.001942
  Train - Data Loss (MIXMSE): 0.2019, GD: 6.0876e+06,     RMSE: 0.2909, MAE: 0.1436
  Val   - Data Loss (MIXMSE): 0.2241, GD: 5.3869e+06,     RMSE: 0.3083, MAE: 0.1455
----------------------------------------------------------------------
Epoch  37/50 | Train Loss: 0.1969 | Val Loss: 0.2365 | LR: 0.001942
  Train - Data Loss (MIXMSE): 0.1969, GD: 6.1166e+06,     RMSE: 0.2874, MAE: 0.1421
  Val   - Data Loss (MIXMSE): 0.2365, GD: 5.4908e+06,     RMSE: 0.3167, MAE: 0.1505
----------------------------------------------------------------------
Epoch  38/50 | Train Loss: 0.2071 | Val Loss: 0.2054 | LR: 0.001942
  Train - Data Loss (MIXMSE): 0.2071, GD: 6.1172e+06,     RMSE: 0.2946, MAE: 0.1447
  Val   - Data Loss (MIXMSE): 0.2054, GD: 6.1173e+06,     RMSE: 0.2948, MAE: 0.1404
----------------------------------------------------------------------
Epoch  39/50 | Train Loss: 0.1905 | Val Loss: 0.2302 | LR: 0.001942
  Train - Data Loss (MIXMSE): 0.1905, GD: 6.3452e+06,     RMSE: 0.2826, MAE: 0.1393
  Val   - Data Loss (MIXMSE): 0.2302, GD: 5.3789e+06,     RMSE: 0.3124, MAE: 0.1490
----------------------------------------------------------------------
Epoch  40/50 | Train Loss: 0.1901 | Val Loss: 0.2187 | LR: 0.001942
  Train - Data Loss (MIXMSE): 0.1901, GD: 6.2594e+06,     RMSE: 0.2824, MAE: 0.1395
  Val   - Data Loss (MIXMSE): 0.2187, GD: 7.4418e+06,     RMSE: 0.3045, MAE: 0.1433
----------------------------------------------------------------------
Epoch  41/50 | Train Loss: 0.1902 | Val Loss: 0.2073 | LR: 0.001942
  Train - Data Loss (MIXMSE): 0.1902, GD: 6.5089e+06,     RMSE: 0.2824, MAE: 0.1393
  Val   - Data Loss (MIXMSE): 0.2073, GD: 6.0001e+06,     RMSE: 0.2965, MAE: 0.1395
----------------------------------------------------------------------
Epoch  42/50 | Train Loss: 0.1956 | Val Loss: 0.2001 | LR: 0.001942
  Train - Data Loss (MIXMSE): 0.1956, GD: 6.3569e+06,     RMSE: 0.2864, MAE: 0.1409
  Val   - Data Loss (MIXMSE): 0.2001, GD: 6.5065e+06,     RMSE: 0.2912, MAE: 0.1375
----------------------------------------------------------------------
Epoch  43/50 | Train Loss: 0.1881 | Val Loss: 0.1937 | LR: 0.001942
  Train - Data Loss (MIXMSE): 0.1881, GD: 6.5740e+06,     RMSE: 0.2807, MAE: 0.1379
  Val   - Data Loss (MIXMSE): 0.1937, GD: 6.4339e+06,     RMSE: 0.2865, MAE: 0.1358
----------------------------------------------------------------------
Epoch  44/50 | Train Loss: 0.1863 | Val Loss: 0.1935 | LR: 0.001942
  Train - Data Loss (MIXMSE): 0.1863, GD: 6.6054e+06,     RMSE: 0.2795, MAE: 0.1375
  Val   - Data Loss (MIXMSE): 0.1935, GD: 6.2548e+06,     RMSE: 0.2864, MAE: 0.1340
----------------------------------------------------------------------
Epoch  45/50 | Train Loss: 0.1908 | Val Loss: 0.1976 | LR: 0.001942
  Train - Data Loss (MIXMSE): 0.1908, GD: 6.5552e+06,     RMSE: 0.2828, MAE: 0.1387
  Val   - Data Loss (MIXMSE): 0.1976, GD: 6.4530e+06,     RMSE: 0.2893, MAE: 0.1376
----------------------------------------------------------------------
Epoch  46/50 | Train Loss: 0.1834 | Val Loss: 0.2016 | LR: 0.001942
  Train - Data Loss (MIXMSE): 0.1834, GD: 6.6977e+06,     RMSE: 0.2775, MAE: 0.1358
  Val   - Data Loss (MIXMSE): 0.2016, GD: 7.0230e+06,     RMSE: 0.2922, MAE: 0.1382
----------------------------------------------------------------------
Epoch  47/50 | Train Loss: 0.1838 | Val Loss: 0.1995 | LR: 0.001942
  Train - Data Loss (MIXMSE): 0.1838, GD: 6.5924e+06,     RMSE: 0.2777, MAE: 0.1359
  Val   - Data Loss (MIXMSE): 0.1995, GD: 6.5767e+06,     RMSE: 0.2907, MAE: 0.1387
----------------------------------------------------------------------
Epoch  48/50 | Train Loss: 0.1892 | Val Loss: 0.2048 | LR: 0.001942
  Train - Data Loss (MIXMSE): 0.1892, GD: 6.4722e+06,     RMSE: 0.2817, MAE: 0.1382
  Val   - Data Loss (MIXMSE): 0.2048, GD: 5.7266e+06,     RMSE: 0.2946, MAE: 0.1408
----------------------------------------------------------------------
Epoch  49/50 | Train Loss: 0.1828 | Val Loss: 0.1909 | LR: 0.001942
  Train - Data Loss (MIXMSE): 0.1828, GD: 6.4580e+06,     RMSE: 0.2769, MAE: 0.1355
  Val   - Data Loss (MIXMSE): 0.1909, GD: 6.4956e+06,     RMSE: 0.2844, MAE: 0.1348
----------------------------------------------------------------------
Epoch  50/50 | Train Loss: 0.1824 | Val Loss: 0.2047 | LR: 0.001942
  Train - Data Loss (MIXMSE): 0.1824, GD: 6.4118e+06,     RMSE: 0.2769, MAE: 0.1355
  Val   - Data Loss (MIXMSE): 0.2047, GD: 5.8945e+06,     RMSE: 0.2944, MAE: 0.1368
----------------------------------------------------------------------

Training complete!
Best validation loss: 0.1909 at epoch 49

Evaluating on test set...
Test Loss: 0.1978
Test MIXMSE: 0.1978, GD: 5.8978e+06,     RMSE: 0.2896, MAE: 0.1363