Starting training for 50 epochs...
--- Optuna Trial 29 ---
Device: cuda
Model parameters: 18,853
----------------------------------------------------------------------
Epoch   1/50 | Train Loss: 1.3218 | Val Loss: 1.2947 | LR: 0.003588
  Train - Data Loss (MIXMSE): 1.3218, GD: 1.2927e+05,     RMSE: 0.7454, MAE: 0.3556
  Val   - Data Loss (MIXMSE): 1.2947, GD: 6.8777e+04,     RMSE: 0.7409, MAE: 0.3468
----------------------------------------------------------------------
Epoch   2/50 | Train Loss: 1.2102 | Val Loss: 1.1906 | LR: 0.003588
  Train - Data Loss (MIXMSE): 1.2102, GD: 3.9709e+06,     RMSE: 0.7132, MAE: 0.3325
  Val   - Data Loss (MIXMSE): 1.1906, GD: 7.8507e+06,     RMSE: 0.7104, MAE: 0.3292
----------------------------------------------------------------------
Epoch   3/50 | Train Loss: 1.1243 | Val Loss: 1.0811 | LR: 0.003588
  Train - Data Loss (MIXMSE): 1.1243, GD: 1.8570e+07,     RMSE: 0.6876, MAE: 0.3193
  Val   - Data Loss (MIXMSE): 1.0811, GD: 3.1731e+07,     RMSE: 0.6771, MAE: 0.3102
----------------------------------------------------------------------
Epoch   4/50 | Train Loss: 0.9834 | Val Loss: 0.9704 | LR: 0.003588
  Train - Data Loss (MIXMSE): 0.9834, GD: 4.8345e+07,     RMSE: 0.6431, MAE: 0.3023
  Val   - Data Loss (MIXMSE): 0.9704, GD: 5.0723e+07,     RMSE: 0.6414, MAE: 0.3144
----------------------------------------------------------------------
Epoch   5/50 | Train Loss: 0.8278 | Val Loss: 0.7774 | LR: 0.003588
  Train - Data Loss (MIXMSE): 0.8278, GD: 4.2366e+07,     RMSE: 0.5897, MAE: 0.2786
  Val   - Data Loss (MIXMSE): 0.7774, GD: 3.8529e+07,     RMSE: 0.5741, MAE: 0.2730
----------------------------------------------------------------------

--- TRIAL PRUNED AT EPOCH 5 ---