Starting training for 50 epochs...
--- Optuna Trial 19 ---
Device: cuda
Model parameters: 12,164
----------------------------------------------------------------------
Epoch   1/50 | Train Loss: 1.3239 | Val Loss: 1.2777 | LR: 0.001764
  Train - Data Loss (MIXMSE): 1.3239, GD: 2.2225e+04,     RMSE: 0.7461, MAE: 0.3591
  Val   - Data Loss (MIXMSE): 1.2777, GD: 1.7068e+05,     RMSE: 0.7360, MAE: 0.3345
----------------------------------------------------------------------
Epoch   2/50 | Train Loss: 1.2280 | Val Loss: 1.2041 | LR: 0.001764
  Train - Data Loss (MIXMSE): 1.2280, GD: 6.0047e+05,     RMSE: 0.7184, MAE: 0.3354
  Val   - Data Loss (MIXMSE): 1.2041, GD: 8.4207e+05,     RMSE: 0.7145, MAE: 0.3268
----------------------------------------------------------------------
Epoch   3/50 | Train Loss: 1.1799 | Val Loss: 1.1717 | LR: 0.001764
  Train - Data Loss (MIXMSE): 1.1799, GD: 1.0959e+06,     RMSE: 0.7041, MAE: 0.3261
  Val   - Data Loss (MIXMSE): 1.1717, GD: 1.5657e+06,     RMSE: 0.7049, MAE: 0.3236
----------------------------------------------------------------------
Epoch   4/50 | Train Loss: 1.1344 | Val Loss: 1.1109 | LR: 0.001764
  Train - Data Loss (MIXMSE): 1.1344, GD: 2.9534e+06,     RMSE: 0.6908, MAE: 0.3241
  Val   - Data Loss (MIXMSE): 1.1109, GD: 5.6601e+06,     RMSE: 0.6863, MAE: 0.3329
----------------------------------------------------------------------
Epoch   5/50 | Train Loss: 1.0457 | Val Loss: 1.0159 | LR: 0.001764
  Train - Data Loss (MIXMSE): 1.0457, GD: 6.9780e+06,     RMSE: 0.6631, MAE: 0.3138
  Val   - Data Loss (MIXMSE): 1.0159, GD: 1.0164e+07,     RMSE: 0.6564, MAE: 0.3119
----------------------------------------------------------------------
Epoch   6/50 | Train Loss: 0.9743 | Val Loss: 0.9774 | LR: 0.001764
  Train - Data Loss (MIXMSE): 0.9743, GD: 7.7129e+06,     RMSE: 0.6400, MAE: 0.3056
  Val   - Data Loss (MIXMSE): 0.9774, GD: 5.6485e+06,     RMSE: 0.6439, MAE: 0.3084
----------------------------------------------------------------------
Epoch   7/50 | Train Loss: 0.9015 | Val Loss: 0.8850 | LR: 0.001764
  Train - Data Loss (MIXMSE): 0.9015, GD: 8.8412e+06,     RMSE: 0.6157, MAE: 0.2990
  Val   - Data Loss (MIXMSE): 0.8850, GD: 8.7667e+06,     RMSE: 0.6126, MAE: 0.3007
----------------------------------------------------------------------
Epoch   8/50 | Train Loss: 0.8278 | Val Loss: 0.8430 | LR: 0.001764
  Train - Data Loss (MIXMSE): 0.8278, GD: 1.2171e+07,     RMSE: 0.5898, MAE: 0.2858
  Val   - Data Loss (MIXMSE): 0.8430, GD: 1.1987e+07,     RMSE: 0.5981, MAE: 0.2907
----------------------------------------------------------------------
Epoch   9/50 | Train Loss: 0.7654 | Val Loss: 0.8014 | LR: 0.001764
  Train - Data Loss (MIXMSE): 0.7654, GD: 1.8801e+07,     RMSE: 0.5670, MAE: 0.2724
  Val   - Data Loss (MIXMSE): 0.8014, GD: 2.0848e+07,     RMSE: 0.5830, MAE: 0.2697
----------------------------------------------------------------------
Epoch  10/50 | Train Loss: 0.7195 | Val Loss: 0.7372 | LR: 0.001764
  Train - Data Loss (MIXMSE): 0.7195, GD: 2.7279e+07,     RMSE: 0.5499, MAE: 0.2626
  Val   - Data Loss (MIXMSE): 0.7372, GD: 3.4818e+07,     RMSE: 0.5592, MAE: 0.2572
----------------------------------------------------------------------
Epoch  11/50 | Train Loss: 0.6728 | Val Loss: 0.6541 | LR: 0.001764
  Train - Data Loss (MIXMSE): 0.6728, GD: 3.5572e+07,     RMSE: 0.5317, MAE: 0.2538
  Val   - Data Loss (MIXMSE): 0.6541, GD: 4.1468e+07,     RMSE: 0.5269, MAE: 0.2438
----------------------------------------------------------------------
Epoch  12/50 | Train Loss: 0.6324 | Val Loss: 0.6285 | LR: 0.001764
  Train - Data Loss (MIXMSE): 0.6324, GD: 4.0005e+07,     RMSE: 0.5157, MAE: 0.2466
  Val   - Data Loss (MIXMSE): 0.6285, GD: 3.9682e+07,     RMSE: 0.5164, MAE: 0.2398
----------------------------------------------------------------------
Epoch  13/50 | Train Loss: 0.5986 | Val Loss: 0.5704 | LR: 0.001764
  Train - Data Loss (MIXMSE): 0.5986, GD: 3.7297e+07,     RMSE: 0.5016, MAE: 0.2422
  Val   - Data Loss (MIXMSE): 0.5704, GD: 3.0997e+07,     RMSE: 0.4920, MAE: 0.2290
----------------------------------------------------------------------
Epoch  14/50 | Train Loss: 0.5441 | Val Loss: 0.5371 | LR: 0.001764
  Train - Data Loss (MIXMSE): 0.5441, GD: 3.6103e+07,     RMSE: 0.4781, MAE: 0.2317
  Val   - Data Loss (MIXMSE): 0.5371, GD: 3.2164e+07,     RMSE: 0.4774, MAE: 0.2245
----------------------------------------------------------------------
Epoch  15/50 | Train Loss: 0.4984 | Val Loss: 0.5134 | LR: 0.001764
  Train - Data Loss (MIXMSE): 0.4984, GD: 3.5835e+07,     RMSE: 0.4576, MAE: 0.2231
  Val   - Data Loss (MIXMSE): 0.5134, GD: 2.8339e+07,     RMSE: 0.4668, MAE: 0.2236
----------------------------------------------------------------------
Epoch  16/50 | Train Loss: 0.4647 | Val Loss: 0.4772 | LR: 0.001764
  Train - Data Loss (MIXMSE): 0.4647, GD: 3.3295e+07,     RMSE: 0.4416, MAE: 0.2169
  Val   - Data Loss (MIXMSE): 0.4772, GD: 3.3073e+07,     RMSE: 0.4499, MAE: 0.2198
----------------------------------------------------------------------
Epoch  17/50 | Train Loss: 0.4420 | Val Loss: 0.4190 | LR: 0.001764
  Train - Data Loss (MIXMSE): 0.4420, GD: 3.1617e+07,     RMSE: 0.4308, MAE: 0.2124
  Val   - Data Loss (MIXMSE): 0.4190, GD: 2.7929e+07,     RMSE: 0.4216, MAE: 0.2030
----------------------------------------------------------------------
Epoch  18/50 | Train Loss: 0.4255 | Val Loss: 0.4255 | LR: 0.001764
  Train - Data Loss (MIXMSE): 0.4255, GD: 2.7640e+07,     RMSE: 0.4227, MAE: 0.2086
  Val   - Data Loss (MIXMSE): 0.4255, GD: 2.7045e+07,     RMSE: 0.4248, MAE: 0.2063
----------------------------------------------------------------------
Epoch  19/50 | Train Loss: 0.4015 | Val Loss: 0.4077 | LR: 0.001764
  Train - Data Loss (MIXMSE): 0.4015, GD: 2.6107e+07,     RMSE: 0.4109, MAE: 0.2037
  Val   - Data Loss (MIXMSE): 0.4077, GD: 2.8382e+07,     RMSE: 0.4159, MAE: 0.2042
----------------------------------------------------------------------
Epoch  20/50 | Train Loss: 0.3974 | Val Loss: 0.3980 | LR: 0.001764
  Train - Data Loss (MIXMSE): 0.3974, GD: 2.3544e+07,     RMSE: 0.4085, MAE: 0.2033
  Val   - Data Loss (MIXMSE): 0.3980, GD: 2.2188e+07,     RMSE: 0.4108, MAE: 0.2012
----------------------------------------------------------------------
Epoch  21/50 | Train Loss: 0.3798 | Val Loss: 0.3846 | LR: 0.001764
  Train - Data Loss (MIXMSE): 0.3798, GD: 2.1374e+07,     RMSE: 0.3995, MAE: 0.1989
  Val   - Data Loss (MIXMSE): 0.3846, GD: 1.9360e+07,     RMSE: 0.4038, MAE: 0.1925
----------------------------------------------------------------------
Epoch  22/50 | Train Loss: 0.3723 | Val Loss: 0.3956 | LR: 0.001764
  Train - Data Loss (MIXMSE): 0.3723, GD: 1.9090e+07,     RMSE: 0.3953, MAE: 0.1975
  Val   - Data Loss (MIXMSE): 0.3956, GD: 1.5364e+07,     RMSE: 0.4095, MAE: 0.1966
----------------------------------------------------------------------
Epoch  23/50 | Train Loss: 0.3687 | Val Loss: 0.4082 | LR: 0.001764
  Train - Data Loss (MIXMSE): 0.3687, GD: 1.7012e+07,     RMSE: 0.3934, MAE: 0.1960
  Val   - Data Loss (MIXMSE): 0.4082, GD: 1.4520e+07,     RMSE: 0.4160, MAE: 0.1954
----------------------------------------------------------------------
Epoch  24/50 | Train Loss: 0.3597 | Val Loss: 0.3641 | LR: 0.001764
  Train - Data Loss (MIXMSE): 0.3597, GD: 1.6265e+07,     RMSE: 0.3887, MAE: 0.1944
  Val   - Data Loss (MIXMSE): 0.3641, GD: 1.4104e+07,     RMSE: 0.3928, MAE: 0.1881
----------------------------------------------------------------------
Epoch  25/50 | Train Loss: 0.3603 | Val Loss: 0.3562 | LR: 0.001764
  Train - Data Loss (MIXMSE): 0.3603, GD: 1.4408e+07,     RMSE: 0.3889, MAE: 0.1941
  Val   - Data Loss (MIXMSE): 0.3562, GD: 1.1488e+07,     RMSE: 0.3885, MAE: 0.1869
----------------------------------------------------------------------
Epoch  26/50 | Train Loss: 0.3550 | Val Loss: 0.3794 | LR: 0.001764
  Train - Data Loss (MIXMSE): 0.3550, GD: 1.2923e+07,     RMSE: 0.3860, MAE: 0.1928
  Val   - Data Loss (MIXMSE): 0.3794, GD: 1.2490e+07,     RMSE: 0.4012, MAE: 0.1942
----------------------------------------------------------------------
Epoch  27/50 | Train Loss: 0.3406 | Val Loss: 0.3506 | LR: 0.001764
  Train - Data Loss (MIXMSE): 0.3406, GD: 1.2186e+07,     RMSE: 0.3782, MAE: 0.1885
  Val   - Data Loss (MIXMSE): 0.3506, GD: 9.3185e+06,     RMSE: 0.3856, MAE: 0.1846
----------------------------------------------------------------------
Epoch  28/50 | Train Loss: 0.3396 | Val Loss: 0.3397 | LR: 0.001764
  Train - Data Loss (MIXMSE): 0.3396, GD: 1.0968e+07,     RMSE: 0.3776, MAE: 0.1886
  Val   - Data Loss (MIXMSE): 0.3397, GD: 9.2220e+06,     RMSE: 0.3795, MAE: 0.1833
----------------------------------------------------------------------
Epoch  29/50 | Train Loss: 0.3371 | Val Loss: 0.3379 | LR: 0.001764
  Train - Data Loss (MIXMSE): 0.3371, GD: 1.0515e+07,     RMSE: 0.3762, MAE: 0.1875
  Val   - Data Loss (MIXMSE): 0.3379, GD: 1.1117e+07,     RMSE: 0.3784, MAE: 0.1835
----------------------------------------------------------------------
Epoch  30/50 | Train Loss: 0.3335 | Val Loss: 0.3297 | LR: 0.001764
  Train - Data Loss (MIXMSE): 0.3335, GD: 9.9668e+06,     RMSE: 0.3744, MAE: 0.1868
  Val   - Data Loss (MIXMSE): 0.3297, GD: 1.0008e+07,     RMSE: 0.3738, MAE: 0.1831
----------------------------------------------------------------------
Epoch  31/50 | Train Loss: 0.3246 | Val Loss: 0.3656 | LR: 0.001764
  Train - Data Loss (MIXMSE): 0.3246, GD: 9.3344e+06,     RMSE: 0.3693, MAE: 0.1845
  Val   - Data Loss (MIXMSE): 0.3656, GD: 8.4298e+06,     RMSE: 0.3936, MAE: 0.1881
----------------------------------------------------------------------
Epoch  32/50 | Train Loss: 0.3198 | Val Loss: 0.3305 | LR: 0.001764
  Train - Data Loss (MIXMSE): 0.3198, GD: 8.9496e+06,     RMSE: 0.3666, MAE: 0.1827
  Val   - Data Loss (MIXMSE): 0.3305, GD: 8.2341e+06,     RMSE: 0.3743, MAE: 0.1834
----------------------------------------------------------------------
Epoch  33/50 | Train Loss: 0.3227 | Val Loss: 0.3354 | LR: 0.001764
  Train - Data Loss (MIXMSE): 0.3227, GD: 8.4990e+06,     RMSE: 0.3681, MAE: 0.1833
  Val   - Data Loss (MIXMSE): 0.3354, GD: 7.1793e+06,     RMSE: 0.3771, MAE: 0.1832
----------------------------------------------------------------------
Epoch  34/50 | Train Loss: 0.3133 | Val Loss: 0.3213 | LR: 0.001764
  Train - Data Loss (MIXMSE): 0.3133, GD: 8.5832e+06,     RMSE: 0.3628, MAE: 0.1809
  Val   - Data Loss (MIXMSE): 0.3213, GD: 8.5026e+06,     RMSE: 0.3691, MAE: 0.1804
----------------------------------------------------------------------
Epoch  35/50 | Train Loss: 0.3115 | Val Loss: 0.3616 | LR: 0.001764
  Train - Data Loss (MIXMSE): 0.3115, GD: 8.2281e+06,     RMSE: 0.3614, MAE: 0.1805
  Val   - Data Loss (MIXMSE): 0.3616, GD: 8.3431e+06,     RMSE: 0.3914, MAE: 0.1970
----------------------------------------------------------------------
Epoch  36/50 | Train Loss: 0.3105 | Val Loss: 0.3360 | LR: 0.001764
  Train - Data Loss (MIXMSE): 0.3105, GD: 7.8468e+06,     RMSE: 0.3610, MAE: 0.1799
  Val   - Data Loss (MIXMSE): 0.3360, GD: 7.7626e+06,     RMSE: 0.3773, MAE: 0.1810
----------------------------------------------------------------------
Epoch  37/50 | Train Loss: 0.3068 | Val Loss: 0.3409 | LR: 0.001764
  Train - Data Loss (MIXMSE): 0.3068, GD: 7.8923e+06,     RMSE: 0.3589, MAE: 0.1785
  Val   - Data Loss (MIXMSE): 0.3409, GD: 6.1409e+06,     RMSE: 0.3802, MAE: 0.1804
----------------------------------------------------------------------
Epoch  38/50 | Train Loss: 0.3025 | Val Loss: 0.3718 | LR: 0.001764
  Train - Data Loss (MIXMSE): 0.3025, GD: 7.4123e+06,     RMSE: 0.3563, MAE: 0.1779
  Val   - Data Loss (MIXMSE): 0.3718, GD: 6.9228e+06,     RMSE: 0.3971, MAE: 0.1945
----------------------------------------------------------------------
Epoch  39/50 | Train Loss: 0.2966 | Val Loss: 0.3386 | LR: 0.001764
  Train - Data Loss (MIXMSE): 0.2966, GD: 7.1653e+06,     RMSE: 0.3530, MAE: 0.1759
  Val   - Data Loss (MIXMSE): 0.3386, GD: 6.1764e+06,     RMSE: 0.3789, MAE: 0.1924
----------------------------------------------------------------------
Epoch  40/50 | Train Loss: 0.2952 | Val Loss: 0.3118 | LR: 0.001764
  Train - Data Loss (MIXMSE): 0.2952, GD: 7.1143e+06,     RMSE: 0.3521, MAE: 0.1756
  Val   - Data Loss (MIXMSE): 0.3118, GD: 5.9049e+06,     RMSE: 0.3635, MAE: 0.1747
----------------------------------------------------------------------
Epoch  41/50 | Train Loss: 0.2925 | Val Loss: 0.2969 | LR: 0.001764
  Train - Data Loss (MIXMSE): 0.2925, GD: 6.9500e+06,     RMSE: 0.3502, MAE: 0.1750
  Val   - Data Loss (MIXMSE): 0.2969, GD: 7.2591e+06,     RMSE: 0.3548, MAE: 0.1719
----------------------------------------------------------------------
Epoch  42/50 | Train Loss: 0.2906 | Val Loss: 0.3249 | LR: 0.001764
  Train - Data Loss (MIXMSE): 0.2906, GD: 6.7935e+06,     RMSE: 0.3492, MAE: 0.1741
  Val   - Data Loss (MIXMSE): 0.3249, GD: 6.2861e+06,     RMSE: 0.3711, MAE: 0.1785
----------------------------------------------------------------------
Epoch  43/50 | Train Loss: 0.2880 | Val Loss: 0.3486 | LR: 0.001764
  Train - Data Loss (MIXMSE): 0.2880, GD: 6.7042e+06,     RMSE: 0.3476, MAE: 0.1735
  Val   - Data Loss (MIXMSE): 0.3486, GD: 5.5359e+06,     RMSE: 0.3844, MAE: 0.1813
----------------------------------------------------------------------
Epoch  44/50 | Train Loss: 0.2922 | Val Loss: 0.3130 | LR: 0.001764
  Train - Data Loss (MIXMSE): 0.2922, GD: 6.5311e+06,     RMSE: 0.3503, MAE: 0.1741
  Val   - Data Loss (MIXMSE): 0.3130, GD: 7.5142e+06,     RMSE: 0.3641, MAE: 0.1784
----------------------------------------------------------------------
Epoch  45/50 | Train Loss: 0.2822 | Val Loss: 0.2986 | LR: 0.001764
  Train - Data Loss (MIXMSE): 0.2822, GD: 6.3267e+06,     RMSE: 0.3443, MAE: 0.1716
  Val   - Data Loss (MIXMSE): 0.2986, GD: 6.8060e+06,     RMSE: 0.3556, MAE: 0.1735
----------------------------------------------------------------------
Epoch  46/50 | Train Loss: 0.2779 | Val Loss: 0.2994 | LR: 0.001764
  Train - Data Loss (MIXMSE): 0.2779, GD: 6.2373e+06,     RMSE: 0.3415, MAE: 0.1702
  Val   - Data Loss (MIXMSE): 0.2994, GD: 5.9474e+06,     RMSE: 0.3562, MAE: 0.1735
----------------------------------------------------------------------
Epoch  47/50 | Train Loss: 0.2756 | Val Loss: 0.3191 | LR: 0.001764
  Train - Data Loss (MIXMSE): 0.2756, GD: 6.1206e+06,     RMSE: 0.3401, MAE: 0.1697
  Val   - Data Loss (MIXMSE): 0.3191, GD: 6.7769e+06,     RMSE: 0.3678, MAE: 0.1779
----------------------------------------------------------------------
Epoch  48/50 | Train Loss: 0.2722 | Val Loss: 0.3481 | LR: 0.001764
  Train - Data Loss (MIXMSE): 0.2722, GD: 6.1696e+06,     RMSE: 0.3379, MAE: 0.1683
  Val   - Data Loss (MIXMSE): 0.3481, GD: 6.0698e+06,     RMSE: 0.3840, MAE: 0.2059
----------------------------------------------------------------------

--- TRIAL PRUNED AT EPOCH 48 ---