Starting training for 50 epochs...
--- Optuna Trial 34 ---
Device: cuda
Model parameters: 34,852
----------------------------------------------------------------------
Epoch   1/50 | Train Loss: 1.3118 | Val Loss: 1.2416 | LR: 0.001286
  Train - Data Loss (MIXMSE): 1.3118, GD: 9.1249e+04,     RMSE: 0.7421, MAE: 0.3588
  Val   - Data Loss (MIXMSE): 1.2416, GD: 4.2285e+05,     RMSE: 0.7255, MAE: 0.3395
----------------------------------------------------------------------
Epoch   2/50 | Train Loss: 1.1567 | Val Loss: 1.0735 | LR: 0.001286
  Train - Data Loss (MIXMSE): 1.1567, GD: 2.0254e+06,     RMSE: 0.6972, MAE: 0.3303
  Val   - Data Loss (MIXMSE): 1.0735, GD: 4.1199e+06,     RMSE: 0.6747, MAE: 0.3247
----------------------------------------------------------------------
Epoch   3/50 | Train Loss: 0.9929 | Val Loss: 0.9590 | LR: 0.001286
  Train - Data Loss (MIXMSE): 0.9929, GD: 7.9002e+06,     RMSE: 0.6455, MAE: 0.3158
  Val   - Data Loss (MIXMSE): 0.9590, GD: 1.3930e+07,     RMSE: 0.6378, MAE: 0.3186
----------------------------------------------------------------------
Epoch   4/50 | Train Loss: 0.8544 | Val Loss: 0.7635 | LR: 0.001286
  Train - Data Loss (MIXMSE): 0.8544, GD: 1.8454e+07,     RMSE: 0.5987, MAE: 0.2966
  Val   - Data Loss (MIXMSE): 0.7635, GD: 2.2285e+07,     RMSE: 0.5691, MAE: 0.2799
----------------------------------------------------------------------
Epoch   5/50 | Train Loss: 0.6551 | Val Loss: 0.5677 | LR: 0.001286
  Train - Data Loss (MIXMSE): 0.6551, GD: 2.2694e+07,     RMSE: 0.5237, MAE: 0.2584
  Val   - Data Loss (MIXMSE): 0.5677, GD: 1.9272e+07,     RMSE: 0.4907, MAE: 0.2344
----------------------------------------------------------------------
Epoch   6/50 | Train Loss: 0.4978 | Val Loss: 0.4579 | LR: 0.001286
  Train - Data Loss (MIXMSE): 0.4978, GD: 1.2708e+07,     RMSE: 0.4567, MAE: 0.2242
  Val   - Data Loss (MIXMSE): 0.4579, GD: 9.4875e+06,     RMSE: 0.4407, MAE: 0.2134
----------------------------------------------------------------------
Epoch   7/50 | Train Loss: 0.4215 | Val Loss: 0.4253 | LR: 0.001286
  Train - Data Loss (MIXMSE): 0.4215, GD: 7.4055e+06,     RMSE: 0.4201, MAE: 0.2061
  Val   - Data Loss (MIXMSE): 0.4253, GD: 7.3056e+06,     RMSE: 0.4247, MAE: 0.2040
----------------------------------------------------------------------
Epoch   8/50 | Train Loss: 0.3924 | Val Loss: 0.3954 | LR: 0.001286
  Train - Data Loss (MIXMSE): 0.3924, GD: 7.0017e+06,     RMSE: 0.4054, MAE: 0.1989
  Val   - Data Loss (MIXMSE): 0.3954, GD: 6.1054e+06,     RMSE: 0.4097, MAE: 0.1974
----------------------------------------------------------------------
Epoch   9/50 | Train Loss: 0.3607 | Val Loss: 0.3759 | LR: 0.001286
  Train - Data Loss (MIXMSE): 0.3607, GD: 7.2452e+06,     RMSE: 0.3889, MAE: 0.1906
  Val   - Data Loss (MIXMSE): 0.3759, GD: 8.1965e+06,     RMSE: 0.3992, MAE: 0.1961
----------------------------------------------------------------------
Epoch  10/50 | Train Loss: 0.3439 | Val Loss: 0.3461 | LR: 0.001286
  Train - Data Loss (MIXMSE): 0.3439, GD: 7.3689e+06,     RMSE: 0.3798, MAE: 0.1871
  Val   - Data Loss (MIXMSE): 0.3461, GD: 7.1395e+06,     RMSE: 0.3831, MAE: 0.1832
----------------------------------------------------------------------
Epoch  11/50 | Train Loss: 0.3185 | Val Loss: 0.3123 | LR: 0.001286
  Train - Data Loss (MIXMSE): 0.3185, GD: 7.6185e+06,     RMSE: 0.3654, MAE: 0.1808
  Val   - Data Loss (MIXMSE): 0.3123, GD: 8.0714e+06,     RMSE: 0.3640, MAE: 0.1760
----------------------------------------------------------------------
Epoch  12/50 | Train Loss: 0.2995 | Val Loss: 0.3288 | LR: 0.001286
  Train - Data Loss (MIXMSE): 0.2995, GD: 7.6246e+06,     RMSE: 0.3544, MAE: 0.1765
  Val   - Data Loss (MIXMSE): 0.3288, GD: 7.4818e+06,     RMSE: 0.3735, MAE: 0.1784
----------------------------------------------------------------------
Epoch  13/50 | Train Loss: 0.2893 | Val Loss: 0.3263 | LR: 0.001286
  Train - Data Loss (MIXMSE): 0.2893, GD: 7.8186e+06,     RMSE: 0.3485, MAE: 0.1737
  Val   - Data Loss (MIXMSE): 0.3263, GD: 9.6042e+06,     RMSE: 0.3719, MAE: 0.1766
----------------------------------------------------------------------
Epoch  14/50 | Train Loss: 0.2848 | Val Loss: 0.3145 | LR: 0.001286
  Train - Data Loss (MIXMSE): 0.2848, GD: 7.9460e+06,     RMSE: 0.3457, MAE: 0.1723
  Val   - Data Loss (MIXMSE): 0.3145, GD: 1.1125e+07,     RMSE: 0.3653, MAE: 0.1837
----------------------------------------------------------------------
Epoch  15/50 | Train Loss: 0.2786 | Val Loss: 0.2900 | LR: 0.001286
  Train - Data Loss (MIXMSE): 0.2786, GD: 8.1839e+06,     RMSE: 0.3418, MAE: 0.1706
  Val   - Data Loss (MIXMSE): 0.2900, GD: 6.9131e+06,     RMSE: 0.3507, MAE: 0.1716
----------------------------------------------------------------------
Epoch  16/50 | Train Loss: 0.2732 | Val Loss: 0.2776 | LR: 0.001286
  Train - Data Loss (MIXMSE): 0.2732, GD: 8.1614e+06,     RMSE: 0.3386, MAE: 0.1687
  Val   - Data Loss (MIXMSE): 0.2776, GD: 7.6412e+06,     RMSE: 0.3430, MAE: 0.1666
----------------------------------------------------------------------
Epoch  17/50 | Train Loss: 0.2624 | Val Loss: 0.2600 | LR: 0.001286
  Train - Data Loss (MIXMSE): 0.2624, GD: 8.6374e+06,     RMSE: 0.3315, MAE: 0.1655
  Val   - Data Loss (MIXMSE): 0.2600, GD: 7.7844e+06,     RMSE: 0.3321, MAE: 0.1594
----------------------------------------------------------------------
Epoch  18/50 | Train Loss: 0.2644 | Val Loss: 0.2640 | LR: 0.001286
  Train - Data Loss (MIXMSE): 0.2644, GD: 8.8033e+06,     RMSE: 0.3330, MAE: 0.1654
  Val   - Data Loss (MIXMSE): 0.2640, GD: 7.9388e+06,     RMSE: 0.3346, MAE: 0.1670
----------------------------------------------------------------------
Epoch  19/50 | Train Loss: 0.2563 | Val Loss: 0.2638 | LR: 0.001286
  Train - Data Loss (MIXMSE): 0.2563, GD: 9.1495e+06,     RMSE: 0.3275, MAE: 0.1625
  Val   - Data Loss (MIXMSE): 0.2638, GD: 1.1279e+07,     RMSE: 0.3344, MAE: 0.1607
----------------------------------------------------------------------
Epoch  20/50 | Train Loss: 0.2496 | Val Loss: 0.2789 | LR: 0.001286
  Train - Data Loss (MIXMSE): 0.2496, GD: 9.3276e+06,     RMSE: 0.3234, MAE: 0.1604
  Val   - Data Loss (MIXMSE): 0.2789, GD: 9.5632e+06,     RMSE: 0.3438, MAE: 0.1617
----------------------------------------------------------------------
Epoch  21/50 | Train Loss: 0.2435 | Val Loss: 0.2636 | LR: 0.001286
  Train - Data Loss (MIXMSE): 0.2435, GD: 9.4798e+06,     RMSE: 0.3198, MAE: 0.1591
  Val   - Data Loss (MIXMSE): 0.2636, GD: 9.4092e+06,     RMSE: 0.3343, MAE: 0.1596
----------------------------------------------------------------------
Epoch  22/50 | Train Loss: 0.2334 | Val Loss: 0.2355 | LR: 0.001286
  Train - Data Loss (MIXMSE): 0.2334, GD: 9.7339e+06,     RMSE: 0.3131, MAE: 0.1557
  Val   - Data Loss (MIXMSE): 0.2355, GD: 1.1106e+07,     RMSE: 0.3159, MAE: 0.1524
----------------------------------------------------------------------
Epoch  23/50 | Train Loss: 0.2305 | Val Loss: 0.2264 | LR: 0.001286
  Train - Data Loss (MIXMSE): 0.2305, GD: 9.9941e+06,     RMSE: 0.3109, MAE: 0.1540
  Val   - Data Loss (MIXMSE): 0.2264, GD: 1.0110e+07,     RMSE: 0.3098, MAE: 0.1513
----------------------------------------------------------------------
Epoch  24/50 | Train Loss: 0.2302 | Val Loss: 0.2463 | LR: 0.001286
  Train - Data Loss (MIXMSE): 0.2302, GD: 9.9492e+06,     RMSE: 0.3108, MAE: 0.1538
  Val   - Data Loss (MIXMSE): 0.2463, GD: 1.0714e+07,     RMSE: 0.3231, MAE: 0.1565
----------------------------------------------------------------------
Epoch  25/50 | Train Loss: 0.2229 | Val Loss: 0.2302 | LR: 0.001286
  Train - Data Loss (MIXMSE): 0.2229, GD: 1.0109e+07,     RMSE: 0.3057, MAE: 0.1513
  Val   - Data Loss (MIXMSE): 0.2302, GD: 9.6771e+06,     RMSE: 0.3124, MAE: 0.1487
----------------------------------------------------------------------
Epoch  26/50 | Train Loss: 0.2197 | Val Loss: 0.2437 | LR: 0.001286
  Train - Data Loss (MIXMSE): 0.2197, GD: 1.0476e+07,     RMSE: 0.3036, MAE: 0.1505
  Val   - Data Loss (MIXMSE): 0.2437, GD: 1.1394e+07,     RMSE: 0.3214, MAE: 0.1548
----------------------------------------------------------------------
Epoch  27/50 | Train Loss: 0.2167 | Val Loss: 0.2581 | LR: 0.001286
  Train - Data Loss (MIXMSE): 0.2167, GD: 1.0794e+07,     RMSE: 0.3015, MAE: 0.1490
  Val   - Data Loss (MIXMSE): 0.2581, GD: 9.0932e+06,     RMSE: 0.3309, MAE: 0.1629
----------------------------------------------------------------------
Epoch  28/50 | Train Loss: 0.2059 | Val Loss: 0.2168 | LR: 0.001286
  Train - Data Loss (MIXMSE): 0.2059, GD: 1.0985e+07,     RMSE: 0.2940, MAE: 0.1452
  Val   - Data Loss (MIXMSE): 0.2168, GD: 1.0455e+07,     RMSE: 0.3032, MAE: 0.1439
----------------------------------------------------------------------
Epoch  29/50 | Train Loss: 0.2118 | Val Loss: 0.2074 | LR: 0.001286
  Train - Data Loss (MIXMSE): 0.2118, GD: 1.1238e+07,     RMSE: 0.2980, MAE: 0.1470
  Val   - Data Loss (MIXMSE): 0.2074, GD: 1.1631e+07,     RMSE: 0.2964, MAE: 0.1468
----------------------------------------------------------------------
Epoch  30/50 | Train Loss: 0.2053 | Val Loss: 0.2183 | LR: 0.001286
  Train - Data Loss (MIXMSE): 0.2053, GD: 1.1430e+07,     RMSE: 0.2933, MAE: 0.1446
  Val   - Data Loss (MIXMSE): 0.2183, GD: 1.1280e+07,     RMSE: 0.3042, MAE: 0.1450
----------------------------------------------------------------------
Epoch  31/50 | Train Loss: 0.2069 | Val Loss: 0.2101 | LR: 0.001286
  Train - Data Loss (MIXMSE): 0.2069, GD: 1.1723e+07,     RMSE: 0.2946, MAE: 0.1451
  Val   - Data Loss (MIXMSE): 0.2101, GD: 1.1567e+07,     RMSE: 0.2984, MAE: 0.1472
----------------------------------------------------------------------
Epoch  32/50 | Train Loss: 0.1972 | Val Loss: 0.2103 | LR: 0.001286
  Train - Data Loss (MIXMSE): 0.1972, GD: 1.2175e+07,     RMSE: 0.2877, MAE: 0.1418
  Val   - Data Loss (MIXMSE): 0.2103, GD: 1.2984e+07,     RMSE: 0.2985, MAE: 0.1438
----------------------------------------------------------------------
Epoch  33/50 | Train Loss: 0.1996 | Val Loss: 0.2070 | LR: 0.001286
  Train - Data Loss (MIXMSE): 0.1996, GD: 1.2301e+07,     RMSE: 0.2895, MAE: 0.1426
  Val   - Data Loss (MIXMSE): 0.2070, GD: 1.2306e+07,     RMSE: 0.2962, MAE: 0.1413
----------------------------------------------------------------------
Epoch  34/50 | Train Loss: 0.1990 | Val Loss: 0.1923 | LR: 0.001286
  Train - Data Loss (MIXMSE): 0.1990, GD: 1.2280e+07,     RMSE: 0.2886, MAE: 0.1420
  Val   - Data Loss (MIXMSE): 0.1923, GD: 1.3609e+07,     RMSE: 0.2854, MAE: 0.1359
----------------------------------------------------------------------
Epoch  35/50 | Train Loss: 0.1930 | Val Loss: 0.2177 | LR: 0.001286
  Train - Data Loss (MIXMSE): 0.1930, GD: 1.2683e+07,     RMSE: 0.2846, MAE: 0.1396
  Val   - Data Loss (MIXMSE): 0.2177, GD: 1.1844e+07,     RMSE: 0.3036, MAE: 0.1498
----------------------------------------------------------------------
Epoch  36/50 | Train Loss: 0.1916 | Val Loss: 0.1984 | LR: 0.001286
  Train - Data Loss (MIXMSE): 0.1916, GD: 1.2889e+07,     RMSE: 0.2837, MAE: 0.1393
  Val   - Data Loss (MIXMSE): 0.1984, GD: 1.1673e+07,     RMSE: 0.2900, MAE: 0.1378
----------------------------------------------------------------------
Epoch  37/50 | Train Loss: 0.1946 | Val Loss: 0.1907 | LR: 0.001286
  Train - Data Loss (MIXMSE): 0.1946, GD: 1.2987e+07,     RMSE: 0.2856, MAE: 0.1403
  Val   - Data Loss (MIXMSE): 0.1907, GD: 1.2032e+07,     RMSE: 0.2843, MAE: 0.1353
----------------------------------------------------------------------
Epoch  38/50 | Train Loss: 0.1871 | Val Loss: 0.2053 | LR: 0.001286
  Train - Data Loss (MIXMSE): 0.1871, GD: 1.3060e+07,     RMSE: 0.2803, MAE: 0.1373
  Val   - Data Loss (MIXMSE): 0.2053, GD: 1.3378e+07,     RMSE: 0.2950, MAE: 0.1381
----------------------------------------------------------------------
Epoch  39/50 | Train Loss: 0.1849 | Val Loss: 0.2088 | LR: 0.001286
  Train - Data Loss (MIXMSE): 0.1849, GD: 1.3258e+07,     RMSE: 0.2783, MAE: 0.1362
  Val   - Data Loss (MIXMSE): 0.2088, GD: 1.2638e+07,     RMSE: 0.2975, MAE: 0.1388
----------------------------------------------------------------------
Epoch  40/50 | Train Loss: 0.1840 | Val Loss: 0.1908 | LR: 0.001286
  Train - Data Loss (MIXMSE): 0.1840, GD: 1.3290e+07,     RMSE: 0.2779, MAE: 0.1359
  Val   - Data Loss (MIXMSE): 0.1908, GD: 1.3873e+07,     RMSE: 0.2844, MAE: 0.1387
----------------------------------------------------------------------
Epoch  41/50 | Train Loss: 0.1839 | Val Loss: 0.1901 | LR: 0.001286
  Train - Data Loss (MIXMSE): 0.1839, GD: 1.3265e+07,     RMSE: 0.2778, MAE: 0.1364
  Val   - Data Loss (MIXMSE): 0.1901, GD: 1.5207e+07,     RMSE: 0.2838, MAE: 0.1340
----------------------------------------------------------------------
Epoch  42/50 | Train Loss: 0.1806 | Val Loss: 0.2034 | LR: 0.001286
  Train - Data Loss (MIXMSE): 0.1806, GD: 1.3428e+07,     RMSE: 0.2753, MAE: 0.1348
  Val   - Data Loss (MIXMSE): 0.2034, GD: 1.3107e+07,     RMSE: 0.2937, MAE: 0.1367
----------------------------------------------------------------------
Epoch  43/50 | Train Loss: 0.1763 | Val Loss: 0.1832 | LR: 0.001286
  Train - Data Loss (MIXMSE): 0.1763, GD: 1.3731e+07,     RMSE: 0.2719, MAE: 0.1324
  Val   - Data Loss (MIXMSE): 0.1832, GD: 1.2529e+07,     RMSE: 0.2786, MAE: 0.1331
----------------------------------------------------------------------
Epoch  44/50 | Train Loss: 0.1811 | Val Loss: 0.1774 | LR: 0.001286
  Train - Data Loss (MIXMSE): 0.1811, GD: 1.3500e+07,     RMSE: 0.2756, MAE: 0.1347
  Val   - Data Loss (MIXMSE): 0.1774, GD: 1.2860e+07,     RMSE: 0.2742, MAE: 0.1302
----------------------------------------------------------------------
Epoch  45/50 | Train Loss: 0.1759 | Val Loss: 0.1851 | LR: 0.001286
  Train - Data Loss (MIXMSE): 0.1759, GD: 1.3614e+07,     RMSE: 0.2716, MAE: 0.1321
  Val   - Data Loss (MIXMSE): 0.1851, GD: 1.1676e+07,     RMSE: 0.2800, MAE: 0.1377
----------------------------------------------------------------------
Epoch  46/50 | Train Loss: 0.1755 | Val Loss: 0.1935 | LR: 0.001286
  Train - Data Loss (MIXMSE): 0.1755, GD: 1.3428e+07,     RMSE: 0.2710, MAE: 0.1319
  Val   - Data Loss (MIXMSE): 0.1935, GD: 1.3414e+07,     RMSE: 0.2862, MAE: 0.1382
----------------------------------------------------------------------
Epoch  47/50 | Train Loss: 0.1743 | Val Loss: 0.1885 | LR: 0.001286
  Train - Data Loss (MIXMSE): 0.1743, GD: 1.3462e+07,     RMSE: 0.2702, MAE: 0.1317
  Val   - Data Loss (MIXMSE): 0.1885, GD: 1.2724e+07,     RMSE: 0.2827, MAE: 0.1321
----------------------------------------------------------------------
Epoch  48/50 | Train Loss: 0.1708 | Val Loss: 0.1778 | LR: 0.001286
  Train - Data Loss (MIXMSE): 0.1708, GD: 1.3582e+07,     RMSE: 0.2677, MAE: 0.1300
  Val   - Data Loss (MIXMSE): 0.1778, GD: 1.5582e+07,     RMSE: 0.2745, MAE: 0.1296
----------------------------------------------------------------------
Epoch  49/50 | Train Loss: 0.1750 | Val Loss: 0.1700 | LR: 0.001286
  Train - Data Loss (MIXMSE): 0.1750, GD: 1.3475e+07,     RMSE: 0.2708, MAE: 0.1318
  Val   - Data Loss (MIXMSE): 0.1700, GD: 1.2939e+07,     RMSE: 0.2684, MAE: 0.1271
----------------------------------------------------------------------
Epoch  50/50 | Train Loss: 0.1705 | Val Loss: 0.1729 | LR: 0.001286
  Train - Data Loss (MIXMSE): 0.1705, GD: 1.3457e+07,     RMSE: 0.2673, MAE: 0.1303
  Val   - Data Loss (MIXMSE): 0.1729, GD: 1.4450e+07,     RMSE: 0.2707, MAE: 0.1270
----------------------------------------------------------------------

Training complete!
Best validation loss: 0.1700 at epoch 49

Evaluating on test set...
Test Loss: 0.1717
Test MIXMSE: 0.1717, GD: 1.4436e+07,     RMSE: 0.2696, MAE: 0.1269