Starting training for 50 epochs...
--- Optuna Trial 43 ---
Device: cuda
Model parameters: 42,341
----------------------------------------------------------------------
Epoch   1/50 | Train Loss: 1.3096 | Val Loss: 1.2780 | LR: 0.000951
  Train - Data Loss (MIXMSE): 1.3096, GD: 1.7375e+04,     RMSE: 0.7422, MAE: 0.3550
  Val   - Data Loss (MIXMSE): 1.2780, GD: 3.8566e+04,     RMSE: 0.7361, MAE: 0.3305
----------------------------------------------------------------------
Epoch   2/50 | Train Loss: 1.1771 | Val Loss: 1.1081 | LR: 0.000951
  Train - Data Loss (MIXMSE): 1.1771, GD: 4.2750e+05,     RMSE: 0.7033, MAE: 0.3312
  Val   - Data Loss (MIXMSE): 1.1081, GD: 9.9231e+05,     RMSE: 0.6855, MAE: 0.3275
----------------------------------------------------------------------
Epoch   3/50 | Train Loss: 1.0133 | Val Loss: 0.9399 | LR: 0.000951
  Train - Data Loss (MIXMSE): 1.0133, GD: 2.4505e+06,     RMSE: 0.6522, MAE: 0.3231
  Val   - Data Loss (MIXMSE): 0.9399, GD: 4.6392e+06,     RMSE: 0.6313, MAE: 0.3176
----------------------------------------------------------------------
Epoch   4/50 | Train Loss: 0.8443 | Val Loss: 0.7913 | LR: 0.000951
  Train - Data Loss (MIXMSE): 0.8443, GD: 1.0296e+07,     RMSE: 0.5952, MAE: 0.2994
  Val   - Data Loss (MIXMSE): 0.7913, GD: 1.5142e+07,     RMSE: 0.5795, MAE: 0.2794
----------------------------------------------------------------------
Epoch   5/50 | Train Loss: 0.7411 | Val Loss: 0.7050 | LR: 0.000951
  Train - Data Loss (MIXMSE): 0.7411, GD: 1.7924e+07,     RMSE: 0.5573, MAE: 0.2740
  Val   - Data Loss (MIXMSE): 0.7050, GD: 1.7492e+07,     RMSE: 0.5469, MAE: 0.2626
----------------------------------------------------------------------

--- TRIAL PRUNED AT EPOCH 5 ---