Starting training for 50 epochs...
--- Optuna Trial 42 ---
Device: cuda
Model parameters: 34,852
----------------------------------------------------------------------
Epoch   1/50 | Train Loss: 1.2722 | Val Loss: 1.2051 | LR: 0.002443
  Train - Data Loss (MIXMSE): 1.2722, GD: 5.0551e+05,     RMSE: 0.7309, MAE: 0.3464
  Val   - Data Loss (MIXMSE): 1.2051, GD: 1.7026e+06,     RMSE: 0.7148, MAE: 0.3212
----------------------------------------------------------------------
Epoch   2/50 | Train Loss: 1.0488 | Val Loss: 0.9196 | LR: 0.002443
  Train - Data Loss (MIXMSE): 1.0488, GD: 6.5240e+06,     RMSE: 0.6628, MAE: 0.3200
  Val   - Data Loss (MIXMSE): 0.9196, GD: 1.3432e+07,     RMSE: 0.6246, MAE: 0.3007
----------------------------------------------------------------------
Epoch   3/50 | Train Loss: 0.8086 | Val Loss: 0.7052 | LR: 0.002443
  Train - Data Loss (MIXMSE): 0.8086, GD: 6.7071e+06,     RMSE: 0.5820, MAE: 0.2790
  Val   - Data Loss (MIXMSE): 0.7052, GD: 6.8801e+06,     RMSE: 0.5468, MAE: 0.2646
----------------------------------------------------------------------
Epoch   4/50 | Train Loss: 0.6331 | Val Loss: 0.5619 | LR: 0.002443
  Train - Data Loss (MIXMSE): 0.6331, GD: 7.0320e+06,     RMSE: 0.5154, MAE: 0.2497
  Val   - Data Loss (MIXMSE): 0.5619, GD: 6.6636e+06,     RMSE: 0.4884, MAE: 0.2310
----------------------------------------------------------------------
Epoch   5/50 | Train Loss: 0.5051 | Val Loss: 0.4777 | LR: 0.002443
  Train - Data Loss (MIXMSE): 0.5051, GD: 8.9996e+06,     RMSE: 0.4602, MAE: 0.2245
  Val   - Data Loss (MIXMSE): 0.4777, GD: 1.3694e+07,     RMSE: 0.4500, MAE: 0.2127
----------------------------------------------------------------------
Epoch   6/50 | Train Loss: 0.4320 | Val Loss: 0.4611 | LR: 0.002443
  Train - Data Loss (MIXMSE): 0.4320, GD: 1.0535e+07,     RMSE: 0.4256, MAE: 0.2098
  Val   - Data Loss (MIXMSE): 0.4611, GD: 1.4003e+07,     RMSE: 0.4420, MAE: 0.2139
----------------------------------------------------------------------
Epoch   7/50 | Train Loss: 0.3935 | Val Loss: 0.3984 | LR: 0.002443
  Train - Data Loss (MIXMSE): 0.3935, GD: 1.0065e+07,     RMSE: 0.4067, MAE: 0.2021
  Val   - Data Loss (MIXMSE): 0.3984, GD: 9.6372e+06,     RMSE: 0.4112, MAE: 0.1987
----------------------------------------------------------------------
Epoch   8/50 | Train Loss: 0.3694 | Val Loss: 0.4265 | LR: 0.002443
  Train - Data Loss (MIXMSE): 0.3694, GD: 9.2794e+06,     RMSE: 0.3936, MAE: 0.1958
  Val   - Data Loss (MIXMSE): 0.4265, GD: 8.1079e+06,     RMSE: 0.4253, MAE: 0.2040
----------------------------------------------------------------------
Epoch   9/50 | Train Loss: 0.3435 | Val Loss: 0.3374 | LR: 0.002443
  Train - Data Loss (MIXMSE): 0.3435, GD: 8.7911e+06,     RMSE: 0.3797, MAE: 0.1890
  Val   - Data Loss (MIXMSE): 0.3374, GD: 8.3161e+06,     RMSE: 0.3782, MAE: 0.1832
----------------------------------------------------------------------
Epoch  10/50 | Train Loss: 0.3243 | Val Loss: 0.3240 | LR: 0.002443
  Train - Data Loss (MIXMSE): 0.3243, GD: 8.6747e+06,     RMSE: 0.3691, MAE: 0.1835
  Val   - Data Loss (MIXMSE): 0.3240, GD: 1.0264e+07,     RMSE: 0.3706, MAE: 0.1813
----------------------------------------------------------------------
Epoch  11/50 | Train Loss: 0.3111 | Val Loss: 0.3150 | LR: 0.002443
  Train - Data Loss (MIXMSE): 0.3111, GD: 8.5181e+06,     RMSE: 0.3614, MAE: 0.1796
  Val   - Data Loss (MIXMSE): 0.3150, GD: 7.3801e+06,     RMSE: 0.3654, MAE: 0.1794
----------------------------------------------------------------------
Epoch  12/50 | Train Loss: 0.2999 | Val Loss: 0.3158 | LR: 0.002443
  Train - Data Loss (MIXMSE): 0.2999, GD: 8.4790e+06,     RMSE: 0.3548, MAE: 0.1758
  Val   - Data Loss (MIXMSE): 0.3158, GD: 8.1270e+06,     RMSE: 0.3659, MAE: 0.1774
----------------------------------------------------------------------
Epoch  13/50 | Train Loss: 0.2834 | Val Loss: 0.2951 | LR: 0.002443
  Train - Data Loss (MIXMSE): 0.2834, GD: 8.1089e+06,     RMSE: 0.3449, MAE: 0.1721
  Val   - Data Loss (MIXMSE): 0.2951, GD: 7.2308e+06,     RMSE: 0.3536, MAE: 0.1718
----------------------------------------------------------------------
Epoch  14/50 | Train Loss: 0.2816 | Val Loss: 0.2875 | LR: 0.002443
  Train - Data Loss (MIXMSE): 0.2816, GD: 7.9822e+06,     RMSE: 0.3438, MAE: 0.1706
  Val   - Data Loss (MIXMSE): 0.2875, GD: 6.4726e+06,     RMSE: 0.3492, MAE: 0.1681
----------------------------------------------------------------------
Epoch  15/50 | Train Loss: 0.2731 | Val Loss: 0.2710 | LR: 0.002443
  Train - Data Loss (MIXMSE): 0.2731, GD: 8.0060e+06,     RMSE: 0.3383, MAE: 0.1675
  Val   - Data Loss (MIXMSE): 0.2710, GD: 9.1053e+06,     RMSE: 0.3387, MAE: 0.1652
----------------------------------------------------------------------
Epoch  16/50 | Train Loss: 0.2615 | Val Loss: 0.2739 | LR: 0.002443
  Train - Data Loss (MIXMSE): 0.2615, GD: 8.0572e+06,     RMSE: 0.3310, MAE: 0.1640
  Val   - Data Loss (MIXMSE): 0.2739, GD: 7.0695e+06,     RMSE: 0.3407, MAE: 0.1637
----------------------------------------------------------------------
Epoch  17/50 | Train Loss: 0.3213 | Val Loss: 0.3226 | LR: 0.002443
  Train - Data Loss (MIXMSE): 0.3213, GD: 7.8096e+06,     RMSE: 0.3652, MAE: 0.1796
  Val   - Data Loss (MIXMSE): 0.3226, GD: 8.2382e+06,     RMSE: 0.3697, MAE: 0.1905
----------------------------------------------------------------------
Epoch  18/50 | Train Loss: 0.2670 | Val Loss: 0.2497 | LR: 0.002443
  Train - Data Loss (MIXMSE): 0.2670, GD: 8.1899e+06,     RMSE: 0.3348, MAE: 0.1654
  Val   - Data Loss (MIXMSE): 0.2497, GD: 7.7159e+06,     RMSE: 0.3253, MAE: 0.1609
----------------------------------------------------------------------
Epoch  19/50 | Train Loss: 0.2525 | Val Loss: 0.2757 | LR: 0.002443
  Train - Data Loss (MIXMSE): 0.2525, GD: 8.3901e+06,     RMSE: 0.3257, MAE: 0.1610
  Val   - Data Loss (MIXMSE): 0.2757, GD: 6.0926e+06,     RMSE: 0.3418, MAE: 0.1643
----------------------------------------------------------------------
Epoch  20/50 | Train Loss: 0.2428 | Val Loss: 0.2426 | LR: 0.002443
  Train - Data Loss (MIXMSE): 0.2428, GD: 8.5799e+06,     RMSE: 0.3192, MAE: 0.1580
  Val   - Data Loss (MIXMSE): 0.2426, GD: 7.4523e+06,     RMSE: 0.3207, MAE: 0.1533
----------------------------------------------------------------------
Epoch  21/50 | Train Loss: 0.2326 | Val Loss: 0.2359 | LR: 0.002443
  Train - Data Loss (MIXMSE): 0.2326, GD: 8.8144e+06,     RMSE: 0.3126, MAE: 0.1542
  Val   - Data Loss (MIXMSE): 0.2359, GD: 1.0400e+07,     RMSE: 0.3162, MAE: 0.1531
----------------------------------------------------------------------
Epoch  22/50 | Train Loss: 0.2257 | Val Loss: 0.2480 | LR: 0.002443
  Train - Data Loss (MIXMSE): 0.2257, GD: 8.9293e+06,     RMSE: 0.3078, MAE: 0.1517
  Val   - Data Loss (MIXMSE): 0.2480, GD: 9.0066e+06,     RMSE: 0.3243, MAE: 0.1571
----------------------------------------------------------------------
Epoch  23/50 | Train Loss: 0.2262 | Val Loss: 0.2233 | LR: 0.002443
  Train - Data Loss (MIXMSE): 0.2262, GD: 9.1215e+06,     RMSE: 0.3082, MAE: 0.1516
  Val   - Data Loss (MIXMSE): 0.2233, GD: 9.6302e+06,     RMSE: 0.3077, MAE: 0.1507
----------------------------------------------------------------------
Epoch  24/50 | Train Loss: 0.2260 | Val Loss: 0.2265 | LR: 0.002443
  Train - Data Loss (MIXMSE): 0.2260, GD: 9.1692e+06,     RMSE: 0.3076, MAE: 0.1507
  Val   - Data Loss (MIXMSE): 0.2265, GD: 1.0052e+07,     RMSE: 0.3098, MAE: 0.1493
----------------------------------------------------------------------
Epoch  25/50 | Train Loss: 0.2191 | Val Loss: 0.2249 | LR: 0.002443
  Train - Data Loss (MIXMSE): 0.2191, GD: 9.5374e+06,     RMSE: 0.3031, MAE: 0.1491
  Val   - Data Loss (MIXMSE): 0.2249, GD: 1.0910e+07,     RMSE: 0.3087, MAE: 0.1503
----------------------------------------------------------------------
Epoch  26/50 | Train Loss: 0.2136 | Val Loss: 0.2279 | LR: 0.002443
  Train - Data Loss (MIXMSE): 0.2136, GD: 9.5953e+06,     RMSE: 0.2992, MAE: 0.1473
  Val   - Data Loss (MIXMSE): 0.2279, GD: 8.1248e+06,     RMSE: 0.3107, MAE: 0.1474
----------------------------------------------------------------------
Epoch  27/50 | Train Loss: 0.2088 | Val Loss: 0.2083 | LR: 0.002443
  Train - Data Loss (MIXMSE): 0.2088, GD: 9.6875e+06,     RMSE: 0.2960, MAE: 0.1456
  Val   - Data Loss (MIXMSE): 0.2083, GD: 9.5375e+06,     RMSE: 0.2971, MAE: 0.1460
----------------------------------------------------------------------
Epoch  28/50 | Train Loss: 0.2070 | Val Loss: 0.2013 | LR: 0.002443
  Train - Data Loss (MIXMSE): 0.2070, GD: 9.8381e+06,     RMSE: 0.2947, MAE: 0.1449
  Val   - Data Loss (MIXMSE): 0.2013, GD: 1.0300e+07,     RMSE: 0.2921, MAE: 0.1430
----------------------------------------------------------------------
Epoch  29/50 | Train Loss: 0.2084 | Val Loss: 0.1979 | LR: 0.002443
  Train - Data Loss (MIXMSE): 0.2084, GD: 9.9282e+06,     RMSE: 0.2954, MAE: 0.1449
  Val   - Data Loss (MIXMSE): 0.1979, GD: 9.3771e+06,     RMSE: 0.2896, MAE: 0.1378
----------------------------------------------------------------------
Epoch  30/50 | Train Loss: 0.2000 | Val Loss: 0.2122 | LR: 0.002443
  Train - Data Loss (MIXMSE): 0.2000, GD: 1.0044e+07,     RMSE: 0.2897, MAE: 0.1419
  Val   - Data Loss (MIXMSE): 0.2122, GD: 1.0097e+07,     RMSE: 0.2999, MAE: 0.1443
----------------------------------------------------------------------
Epoch  31/50 | Train Loss: 0.1975 | Val Loss: 0.2150 | LR: 0.002443
  Train - Data Loss (MIXMSE): 0.1975, GD: 9.9673e+06,     RMSE: 0.2879, MAE: 0.1413
  Val   - Data Loss (MIXMSE): 0.2150, GD: 9.1336e+06,     RMSE: 0.3018, MAE: 0.1533
----------------------------------------------------------------------
Epoch  32/50 | Train Loss: 0.2028 | Val Loss: 0.1943 | LR: 0.002443
  Train - Data Loss (MIXMSE): 0.2028, GD: 9.8133e+06,     RMSE: 0.2916, MAE: 0.1423
  Val   - Data Loss (MIXMSE): 0.1943, GD: 1.1427e+07,     RMSE: 0.2869, MAE: 0.1386
----------------------------------------------------------------------
Epoch  33/50 | Train Loss: 0.1933 | Val Loss: 0.1881 | LR: 0.002443
  Train - Data Loss (MIXMSE): 0.1933, GD: 9.6290e+06,     RMSE: 0.2848, MAE: 0.1393
  Val   - Data Loss (MIXMSE): 0.1881, GD: 9.3588e+06,     RMSE: 0.2823, MAE: 0.1365
----------------------------------------------------------------------
Epoch  34/50 | Train Loss: 0.1857 | Val Loss: 0.1963 | LR: 0.002443
  Train - Data Loss (MIXMSE): 0.1857, GD: 9.6420e+06,     RMSE: 0.2794, MAE: 0.1365
  Val   - Data Loss (MIXMSE): 0.1963, GD: 1.0803e+07,     RMSE: 0.2884, MAE: 0.1364
----------------------------------------------------------------------
Epoch  35/50 | Train Loss: 0.1983 | Val Loss: 0.2253 | LR: 0.002443
  Train - Data Loss (MIXMSE): 0.1983, GD: 9.5318e+06,     RMSE: 0.2879, MAE: 0.1407
  Val   - Data Loss (MIXMSE): 0.2253, GD: 8.4995e+06,     RMSE: 0.3091, MAE: 0.1446
----------------------------------------------------------------------
Epoch  36/50 | Train Loss: 0.1944 | Val Loss: 0.1880 | LR: 0.002443
  Train - Data Loss (MIXMSE): 0.1944, GD: 9.5695e+06,     RMSE: 0.2856, MAE: 0.1394
  Val   - Data Loss (MIXMSE): 0.1880, GD: 9.2166e+06,     RMSE: 0.2822, MAE: 0.1333
----------------------------------------------------------------------
Epoch  37/50 | Train Loss: 0.1888 | Val Loss: 0.1967 | LR: 0.002443
  Train - Data Loss (MIXMSE): 0.1888, GD: 9.6447e+06,     RMSE: 0.2814, MAE: 0.1367
  Val   - Data Loss (MIXMSE): 0.1967, GD: 1.0243e+07,     RMSE: 0.2887, MAE: 0.1362
----------------------------------------------------------------------
Epoch  38/50 | Train Loss: 0.1830 | Val Loss: 0.1789 | LR: 0.002443
  Train - Data Loss (MIXMSE): 0.1830, GD: 9.4247e+06,     RMSE: 0.2772, MAE: 0.1352
  Val   - Data Loss (MIXMSE): 0.1789, GD: 8.9632e+06,     RMSE: 0.2753, MAE: 0.1327
----------------------------------------------------------------------
Epoch  39/50 | Train Loss: 0.1816 | Val Loss: 0.1834 | LR: 0.002443
  Train - Data Loss (MIXMSE): 0.1816, GD: 9.4516e+06,     RMSE: 0.2759, MAE: 0.1341
  Val   - Data Loss (MIXMSE): 0.1834, GD: 1.0315e+07,     RMSE: 0.2787, MAE: 0.1320
----------------------------------------------------------------------
Epoch  40/50 | Train Loss: 0.1822 | Val Loss: 0.1789 | LR: 0.002443
  Train - Data Loss (MIXMSE): 0.1822, GD: 9.8708e+06,     RMSE: 0.2766, MAE: 0.1338
  Val   - Data Loss (MIXMSE): 0.1789, GD: 8.8983e+06,     RMSE: 0.2753, MAE: 0.1330
----------------------------------------------------------------------
Epoch  41/50 | Train Loss: 0.1766 | Val Loss: 0.1709 | LR: 0.002443
  Train - Data Loss (MIXMSE): 0.1766, GD: 9.6896e+06,     RMSE: 0.2723, MAE: 0.1324
  Val   - Data Loss (MIXMSE): 0.1709, GD: 9.3260e+06,     RMSE: 0.2691, MAE: 0.1272
----------------------------------------------------------------------
Epoch  42/50 | Train Loss: 0.1762 | Val Loss: 0.1827 | LR: 0.002443
  Train - Data Loss (MIXMSE): 0.1762, GD: 9.7190e+06,     RMSE: 0.2718, MAE: 0.1319
  Val   - Data Loss (MIXMSE): 0.1827, GD: 1.1017e+07,     RMSE: 0.2782, MAE: 0.1313
----------------------------------------------------------------------
Epoch  43/50 | Train Loss: 0.1741 | Val Loss: 0.1865 | LR: 0.002443
  Train - Data Loss (MIXMSE): 0.1741, GD: 9.9411e+06,     RMSE: 0.2703, MAE: 0.1308
  Val   - Data Loss (MIXMSE): 0.1865, GD: 1.0270e+07,     RMSE: 0.2810, MAE: 0.1347
----------------------------------------------------------------------
Epoch  44/50 | Train Loss: 0.1804 | Val Loss: 0.2229 | LR: 0.002443
  Train - Data Loss (MIXMSE): 0.1804, GD: 9.8545e+06,     RMSE: 0.2748, MAE: 0.1330
  Val   - Data Loss (MIXMSE): 0.2229, GD: 7.5094e+06,     RMSE: 0.3074, MAE: 0.1442
----------------------------------------------------------------------
Epoch  45/50 | Train Loss: 0.1835 | Val Loss: 0.1799 | LR: 0.002443
  Train - Data Loss (MIXMSE): 0.1835, GD: 9.8770e+06,     RMSE: 0.2775, MAE: 0.1349
  Val   - Data Loss (MIXMSE): 0.1799, GD: 9.8289e+06,     RMSE: 0.2761, MAE: 0.1289
----------------------------------------------------------------------
Epoch  46/50 | Train Loss: 0.1752 | Val Loss: 0.1780 | LR: 0.002443
  Train - Data Loss (MIXMSE): 0.1752, GD: 9.9661e+06,     RMSE: 0.2711, MAE: 0.1317
  Val   - Data Loss (MIXMSE): 0.1780, GD: 9.3110e+06,     RMSE: 0.2745, MAE: 0.1289
----------------------------------------------------------------------
Epoch  47/50 | Train Loss: 0.1774 | Val Loss: 0.1737 | LR: 0.002443
  Train - Data Loss (MIXMSE): 0.1774, GD: 9.7307e+06,     RMSE: 0.2729, MAE: 0.1320
  Val   - Data Loss (MIXMSE): 0.1737, GD: 1.0287e+07,     RMSE: 0.2713, MAE: 0.1281
----------------------------------------------------------------------
Epoch  48/50 | Train Loss: 0.1713 | Val Loss: 0.1775 | LR: 0.002443
  Train - Data Loss (MIXMSE): 0.1713, GD: 9.8504e+06,     RMSE: 0.2679, MAE: 0.1297
  Val   - Data Loss (MIXMSE): 0.1775, GD: 1.0662e+07,     RMSE: 0.2742, MAE: 0.1319
----------------------------------------------------------------------
Epoch  49/50 | Train Loss: 0.1696 | Val Loss: 0.1785 | LR: 0.002443
  Train - Data Loss (MIXMSE): 0.1696, GD: 1.0074e+07,     RMSE: 0.2668, MAE: 0.1292
  Val   - Data Loss (MIXMSE): 0.1785, GD: 9.1741e+06,     RMSE: 0.2749, MAE: 0.1313
----------------------------------------------------------------------
Epoch  50/50 | Train Loss: 0.1762 | Val Loss: 0.1790 | LR: 0.002443
  Train - Data Loss (MIXMSE): 0.1762, GD: 9.9935e+06,     RMSE: 0.2718, MAE: 0.1319
  Val   - Data Loss (MIXMSE): 0.1790, GD: 1.0029e+07,     RMSE: 0.2754, MAE: 0.1279
----------------------------------------------------------------------

Training complete!
Best validation loss: 0.1709 at epoch 41

Evaluating on test set...
Test Loss: 0.1815
Test MIXMSE: 0.1815, GD: 1.0133e+07,     RMSE: 0.2771, MAE: 0.1282