Starting training for 50 epochs...
--- Optuna Trial 68 ---
Device: cuda
Model parameters: 581,685
----------------------------------------------------------------------
Epoch   1/50 | Train Loss: 1.2617 | Val Loss: 1.1670 | LR: 0.001886
  Train - Data Loss (MIXMSE): 1.2617, GD: 2.4374e+05,     RMSE: 0.7280, MAE: 0.3476
  Val   - Data Loss (MIXMSE): 1.1670, GD: 1.6954e+06,     RMSE: 0.7034, MAE: 0.3343
----------------------------------------------------------------------
Epoch   2/50 | Train Loss: 1.0050 | Val Loss: 0.8987 | LR: 0.001886
  Train - Data Loss (MIXMSE): 1.0050, GD: 1.1306e+07,     RMSE: 0.6494, MAE: 0.3227
  Val   - Data Loss (MIXMSE): 0.8987, GD: 3.2869e+07,     RMSE: 0.6174, MAE: 0.3011
----------------------------------------------------------------------
Epoch   3/50 | Train Loss: 0.7538 | Val Loss: 0.6313 | LR: 0.001886
  Train - Data Loss (MIXMSE): 0.7538, GD: 5.0516e+07,     RMSE: 0.5621, MAE: 0.2868
  Val   - Data Loss (MIXMSE): 0.6313, GD: 4.5616e+07,     RMSE: 0.5175, MAE: 0.2511
----------------------------------------------------------------------
Epoch   4/50 | Train Loss: 0.5270 | Val Loss: 0.4606 | LR: 0.001886
  Train - Data Loss (MIXMSE): 0.5270, GD: 3.9343e+07,     RMSE: 0.4696, MAE: 0.2354
  Val   - Data Loss (MIXMSE): 0.4606, GD: 2.6957e+07,     RMSE: 0.4420, MAE: 0.2194
----------------------------------------------------------------------
Epoch   5/50 | Train Loss: 0.4151 | Val Loss: 0.3996 | LR: 0.001886
  Train - Data Loss (MIXMSE): 0.4151, GD: 2.4658e+07,     RMSE: 0.4169, MAE: 0.2073
  Val   - Data Loss (MIXMSE): 0.3996, GD: 2.7654e+07,     RMSE: 0.4115, MAE: 0.1975
----------------------------------------------------------------------
Epoch   6/50 | Train Loss: 0.3584 | Val Loss: 0.3542 | LR: 0.001886
  Train - Data Loss (MIXMSE): 0.3584, GD: 2.6113e+07,     RMSE: 0.3876, MAE: 0.1929
  Val   - Data Loss (MIXMSE): 0.3542, GD: 3.1760e+07,     RMSE: 0.3874, MAE: 0.1967
----------------------------------------------------------------------
Epoch   7/50 | Train Loss: 0.3163 | Val Loss: 0.3420 | LR: 0.001886
  Train - Data Loss (MIXMSE): 0.3163, GD: 2.6301e+07,     RMSE: 0.3642, MAE: 0.1816
  Val   - Data Loss (MIXMSE): 0.3420, GD: 2.8131e+07,     RMSE: 0.3809, MAE: 0.1887
----------------------------------------------------------------------
Epoch   8/50 | Train Loss: 0.2955 | Val Loss: 0.3184 | LR: 0.001886
  Train - Data Loss (MIXMSE): 0.2955, GD: 2.6659e+07,     RMSE: 0.3519, MAE: 0.1760
  Val   - Data Loss (MIXMSE): 0.3184, GD: 2.5677e+07,     RMSE: 0.3674, MAE: 0.1819
----------------------------------------------------------------------
Epoch   9/50 | Train Loss: 0.2829 | Val Loss: 0.2930 | LR: 0.001886
  Train - Data Loss (MIXMSE): 0.2829, GD: 2.6088e+07,     RMSE: 0.3446, MAE: 0.1726
  Val   - Data Loss (MIXMSE): 0.2930, GD: 2.8070e+07,     RMSE: 0.3524, MAE: 0.1696
----------------------------------------------------------------------
Epoch  10/50 | Train Loss: 0.2716 | Val Loss: 0.2597 | LR: 0.001886
  Train - Data Loss (MIXMSE): 0.2716, GD: 2.5402e+07,     RMSE: 0.3375, MAE: 0.1684
  Val   - Data Loss (MIXMSE): 0.2597, GD: 2.4641e+07,     RMSE: 0.3318, MAE: 0.1616
----------------------------------------------------------------------
Epoch  11/50 | Train Loss: 0.2632 | Val Loss: 0.2789 | LR: 0.001886
  Train - Data Loss (MIXMSE): 0.2632, GD: 2.4760e+07,     RMSE: 0.3322, MAE: 0.1657
  Val   - Data Loss (MIXMSE): 0.2789, GD: 2.3190e+07,     RMSE: 0.3439, MAE: 0.1659
----------------------------------------------------------------------
Epoch  12/50 | Train Loss: 0.2572 | Val Loss: 0.2559 | LR: 0.001886
  Train - Data Loss (MIXMSE): 0.2572, GD: 2.5174e+07,     RMSE: 0.3286, MAE: 0.1630
  Val   - Data Loss (MIXMSE): 0.2559, GD: 2.7039e+07,     RMSE: 0.3293, MAE: 0.1634
----------------------------------------------------------------------
Epoch  13/50 | Train Loss: 0.2551 | Val Loss: 0.2781 | LR: 0.001886
  Train - Data Loss (MIXMSE): 0.2551, GD: 2.4763e+07,     RMSE: 0.3269, MAE: 0.1620
  Val   - Data Loss (MIXMSE): 0.2781, GD: 2.5815e+07,     RMSE: 0.3433, MAE: 0.1659
----------------------------------------------------------------------
Epoch  14/50 | Train Loss: 0.2483 | Val Loss: 0.2666 | LR: 0.001886
  Train - Data Loss (MIXMSE): 0.2483, GD: 2.5274e+07,     RMSE: 0.3228, MAE: 0.1606
  Val   - Data Loss (MIXMSE): 0.2666, GD: 2.1099e+07,     RMSE: 0.3362, MAE: 0.1621
----------------------------------------------------------------------
Epoch  15/50 | Train Loss: 4.6152 | Val Loss: 1.4325 | LR: 0.001886
  Train - Data Loss (MIXMSE): 4.6152, GD: 1.7488e+08,     RMSE: 0.4310, MAE: 0.2292
  Val   - Data Loss (MIXMSE): 1.4325, GD: 5.9306e-24,     RMSE: 0.7793, MAE: 0.3585
----------------------------------------------------------------------
Epoch  16/50 | Train Loss: 1.3685 | Val Loss: 1.3663 | LR: 0.001886
  Train - Data Loss (MIXMSE): 1.3685, GD: 7.6067e+00,     RMSE: 0.7585, MAE: 0.3446
  Val   - Data Loss (MIXMSE): 1.3663, GD: 0.0000e+00,     RMSE: 0.7611, MAE: 0.3465
----------------------------------------------------------------------
Epoch  17/50 | Train Loss: 1.3371 | Val Loss: 1.3587 | LR: 0.001886
  Train - Data Loss (MIXMSE): 1.3371, GD: 0.0000e+00,     RMSE: 0.7499, MAE: 0.3539
  Val   - Data Loss (MIXMSE): 1.3587, GD: 0.0000e+00,     RMSE: 0.7589, MAE: 0.3592
----------------------------------------------------------------------
Epoch  18/50 | Train Loss: 1.3348 | Val Loss: 1.3581 | LR: 0.001886
  Train - Data Loss (MIXMSE): 1.3348, GD: 0.0000e+00,     RMSE: 0.7494, MAE: 0.3615
  Val   - Data Loss (MIXMSE): 1.3581, GD: 0.0000e+00,     RMSE: 0.7588, MAE: 0.3631
----------------------------------------------------------------------
Epoch  19/50 | Train Loss: 1.3347 | Val Loss: 1.3581 | LR: 0.001886
  Train - Data Loss (MIXMSE): 1.3347, GD: 0.0000e+00,     RMSE: 0.7492, MAE: 0.3635
  Val   - Data Loss (MIXMSE): 1.3581, GD: 0.0000e+00,     RMSE: 0.7588, MAE: 0.3636
----------------------------------------------------------------------
Epoch  20/50 | Train Loss: 1.3347 | Val Loss: 1.3581 | LR: 0.001886
  Train - Data Loss (MIXMSE): 1.3347, GD: 0.0000e+00,     RMSE: 0.7491, MAE: 0.3638
  Val   - Data Loss (MIXMSE): 1.3581, GD: 0.0000e+00,     RMSE: 0.7588, MAE: 0.3634
----------------------------------------------------------------------

--- TRIAL PRUNED AT EPOCH 20 ---