Starting training for 50 epochs...
--- Optuna Trial 30 ---
Device: cuda
Model parameters: 40,068
----------------------------------------------------------------------
Epoch   1/50 | Train Loss: 1.2648 | Val Loss: 1.1585 | LR: 0.006510
  Train - Data Loss (MIXMSE): 1.2648, GD: 3.8003e+05,     RMSE: 0.7284, MAE: 0.3474
  Val   - Data Loss (MIXMSE): 1.1585, GD: 2.7667e+06,     RMSE: 0.7010, MAE: 0.3199
----------------------------------------------------------------------
Epoch   2/50 | Train Loss: 0.9568 | Val Loss: 0.7703 | LR: 0.006510
  Train - Data Loss (MIXMSE): 0.9568, GD: 8.3248e+06,     RMSE: 0.6335, MAE: 0.3004
  Val   - Data Loss (MIXMSE): 0.7703, GD: 1.1095e+07,     RMSE: 0.5718, MAE: 0.2698
----------------------------------------------------------------------
Epoch   3/50 | Train Loss: 0.6165 | Val Loss: 0.5550 | LR: 0.006510
  Train - Data Loss (MIXMSE): 0.6165, GD: 1.0907e+07,     RMSE: 0.5079, MAE: 0.2446
  Val   - Data Loss (MIXMSE): 0.5550, GD: 1.0556e+07,     RMSE: 0.4851, MAE: 0.2275
----------------------------------------------------------------------
Epoch   4/50 | Train Loss: 0.4790 | Val Loss: 0.4779 | LR: 0.006510
  Train - Data Loss (MIXMSE): 0.4790, GD: 1.2229e+07,     RMSE: 0.4481, MAE: 0.2171
  Val   - Data Loss (MIXMSE): 0.4779, GD: 9.4671e+06,     RMSE: 0.4501, MAE: 0.2111
----------------------------------------------------------------------
Epoch   5/50 | Train Loss: 0.4240 | Val Loss: 0.4139 | LR: 0.006510
  Train - Data Loss (MIXMSE): 0.4240, GD: 1.1753e+07,     RMSE: 0.4216, MAE: 0.2051
  Val   - Data Loss (MIXMSE): 0.4139, GD: 1.0640e+07,     RMSE: 0.4189, MAE: 0.1994
----------------------------------------------------------------------
Epoch   6/50 | Train Loss: 0.3846 | Val Loss: 0.4423 | LR: 0.006510
  Train - Data Loss (MIXMSE): 0.3846, GD: 1.1674e+07,     RMSE: 0.4018, MAE: 0.1972
  Val   - Data Loss (MIXMSE): 0.4423, GD: 1.0028e+07,     RMSE: 0.4332, MAE: 0.2046
----------------------------------------------------------------------
Epoch   7/50 | Train Loss: 0.3572 | Val Loss: 0.4406 | LR: 0.006510
  Train - Data Loss (MIXMSE): 0.3572, GD: 1.1187e+07,     RMSE: 0.3874, MAE: 0.1900
  Val   - Data Loss (MIXMSE): 0.4406, GD: 7.6410e+06,     RMSE: 0.4323, MAE: 0.2036
----------------------------------------------------------------------
Epoch   8/50 | Train Loss: 0.3668 | Val Loss: 0.5733 | LR: 0.006510
  Train - Data Loss (MIXMSE): 0.3668, GD: 1.1278e+07,     RMSE: 0.3904, MAE: 0.1925
  Val   - Data Loss (MIXMSE): 0.5733, GD: 8.6933e+06,     RMSE: 0.4932, MAE: 0.2353
----------------------------------------------------------------------
Epoch   9/50 | Train Loss: 0.3484 | Val Loss: 0.3482 | LR: 0.006510
  Train - Data Loss (MIXMSE): 0.3484, GD: 1.1515e+07,     RMSE: 0.3821, MAE: 0.1892
  Val   - Data Loss (MIXMSE): 0.3482, GD: 9.0563e+06,     RMSE: 0.3841, MAE: 0.1805
----------------------------------------------------------------------
Epoch  10/50 | Train Loss: 0.3280 | Val Loss: 0.3164 | LR: 0.006510
  Train - Data Loss (MIXMSE): 0.3280, GD: 1.1311e+07,     RMSE: 0.3705, MAE: 0.1829
  Val   - Data Loss (MIXMSE): 0.3164, GD: 9.8815e+06,     RMSE: 0.3661, MAE: 0.1764
----------------------------------------------------------------------
Epoch  11/50 | Train Loss: 0.3035 | Val Loss: 0.3142 | LR: 0.006510
  Train - Data Loss (MIXMSE): 0.3035, GD: 1.0954e+07,     RMSE: 0.3569, MAE: 0.1773
  Val   - Data Loss (MIXMSE): 0.3142, GD: 1.0949e+07,     RMSE: 0.3648, MAE: 0.1840
----------------------------------------------------------------------
Epoch  12/50 | Train Loss: 0.2930 | Val Loss: 0.3287 | LR: 0.006510
  Train - Data Loss (MIXMSE): 0.2930, GD: 1.1140e+07,     RMSE: 0.3506, MAE: 0.1743
  Val   - Data Loss (MIXMSE): 0.3287, GD: 1.0169e+07,     RMSE: 0.3731, MAE: 0.1827
----------------------------------------------------------------------
Epoch  13/50 | Train Loss: 0.2871 | Val Loss: 0.3024 | LR: 0.006510
  Train - Data Loss (MIXMSE): 0.2871, GD: 1.1035e+07,     RMSE: 0.3470, MAE: 0.1726
  Val   - Data Loss (MIXMSE): 0.3024, GD: 1.0334e+07,     RMSE: 0.3580, MAE: 0.1708
----------------------------------------------------------------------
Epoch  14/50 | Train Loss: 0.2808 | Val Loss: 0.2761 | LR: 0.006510
  Train - Data Loss (MIXMSE): 0.2808, GD: 1.1525e+07,     RMSE: 0.3433, MAE: 0.1704
  Val   - Data Loss (MIXMSE): 0.2761, GD: 1.2017e+07,     RMSE: 0.3419, MAE: 0.1664
----------------------------------------------------------------------
Epoch  15/50 | Train Loss: 0.3127 | Val Loss: 0.2726 | LR: 0.006510
  Train - Data Loss (MIXMSE): 0.3127, GD: 1.1631e+07,     RMSE: 0.3607, MAE: 0.1763
  Val   - Data Loss (MIXMSE): 0.2726, GD: 1.0574e+07,     RMSE: 0.3398, MAE: 0.1638
----------------------------------------------------------------------
Epoch  16/50 | Train Loss: 0.2686 | Val Loss: 0.2863 | LR: 0.006510
  Train - Data Loss (MIXMSE): 0.2686, GD: 1.0719e+07,     RMSE: 0.3358, MAE: 0.1668
  Val   - Data Loss (MIXMSE): 0.2863, GD: 9.3131e+06,     RMSE: 0.3483, MAE: 0.1670
----------------------------------------------------------------------
Epoch  17/50 | Train Loss: 0.2703 | Val Loss: 0.2776 | LR: 0.006510
  Train - Data Loss (MIXMSE): 0.2703, GD: 1.0613e+07,     RMSE: 0.3368, MAE: 0.1665
  Val   - Data Loss (MIXMSE): 0.2776, GD: 9.6028e+06,     RMSE: 0.3430, MAE: 0.1670
----------------------------------------------------------------------
Epoch  18/50 | Train Loss: 0.2535 | Val Loss: 0.2648 | LR: 0.006510
  Train - Data Loss (MIXMSE): 0.2535, GD: 1.0680e+07,     RMSE: 0.3263, MAE: 0.1621
  Val   - Data Loss (MIXMSE): 0.2648, GD: 1.2263e+07,     RMSE: 0.3349, MAE: 0.1602
----------------------------------------------------------------------
Epoch  19/50 | Train Loss: 0.2511 | Val Loss: 0.2870 | LR: 0.006510
  Train - Data Loss (MIXMSE): 0.2511, GD: 1.0970e+07,     RMSE: 0.3245, MAE: 0.1613
  Val   - Data Loss (MIXMSE): 0.2870, GD: 1.3212e+07,     RMSE: 0.3486, MAE: 0.1698
----------------------------------------------------------------------
Epoch  20/50 | Train Loss: 0.2503 | Val Loss: 0.2685 | LR: 0.006510
  Train - Data Loss (MIXMSE): 0.2503, GD: 1.0895e+07,     RMSE: 0.3243, MAE: 0.1618
  Val   - Data Loss (MIXMSE): 0.2685, GD: 1.1408e+07,     RMSE: 0.3372, MAE: 0.1641
----------------------------------------------------------------------
Epoch  21/50 | Train Loss: 0.2576 | Val Loss: 0.2869 | LR: 0.006510
  Train - Data Loss (MIXMSE): 0.2576, GD: 1.1040e+07,     RMSE: 0.3287, MAE: 0.1632
  Val   - Data Loss (MIXMSE): 0.2869, GD: 9.6738e+06,     RMSE: 0.3486, MAE: 0.1671
----------------------------------------------------------------------
Epoch  22/50 | Train Loss: 0.2605 | Val Loss: 0.2691 | LR: 0.006510
  Train - Data Loss (MIXMSE): 0.2605, GD: 1.0811e+07,     RMSE: 0.3304, MAE: 0.1636
  Val   - Data Loss (MIXMSE): 0.2691, GD: 1.1322e+07,     RMSE: 0.3376, MAE: 0.1652
----------------------------------------------------------------------
Epoch  23/50 | Train Loss: 0.2479 | Val Loss: 0.2671 | LR: 0.006510
  Train - Data Loss (MIXMSE): 0.2479, GD: 1.0561e+07,     RMSE: 0.3227, MAE: 0.1600
  Val   - Data Loss (MIXMSE): 0.2671, GD: 9.1847e+06,     RMSE: 0.3363, MAE: 0.1656
----------------------------------------------------------------------
Epoch  24/50 | Train Loss: 0.2514 | Val Loss: 0.2645 | LR: 0.006510
  Train - Data Loss (MIXMSE): 0.2514, GD: 1.0758e+07,     RMSE: 0.3242, MAE: 0.1616
  Val   - Data Loss (MIXMSE): 0.2645, GD: 9.7755e+06,     RMSE: 0.3345, MAE: 0.1619
----------------------------------------------------------------------
Epoch  25/50 | Train Loss: 0.2387 | Val Loss: 0.2450 | LR: 0.006510
  Train - Data Loss (MIXMSE): 0.2387, GD: 1.0728e+07,     RMSE: 0.3166, MAE: 0.1576
  Val   - Data Loss (MIXMSE): 0.2450, GD: 1.1545e+07,     RMSE: 0.3220, MAE: 0.1549
----------------------------------------------------------------------
Epoch  26/50 | Train Loss: 0.2443 | Val Loss: 0.2578 | LR: 0.006510
  Train - Data Loss (MIXMSE): 0.2443, GD: 1.0597e+07,     RMSE: 0.3199, MAE: 0.1591
  Val   - Data Loss (MIXMSE): 0.2578, GD: 1.1394e+07,     RMSE: 0.3304, MAE: 0.1590
----------------------------------------------------------------------
Epoch  27/50 | Train Loss: 0.2392 | Val Loss: 0.2583 | LR: 0.006510
  Train - Data Loss (MIXMSE): 0.2392, GD: 1.0339e+07,     RMSE: 0.3169, MAE: 0.1569
  Val   - Data Loss (MIXMSE): 0.2583, GD: 9.8266e+06,     RMSE: 0.3306, MAE: 0.1626
----------------------------------------------------------------------
Epoch  28/50 | Train Loss: 0.6605 | Val Loss: 1.3581 | LR: 0.006510
  Train - Data Loss (MIXMSE): 0.6605, GD: 7.1901e+06,     RMSE: 0.4709, MAE: 0.2276
  Val   - Data Loss (MIXMSE): 1.3581, GD: 1.9929e+00,     RMSE: 0.7588, MAE: 0.3624
----------------------------------------------------------------------
Epoch  29/50 | Train Loss: 1.2344 | Val Loss: 0.9969 | LR: 0.006510
  Train - Data Loss (MIXMSE): 1.2344, GD: 2.0920e+06,     RMSE: 0.7197, MAE: 0.3430
  Val   - Data Loss (MIXMSE): 0.9969, GD: 5.2153e+06,     RMSE: 0.6502, MAE: 0.2926
----------------------------------------------------------------------
Epoch  30/50 | Train Loss: 0.8665 | Val Loss: 0.7902 | LR: 0.006510
  Train - Data Loss (MIXMSE): 0.8665, GD: 3.9283e+06,     RMSE: 0.6029, MAE: 0.2827
  Val   - Data Loss (MIXMSE): 0.7902, GD: 5.3712e+06,     RMSE: 0.5788, MAE: 0.2670
----------------------------------------------------------------------
Epoch  31/50 | Train Loss: 0.6829 | Val Loss: 0.6129 | LR: 0.006510
  Train - Data Loss (MIXMSE): 0.6829, GD: 5.8469e+06,     RMSE: 0.5354, MAE: 0.2524
  Val   - Data Loss (MIXMSE): 0.6129, GD: 5.7012e+06,     RMSE: 0.5096, MAE: 0.2388
----------------------------------------------------------------------

--- TRIAL PRUNED AT EPOCH 31 ---