Starting training for 50 epochs...
--- Optuna Trial 57 ---
Device: cuda
Model parameters: 581,685
----------------------------------------------------------------------
Epoch   1/50 | Train Loss: 1.2933 | Val Loss: 1.2420 | LR: 0.000650
  Train - Data Loss (MIXMSE): 1.2933, GD: 1.8184e+04,     RMSE: 0.7371, MAE: 0.3537
  Val   - Data Loss (MIXMSE): 1.2420, GD: 4.0977e+04,     RMSE: 0.7257, MAE: 0.3289
----------------------------------------------------------------------
Epoch   2/50 | Train Loss: 1.1227 | Val Loss: 1.0165 | LR: 0.000650
  Train - Data Loss (MIXMSE): 1.1227, GD: 1.9671e+05,     RMSE: 0.6865, MAE: 0.3332
  Val   - Data Loss (MIXMSE): 1.0165, GD: 5.9776e+05,     RMSE: 0.6566, MAE: 0.3186
----------------------------------------------------------------------
Epoch   3/50 | Train Loss: 0.9475 | Val Loss: 0.9175 | LR: 0.000650
  Train - Data Loss (MIXMSE): 0.9475, GD: 2.7116e+06,     RMSE: 0.6308, MAE: 0.3229
  Val   - Data Loss (MIXMSE): 0.9175, GD: 7.7145e+06,     RMSE: 0.6238, MAE: 0.3238
----------------------------------------------------------------------
Epoch   4/50 | Train Loss: 0.8244 | Val Loss: 0.7869 | LR: 0.000650
  Train - Data Loss (MIXMSE): 0.8244, GD: 1.1309e+07,     RMSE: 0.5881, MAE: 0.3045
  Val   - Data Loss (MIXMSE): 0.7869, GD: 1.8466e+07,     RMSE: 0.5777, MAE: 0.2983
----------------------------------------------------------------------
Epoch   5/50 | Train Loss: 0.7103 | Val Loss: 0.6770 | LR: 0.000650
  Train - Data Loss (MIXMSE): 0.7103, GD: 2.5372e+07,     RMSE: 0.5454, MAE: 0.2811
  Val   - Data Loss (MIXMSE): 0.6770, GD: 2.4319e+07,     RMSE: 0.5360, MAE: 0.2584
----------------------------------------------------------------------

--- TRIAL PRUNED AT EPOCH 5 ---