Starting training for 50 epochs...
--- Optuna Trial 53 ---
Device: cuda
Model parameters: 581,685
----------------------------------------------------------------------
Epoch   1/50 | Train Loss: 1.2736 | Val Loss: 1.2151 | LR: 0.001229
  Train - Data Loss (MIXMSE): 1.2736, GD: 5.4812e+04,     RMSE: 0.7311, MAE: 0.3482
  Val   - Data Loss (MIXMSE): 1.2151, GD: 3.5058e+05,     RMSE: 0.7178, MAE: 0.3493
----------------------------------------------------------------------
Epoch   2/50 | Train Loss: 1.0563 | Val Loss: 0.9536 | LR: 0.001229
  Train - Data Loss (MIXMSE): 1.0563, GD: 1.8882e+06,     RMSE: 0.6658, MAE: 0.3312
  Val   - Data Loss (MIXMSE): 0.9536, GD: 3.4836e+06,     RMSE: 0.6361, MAE: 0.3179
----------------------------------------------------------------------
Epoch   3/50 | Train Loss: 0.8378 | Val Loss: 0.7953 | LR: 0.001229
  Train - Data Loss (MIXMSE): 0.8378, GD: 1.2788e+07,     RMSE: 0.5931, MAE: 0.3072
  Val   - Data Loss (MIXMSE): 0.7953, GD: 2.4834e+07,     RMSE: 0.5808, MAE: 0.2956
----------------------------------------------------------------------
Epoch   4/50 | Train Loss: 0.6639 | Val Loss: 0.5595 | LR: 0.001229
  Train - Data Loss (MIXMSE): 0.6639, GD: 3.4934e+07,     RMSE: 0.5269, MAE: 0.2710
  Val   - Data Loss (MIXMSE): 0.5595, GD: 1.4150e+07,     RMSE: 0.4872, MAE: 0.2337
----------------------------------------------------------------------
Epoch   5/50 | Train Loss: 0.4779 | Val Loss: 0.4285 | LR: 0.001229
  Train - Data Loss (MIXMSE): 0.4779, GD: 1.5086e+07,     RMSE: 0.4473, MAE: 0.2238
  Val   - Data Loss (MIXMSE): 0.4285, GD: 1.4799e+07,     RMSE: 0.4264, MAE: 0.2068
----------------------------------------------------------------------
Epoch   6/50 | Train Loss: 0.3986 | Val Loss: 0.3621 | LR: 0.001229
  Train - Data Loss (MIXMSE): 0.3986, GD: 1.9253e+07,     RMSE: 0.4088, MAE: 0.2031
  Val   - Data Loss (MIXMSE): 0.3621, GD: 2.5132e+07,     RMSE: 0.3920, MAE: 0.1872
----------------------------------------------------------------------
Epoch   7/50 | Train Loss: 0.3463 | Val Loss: 0.3263 | LR: 0.001229
  Train - Data Loss (MIXMSE): 0.3463, GD: 2.4774e+07,     RMSE: 0.3810, MAE: 0.1885
  Val   - Data Loss (MIXMSE): 0.3263, GD: 2.5492e+07,     RMSE: 0.3721, MAE: 0.1834
----------------------------------------------------------------------
Epoch   8/50 | Train Loss: 0.3100 | Val Loss: 0.3380 | LR: 0.001229
  Train - Data Loss (MIXMSE): 0.3100, GD: 2.6676e+07,     RMSE: 0.3606, MAE: 0.1782
  Val   - Data Loss (MIXMSE): 0.3380, GD: 2.3287e+07,     RMSE: 0.3787, MAE: 0.1911
----------------------------------------------------------------------
Epoch   9/50 | Train Loss: 0.2951 | Val Loss: 0.2988 | LR: 0.001229
  Train - Data Loss (MIXMSE): 0.2951, GD: 2.4321e+07,     RMSE: 0.3514, MAE: 0.1737
  Val   - Data Loss (MIXMSE): 0.2988, GD: 2.2624e+07,     RMSE: 0.3560, MAE: 0.1655
----------------------------------------------------------------------
Epoch  10/50 | Train Loss: 0.2667 | Val Loss: 0.2792 | LR: 0.001229
  Train - Data Loss (MIXMSE): 0.2667, GD: 2.4388e+07,     RMSE: 0.3344, MAE: 0.1651
  Val   - Data Loss (MIXMSE): 0.2792, GD: 2.5931e+07,     RMSE: 0.3441, MAE: 0.1655
----------------------------------------------------------------------
Epoch  11/50 | Train Loss: 0.2634 | Val Loss: 0.2625 | LR: 0.001229
  Train - Data Loss (MIXMSE): 0.2634, GD: 2.3685e+07,     RMSE: 0.3322, MAE: 0.1647
  Val   - Data Loss (MIXMSE): 0.2625, GD: 2.3029e+07,     RMSE: 0.3337, MAE: 0.1569
----------------------------------------------------------------------
Epoch  12/50 | Train Loss: 0.2455 | Val Loss: 0.2404 | LR: 0.001229
  Train - Data Loss (MIXMSE): 0.2455, GD: 2.3113e+07,     RMSE: 0.3208, MAE: 0.1594
  Val   - Data Loss (MIXMSE): 0.2404, GD: 2.3673e+07,     RMSE: 0.3193, MAE: 0.1534
----------------------------------------------------------------------
Epoch  13/50 | Train Loss: 0.2365 | Val Loss: 0.2783 | LR: 0.001229
  Train - Data Loss (MIXMSE): 0.2365, GD: 2.2923e+07,     RMSE: 0.3150, MAE: 0.1555
  Val   - Data Loss (MIXMSE): 0.2783, GD: 2.3787e+07,     RMSE: 0.3434, MAE: 0.1616
----------------------------------------------------------------------
Epoch  14/50 | Train Loss: 0.2388 | Val Loss: 0.2488 | LR: 0.001229
  Train - Data Loss (MIXMSE): 0.2388, GD: 2.2514e+07,     RMSE: 0.3163, MAE: 0.1571
  Val   - Data Loss (MIXMSE): 0.2488, GD: 2.0626e+07,     RMSE: 0.3247, MAE: 0.1575
----------------------------------------------------------------------
Epoch  15/50 | Train Loss: 0.2219 | Val Loss: 0.2332 | LR: 0.001229
  Train - Data Loss (MIXMSE): 0.2219, GD: 2.2467e+07,     RMSE: 0.3050, MAE: 0.1514
  Val   - Data Loss (MIXMSE): 0.2332, GD: 2.0881e+07,     RMSE: 0.3146, MAE: 0.1488
----------------------------------------------------------------------
Epoch  16/50 | Train Loss: 0.2163 | Val Loss: 0.2134 | LR: 0.001229
  Train - Data Loss (MIXMSE): 0.2163, GD: 2.2522e+07,     RMSE: 0.3011, MAE: 0.1490
  Val   - Data Loss (MIXMSE): 0.2134, GD: 2.1472e+07,     RMSE: 0.3007, MAE: 0.1456
----------------------------------------------------------------------
Epoch  17/50 | Train Loss: 0.2231 | Val Loss: 0.2283 | LR: 0.001229
  Train - Data Loss (MIXMSE): 0.2231, GD: 2.2507e+07,     RMSE: 0.3057, MAE: 0.1508
  Val   - Data Loss (MIXMSE): 0.2283, GD: 2.4606e+07,     RMSE: 0.3111, MAE: 0.1504
----------------------------------------------------------------------
Epoch  18/50 | Train Loss: 0.2208 | Val Loss: 0.2114 | LR: 0.001229
  Train - Data Loss (MIXMSE): 0.2208, GD: 2.2124e+07,     RMSE: 0.3042, MAE: 0.1505
  Val   - Data Loss (MIXMSE): 0.2114, GD: 2.0815e+07,     RMSE: 0.2993, MAE: 0.1451
----------------------------------------------------------------------
Epoch  19/50 | Train Loss: 0.2049 | Val Loss: 0.2118 | LR: 0.001229
  Train - Data Loss (MIXMSE): 0.2049, GD: 2.2228e+07,     RMSE: 0.2929, MAE: 0.1441
  Val   - Data Loss (MIXMSE): 0.2118, GD: 2.1177e+07,     RMSE: 0.2995, MAE: 0.1438
----------------------------------------------------------------------
Epoch  20/50 | Train Loss: 0.2101 | Val Loss: 0.2138 | LR: 0.001229
  Train - Data Loss (MIXMSE): 0.2101, GD: 2.2233e+07,     RMSE: 0.2969, MAE: 0.1465
  Val   - Data Loss (MIXMSE): 0.2138, GD: 2.2136e+07,     RMSE: 0.3010, MAE: 0.1473
----------------------------------------------------------------------
Epoch  21/50 | Train Loss: 0.1994 | Val Loss: 0.2159 | LR: 0.001229
  Train - Data Loss (MIXMSE): 0.1994, GD: 2.2566e+07,     RMSE: 0.2892, MAE: 0.1425
  Val   - Data Loss (MIXMSE): 0.2159, GD: 2.2430e+07,     RMSE: 0.3026, MAE: 0.1450
----------------------------------------------------------------------
Epoch  22/50 | Train Loss: 0.1949 | Val Loss: 0.2122 | LR: 0.001229
  Train - Data Loss (MIXMSE): 0.1949, GD: 2.3320e+07,     RMSE: 0.2858, MAE: 0.1399
  Val   - Data Loss (MIXMSE): 0.2122, GD: 2.1979e+07,     RMSE: 0.3000, MAE: 0.1409
----------------------------------------------------------------------
Epoch  23/50 | Train Loss: 0.1950 | Val Loss: 0.2259 | LR: 0.001229
  Train - Data Loss (MIXMSE): 0.1950, GD: 2.3115e+07,     RMSE: 0.2860, MAE: 0.1404
  Val   - Data Loss (MIXMSE): 0.2259, GD: 2.0629e+07,     RMSE: 0.3096, MAE: 0.1480
----------------------------------------------------------------------
Epoch  24/50 | Train Loss: 0.2037 | Val Loss: 0.2001 | LR: 0.001229
  Train - Data Loss (MIXMSE): 0.2037, GD: 2.3199e+07,     RMSE: 0.2920, MAE: 0.1432
  Val   - Data Loss (MIXMSE): 0.2001, GD: 2.5368e+07,     RMSE: 0.2910, MAE: 0.1411
----------------------------------------------------------------------
Epoch  25/50 | Train Loss: 0.1947 | Val Loss: 0.1970 | LR: 0.001229
  Train - Data Loss (MIXMSE): 0.1947, GD: 2.3136e+07,     RMSE: 0.2855, MAE: 0.1396
  Val   - Data Loss (MIXMSE): 0.1970, GD: 2.4162e+07,     RMSE: 0.2889, MAE: 0.1372
----------------------------------------------------------------------
Epoch  26/50 | Train Loss: 0.1959 | Val Loss: 0.1964 | LR: 0.001229
  Train - Data Loss (MIXMSE): 0.1959, GD: 2.3011e+07,     RMSE: 0.2864, MAE: 0.1403
  Val   - Data Loss (MIXMSE): 0.1964, GD: 2.2885e+07,     RMSE: 0.2886, MAE: 0.1358
----------------------------------------------------------------------
Epoch  27/50 | Train Loss: 0.1904 | Val Loss: 0.1840 | LR: 0.001229
  Train - Data Loss (MIXMSE): 0.1904, GD: 2.3590e+07,     RMSE: 0.2821, MAE: 0.1378
  Val   - Data Loss (MIXMSE): 0.1840, GD: 2.2651e+07,     RMSE: 0.2792, MAE: 0.1341
----------------------------------------------------------------------
Epoch  28/50 | Train Loss: 0.1813 | Val Loss: 0.2147 | LR: 0.001229
  Train - Data Loss (MIXMSE): 0.1813, GD: 2.3248e+07,     RMSE: 0.2757, MAE: 0.1350
  Val   - Data Loss (MIXMSE): 0.2147, GD: 2.5448e+07,     RMSE: 0.3014, MAE: 0.1378
----------------------------------------------------------------------
Epoch  29/50 | Train Loss: 0.1825 | Val Loss: 0.1859 | LR: 0.001229
  Train - Data Loss (MIXMSE): 0.1825, GD: 2.3614e+07,     RMSE: 0.2764, MAE: 0.1349
  Val   - Data Loss (MIXMSE): 0.1859, GD: 2.2737e+07,     RMSE: 0.2808, MAE: 0.1332
----------------------------------------------------------------------
Epoch  30/50 | Train Loss: 0.1820 | Val Loss: 0.1945 | LR: 0.001229
  Train - Data Loss (MIXMSE): 0.1820, GD: 2.2513e+07,     RMSE: 0.2761, MAE: 0.1344
  Val   - Data Loss (MIXMSE): 0.1945, GD: 1.9798e+07,     RMSE: 0.2872, MAE: 0.1362
----------------------------------------------------------------------
Epoch  31/50 | Train Loss: 0.1747 | Val Loss: 0.1864 | LR: 0.001229
  Train - Data Loss (MIXMSE): 0.1747, GD: 2.2242e+07,     RMSE: 0.2709, MAE: 0.1321
  Val   - Data Loss (MIXMSE): 0.1864, GD: 2.3578e+07,     RMSE: 0.2811, MAE: 0.1335
----------------------------------------------------------------------
Epoch  32/50 | Train Loss: 0.1790 | Val Loss: 0.1806 | LR: 0.001229
  Train - Data Loss (MIXMSE): 0.1790, GD: 2.2359e+07,     RMSE: 0.2738, MAE: 0.1335
  Val   - Data Loss (MIXMSE): 0.1806, GD: 2.1203e+07,     RMSE: 0.2766, MAE: 0.1311
----------------------------------------------------------------------
Epoch  33/50 | Train Loss: 0.1809 | Val Loss: 0.1876 | LR: 0.001229
  Train - Data Loss (MIXMSE): 0.1809, GD: 2.1675e+07,     RMSE: 0.2755, MAE: 0.1337
  Val   - Data Loss (MIXMSE): 0.1876, GD: 2.4488e+07,     RMSE: 0.2819, MAE: 0.1322
----------------------------------------------------------------------
Epoch  34/50 | Train Loss: 0.1794 | Val Loss: 0.1742 | LR: 0.001229
  Train - Data Loss (MIXMSE): 0.1794, GD: 2.1524e+07,     RMSE: 0.2743, MAE: 0.1330
  Val   - Data Loss (MIXMSE): 0.1742, GD: 2.1750e+07,     RMSE: 0.2716, MAE: 0.1277
----------------------------------------------------------------------
Epoch  35/50 | Train Loss: 0.1690 | Val Loss: 0.1827 | LR: 0.001229
  Train - Data Loss (MIXMSE): 0.1690, GD: 2.1429e+07,     RMSE: 0.2662, MAE: 0.1288
  Val   - Data Loss (MIXMSE): 0.1827, GD: 2.2270e+07,     RMSE: 0.2781, MAE: 0.1286
----------------------------------------------------------------------
Epoch  36/50 | Train Loss: 0.1650 | Val Loss: 0.1813 | LR: 0.001229
  Train - Data Loss (MIXMSE): 0.1650, GD: 2.2010e+07,     RMSE: 0.2630, MAE: 0.1271
  Val   - Data Loss (MIXMSE): 0.1813, GD: 2.5395e+07,     RMSE: 0.2771, MAE: 0.1309
----------------------------------------------------------------------
Epoch  37/50 | Train Loss: 0.1670 | Val Loss: 0.1722 | LR: 0.001229
  Train - Data Loss (MIXMSE): 0.1670, GD: 2.1601e+07,     RMSE: 0.2646, MAE: 0.1280
  Val   - Data Loss (MIXMSE): 0.1722, GD: 2.3055e+07,     RMSE: 0.2701, MAE: 0.1271
----------------------------------------------------------------------
Epoch  38/50 | Train Loss: 0.1639 | Val Loss: 0.1856 | LR: 0.001229
  Train - Data Loss (MIXMSE): 0.1639, GD: 2.1923e+07,     RMSE: 0.2622, MAE: 0.1263
  Val   - Data Loss (MIXMSE): 0.1856, GD: 1.9880e+07,     RMSE: 0.2805, MAE: 0.1301
----------------------------------------------------------------------
Epoch  39/50 | Train Loss: 0.1603 | Val Loss: 0.1647 | LR: 0.001229
  Train - Data Loss (MIXMSE): 0.1603, GD: 2.1639e+07,     RMSE: 0.2594, MAE: 0.1244
  Val   - Data Loss (MIXMSE): 0.1647, GD: 2.4061e+07,     RMSE: 0.2641, MAE: 0.1225
----------------------------------------------------------------------
Epoch  40/50 | Train Loss: 0.1600 | Val Loss: 0.1773 | LR: 0.001229
  Train - Data Loss (MIXMSE): 0.1600, GD: 2.2181e+07,     RMSE: 0.2590, MAE: 0.1240
  Val   - Data Loss (MIXMSE): 0.1773, GD: 2.0393e+07,     RMSE: 0.2741, MAE: 0.1317
----------------------------------------------------------------------
Epoch  41/50 | Train Loss: 0.1641 | Val Loss: 0.1582 | LR: 0.001229
  Train - Data Loss (MIXMSE): 0.1641, GD: 2.2166e+07,     RMSE: 0.2622, MAE: 0.1262
  Val   - Data Loss (MIXMSE): 0.1582, GD: 2.5345e+07,     RMSE: 0.2589, MAE: 0.1230
----------------------------------------------------------------------
Epoch  42/50 | Train Loss: 0.1563 | Val Loss: 0.1687 | LR: 0.001229
  Train - Data Loss (MIXMSE): 0.1563, GD: 2.1859e+07,     RMSE: 0.2559, MAE: 0.1226
  Val   - Data Loss (MIXMSE): 0.1687, GD: 2.1537e+07,     RMSE: 0.2674, MAE: 0.1267
----------------------------------------------------------------------
Epoch  43/50 | Train Loss: 0.1570 | Val Loss: 0.1586 | LR: 0.001229
  Train - Data Loss (MIXMSE): 0.1570, GD: 2.1882e+07,     RMSE: 0.2566, MAE: 0.1227
  Val   - Data Loss (MIXMSE): 0.1586, GD: 2.0720e+07,     RMSE: 0.2592, MAE: 0.1203
----------------------------------------------------------------------
Epoch  44/50 | Train Loss: 0.1575 | Val Loss: 0.1592 | LR: 0.001229
  Train - Data Loss (MIXMSE): 0.1575, GD: 2.2083e+07,     RMSE: 0.2570, MAE: 0.1230
  Val   - Data Loss (MIXMSE): 0.1592, GD: 2.4027e+07,     RMSE: 0.2596, MAE: 0.1214
----------------------------------------------------------------------
Epoch  45/50 | Train Loss: 0.1551 | Val Loss: 0.1535 | LR: 0.001229
  Train - Data Loss (MIXMSE): 0.1551, GD: 2.2093e+07,     RMSE: 0.2548, MAE: 0.1214
  Val   - Data Loss (MIXMSE): 0.1535, GD: 2.1269e+07,     RMSE: 0.2550, MAE: 0.1176
----------------------------------------------------------------------
Epoch  46/50 | Train Loss: 0.1516 | Val Loss: 0.1644 | LR: 0.001229
  Train - Data Loss (MIXMSE): 0.1516, GD: 2.1740e+07,     RMSE: 0.2520, MAE: 0.1199
  Val   - Data Loss (MIXMSE): 0.1644, GD: 2.3711e+07,     RMSE: 0.2639, MAE: 0.1236
----------------------------------------------------------------------
Epoch  47/50 | Train Loss: 0.1532 | Val Loss: 0.1660 | LR: 0.001229
  Train - Data Loss (MIXMSE): 0.1532, GD: 2.1928e+07,     RMSE: 0.2535, MAE: 0.1208
  Val   - Data Loss (MIXMSE): 0.1660, GD: 2.2809e+07,     RMSE: 0.2652, MAE: 0.1227
----------------------------------------------------------------------
Epoch  48/50 | Train Loss: 0.1527 | Val Loss: 0.1773 | LR: 0.001229
  Train - Data Loss (MIXMSE): 0.1527, GD: 2.1773e+07,     RMSE: 0.2530, MAE: 0.1202
  Val   - Data Loss (MIXMSE): 0.1773, GD: 2.2908e+07,     RMSE: 0.2742, MAE: 0.1279
----------------------------------------------------------------------
Epoch  49/50 | Train Loss: 0.1508 | Val Loss: 0.1513 | LR: 0.001229
  Train - Data Loss (MIXMSE): 0.1508, GD: 2.2047e+07,     RMSE: 0.2512, MAE: 0.1189
  Val   - Data Loss (MIXMSE): 0.1513, GD: 1.9999e+07,     RMSE: 0.2531, MAE: 0.1186
----------------------------------------------------------------------
Epoch  50/50 | Train Loss: 0.1473 | Val Loss: 0.1756 | LR: 0.001229
  Train - Data Loss (MIXMSE): 0.1473, GD: 2.2201e+07,     RMSE: 0.2484, MAE: 0.1177
  Val   - Data Loss (MIXMSE): 0.1756, GD: 1.9686e+07,     RMSE: 0.2727, MAE: 0.1269
----------------------------------------------------------------------

Training complete!
Best validation loss: 0.1513 at epoch 49

Evaluating on test set...
Test Loss: 0.1753
Test MIXMSE: 0.1753, GD: 1.9852e+07,     RMSE: 0.2726, MAE: 0.1267