Starting training for 50 epochs...
--- Optuna Trial 62 ---
Device: cuda
Model parameters: 581,685
----------------------------------------------------------------------
Epoch   1/50 | Train Loss: 1.2472 | Val Loss: 1.1548 | LR: 0.001066
  Train - Data Loss (MIXMSE): 1.2472, GD: 7.3136e+04,     RMSE: 0.7241, MAE: 0.3480
  Val   - Data Loss (MIXMSE): 1.1548, GD: 9.6170e+04,     RMSE: 0.6997, MAE: 0.3507
----------------------------------------------------------------------
Epoch   2/50 | Train Loss: 1.0332 | Val Loss: 0.9383 | LR: 0.001066
  Train - Data Loss (MIXMSE): 1.0332, GD: 8.0687e+05,     RMSE: 0.6582, MAE: 0.3281
  Val   - Data Loss (MIXMSE): 0.9383, GD: 2.0860e+06,     RMSE: 0.6308, MAE: 0.3150
----------------------------------------------------------------------
Epoch   3/50 | Train Loss: 0.8651 | Val Loss: 0.7836 | LR: 0.001066
  Train - Data Loss (MIXMSE): 0.8651, GD: 5.9729e+06,     RMSE: 0.6021, MAE: 0.3103
  Val   - Data Loss (MIXMSE): 0.7836, GD: 1.1937e+07,     RMSE: 0.5766, MAE: 0.2944
----------------------------------------------------------------------
Epoch   4/50 | Train Loss: 0.7175 | Val Loss: 0.6466 | LR: 0.001066
  Train - Data Loss (MIXMSE): 0.7175, GD: 2.1808e+07,     RMSE: 0.5488, MAE: 0.2850
  Val   - Data Loss (MIXMSE): 0.6466, GD: 2.6058e+07,     RMSE: 0.5237, MAE: 0.2582
----------------------------------------------------------------------
Epoch   5/50 | Train Loss: 0.5373 | Val Loss: 0.4845 | LR: 0.001066
  Train - Data Loss (MIXMSE): 0.5373, GD: 2.1329e+07,     RMSE: 0.4744, MAE: 0.2387
  Val   - Data Loss (MIXMSE): 0.4845, GD: 2.3305e+07,     RMSE: 0.4534, MAE: 0.2160
----------------------------------------------------------------------
Epoch   6/50 | Train Loss: 0.4324 | Val Loss: 0.4271 | LR: 0.001066
  Train - Data Loss (MIXMSE): 0.4324, GD: 4.1025e+07,     RMSE: 0.4253, MAE: 0.2129
  Val   - Data Loss (MIXMSE): 0.4271, GD: 6.9445e+07,     RMSE: 0.4257, MAE: 0.2015
----------------------------------------------------------------------
Epoch   7/50 | Train Loss: 0.3741 | Val Loss: 0.3552 | LR: 0.001066
  Train - Data Loss (MIXMSE): 0.3741, GD: 1.1170e+08,     RMSE: 0.3957, MAE: 0.1966
  Val   - Data Loss (MIXMSE): 0.3552, GD: 1.8498e+08,     RMSE: 0.3881, MAE: 0.1870
----------------------------------------------------------------------
Epoch   8/50 | Train Loss: 0.3362 | Val Loss: 0.3298 | LR: 0.001066
  Train - Data Loss (MIXMSE): 0.3362, GD: 2.3495e+08,     RMSE: 0.3753, MAE: 0.1861
  Val   - Data Loss (MIXMSE): 0.3298, GD: 2.9416e+08,     RMSE: 0.3741, MAE: 0.1782
----------------------------------------------------------------------
Epoch   9/50 | Train Loss: 0.3055 | Val Loss: 0.2967 | LR: 0.001066
  Train - Data Loss (MIXMSE): 0.3055, GD: 3.8412e+08,     RMSE: 0.3576, MAE: 0.1765
  Val   - Data Loss (MIXMSE): 0.2967, GD: 4.7719e+08,     RMSE: 0.3548, MAE: 0.1682
----------------------------------------------------------------------
Epoch  10/50 | Train Loss: 0.2843 | Val Loss: 0.3117 | LR: 0.001066
  Train - Data Loss (MIXMSE): 0.2843, GD: 5.0323e+08,     RMSE: 0.3451, MAE: 0.1722
  Val   - Data Loss (MIXMSE): 0.3117, GD: 5.2069e+08,     RMSE: 0.3635, MAE: 0.1696
----------------------------------------------------------------------
Epoch  11/50 | Train Loss: 0.2738 | Val Loss: 0.2817 | LR: 0.001066
  Train - Data Loss (MIXMSE): 0.2738, GD: 5.6677e+08,     RMSE: 0.3386, MAE: 0.1686
  Val   - Data Loss (MIXMSE): 0.2817, GD: 5.6361e+08,     RMSE: 0.3457, MAE: 0.1636
----------------------------------------------------------------------
Epoch  12/50 | Train Loss: 0.2635 | Val Loss: 0.2698 | LR: 0.001066
  Train - Data Loss (MIXMSE): 0.2635, GD: 6.1228e+08,     RMSE: 0.3323, MAE: 0.1660
  Val   - Data Loss (MIXMSE): 0.2698, GD: 6.4168e+08,     RMSE: 0.3382, MAE: 0.1770
----------------------------------------------------------------------
Epoch  13/50 | Train Loss: 0.2527 | Val Loss: 0.2472 | LR: 0.001066
  Train - Data Loss (MIXMSE): 0.2527, GD: 6.3924e+08,     RMSE: 0.3252, MAE: 0.1618
  Val   - Data Loss (MIXMSE): 0.2472, GD: 6.5238e+08,     RMSE: 0.3239, MAE: 0.1554
----------------------------------------------------------------------
Epoch  14/50 | Train Loss: 0.2449 | Val Loss: 0.2480 | LR: 0.001066
  Train - Data Loss (MIXMSE): 0.2449, GD: 6.7322e+08,     RMSE: 0.3204, MAE: 0.1603
  Val   - Data Loss (MIXMSE): 0.2480, GD: 7.0273e+08,     RMSE: 0.3244, MAE: 0.1599
----------------------------------------------------------------------
Epoch  15/50 | Train Loss: 0.2339 | Val Loss: 0.2394 | LR: 0.001066
  Train - Data Loss (MIXMSE): 0.2339, GD: 7.0630e+08,     RMSE: 0.3134, MAE: 0.1574
  Val   - Data Loss (MIXMSE): 0.2394, GD: 7.1441e+08,     RMSE: 0.3187, MAE: 0.1527
----------------------------------------------------------------------
Epoch  16/50 | Train Loss: 0.2318 | Val Loss: 0.2519 | LR: 0.001066
  Train - Data Loss (MIXMSE): 0.2318, GD: 7.1435e+08,     RMSE: 0.3118, MAE: 0.1564
  Val   - Data Loss (MIXMSE): 0.2519, GD: 6.7546e+08,     RMSE: 0.3268, MAE: 0.1675
----------------------------------------------------------------------
Epoch  17/50 | Train Loss: 0.2254 | Val Loss: 0.2382 | LR: 0.001066
  Train - Data Loss (MIXMSE): 0.2254, GD: 7.2420e+08,     RMSE: 0.3074, MAE: 0.1544
  Val   - Data Loss (MIXMSE): 0.2382, GD: 7.3779e+08,     RMSE: 0.3177, MAE: 0.1568
----------------------------------------------------------------------
Epoch  18/50 | Train Loss: 0.2218 | Val Loss: 0.2219 | LR: 0.001066
  Train - Data Loss (MIXMSE): 0.2218, GD: 7.4156e+08,     RMSE: 0.3049, MAE: 0.1523
  Val   - Data Loss (MIXMSE): 0.2219, GD: 7.6106e+08,     RMSE: 0.3067, MAE: 0.1497
----------------------------------------------------------------------
Epoch  19/50 | Train Loss: 0.2156 | Val Loss: 0.2330 | LR: 0.001066
  Train - Data Loss (MIXMSE): 0.2156, GD: 7.6230e+08,     RMSE: 0.3005, MAE: 0.1503
  Val   - Data Loss (MIXMSE): 0.2330, GD: 7.9601e+08,     RMSE: 0.3141, MAE: 0.1528
----------------------------------------------------------------------
Epoch  20/50 | Train Loss: 0.2186 | Val Loss: 0.2202 | LR: 0.001066
  Train - Data Loss (MIXMSE): 0.2186, GD: 7.4657e+08,     RMSE: 0.3026, MAE: 0.1519
  Val   - Data Loss (MIXMSE): 0.2202, GD: 7.5390e+08,     RMSE: 0.3056, MAE: 0.1430
----------------------------------------------------------------------
Epoch  21/50 | Train Loss: 0.2061 | Val Loss: 0.2193 | LR: 0.001066
  Train - Data Loss (MIXMSE): 0.2061, GD: 7.5760e+08,     RMSE: 0.2940, MAE: 0.1472
  Val   - Data Loss (MIXMSE): 0.2193, GD: 7.1161e+08,     RMSE: 0.3049, MAE: 0.1497
----------------------------------------------------------------------
Epoch  22/50 | Train Loss: 0.2045 | Val Loss: 0.1921 | LR: 0.001066
  Train - Data Loss (MIXMSE): 0.2045, GD: 7.6170e+08,     RMSE: 0.2928, MAE: 0.1468
  Val   - Data Loss (MIXMSE): 0.1921, GD: 8.0219e+08,     RMSE: 0.2854, MAE: 0.1384
----------------------------------------------------------------------
Epoch  23/50 | Train Loss: 0.1964 | Val Loss: 0.1925 | LR: 0.001066
  Train - Data Loss (MIXMSE): 0.1964, GD: 7.7980e+08,     RMSE: 0.2872, MAE: 0.1432
  Val   - Data Loss (MIXMSE): 0.1925, GD: 7.6972e+08,     RMSE: 0.2856, MAE: 0.1399
----------------------------------------------------------------------
Epoch  24/50 | Train Loss: 0.1998 | Val Loss: 0.2008 | LR: 0.001066
  Train - Data Loss (MIXMSE): 0.1998, GD: 7.7716e+08,     RMSE: 0.2892, MAE: 0.1439
  Val   - Data Loss (MIXMSE): 0.2008, GD: 7.7782e+08,     RMSE: 0.2917, MAE: 0.1402
----------------------------------------------------------------------
Epoch  25/50 | Train Loss: 0.1949 | Val Loss: 0.1939 | LR: 0.001066
  Train - Data Loss (MIXMSE): 0.1949, GD: 7.6663e+08,     RMSE: 0.2854, MAE: 0.1422
  Val   - Data Loss (MIXMSE): 0.1939, GD: 7.8803e+08,     RMSE: 0.2866, MAE: 0.1354
----------------------------------------------------------------------
Epoch  26/50 | Train Loss: 0.1896 | Val Loss: 0.2038 | LR: 0.001066
  Train - Data Loss (MIXMSE): 0.1896, GD: 8.0091e+08,     RMSE: 0.2822, MAE: 0.1396
  Val   - Data Loss (MIXMSE): 0.2038, GD: 7.8623e+08,     RMSE: 0.2939, MAE: 0.1441
----------------------------------------------------------------------
Epoch  27/50 | Train Loss: 0.1880 | Val Loss: 0.1985 | LR: 0.001066
  Train - Data Loss (MIXMSE): 0.1880, GD: 8.0336e+08,     RMSE: 0.2808, MAE: 0.1395
  Val   - Data Loss (MIXMSE): 0.1985, GD: 8.5525e+08,     RMSE: 0.2901, MAE: 0.1470
----------------------------------------------------------------------
Epoch  28/50 | Train Loss: 0.1830 | Val Loss: 0.1910 | LR: 0.001066
  Train - Data Loss (MIXMSE): 0.1830, GD: 8.1332e+08,     RMSE: 0.2770, MAE: 0.1379
  Val   - Data Loss (MIXMSE): 0.1910, GD: 7.9780e+08,     RMSE: 0.2845, MAE: 0.1359
----------------------------------------------------------------------
Epoch  29/50 | Train Loss: 0.1817 | Val Loss: 0.1879 | LR: 0.001066
  Train - Data Loss (MIXMSE): 0.1817, GD: 8.1765e+08,     RMSE: 0.2760, MAE: 0.1367
  Val   - Data Loss (MIXMSE): 0.1879, GD: 8.2583e+08,     RMSE: 0.2822, MAE: 0.1392
----------------------------------------------------------------------
Epoch  30/50 | Train Loss: 0.1808 | Val Loss: 0.1971 | LR: 0.001066
  Train - Data Loss (MIXMSE): 0.1808, GD: 8.2865e+08,     RMSE: 0.2749, MAE: 0.1361
  Val   - Data Loss (MIXMSE): 0.1971, GD: 7.8109e+08,     RMSE: 0.2890, MAE: 0.1399
----------------------------------------------------------------------
Epoch  31/50 | Train Loss: 0.1788 | Val Loss: 0.1808 | LR: 0.001066
  Train - Data Loss (MIXMSE): 0.1788, GD: 8.3271e+08,     RMSE: 0.2737, MAE: 0.1351
  Val   - Data Loss (MIXMSE): 0.1808, GD: 8.8275e+08,     RMSE: 0.2768, MAE: 0.1327
----------------------------------------------------------------------
Epoch  32/50 | Train Loss: 0.1745 | Val Loss: 0.1842 | LR: 0.001066
  Train - Data Loss (MIXMSE): 0.1745, GD: 8.2823e+08,     RMSE: 0.2706, MAE: 0.1346
  Val   - Data Loss (MIXMSE): 0.1842, GD: 8.0407e+08,     RMSE: 0.2793, MAE: 0.1345
----------------------------------------------------------------------
Epoch  33/50 | Train Loss: 0.1750 | Val Loss: 0.1941 | LR: 0.001066
  Train - Data Loss (MIXMSE): 0.1750, GD: 8.3686e+08,     RMSE: 0.2710, MAE: 0.1333
  Val   - Data Loss (MIXMSE): 0.1941, GD: 8.5548e+08,     RMSE: 0.2866, MAE: 0.1366
----------------------------------------------------------------------
Epoch  34/50 | Train Loss: 0.1741 | Val Loss: 0.1698 | LR: 0.001066
  Train - Data Loss (MIXMSE): 0.1741, GD: 8.3304e+08,     RMSE: 0.2698, MAE: 0.1320
  Val   - Data Loss (MIXMSE): 0.1698, GD: 8.3497e+08,     RMSE: 0.2683, MAE: 0.1293
----------------------------------------------------------------------
Epoch  35/50 | Train Loss: 0.1707 | Val Loss: 0.1817 | LR: 0.001066
  Train - Data Loss (MIXMSE): 0.1707, GD: 8.4516e+08,     RMSE: 0.2673, MAE: 0.1313
  Val   - Data Loss (MIXMSE): 0.1817, GD: 8.3446e+08,     RMSE: 0.2774, MAE: 0.1348
----------------------------------------------------------------------
Epoch  36/50 | Train Loss: 0.1663 | Val Loss: 0.1786 | LR: 0.001066
  Train - Data Loss (MIXMSE): 0.1663, GD: 8.4956e+08,     RMSE: 0.2641, MAE: 0.1297
  Val   - Data Loss (MIXMSE): 0.1786, GD: 8.6090e+08,     RMSE: 0.2752, MAE: 0.1345
----------------------------------------------------------------------
Epoch  37/50 | Train Loss: 0.1645 | Val Loss: 0.1615 | LR: 0.001066
  Train - Data Loss (MIXMSE): 0.1645, GD: 8.5551e+08,     RMSE: 0.2627, MAE: 0.1295
  Val   - Data Loss (MIXMSE): 0.1615, GD: 8.7740e+08,     RMSE: 0.2616, MAE: 0.1242
----------------------------------------------------------------------
Epoch  38/50 | Train Loss: 0.1698 | Val Loss: 0.1643 | LR: 0.001066
  Train - Data Loss (MIXMSE): 0.1698, GD: 8.4474e+08,     RMSE: 0.2665, MAE: 0.1303
  Val   - Data Loss (MIXMSE): 0.1643, GD: 8.2713e+08,     RMSE: 0.2639, MAE: 0.1238
----------------------------------------------------------------------
Epoch  39/50 | Train Loss: 0.1659 | Val Loss: 0.1684 | LR: 0.001066
  Train - Data Loss (MIXMSE): 0.1659, GD: 8.4660e+08,     RMSE: 0.2637, MAE: 0.1294
  Val   - Data Loss (MIXMSE): 0.1684, GD: 8.4564e+08,     RMSE: 0.2671, MAE: 0.1243
----------------------------------------------------------------------
Epoch  40/50 | Train Loss: 0.1613 | Val Loss: 0.1607 | LR: 0.001066
  Train - Data Loss (MIXMSE): 0.1613, GD: 8.5938e+08,     RMSE: 0.2600, MAE: 0.1269
  Val   - Data Loss (MIXMSE): 0.1607, GD: 8.5352e+08,     RMSE: 0.2609, MAE: 0.1221
----------------------------------------------------------------------
Epoch  41/50 | Train Loss: 0.1664 | Val Loss: 0.1696 | LR: 0.001066
  Train - Data Loss (MIXMSE): 0.1664, GD: 8.6258e+08,     RMSE: 0.2639, MAE: 0.1287
  Val   - Data Loss (MIXMSE): 0.1696, GD: 8.6171e+08,     RMSE: 0.2679, MAE: 0.1252
----------------------------------------------------------------------
Epoch  42/50 | Train Loss: 0.1588 | Val Loss: 0.1582 | LR: 0.001066
  Train - Data Loss (MIXMSE): 0.1588, GD: 8.7187e+08,     RMSE: 0.2579, MAE: 0.1255
  Val   - Data Loss (MIXMSE): 0.1582, GD: 8.8182e+08,     RMSE: 0.2589, MAE: 0.1214
----------------------------------------------------------------------
Epoch  43/50 | Train Loss: 0.1621 | Val Loss: 0.1734 | LR: 0.001066
  Train - Data Loss (MIXMSE): 0.1621, GD: 8.8292e+08,     RMSE: 0.2606, MAE: 0.1270
  Val   - Data Loss (MIXMSE): 0.1734, GD: 8.6477e+08,     RMSE: 0.2711, MAE: 0.1291
----------------------------------------------------------------------
Epoch  44/50 | Train Loss: 0.1587 | Val Loss: 0.1544 | LR: 0.001066
  Train - Data Loss (MIXMSE): 0.1587, GD: 8.7851e+08,     RMSE: 0.2577, MAE: 0.1259
  Val   - Data Loss (MIXMSE): 0.1544, GD: 9.4594e+08,     RMSE: 0.2558, MAE: 0.1210
----------------------------------------------------------------------
Epoch  45/50 | Train Loss: 0.1567 | Val Loss: 0.1645 | LR: 0.001066
  Train - Data Loss (MIXMSE): 0.1567, GD: 9.0654e+08,     RMSE: 0.2564, MAE: 0.1241
  Val   - Data Loss (MIXMSE): 0.1645, GD: 8.3744e+08,     RMSE: 0.2639, MAE: 0.1279
----------------------------------------------------------------------
Epoch  46/50 | Train Loss: 0.1576 | Val Loss: 0.1535 | LR: 0.001066
  Train - Data Loss (MIXMSE): 0.1576, GD: 8.9434e+08,     RMSE: 0.2570, MAE: 0.1256
  Val   - Data Loss (MIXMSE): 0.1535, GD: 9.1862e+08,     RMSE: 0.2551, MAE: 0.1184
----------------------------------------------------------------------
Epoch  47/50 | Train Loss: 0.1539 | Val Loss: 0.1709 | LR: 0.001066
  Train - Data Loss (MIXMSE): 0.1539, GD: 9.1906e+08,     RMSE: 0.2540, MAE: 0.1228
  Val   - Data Loss (MIXMSE): 0.1709, GD: 9.3642e+08,     RMSE: 0.2691, MAE: 0.1253
----------------------------------------------------------------------
Epoch  48/50 | Train Loss: 0.1573 | Val Loss: 0.1630 | LR: 0.001066
  Train - Data Loss (MIXMSE): 0.1573, GD: 9.4630e+08,     RMSE: 0.2567, MAE: 0.1241
  Val   - Data Loss (MIXMSE): 0.1630, GD: 9.3776e+08,     RMSE: 0.2629, MAE: 0.1226
----------------------------------------------------------------------
Epoch  49/50 | Train Loss: 0.1513 | Val Loss: 0.1772 | LR: 0.001066
  Train - Data Loss (MIXMSE): 0.1513, GD: 9.6507e+08,     RMSE: 0.2518, MAE: 0.1215
  Val   - Data Loss (MIXMSE): 0.1772, GD: 9.2640e+08,     RMSE: 0.2741, MAE: 0.1240
----------------------------------------------------------------------
Epoch  50/50 | Train Loss: 0.1524 | Val Loss: 0.1655 | LR: 0.001066
  Train - Data Loss (MIXMSE): 0.1524, GD: 9.8327e+08,     RMSE: 0.2527, MAE: 0.1224
  Val   - Data Loss (MIXMSE): 0.1655, GD: 9.1137e+08,     RMSE: 0.2648, MAE: 0.1258
----------------------------------------------------------------------

Training complete!
Best validation loss: 0.1535 at epoch 46

Evaluating on test set...
Test Loss: 0.1709
Test MIXMSE: 0.1709, GD: 9.0548e+08,     RMSE: 0.2690, MAE: 0.1268