Starting training for 50 epochs...
--- Optuna Trial 2 ---
Device: cuda
Model parameters: 8,258
----------------------------------------------------------------------
Epoch   1/50 | Train Loss: 1.3602 | Val Loss: 1.3593 | LR: 0.000010
  Train - Data Loss (MIXMSE): 1.3602, GD: 1.2558e+04,     RMSE: 0.7562, MAE: 0.4072
  Val   - Data Loss (MIXMSE): 1.3593, GD: 1.3353e+04,     RMSE: 0.7591, MAE: 0.3768
----------------------------------------------------------------------
Epoch   2/50 | Train Loss: 1.3345 | Val Loss: 1.3567 | LR: 0.000010
  Train - Data Loss (MIXMSE): 1.3345, GD: 1.3884e+04,     RMSE: 0.7490, MAE: 0.3678
  Val   - Data Loss (MIXMSE): 1.3567, GD: 1.4314e+04,     RMSE: 0.7584, MAE: 0.3632
----------------------------------------------------------------------
Epoch   3/50 | Train Loss: 1.3331 | Val Loss: 1.3566 | LR: 0.000010
  Train - Data Loss (MIXMSE): 1.3331, GD: 1.4625e+04,     RMSE: 0.7489, MAE: 0.3628
  Val   - Data Loss (MIXMSE): 1.3566, GD: 1.4949e+04,     RMSE: 0.7584, MAE: 0.3623
----------------------------------------------------------------------
Epoch   4/50 | Train Loss: 1.3331 | Val Loss: 1.3563 | LR: 0.000010
  Train - Data Loss (MIXMSE): 1.3331, GD: 1.5266e+04,     RMSE: 0.7489, MAE: 0.3625
  Val   - Data Loss (MIXMSE): 1.3563, GD: 1.5594e+04,     RMSE: 0.7583, MAE: 0.3625
----------------------------------------------------------------------
Epoch   5/50 | Train Loss: 1.3326 | Val Loss: 1.3561 | LR: 0.000010
  Train - Data Loss (MIXMSE): 1.3326, GD: 1.5943e+04,     RMSE: 0.7487, MAE: 0.3624
  Val   - Data Loss (MIXMSE): 1.3561, GD: 1.6312e+04,     RMSE: 0.7582, MAE: 0.3621
----------------------------------------------------------------------
Epoch   6/50 | Train Loss: 1.3323 | Val Loss: 1.3558 | LR: 0.000010
  Train - Data Loss (MIXMSE): 1.3323, GD: 1.6671e+04,     RMSE: 0.7485, MAE: 0.3622
  Val   - Data Loss (MIXMSE): 1.3558, GD: 1.7076e+04,     RMSE: 0.7581, MAE: 0.3615
----------------------------------------------------------------------
Epoch   7/50 | Train Loss: 1.3320 | Val Loss: 1.3554 | LR: 0.000010
  Train - Data Loss (MIXMSE): 1.3320, GD: 1.7435e+04,     RMSE: 0.7485, MAE: 0.3619
  Val   - Data Loss (MIXMSE): 1.3554, GD: 1.7841e+04,     RMSE: 0.7580, MAE: 0.3616
----------------------------------------------------------------------
Epoch   8/50 | Train Loss: 1.3318 | Val Loss: 1.3550 | LR: 0.000010
  Train - Data Loss (MIXMSE): 1.3318, GD: 1.8250e+04,     RMSE: 0.7483, MAE: 0.3616
  Val   - Data Loss (MIXMSE): 1.3550, GD: 1.8677e+04,     RMSE: 0.7579, MAE: 0.3615
----------------------------------------------------------------------
Epoch   9/50 | Train Loss: 1.3314 | Val Loss: 1.3545 | LR: 0.000010
  Train - Data Loss (MIXMSE): 1.3314, GD: 1.9116e+04,     RMSE: 0.7483, MAE: 0.3615
  Val   - Data Loss (MIXMSE): 1.3545, GD: 1.9591e+04,     RMSE: 0.7578, MAE: 0.3610
----------------------------------------------------------------------
Epoch  10/50 | Train Loss: 1.3307 | Val Loss: 1.3538 | LR: 0.000010
  Train - Data Loss (MIXMSE): 1.3307, GD: 2.0054e+04,     RMSE: 0.7480, MAE: 0.3611
  Val   - Data Loss (MIXMSE): 1.3538, GD: 2.0491e+04,     RMSE: 0.7576, MAE: 0.3615
----------------------------------------------------------------------
Epoch  11/50 | Train Loss: 1.3300 | Val Loss: 1.3530 | LR: 0.000010
  Train - Data Loss (MIXMSE): 1.3300, GD: 2.1010e+04,     RMSE: 0.7479, MAE: 0.3607
  Val   - Data Loss (MIXMSE): 1.3530, GD: 2.1516e+04,     RMSE: 0.7574, MAE: 0.3600
----------------------------------------------------------------------
Epoch  12/50 | Train Loss: 1.3289 | Val Loss: 1.3521 | LR: 0.000010
  Train - Data Loss (MIXMSE): 1.3289, GD: 2.1922e+04,     RMSE: 0.7475, MAE: 0.3603
  Val   - Data Loss (MIXMSE): 1.3521, GD: 2.2450e+04,     RMSE: 0.7571, MAE: 0.3592
----------------------------------------------------------------------
Epoch  13/50 | Train Loss: 1.3280 | Val Loss: 1.3509 | LR: 0.000010
  Train - Data Loss (MIXMSE): 1.3280, GD: 2.2818e+04,     RMSE: 0.7476, MAE: 0.3596
  Val   - Data Loss (MIXMSE): 1.3509, GD: 2.3133e+04,     RMSE: 0.7568, MAE: 0.3603
----------------------------------------------------------------------
Epoch  14/50 | Train Loss: 1.3274 | Val Loss: 1.3499 | LR: 0.000010
  Train - Data Loss (MIXMSE): 1.3274, GD: 2.3594e+04,     RMSE: 0.7470, MAE: 0.3595
  Val   - Data Loss (MIXMSE): 1.3499, GD: 2.4212e+04,     RMSE: 0.7565, MAE: 0.3573
----------------------------------------------------------------------
Epoch  15/50 | Train Loss: 1.3258 | Val Loss: 1.3485 | LR: 0.000010
  Train - Data Loss (MIXMSE): 1.3258, GD: 2.4447e+04,     RMSE: 0.7466, MAE: 0.3584
  Val   - Data Loss (MIXMSE): 1.3485, GD: 2.4659e+04,     RMSE: 0.7561, MAE: 0.3597
----------------------------------------------------------------------
Epoch  16/50 | Train Loss: 1.3245 | Val Loss: 1.3474 | LR: 0.000010
  Train - Data Loss (MIXMSE): 1.3245, GD: 2.5249e+04,     RMSE: 0.7462, MAE: 0.3582
  Val   - Data Loss (MIXMSE): 1.3474, GD: 2.5555e+04,     RMSE: 0.7558, MAE: 0.3587
----------------------------------------------------------------------
Epoch  17/50 | Train Loss: 1.3232 | Val Loss: 1.3463 | LR: 0.000010
  Train - Data Loss (MIXMSE): 1.3232, GD: 2.6103e+04,     RMSE: 0.7461, MAE: 0.3577
  Val   - Data Loss (MIXMSE): 1.3463, GD: 2.6628e+04,     RMSE: 0.7555, MAE: 0.3569
----------------------------------------------------------------------
Epoch  18/50 | Train Loss: 1.3220 | Val Loss: 1.3450 | LR: 0.000010
  Train - Data Loss (MIXMSE): 1.3220, GD: 2.7035e+04,     RMSE: 0.7458, MAE: 0.3571
  Val   - Data Loss (MIXMSE): 1.3450, GD: 2.7539e+04,     RMSE: 0.7551, MAE: 0.3568
----------------------------------------------------------------------
Epoch  19/50 | Train Loss: 1.3209 | Val Loss: 1.3438 | LR: 0.000010
  Train - Data Loss (MIXMSE): 1.3209, GD: 2.8046e+04,     RMSE: 0.7452, MAE: 0.3566
  Val   - Data Loss (MIXMSE): 1.3438, GD: 2.8671e+04,     RMSE: 0.7548, MAE: 0.3558
----------------------------------------------------------------------
Epoch  20/50 | Train Loss: 1.3194 | Val Loss: 1.3425 | LR: 0.000010
  Train - Data Loss (MIXMSE): 1.3194, GD: 2.9158e+04,     RMSE: 0.7450, MAE: 0.3560
  Val   - Data Loss (MIXMSE): 1.3425, GD: 3.0097e+04,     RMSE: 0.7544, MAE: 0.3541
----------------------------------------------------------------------
Epoch  21/50 | Train Loss: 1.3180 | Val Loss: 1.3411 | LR: 0.000010
  Train - Data Loss (MIXMSE): 1.3180, GD: 3.0349e+04,     RMSE: 0.7445, MAE: 0.3554
  Val   - Data Loss (MIXMSE): 1.3411, GD: 3.1410e+04,     RMSE: 0.7540, MAE: 0.3534
----------------------------------------------------------------------
Epoch  22/50 | Train Loss: 1.3166 | Val Loss: 1.3395 | LR: 0.000010
  Train - Data Loss (MIXMSE): 1.3166, GD: 3.1701e+04,     RMSE: 0.7442, MAE: 0.3547
  Val   - Data Loss (MIXMSE): 1.3395, GD: 3.2806e+04,     RMSE: 0.7536, MAE: 0.3529
----------------------------------------------------------------------
Epoch  23/50 | Train Loss: 1.3150 | Val Loss: 1.3377 | LR: 0.000010
  Train - Data Loss (MIXMSE): 1.3150, GD: 3.3120e+04,     RMSE: 0.7438, MAE: 0.3540
  Val   - Data Loss (MIXMSE): 1.3377, GD: 3.3358e+04,     RMSE: 0.7531, MAE: 0.3554
----------------------------------------------------------------------
Epoch  24/50 | Train Loss: 1.3132 | Val Loss: 1.3358 | LR: 0.000010
  Train - Data Loss (MIXMSE): 1.3132, GD: 3.4602e+04,     RMSE: 0.7431, MAE: 0.3532
  Val   - Data Loss (MIXMSE): 1.3358, GD: 3.4828e+04,     RMSE: 0.7526, MAE: 0.3546
----------------------------------------------------------------------
Epoch  25/50 | Train Loss: 1.3115 | Val Loss: 1.3337 | LR: 0.000010
  Train - Data Loss (MIXMSE): 1.3115, GD: 3.6065e+04,     RMSE: 0.7427, MAE: 0.3527
  Val   - Data Loss (MIXMSE): 1.3337, GD: 3.6706e+04,     RMSE: 0.7520, MAE: 0.3528
----------------------------------------------------------------------
Epoch  26/50 | Train Loss: 1.3093 | Val Loss: 1.3314 | LR: 0.000010
  Train - Data Loss (MIXMSE): 1.3093, GD: 3.7773e+04,     RMSE: 0.7421, MAE: 0.3517
  Val   - Data Loss (MIXMSE): 1.3314, GD: 3.8227e+04,     RMSE: 0.7513, MAE: 0.3524
----------------------------------------------------------------------
Epoch  27/50 | Train Loss: 1.3075 | Val Loss: 1.3287 | LR: 0.000010
  Train - Data Loss (MIXMSE): 1.3075, GD: 3.9509e+04,     RMSE: 0.7417, MAE: 0.3509
  Val   - Data Loss (MIXMSE): 1.3287, GD: 4.0371e+04,     RMSE: 0.7506, MAE: 0.3506
----------------------------------------------------------------------
Epoch  28/50 | Train Loss: 1.3042 | Val Loss: 1.3258 | LR: 0.000010
  Train - Data Loss (MIXMSE): 1.3042, GD: 4.1206e+04,     RMSE: 0.7404, MAE: 0.3499
  Val   - Data Loss (MIXMSE): 1.3258, GD: 4.1253e+04,     RMSE: 0.7497, MAE: 0.3512
----------------------------------------------------------------------
Epoch  29/50 | Train Loss: 1.3018 | Val Loss: 1.3228 | LR: 0.000010
  Train - Data Loss (MIXMSE): 1.3018, GD: 4.2604e+04,     RMSE: 0.7398, MAE: 0.3491
  Val   - Data Loss (MIXMSE): 1.3228, GD: 4.3227e+04,     RMSE: 0.7489, MAE: 0.3488
----------------------------------------------------------------------
Epoch  30/50 | Train Loss: 1.2987 | Val Loss: 1.3198 | LR: 0.000010
  Train - Data Loss (MIXMSE): 1.2987, GD: 4.4007e+04,     RMSE: 0.7393, MAE: 0.3480
  Val   - Data Loss (MIXMSE): 1.3198, GD: 4.3567e+04,     RMSE: 0.7480, MAE: 0.3496
----------------------------------------------------------------------
Epoch  31/50 | Train Loss: 1.2959 | Val Loss: 1.3168 | LR: 0.000010
  Train - Data Loss (MIXMSE): 1.2959, GD: 4.5062e+04,     RMSE: 0.7380, MAE: 0.3470
  Val   - Data Loss (MIXMSE): 1.3168, GD: 4.4825e+04,     RMSE: 0.7472, MAE: 0.3479
----------------------------------------------------------------------
Epoch  32/50 | Train Loss: 1.2933 | Val Loss: 1.3143 | LR: 0.000010
  Train - Data Loss (MIXMSE): 1.2933, GD: 4.5892e+04,     RMSE: 0.7376, MAE: 0.3461
  Val   - Data Loss (MIXMSE): 1.3143, GD: 4.6562e+04,     RMSE: 0.7465, MAE: 0.3451
----------------------------------------------------------------------
Epoch  33/50 | Train Loss: 1.2912 | Val Loss: 1.3119 | LR: 0.000010
  Train - Data Loss (MIXMSE): 1.2912, GD: 4.6317e+04,     RMSE: 0.7367, MAE: 0.3453
  Val   - Data Loss (MIXMSE): 1.3119, GD: 4.6766e+04,     RMSE: 0.7458, MAE: 0.3446
----------------------------------------------------------------------
Epoch  34/50 | Train Loss: 1.2889 | Val Loss: 1.3098 | LR: 0.000010
  Train - Data Loss (MIXMSE): 1.2889, GD: 4.6654e+04,     RMSE: 0.7360, MAE: 0.3443
  Val   - Data Loss (MIXMSE): 1.3098, GD: 4.5716e+04,     RMSE: 0.7452, MAE: 0.3456
----------------------------------------------------------------------
Epoch  35/50 | Train Loss: 1.2875 | Val Loss: 1.3080 | LR: 0.000010
  Train - Data Loss (MIXMSE): 1.2875, GD: 4.6661e+04,     RMSE: 0.7358, MAE: 0.3436
  Val   - Data Loss (MIXMSE): 1.3080, GD: 4.6962e+04,     RMSE: 0.7447, MAE: 0.3432
----------------------------------------------------------------------
Epoch  36/50 | Train Loss: 1.2860 | Val Loss: 1.3062 | LR: 0.000010
  Train - Data Loss (MIXMSE): 1.2860, GD: 4.6793e+04,     RMSE: 0.7353, MAE: 0.3428
  Val   - Data Loss (MIXMSE): 1.3062, GD: 4.5720e+04,     RMSE: 0.7442, MAE: 0.3442
----------------------------------------------------------------------
Epoch  37/50 | Train Loss: 1.2842 | Val Loss: 1.3046 | LR: 0.000010
  Train - Data Loss (MIXMSE): 1.2842, GD: 4.6745e+04,     RMSE: 0.7351, MAE: 0.3422
  Val   - Data Loss (MIXMSE): 1.3046, GD: 4.5569e+04,     RMSE: 0.7437, MAE: 0.3437
----------------------------------------------------------------------
Epoch  38/50 | Train Loss: 1.2828 | Val Loss: 1.3031 | LR: 0.000010
  Train - Data Loss (MIXMSE): 1.2828, GD: 4.6667e+04,     RMSE: 0.7345, MAE: 0.3417
  Val   - Data Loss (MIXMSE): 1.3031, GD: 4.6332e+04,     RMSE: 0.7433, MAE: 0.3419
----------------------------------------------------------------------
Epoch  39/50 | Train Loss: 1.2816 | Val Loss: 1.3018 | LR: 0.000010
  Train - Data Loss (MIXMSE): 1.2816, GD: 4.6567e+04,     RMSE: 0.7341, MAE: 0.3411
  Val   - Data Loss (MIXMSE): 1.3018, GD: 4.4211e+04,     RMSE: 0.7429, MAE: 0.3440
----------------------------------------------------------------------
Epoch  40/50 | Train Loss: 1.2803 | Val Loss: 1.3002 | LR: 0.000010
  Train - Data Loss (MIXMSE): 1.2803, GD: 4.6364e+04,     RMSE: 0.7336, MAE: 0.3408
  Val   - Data Loss (MIXMSE): 1.3002, GD: 4.6329e+04,     RMSE: 0.7425, MAE: 0.3406
----------------------------------------------------------------------
Epoch  41/50 | Train Loss: 1.2787 | Val Loss: 1.2987 | LR: 0.000010
  Train - Data Loss (MIXMSE): 1.2787, GD: 4.6138e+04,     RMSE: 0.7330, MAE: 0.3404
  Val   - Data Loss (MIXMSE): 1.2987, GD: 4.5897e+04,     RMSE: 0.7421, MAE: 0.3403
----------------------------------------------------------------------
Epoch  42/50 | Train Loss: 1.2775 | Val Loss: 1.2973 | LR: 0.000010
  Train - Data Loss (MIXMSE): 1.2775, GD: 4.5833e+04,     RMSE: 0.7329, MAE: 0.3400
  Val   - Data Loss (MIXMSE): 1.2973, GD: 4.5838e+04,     RMSE: 0.7417, MAE: 0.3398
----------------------------------------------------------------------
Epoch  43/50 | Train Loss: 1.2764 | Val Loss: 1.2963 | LR: 0.000010
  Train - Data Loss (MIXMSE): 1.2764, GD: 4.5421e+04,     RMSE: 0.7323, MAE: 0.3399
  Val   - Data Loss (MIXMSE): 1.2963, GD: 4.7106e+04,     RMSE: 0.7414, MAE: 0.3387
----------------------------------------------------------------------
Epoch  44/50 | Train Loss: 1.2748 | Val Loss: 1.2945 | LR: 0.000010
  Train - Data Loss (MIXMSE): 1.2748, GD: 4.5089e+04,     RMSE: 0.7321, MAE: 0.3394
  Val   - Data Loss (MIXMSE): 1.2945, GD: 4.3808e+04,     RMSE: 0.7409, MAE: 0.3407
----------------------------------------------------------------------
Epoch  45/50 | Train Loss: 1.2739 | Val Loss: 1.2932 | LR: 0.000010
  Train - Data Loss (MIXMSE): 1.2739, GD: 4.4726e+04,     RMSE: 0.7318, MAE: 0.3395
  Val   - Data Loss (MIXMSE): 1.2932, GD: 4.3129e+04,     RMSE: 0.7405, MAE: 0.3405
----------------------------------------------------------------------
Epoch  46/50 | Train Loss: 1.2727 | Val Loss: 1.2919 | LR: 0.000010
  Train - Data Loss (MIXMSE): 1.2727, GD: 4.4036e+04,     RMSE: 0.7313, MAE: 0.3393
  Val   - Data Loss (MIXMSE): 1.2919, GD: 4.3774e+04,     RMSE: 0.7401, MAE: 0.3397
----------------------------------------------------------------------
Epoch  47/50 | Train Loss: 1.2713 | Val Loss: 1.2907 | LR: 0.000010
  Train - Data Loss (MIXMSE): 1.2713, GD: 4.3563e+04,     RMSE: 0.7310, MAE: 0.3393
  Val   - Data Loss (MIXMSE): 1.2907, GD: 4.3503e+04,     RMSE: 0.7398, MAE: 0.3394
----------------------------------------------------------------------
Epoch  48/50 | Train Loss: 1.2705 | Val Loss: 1.2895 | LR: 0.000010
  Train - Data Loss (MIXMSE): 1.2705, GD: 4.2882e+04,     RMSE: 0.7309, MAE: 0.3392
  Val   - Data Loss (MIXMSE): 1.2895, GD: 4.1900e+04,     RMSE: 0.7394, MAE: 0.3401
----------------------------------------------------------------------
Epoch  49/50 | Train Loss: 1.2694 | Val Loss: 1.2884 | LR: 0.000010
  Train - Data Loss (MIXMSE): 1.2694, GD: 4.2300e+04,     RMSE: 0.7306, MAE: 0.3394
  Val   - Data Loss (MIXMSE): 1.2884, GD: 4.0066e+04,     RMSE: 0.7391, MAE: 0.3404
----------------------------------------------------------------------
Epoch  50/50 | Train Loss: 1.2681 | Val Loss: 1.2873 | LR: 0.000010
  Train - Data Loss (MIXMSE): 1.2681, GD: 4.1336e+04,     RMSE: 0.7299, MAE: 0.3394
  Val   - Data Loss (MIXMSE): 1.2873, GD: 4.1413e+04,     RMSE: 0.7388, MAE: 0.3395
----------------------------------------------------------------------

Training complete!
Best validation loss: 1.2873 at epoch 50

Evaluating on test set...
Test Loss: 1.2811
Test MIXMSE: 1.2811, GD: 4.1839e+04,     RMSE: 0.7370, MAE: 0.3386