Starting training for 50 epochs...
--- Optuna Trial 31 ---
Device: cuda
Model parameters: 34,852
----------------------------------------------------------------------
Epoch   1/50 | Train Loss: 1.3158 | Val Loss: 1.2637 | LR: 0.000765
  Train - Data Loss (MIXMSE): 1.3158, GD: 2.4907e+04,     RMSE: 0.7438, MAE: 0.3593
  Val   - Data Loss (MIXMSE): 1.2637, GD: 5.0252e+04,     RMSE: 0.7320, MAE: 0.3350
----------------------------------------------------------------------
Epoch   2/50 | Train Loss: 1.2037 | Val Loss: 1.1733 | LR: 0.000765
  Train - Data Loss (MIXMSE): 1.2037, GD: 3.5131e+05,     RMSE: 0.7114, MAE: 0.3315
  Val   - Data Loss (MIXMSE): 1.1733, GD: 7.5341e+05,     RMSE: 0.7054, MAE: 0.3319
----------------------------------------------------------------------
Epoch   3/50 | Train Loss: 1.1355 | Val Loss: 1.1106 | LR: 0.000765
  Train - Data Loss (MIXMSE): 1.1355, GD: 7.1622e+05,     RMSE: 0.6906, MAE: 0.3317
  Val   - Data Loss (MIXMSE): 1.1106, GD: 9.5531e+05,     RMSE: 0.6864, MAE: 0.3357
----------------------------------------------------------------------
Epoch   4/50 | Train Loss: 1.0525 | Val Loss: 0.9933 | LR: 0.000765
  Train - Data Loss (MIXMSE): 1.0525, GD: 1.3051e+06,     RMSE: 0.6648, MAE: 0.3299
  Val   - Data Loss (MIXMSE): 0.9933, GD: 1.9301e+06,     RMSE: 0.6492, MAE: 0.3244
----------------------------------------------------------------------
Epoch   5/50 | Train Loss: 0.9336 | Val Loss: 0.9017 | LR: 0.000765
  Train - Data Loss (MIXMSE): 0.9336, GD: 3.2082e+06,     RMSE: 0.6264, MAE: 0.3152
  Val   - Data Loss (MIXMSE): 0.9017, GD: 5.0411e+06,     RMSE: 0.6186, MAE: 0.3093
----------------------------------------------------------------------

--- TRIAL PRUNED AT EPOCH 5 ---