Starting training for 50 epochs...
--- Optuna Trial 25 ---
Device: cuda
Model parameters: 42,341
----------------------------------------------------------------------
Epoch   1/50 | Train Loss: 1.2713 | Val Loss: 1.1807 | LR: 0.004856
  Train - Data Loss (MIXMSE): 1.2713, GD: 6.1539e+05,     RMSE: 0.7313, MAE: 0.3458
  Val   - Data Loss (MIXMSE): 1.1807, GD: 2.8999e+06,     RMSE: 0.7076, MAE: 0.3259
----------------------------------------------------------------------
Epoch   2/50 | Train Loss: 1.1261 | Val Loss: 1.0589 | LR: 0.004856
  Train - Data Loss (MIXMSE): 1.1261, GD: 8.3713e+06,     RMSE: 0.6877, MAE: 0.3220
  Val   - Data Loss (MIXMSE): 1.0589, GD: 1.6172e+07,     RMSE: 0.6700, MAE: 0.3172
----------------------------------------------------------------------
Epoch   3/50 | Train Loss: 0.8846 | Val Loss: 0.7620 | LR: 0.004856
  Train - Data Loss (MIXMSE): 0.8846, GD: 1.3159e+07,     RMSE: 0.6091, MAE: 0.2914
  Val   - Data Loss (MIXMSE): 0.7620, GD: 1.2820e+07,     RMSE: 0.5685, MAE: 0.2729
----------------------------------------------------------------------
Epoch   4/50 | Train Loss: 0.6775 | Val Loss: 0.5776 | LR: 0.004856
  Train - Data Loss (MIXMSE): 0.6775, GD: 1.4331e+07,     RMSE: 0.5330, MAE: 0.2581
  Val   - Data Loss (MIXMSE): 0.5776, GD: 1.3719e+07,     RMSE: 0.4950, MAE: 0.2320
----------------------------------------------------------------------
Epoch   5/50 | Train Loss: 0.5244 | Val Loss: 0.4848 | LR: 0.004856
  Train - Data Loss (MIXMSE): 0.5244, GD: 1.7534e+07,     RMSE: 0.4691, MAE: 0.2281
  Val   - Data Loss (MIXMSE): 0.4848, GD: 2.1192e+07,     RMSE: 0.4532, MAE: 0.2211
----------------------------------------------------------------------
Epoch   6/50 | Train Loss: 0.4455 | Val Loss: 0.4419 | LR: 0.004856
  Train - Data Loss (MIXMSE): 0.4455, GD: 1.7552e+07,     RMSE: 0.4328, MAE: 0.2117
  Val   - Data Loss (MIXMSE): 0.4419, GD: 1.0670e+07,     RMSE: 0.4329, MAE: 0.2069
----------------------------------------------------------------------
Epoch   7/50 | Train Loss: 0.4077 | Val Loss: 0.3952 | LR: 0.004856
  Train - Data Loss (MIXMSE): 0.4077, GD: 1.5900e+07,     RMSE: 0.4139, MAE: 0.2031
  Val   - Data Loss (MIXMSE): 0.3952, GD: 1.7823e+07,     RMSE: 0.4092, MAE: 0.1972
----------------------------------------------------------------------
Epoch   8/50 | Train Loss: 1.2577 | Val Loss: 1.3582 | LR: 0.004856
  Train - Data Loss (MIXMSE): 1.2577, GD: 2.3548e+06,     RMSE: 0.7186, MAE: 0.3478
  Val   - Data Loss (MIXMSE): 1.3582, GD: 0.0000e+00,     RMSE: 0.7588, MAE: 0.3623
----------------------------------------------------------------------
Epoch   9/50 | Train Loss: 1.3346 | Val Loss: 1.3581 | LR: 0.004856
  Train - Data Loss (MIXMSE): 1.3346, GD: 0.0000e+00,     RMSE: 0.7492, MAE: 0.3637
  Val   - Data Loss (MIXMSE): 1.3581, GD: 0.0000e+00,     RMSE: 0.7588, MAE: 0.3629
----------------------------------------------------------------------
Epoch  10/50 | Train Loss: 1.3347 | Val Loss: 1.3583 | LR: 0.004856
  Train - Data Loss (MIXMSE): 1.3347, GD: 0.0000e+00,     RMSE: 0.7492, MAE: 0.3639
  Val   - Data Loss (MIXMSE): 1.3583, GD: 0.0000e+00,     RMSE: 0.7588, MAE: 0.3616
----------------------------------------------------------------------
Epoch  11/50 | Train Loss: 1.3348 | Val Loss: 1.3581 | LR: 0.004856
  Train - Data Loss (MIXMSE): 1.3348, GD: 0.0000e+00,     RMSE: 0.7493, MAE: 0.3637
  Val   - Data Loss (MIXMSE): 1.3581, GD: 0.0000e+00,     RMSE: 0.7588, MAE: 0.3632
----------------------------------------------------------------------
Epoch  12/50 | Train Loss: 1.3348 | Val Loss: 1.3581 | LR: 0.004856
  Train - Data Loss (MIXMSE): 1.3348, GD: 0.0000e+00,     RMSE: 0.7491, MAE: 0.3638
  Val   - Data Loss (MIXMSE): 1.3581, GD: 0.0000e+00,     RMSE: 0.7588, MAE: 0.3646
----------------------------------------------------------------------
Epoch  13/50 | Train Loss: 1.3345 | Val Loss: 1.3581 | LR: 0.004856
  Train - Data Loss (MIXMSE): 1.3345, GD: 0.0000e+00,     RMSE: 0.7489, MAE: 0.3638
  Val   - Data Loss (MIXMSE): 1.3581, GD: 0.0000e+00,     RMSE: 0.7588, MAE: 0.3639
----------------------------------------------------------------------

--- TRIAL PRUNED AT EPOCH 13 ---