Starting training for 50 epochs...
--- Optuna Trial 49 ---
Device: cuda
Model parameters: 585,573
----------------------------------------------------------------------
Epoch   1/50 | Train Loss: 1.2728 | Val Loss: 1.1952 | LR: 0.000854
  Train - Data Loss (MIXMSE): 1.2728, GD: 2.6875e+04,     RMSE: 0.7312, MAE: 0.3481
  Val   - Data Loss (MIXMSE): 1.1952, GD: 7.8867e+04,     RMSE: 0.7119, MAE: 0.3289
----------------------------------------------------------------------
Epoch   2/50 | Train Loss: 1.0511 | Val Loss: 0.9611 | LR: 0.000854
  Train - Data Loss (MIXMSE): 1.0511, GD: 9.3662e+05,     RMSE: 0.6639, MAE: 0.3287
  Val   - Data Loss (MIXMSE): 0.9611, GD: 2.4593e+06,     RMSE: 0.6385, MAE: 0.3213
----------------------------------------------------------------------
Epoch   3/50 | Train Loss: 0.8685 | Val Loss: 0.8283 | LR: 0.000854
  Train - Data Loss (MIXMSE): 0.8685, GD: 6.0036e+06,     RMSE: 0.6036, MAE: 0.3088
  Val   - Data Loss (MIXMSE): 0.8283, GD: 1.0414e+07,     RMSE: 0.5928, MAE: 0.2963
----------------------------------------------------------------------
Epoch   4/50 | Train Loss: 0.7678 | Val Loss: 0.7040 | LR: 0.000854
  Train - Data Loss (MIXMSE): 0.7678, GD: 1.5466e+07,     RMSE: 0.5673, MAE: 0.2891
  Val   - Data Loss (MIXMSE): 0.7040, GD: 2.0986e+07,     RMSE: 0.5465, MAE: 0.2684
----------------------------------------------------------------------
Epoch   5/50 | Train Loss: 0.6397 | Val Loss: 0.6024 | LR: 0.000854
  Train - Data Loss (MIXMSE): 0.6397, GD: 3.0379e+07,     RMSE: 0.5179, MAE: 0.2638
  Val   - Data Loss (MIXMSE): 0.6024, GD: 3.6279e+07,     RMSE: 0.5055, MAE: 0.2429
----------------------------------------------------------------------

--- TRIAL PRUNED AT EPOCH 5 ---