Starting training for 50 epochs...
--- Optuna Trial 52 ---
Device: cuda
Model parameters: 581,685
----------------------------------------------------------------------
Epoch   1/50 | Train Loss: 1.2680 | Val Loss: 1.1473 | LR: 0.001593
  Train - Data Loss (MIXMSE): 1.2680, GD: 3.0449e+05,     RMSE: 0.7298, MAE: 0.3526
  Val   - Data Loss (MIXMSE): 1.1473, GD: 2.5384e+06,     RMSE: 0.6975, MAE: 0.3343
----------------------------------------------------------------------
Epoch   2/50 | Train Loss: 1.0464 | Val Loss: 0.9362 | LR: 0.001593
  Train - Data Loss (MIXMSE): 1.0464, GD: 7.6642e+06,     RMSE: 0.6628, MAE: 0.3242
  Val   - Data Loss (MIXMSE): 0.9362, GD: 1.1753e+07,     RMSE: 0.6301, MAE: 0.3169
----------------------------------------------------------------------
Epoch   3/50 | Train Loss: 0.8088 | Val Loss: 0.7293 | LR: 0.001593
  Train - Data Loss (MIXMSE): 0.8088, GD: 2.7604e+07,     RMSE: 0.5824, MAE: 0.2968
  Val   - Data Loss (MIXMSE): 0.7293, GD: 4.8480e+07,     RMSE: 0.5562, MAE: 0.2877
----------------------------------------------------------------------
Epoch   4/50 | Train Loss: 0.6227 | Val Loss: 0.6636 | LR: 0.001593
  Train - Data Loss (MIXMSE): 0.6227, GD: 6.7970e+07,     RMSE: 0.5105, MAE: 0.2593
  Val   - Data Loss (MIXMSE): 0.6636, GD: 5.9974e+07,     RMSE: 0.5303, MAE: 0.2804
----------------------------------------------------------------------
Epoch   5/50 | Train Loss: 0.4864 | Val Loss: 0.5191 | LR: 0.001593
  Train - Data Loss (MIXMSE): 0.4864, GD: 4.5251e+07,     RMSE: 0.4514, MAE: 0.2269
  Val   - Data Loss (MIXMSE): 0.5191, GD: 3.6943e+07,     RMSE: 0.4694, MAE: 0.2319
----------------------------------------------------------------------
Epoch   6/50 | Train Loss: 0.3970 | Val Loss: 0.3805 | LR: 0.001593
  Train - Data Loss (MIXMSE): 0.3970, GD: 3.5332e+07,     RMSE: 0.4081, MAE: 0.2038
  Val   - Data Loss (MIXMSE): 0.3805, GD: 3.1767e+07,     RMSE: 0.4017, MAE: 0.1956
----------------------------------------------------------------------
Epoch   7/50 | Train Loss: 0.3437 | Val Loss: 0.3331 | LR: 0.001593
  Train - Data Loss (MIXMSE): 0.3437, GD: 3.4507e+07,     RMSE: 0.3797, MAE: 0.1889
  Val   - Data Loss (MIXMSE): 0.3331, GD: 3.8215e+07,     RMSE: 0.3758, MAE: 0.1849
----------------------------------------------------------------------
Epoch   8/50 | Train Loss: 0.3120 | Val Loss: 0.3017 | LR: 0.001593
  Train - Data Loss (MIXMSE): 0.3120, GD: 3.4898e+07,     RMSE: 0.3617, MAE: 0.1796
  Val   - Data Loss (MIXMSE): 0.3017, GD: 3.7908e+07,     RMSE: 0.3577, MAE: 0.1735
----------------------------------------------------------------------
Epoch   9/50 | Train Loss: 0.2872 | Val Loss: 0.2945 | LR: 0.001593
  Train - Data Loss (MIXMSE): 0.2872, GD: 3.4298e+07,     RMSE: 0.3471, MAE: 0.1735
  Val   - Data Loss (MIXMSE): 0.2945, GD: 4.0990e+07,     RMSE: 0.3533, MAE: 0.1701
----------------------------------------------------------------------
Epoch  10/50 | Train Loss: 0.2763 | Val Loss: 0.2737 | LR: 0.001593
  Train - Data Loss (MIXMSE): 0.2763, GD: 3.3897e+07,     RMSE: 0.3404, MAE: 0.1701
  Val   - Data Loss (MIXMSE): 0.2737, GD: 3.4213e+07,     RMSE: 0.3407, MAE: 0.1638
----------------------------------------------------------------------
Epoch  11/50 | Train Loss: 0.2600 | Val Loss: 0.2681 | LR: 0.001593
  Train - Data Loss (MIXMSE): 0.2600, GD: 3.4354e+07,     RMSE: 0.3303, MAE: 0.1656
  Val   - Data Loss (MIXMSE): 0.2681, GD: 4.0071e+07,     RMSE: 0.3371, MAE: 0.1646
----------------------------------------------------------------------
Epoch  12/50 | Train Loss: 0.2500 | Val Loss: 0.2621 | LR: 0.001593
  Train - Data Loss (MIXMSE): 0.2500, GD: 3.3545e+07,     RMSE: 0.3238, MAE: 0.1616
  Val   - Data Loss (MIXMSE): 0.2621, GD: 3.8354e+07,     RMSE: 0.3332, MAE: 0.1640
----------------------------------------------------------------------
Epoch  13/50 | Train Loss: 0.2415 | Val Loss: 0.2420 | LR: 0.001593
  Train - Data Loss (MIXMSE): 0.2415, GD: 3.3728e+07,     RMSE: 0.3184, MAE: 0.1593
  Val   - Data Loss (MIXMSE): 0.2420, GD: 3.8103e+07,     RMSE: 0.3203, MAE: 0.1607
----------------------------------------------------------------------
Epoch  14/50 | Train Loss: 0.2333 | Val Loss: 0.2356 | LR: 0.001593
  Train - Data Loss (MIXMSE): 0.2333, GD: 3.3700e+07,     RMSE: 0.3125, MAE: 0.1566
  Val   - Data Loss (MIXMSE): 0.2356, GD: 3.2512e+07,     RMSE: 0.3161, MAE: 0.1554
----------------------------------------------------------------------
Epoch  15/50 | Train Loss: 0.2248 | Val Loss: 0.2338 | LR: 0.001593
  Train - Data Loss (MIXMSE): 0.2248, GD: 3.3674e+07,     RMSE: 0.3071, MAE: 0.1539
  Val   - Data Loss (MIXMSE): 0.2338, GD: 2.8865e+07,     RMSE: 0.3149, MAE: 0.1519
----------------------------------------------------------------------
Epoch  16/50 | Train Loss: 0.2240 | Val Loss: 0.2337 | LR: 0.001593
  Train - Data Loss (MIXMSE): 0.2240, GD: 3.4563e+07,     RMSE: 0.3065, MAE: 0.1537
  Val   - Data Loss (MIXMSE): 0.2337, GD: 3.4427e+07,     RMSE: 0.3148, MAE: 0.1535
----------------------------------------------------------------------
Epoch  17/50 | Train Loss: 0.2195 | Val Loss: 0.2150 | LR: 0.001593
  Train - Data Loss (MIXMSE): 0.2195, GD: 3.5773e+07,     RMSE: 0.3035, MAE: 0.1518
  Val   - Data Loss (MIXMSE): 0.2150, GD: 3.2357e+07,     RMSE: 0.3018, MAE: 0.1470
----------------------------------------------------------------------
Epoch  18/50 | Train Loss: 0.2133 | Val Loss: 0.2171 | LR: 0.001593
  Train - Data Loss (MIXMSE): 0.2133, GD: 3.6677e+07,     RMSE: 0.2992, MAE: 0.1489
  Val   - Data Loss (MIXMSE): 0.2171, GD: 3.3886e+07,     RMSE: 0.3033, MAE: 0.1499
----------------------------------------------------------------------
Epoch  19/50 | Train Loss: 0.2093 | Val Loss: 0.2120 | LR: 0.001593
  Train - Data Loss (MIXMSE): 0.2093, GD: 3.7300e+07,     RMSE: 0.2962, MAE: 0.1470
  Val   - Data Loss (MIXMSE): 0.2120, GD: 3.6552e+07,     RMSE: 0.2997, MAE: 0.1440
----------------------------------------------------------------------
Epoch  20/50 | Train Loss: 0.2038 | Val Loss: 0.2074 | LR: 0.001593
  Train - Data Loss (MIXMSE): 0.2038, GD: 3.8095e+07,     RMSE: 0.2925, MAE: 0.1459
  Val   - Data Loss (MIXMSE): 0.2074, GD: 3.6467e+07,     RMSE: 0.2965, MAE: 0.1431
----------------------------------------------------------------------
Epoch  21/50 | Train Loss: 0.2075 | Val Loss: 0.2101 | LR: 0.001593
  Train - Data Loss (MIXMSE): 0.2075, GD: 3.8379e+07,     RMSE: 0.2948, MAE: 0.1463
  Val   - Data Loss (MIXMSE): 0.2101, GD: 3.3327e+07,     RMSE: 0.2983, MAE: 0.1441
----------------------------------------------------------------------
Epoch  22/50 | Train Loss: 0.2041 | Val Loss: 0.2047 | LR: 0.001593
  Train - Data Loss (MIXMSE): 0.2041, GD: 3.8125e+07,     RMSE: 0.2928, MAE: 0.1452
  Val   - Data Loss (MIXMSE): 0.2047, GD: 3.3799e+07,     RMSE: 0.2945, MAE: 0.1413
----------------------------------------------------------------------
Epoch  23/50 | Train Loss: 0.1926 | Val Loss: 0.1992 | LR: 0.001593
  Train - Data Loss (MIXMSE): 0.1926, GD: 3.9254e+07,     RMSE: 0.2842, MAE: 0.1408
  Val   - Data Loss (MIXMSE): 0.1992, GD: 3.6158e+07,     RMSE: 0.2906, MAE: 0.1426
----------------------------------------------------------------------
Epoch  24/50 | Train Loss: 2.8876 | Val Loss: 1.4535 | LR: 0.001593
  Train - Data Loss (MIXMSE): 2.8876, GD: 3.2981e+07,     RMSE: 0.4520, MAE: 0.2375
  Val   - Data Loss (MIXMSE): 1.4535, GD: 0.0000e+00,     RMSE: 0.7849, MAE: 0.3724
----------------------------------------------------------------------
Epoch  25/50 | Train Loss: 1.3705 | Val Loss: 1.3670 | LR: 0.001593
  Train - Data Loss (MIXMSE): 1.3705, GD: 0.0000e+00,     RMSE: 0.7594, MAE: 0.3453
  Val   - Data Loss (MIXMSE): 1.3670, GD: 0.0000e+00,     RMSE: 0.7613, MAE: 0.3459
----------------------------------------------------------------------
Epoch  26/50 | Train Loss: 1.3374 | Val Loss: 1.3588 | LR: 0.001593
  Train - Data Loss (MIXMSE): 1.3374, GD: 0.0000e+00,     RMSE: 0.7493, MAE: 0.3533
  Val   - Data Loss (MIXMSE): 1.3588, GD: 0.0000e+00,     RMSE: 0.7590, MAE: 0.3588
----------------------------------------------------------------------
Epoch  27/50 | Train Loss: 1.3349 | Val Loss: 1.3581 | LR: 0.001593
  Train - Data Loss (MIXMSE): 1.3349, GD: 0.0000e+00,     RMSE: 0.7494, MAE: 0.3614
  Val   - Data Loss (MIXMSE): 1.3581, GD: 0.0000e+00,     RMSE: 0.7588, MAE: 0.3627
----------------------------------------------------------------------
Epoch  28/50 | Train Loss: 1.3345 | Val Loss: 1.3581 | LR: 0.001593
  Train - Data Loss (MIXMSE): 1.3345, GD: 0.0000e+00,     RMSE: 0.7494, MAE: 0.3632
  Val   - Data Loss (MIXMSE): 1.3581, GD: 0.0000e+00,     RMSE: 0.7588, MAE: 0.3637
----------------------------------------------------------------------
Epoch  29/50 | Train Loss: 1.3347 | Val Loss: 1.3581 | LR: 0.001593
  Train - Data Loss (MIXMSE): 1.3347, GD: 0.0000e+00,     RMSE: 0.7492, MAE: 0.3639
  Val   - Data Loss (MIXMSE): 1.3581, GD: 0.0000e+00,     RMSE: 0.7588, MAE: 0.3635
----------------------------------------------------------------------
Epoch  30/50 | Train Loss: 1.3346 | Val Loss: 1.3581 | LR: 0.001593
  Train - Data Loss (MIXMSE): 1.3346, GD: 0.0000e+00,     RMSE: 0.7491, MAE: 0.3636
  Val   - Data Loss (MIXMSE): 1.3581, GD: 0.0000e+00,     RMSE: 0.7588, MAE: 0.3637
----------------------------------------------------------------------
Epoch  31/50 | Train Loss: 1.3343 | Val Loss: 1.3581 | LR: 0.001593
  Train - Data Loss (MIXMSE): 1.3343, GD: 0.0000e+00,     RMSE: 0.7492, MAE: 0.3639
  Val   - Data Loss (MIXMSE): 1.3581, GD: 0.0000e+00,     RMSE: 0.7588, MAE: 0.3639
----------------------------------------------------------------------
Epoch  32/50 | Train Loss: 1.3349 | Val Loss: 1.3581 | LR: 0.001593
  Train - Data Loss (MIXMSE): 1.3349, GD: 0.0000e+00,     RMSE: 0.7493, MAE: 0.3639
  Val   - Data Loss (MIXMSE): 1.3581, GD: 0.0000e+00,     RMSE: 0.7588, MAE: 0.3634
----------------------------------------------------------------------
Epoch  33/50 | Train Loss: 1.3343 | Val Loss: 1.3581 | LR: 0.001593
  Train - Data Loss (MIXMSE): 1.3343, GD: 0.0000e+00,     RMSE: 0.7491, MAE: 0.3636
  Val   - Data Loss (MIXMSE): 1.3581, GD: 0.0000e+00,     RMSE: 0.7588, MAE: 0.3640
----------------------------------------------------------------------
Epoch  34/50 | Train Loss: 1.3345 | Val Loss: 1.3581 | LR: 0.001593
  Train - Data Loss (MIXMSE): 1.3345, GD: 0.0000e+00,     RMSE: 0.7494, MAE: 0.3639
  Val   - Data Loss (MIXMSE): 1.3581, GD: 0.0000e+00,     RMSE: 0.7588, MAE: 0.3634
----------------------------------------------------------------------
Epoch  35/50 | Train Loss: 1.3345 | Val Loss: 1.3581 | LR: 0.001593
  Train - Data Loss (MIXMSE): 1.3345, GD: 0.0000e+00,     RMSE: 0.7491, MAE: 0.3636
  Val   - Data Loss (MIXMSE): 1.3581, GD: 0.0000e+00,     RMSE: 0.7588, MAE: 0.3645
----------------------------------------------------------------------
Epoch  36/50 | Train Loss: 1.3348 | Val Loss: 1.3581 | LR: 0.001593
  Train - Data Loss (MIXMSE): 1.3348, GD: 0.0000e+00,     RMSE: 0.7491, MAE: 0.3639
  Val   - Data Loss (MIXMSE): 1.3581, GD: 0.0000e+00,     RMSE: 0.7588, MAE: 0.3640
----------------------------------------------------------------------
Epoch  37/50 | Train Loss: 1.3344 | Val Loss: 1.3581 | LR: 0.001593
  Train - Data Loss (MIXMSE): 1.3344, GD: 0.0000e+00,     RMSE: 0.7488, MAE: 0.3639
  Val   - Data Loss (MIXMSE): 1.3581, GD: 0.0000e+00,     RMSE: 0.7588, MAE: 0.3630
----------------------------------------------------------------------
Epoch  38/50 | Train Loss: 1.3346 | Val Loss: 1.3581 | LR: 0.001593
  Train - Data Loss (MIXMSE): 1.3346, GD: 0.0000e+00,     RMSE: 0.7493, MAE: 0.3637
  Val   - Data Loss (MIXMSE): 1.3581, GD: 0.0000e+00,     RMSE: 0.7588, MAE: 0.3636
----------------------------------------------------------------------
Epoch  39/50 | Train Loss: 1.3347 | Val Loss: 1.3581 | LR: 0.001593
  Train - Data Loss (MIXMSE): 1.3347, GD: 0.0000e+00,     RMSE: 0.7490, MAE: 0.3639
  Val   - Data Loss (MIXMSE): 1.3581, GD: 0.0000e+00,     RMSE: 0.7588, MAE: 0.3628
----------------------------------------------------------------------
Epoch  40/50 | Train Loss: 1.3345 | Val Loss: 1.3581 | LR: 0.001593
  Train - Data Loss (MIXMSE): 1.3345, GD: 0.0000e+00,     RMSE: 0.7491, MAE: 0.3635
  Val   - Data Loss (MIXMSE): 1.3581, GD: 0.0000e+00,     RMSE: 0.7588, MAE: 0.3644
----------------------------------------------------------------------
Epoch  41/50 | Train Loss: 1.3348 | Val Loss: 1.3581 | LR: 0.001593
  Train - Data Loss (MIXMSE): 1.3348, GD: 0.0000e+00,     RMSE: 0.7492, MAE: 0.3639
  Val   - Data Loss (MIXMSE): 1.3581, GD: 0.0000e+00,     RMSE: 0.7588, MAE: 0.3647
----------------------------------------------------------------------
Epoch  42/50 | Train Loss: 1.3346 | Val Loss: 1.3581 | LR: 0.001593
  Train - Data Loss (MIXMSE): 1.3346, GD: 0.0000e+00,     RMSE: 0.7494, MAE: 0.3638
  Val   - Data Loss (MIXMSE): 1.3581, GD: 0.0000e+00,     RMSE: 0.7588, MAE: 0.3634
----------------------------------------------------------------------
Epoch  43/50 | Train Loss: 1.3345 | Val Loss: 1.3581 | LR: 0.001593
  Train - Data Loss (MIXMSE): 1.3345, GD: 0.0000e+00,     RMSE: 0.7492, MAE: 0.3636
  Val   - Data Loss (MIXMSE): 1.3581, GD: 0.0000e+00,     RMSE: 0.7588, MAE: 0.3656
----------------------------------------------------------------------

--- TRIAL PRUNED AT EPOCH 43 ---