Starting training for 50 epochs...
--- Optuna Trial 59 ---
Device: cuda
Model parameters: 581,685
----------------------------------------------------------------------
Epoch   1/50 | Train Loss: 1.2803 | Val Loss: 1.2213 | LR: 0.000516
  Train - Data Loss (MIXMSE): 1.2803, GD: 7.0788e+03,     RMSE: 0.7335, MAE: 0.3532
  Val   - Data Loss (MIXMSE): 1.2213, GD: 2.3382e+04,     RMSE: 0.7196, MAE: 0.3343
----------------------------------------------------------------------
Epoch   2/50 | Train Loss: 1.1470 | Val Loss: 1.0665 | LR: 0.000516
  Train - Data Loss (MIXMSE): 1.1470, GD: 2.0348e+05,     RMSE: 0.6940, MAE: 0.3357
  Val   - Data Loss (MIXMSE): 1.0665, GD: 6.6872e+05,     RMSE: 0.6725, MAE: 0.3374
----------------------------------------------------------------------
Epoch   3/50 | Train Loss: 0.9879 | Val Loss: 0.9551 | LR: 0.000516
  Train - Data Loss (MIXMSE): 0.9879, GD: 1.4670e+06,     RMSE: 0.6440, MAE: 0.3254
  Val   - Data Loss (MIXMSE): 0.9551, GD: 2.5592e+06,     RMSE: 0.6365, MAE: 0.3264
----------------------------------------------------------------------
Epoch   4/50 | Train Loss: 0.8837 | Val Loss: 0.8769 | LR: 0.000516
  Train - Data Loss (MIXMSE): 0.8837, GD: 4.5069e+06,     RMSE: 0.6092, MAE: 0.3129
  Val   - Data Loss (MIXMSE): 0.8769, GD: 7.2961e+06,     RMSE: 0.6099, MAE: 0.3032
----------------------------------------------------------------------
Epoch   5/50 | Train Loss: 0.8048 | Val Loss: 0.7715 | LR: 0.000516
  Train - Data Loss (MIXMSE): 0.8048, GD: 7.5665e+06,     RMSE: 0.5813, MAE: 0.2985
  Val   - Data Loss (MIXMSE): 0.7715, GD: 9.0912e+06,     RMSE: 0.5721, MAE: 0.2919
----------------------------------------------------------------------

--- TRIAL PRUNED AT EPOCH 5 ---