Starting training for 50 epochs...
--- Optuna Trial 10 ---
Device: cuda
Model parameters: 58,610
----------------------------------------------------------------------
Epoch   1/50 | Train Loss: 1.2742 | Val Loss: 1.2166 | LR: 0.000956
  Train - Data Loss (MIXMSE): 1.2742, GD: 3.7847e+04,     RMSE: 0.7320, MAE: 0.3479
  Val   - Data Loss (MIXMSE): 1.2166, GD: 2.0469e+05,     RMSE: 0.7183, MAE: 0.3367
----------------------------------------------------------------------
Epoch   2/50 | Train Loss: 1.1072 | Val Loss: 1.0346 | LR: 0.000956
  Train - Data Loss (MIXMSE): 1.1072, GD: 8.2656e+05,     RMSE: 0.6819, MAE: 0.3314
  Val   - Data Loss (MIXMSE): 1.0346, GD: 1.0368e+06,     RMSE: 0.6624, MAE: 0.3174
----------------------------------------------------------------------
Epoch   3/50 | Train Loss: 0.9691 | Val Loss: 0.9295 | LR: 0.000956
  Train - Data Loss (MIXMSE): 0.9691, GD: 2.2073e+06,     RMSE: 0.6381, MAE: 0.3241
  Val   - Data Loss (MIXMSE): 0.9295, GD: 3.7960e+06,     RMSE: 0.6278, MAE: 0.3292
----------------------------------------------------------------------
Epoch   4/50 | Train Loss: 0.8625 | Val Loss: 0.8355 | LR: 0.000956
  Train - Data Loss (MIXMSE): 0.8625, GD: 4.8892e+06,     RMSE: 0.6016, MAE: 0.3090
  Val   - Data Loss (MIXMSE): 0.8355, GD: 4.8628e+06,     RMSE: 0.5953, MAE: 0.2985
----------------------------------------------------------------------
Epoch   5/50 | Train Loss: 0.7677 | Val Loss: 0.7372 | LR: 0.000956
  Train - Data Loss (MIXMSE): 0.7677, GD: 6.4923e+06,     RMSE: 0.5677, MAE: 0.2906
  Val   - Data Loss (MIXMSE): 0.7372, GD: 7.2103e+06,     RMSE: 0.5592, MAE: 0.2756
----------------------------------------------------------------------
Epoch   6/50 | Train Loss: 0.6586 | Val Loss: 0.6261 | LR: 0.000956
  Train - Data Loss (MIXMSE): 0.6586, GD: 7.3512e+06,     RMSE: 0.5257, MAE: 0.2665
  Val   - Data Loss (MIXMSE): 0.6261, GD: 6.5166e+06,     RMSE: 0.5154, MAE: 0.2515
----------------------------------------------------------------------
Epoch   7/50 | Train Loss: 0.5788 | Val Loss: 0.5805 | LR: 0.000956
  Train - Data Loss (MIXMSE): 0.5788, GD: 6.3460e+06,     RMSE: 0.4927, MAE: 0.2476
  Val   - Data Loss (MIXMSE): 0.5805, GD: 5.6665e+06,     RMSE: 0.4961, MAE: 0.2533
----------------------------------------------------------------------
Epoch   8/50 | Train Loss: 0.5168 | Val Loss: 0.5426 | LR: 0.000956
  Train - Data Loss (MIXMSE): 0.5168, GD: 4.7604e+06,     RMSE: 0.4654, MAE: 0.2336
  Val   - Data Loss (MIXMSE): 0.5426, GD: 3.5754e+06,     RMSE: 0.4797, MAE: 0.2234
----------------------------------------------------------------------
Epoch   9/50 | Train Loss: 0.4581 | Val Loss: 0.4827 | LR: 0.000956
  Train - Data Loss (MIXMSE): 0.4581, GD: 4.0657e+06,     RMSE: 0.4384, MAE: 0.2193
  Val   - Data Loss (MIXMSE): 0.4827, GD: 4.9598e+06,     RMSE: 0.4524, MAE: 0.2185
----------------------------------------------------------------------
Epoch  10/50 | Train Loss: 0.4131 | Val Loss: 0.4036 | LR: 0.000956
  Train - Data Loss (MIXMSE): 0.4131, GD: 4.3947e+06,     RMSE: 0.4159, MAE: 0.2068
  Val   - Data Loss (MIXMSE): 0.4036, GD: 4.9910e+06,     RMSE: 0.4138, MAE: 0.2055
----------------------------------------------------------------------
Epoch  11/50 | Train Loss: 0.3879 | Val Loss: 0.3778 | LR: 0.000956
  Train - Data Loss (MIXMSE): 0.3879, GD: 5.0604e+06,     RMSE: 0.4033, MAE: 0.2006
  Val   - Data Loss (MIXMSE): 0.3778, GD: 5.4352e+06,     RMSE: 0.4003, MAE: 0.1945
----------------------------------------------------------------------
Epoch  12/50 | Train Loss: 0.3633 | Val Loss: 0.4000 | LR: 0.000956
  Train - Data Loss (MIXMSE): 0.3633, GD: 5.7299e+06,     RMSE: 0.3902, MAE: 0.1937
  Val   - Data Loss (MIXMSE): 0.4000, GD: 7.8252e+06,     RMSE: 0.4118, MAE: 0.2016
----------------------------------------------------------------------
Epoch  13/50 | Train Loss: 0.3434 | Val Loss: 0.3542 | LR: 0.000956
  Train - Data Loss (MIXMSE): 0.3434, GD: 6.3550e+06,     RMSE: 0.3796, MAE: 0.1891
  Val   - Data Loss (MIXMSE): 0.3542, GD: 6.8611e+06,     RMSE: 0.3875, MAE: 0.1892
----------------------------------------------------------------------
Epoch  14/50 | Train Loss: 0.3383 | Val Loss: 0.3348 | LR: 0.000956
  Train - Data Loss (MIXMSE): 0.3383, GD: 6.8373e+06,     RMSE: 0.3766, MAE: 0.1874
  Val   - Data Loss (MIXMSE): 0.3348, GD: 6.5110e+06,     RMSE: 0.3768, MAE: 0.1799
----------------------------------------------------------------------
Epoch  15/50 | Train Loss: 0.3234 | Val Loss: 0.3353 | LR: 0.000956
  Train - Data Loss (MIXMSE): 0.3234, GD: 7.2816e+06,     RMSE: 0.3683, MAE: 0.1836
  Val   - Data Loss (MIXMSE): 0.3353, GD: 7.3009e+06,     RMSE: 0.3770, MAE: 0.1810
----------------------------------------------------------------------
Epoch  16/50 | Train Loss: 0.3128 | Val Loss: 0.3245 | LR: 0.000956
  Train - Data Loss (MIXMSE): 0.3128, GD: 7.6494e+06,     RMSE: 0.3621, MAE: 0.1810
  Val   - Data Loss (MIXMSE): 0.3245, GD: 8.4586e+06,     RMSE: 0.3708, MAE: 0.1841
----------------------------------------------------------------------
Epoch  17/50 | Train Loss: 0.3013 | Val Loss: 0.3155 | LR: 0.000956
  Train - Data Loss (MIXMSE): 0.3013, GD: 7.9883e+06,     RMSE: 0.3555, MAE: 0.1781
  Val   - Data Loss (MIXMSE): 0.3155, GD: 7.9774e+06,     RMSE: 0.3658, MAE: 0.1769
----------------------------------------------------------------------
Epoch  18/50 | Train Loss: 0.2987 | Val Loss: 0.3225 | LR: 0.000956
  Train - Data Loss (MIXMSE): 0.2987, GD: 8.2449e+06,     RMSE: 0.3539, MAE: 0.1769
  Val   - Data Loss (MIXMSE): 0.3225, GD: 9.1213e+06,     RMSE: 0.3696, MAE: 0.1830
----------------------------------------------------------------------
Epoch  19/50 | Train Loss: 0.2882 | Val Loss: 0.2854 | LR: 0.000956
  Train - Data Loss (MIXMSE): 0.2882, GD: 8.5497e+06,     RMSE: 0.3479, MAE: 0.1744
  Val   - Data Loss (MIXMSE): 0.2854, GD: 8.4228e+06,     RMSE: 0.3479, MAE: 0.1715
----------------------------------------------------------------------
Epoch  20/50 | Train Loss: 0.2817 | Val Loss: 0.2964 | LR: 0.000956
  Train - Data Loss (MIXMSE): 0.2817, GD: 8.7175e+06,     RMSE: 0.3438, MAE: 0.1726
  Val   - Data Loss (MIXMSE): 0.2964, GD: 8.9551e+06,     RMSE: 0.3544, MAE: 0.1722
----------------------------------------------------------------------
Epoch  21/50 | Train Loss: 0.2784 | Val Loss: 0.2879 | LR: 0.000956
  Train - Data Loss (MIXMSE): 0.2784, GD: 8.9929e+06,     RMSE: 0.3417, MAE: 0.1714
  Val   - Data Loss (MIXMSE): 0.2879, GD: 9.0307e+06,     RMSE: 0.3493, MAE: 0.1706
----------------------------------------------------------------------
Epoch  22/50 | Train Loss: 0.2699 | Val Loss: 0.2782 | LR: 0.000956
  Train - Data Loss (MIXMSE): 0.2699, GD: 9.1595e+06,     RMSE: 0.3364, MAE: 0.1691
  Val   - Data Loss (MIXMSE): 0.2782, GD: 8.8496e+06,     RMSE: 0.3433, MAE: 0.1696
----------------------------------------------------------------------
Epoch  23/50 | Train Loss: 0.2635 | Val Loss: 0.2742 | LR: 0.000956
  Train - Data Loss (MIXMSE): 0.2635, GD: 9.1302e+06,     RMSE: 0.3324, MAE: 0.1671
  Val   - Data Loss (MIXMSE): 0.2742, GD: 9.0737e+06,     RMSE: 0.3410, MAE: 0.1674
----------------------------------------------------------------------
Epoch  24/50 | Train Loss: 0.2617 | Val Loss: 0.2731 | LR: 0.000956
  Train - Data Loss (MIXMSE): 0.2617, GD: 9.2137e+06,     RMSE: 0.3311, MAE: 0.1661
  Val   - Data Loss (MIXMSE): 0.2731, GD: 9.1076e+06,     RMSE: 0.3402, MAE: 0.1669
----------------------------------------------------------------------
Epoch  25/50 | Train Loss: 0.2579 | Val Loss: 0.2726 | LR: 0.000956
  Train - Data Loss (MIXMSE): 0.2579, GD: 9.1140e+06,     RMSE: 0.3289, MAE: 0.1647
  Val   - Data Loss (MIXMSE): 0.2726, GD: 8.7601e+06,     RMSE: 0.3399, MAE: 0.1635
----------------------------------------------------------------------
Epoch  26/50 | Train Loss: 0.2540 | Val Loss: 0.2624 | LR: 0.000956
  Train - Data Loss (MIXMSE): 0.2540, GD: 9.1523e+06,     RMSE: 0.3267, MAE: 0.1634
  Val   - Data Loss (MIXMSE): 0.2624, GD: 8.9917e+06,     RMSE: 0.3335, MAE: 0.1626
----------------------------------------------------------------------
Epoch  27/50 | Train Loss: 0.2477 | Val Loss: 0.2484 | LR: 0.000956
  Train - Data Loss (MIXMSE): 0.2477, GD: 9.0120e+06,     RMSE: 0.3226, MAE: 0.1611
  Val   - Data Loss (MIXMSE): 0.2484, GD: 8.5194e+06,     RMSE: 0.3245, MAE: 0.1574
----------------------------------------------------------------------
Epoch  28/50 | Train Loss: 0.2484 | Val Loss: 0.2490 | LR: 0.000956
  Train - Data Loss (MIXMSE): 0.2484, GD: 9.0106e+06,     RMSE: 0.3230, MAE: 0.1615
  Val   - Data Loss (MIXMSE): 0.2490, GD: 9.0985e+06,     RMSE: 0.3248, MAE: 0.1601
----------------------------------------------------------------------
Epoch  29/50 | Train Loss: 0.2430 | Val Loss: 0.2499 | LR: 0.000956
  Train - Data Loss (MIXMSE): 0.2430, GD: 9.0779e+06,     RMSE: 0.3193, MAE: 0.1598
  Val   - Data Loss (MIXMSE): 0.2499, GD: 9.1593e+06,     RMSE: 0.3255, MAE: 0.1591
----------------------------------------------------------------------
Epoch  30/50 | Train Loss: 0.2409 | Val Loss: 0.2470 | LR: 0.000956
  Train - Data Loss (MIXMSE): 0.2409, GD: 8.9691e+06,     RMSE: 0.3180, MAE: 0.1590
  Val   - Data Loss (MIXMSE): 0.2470, GD: 8.7912e+06,     RMSE: 0.3235, MAE: 0.1570
----------------------------------------------------------------------
Epoch  31/50 | Train Loss: 0.2398 | Val Loss: 0.2432 | LR: 0.000956
  Train - Data Loss (MIXMSE): 0.2398, GD: 8.9830e+06,     RMSE: 0.3174, MAE: 0.1583
  Val   - Data Loss (MIXMSE): 0.2432, GD: 8.6498e+06,     RMSE: 0.3210, MAE: 0.1573
----------------------------------------------------------------------
Epoch  32/50 | Train Loss: 0.2404 | Val Loss: 0.2465 | LR: 0.000956
  Train - Data Loss (MIXMSE): 0.2404, GD: 9.0925e+06,     RMSE: 0.3172, MAE: 0.1577
  Val   - Data Loss (MIXMSE): 0.2465, GD: 9.2218e+06,     RMSE: 0.3231, MAE: 0.1586
----------------------------------------------------------------------
Epoch  33/50 | Train Loss: 0.2359 | Val Loss: 0.2443 | LR: 0.000956
  Train - Data Loss (MIXMSE): 0.2359, GD: 9.0478e+06,     RMSE: 0.3145, MAE: 0.1567
  Val   - Data Loss (MIXMSE): 0.2443, GD: 9.2152e+06,     RMSE: 0.3218, MAE: 0.1597
----------------------------------------------------------------------
Epoch  34/50 | Train Loss: 0.2337 | Val Loss: 0.2552 | LR: 0.000956
  Train - Data Loss (MIXMSE): 0.2337, GD: 9.0057e+06,     RMSE: 0.3132, MAE: 0.1560
  Val   - Data Loss (MIXMSE): 0.2552, GD: 9.0813e+06,     RMSE: 0.3289, MAE: 0.1541
----------------------------------------------------------------------
Epoch  35/50 | Train Loss: 0.2273 | Val Loss: 0.2363 | LR: 0.000956
  Train - Data Loss (MIXMSE): 0.2273, GD: 9.2186e+06,     RMSE: 0.3088, MAE: 0.1536
  Val   - Data Loss (MIXMSE): 0.2363, GD: 8.8086e+06,     RMSE: 0.3165, MAE: 0.1520
----------------------------------------------------------------------
Epoch  36/50 | Train Loss: 0.2234 | Val Loss: 0.2324 | LR: 0.000956
  Train - Data Loss (MIXMSE): 0.2234, GD: 9.2951e+06,     RMSE: 0.3062, MAE: 0.1526
  Val   - Data Loss (MIXMSE): 0.2324, GD: 9.3518e+06,     RMSE: 0.3139, MAE: 0.1528
----------------------------------------------------------------------
Epoch  37/50 | Train Loss: 0.2226 | Val Loss: 0.2461 | LR: 0.000956
  Train - Data Loss (MIXMSE): 0.2226, GD: 9.1973e+06,     RMSE: 0.3055, MAE: 0.1518
  Val   - Data Loss (MIXMSE): 0.2461, GD: 1.1004e+07,     RMSE: 0.3229, MAE: 0.1559
----------------------------------------------------------------------
Epoch  38/50 | Train Loss: 0.2228 | Val Loss: 0.2350 | LR: 0.000956
  Train - Data Loss (MIXMSE): 0.2228, GD: 9.2466e+06,     RMSE: 0.3057, MAE: 0.1521
  Val   - Data Loss (MIXMSE): 0.2350, GD: 8.9315e+06,     RMSE: 0.3156, MAE: 0.1534
----------------------------------------------------------------------
Epoch  39/50 | Train Loss: 0.2218 | Val Loss: 0.2292 | LR: 0.000956
  Train - Data Loss (MIXMSE): 0.2218, GD: 9.2651e+06,     RMSE: 0.3051, MAE: 0.1520
  Val   - Data Loss (MIXMSE): 0.2292, GD: 9.6626e+06,     RMSE: 0.3116, MAE: 0.1502
----------------------------------------------------------------------
Epoch  40/50 | Train Loss: 0.2154 | Val Loss: 0.2181 | LR: 0.000956
  Train - Data Loss (MIXMSE): 0.2154, GD: 9.1719e+06,     RMSE: 0.3007, MAE: 0.1495
  Val   - Data Loss (MIXMSE): 0.2181, GD: 9.6021e+06,     RMSE: 0.3040, MAE: 0.1485
----------------------------------------------------------------------
Epoch  41/50 | Train Loss: 0.2148 | Val Loss: 0.2154 | LR: 0.000956
  Train - Data Loss (MIXMSE): 0.2148, GD: 9.2481e+06,     RMSE: 0.3001, MAE: 0.1492
  Val   - Data Loss (MIXMSE): 0.2154, GD: 9.3142e+06,     RMSE: 0.3021, MAE: 0.1469
----------------------------------------------------------------------
Epoch  42/50 | Train Loss: 0.2154 | Val Loss: 0.2214 | LR: 0.000956
  Train - Data Loss (MIXMSE): 0.2154, GD: 9.2466e+06,     RMSE: 0.3007, MAE: 0.1493
  Val   - Data Loss (MIXMSE): 0.2214, GD: 9.7594e+06,     RMSE: 0.3062, MAE: 0.1473
----------------------------------------------------------------------
Epoch  43/50 | Train Loss: 0.2129 | Val Loss: 0.2270 | LR: 0.000956
  Train - Data Loss (MIXMSE): 0.2129, GD: 9.1929e+06,     RMSE: 0.2989, MAE: 0.1482
  Val   - Data Loss (MIXMSE): 0.2270, GD: 1.0276e+07,     RMSE: 0.3100, MAE: 0.1522
----------------------------------------------------------------------
Epoch  44/50 | Train Loss: 0.2103 | Val Loss: 0.2087 | LR: 0.000956
  Train - Data Loss (MIXMSE): 0.2103, GD: 9.1673e+06,     RMSE: 0.2971, MAE: 0.1474
  Val   - Data Loss (MIXMSE): 0.2087, GD: 9.3778e+06,     RMSE: 0.2973, MAE: 0.1454
----------------------------------------------------------------------
Epoch  45/50 | Train Loss: 0.2060 | Val Loss: 0.2273 | LR: 0.000956
  Train - Data Loss (MIXMSE): 0.2060, GD: 8.9446e+06,     RMSE: 0.2939, MAE: 0.1460
  Val   - Data Loss (MIXMSE): 0.2273, GD: 8.4546e+06,     RMSE: 0.3103, MAE: 0.1503
----------------------------------------------------------------------
Epoch  46/50 | Train Loss: 0.2100 | Val Loss: 0.2150 | LR: 0.000956
  Train - Data Loss (MIXMSE): 0.2100, GD: 8.9813e+06,     RMSE: 0.2968, MAE: 0.1468
  Val   - Data Loss (MIXMSE): 0.2150, GD: 1.0024e+07,     RMSE: 0.3018, MAE: 0.1453
----------------------------------------------------------------------
Epoch  47/50 | Train Loss: 0.2048 | Val Loss: 0.2187 | LR: 0.000956
  Train - Data Loss (MIXMSE): 0.2048, GD: 9.0661e+06,     RMSE: 0.2930, MAE: 0.1447
  Val   - Data Loss (MIXMSE): 0.2187, GD: 9.7124e+06,     RMSE: 0.3044, MAE: 0.1479
----------------------------------------------------------------------
Epoch  48/50 | Train Loss: 0.2062 | Val Loss: 0.2178 | LR: 0.000956
  Train - Data Loss (MIXMSE): 0.2062, GD: 8.8891e+06,     RMSE: 0.2942, MAE: 0.1459
  Val   - Data Loss (MIXMSE): 0.2178, GD: 9.0115e+06,     RMSE: 0.3036, MAE: 0.1463
----------------------------------------------------------------------
Epoch  49/50 | Train Loss: 0.2030 | Val Loss: 0.2022 | LR: 0.000956
  Train - Data Loss (MIXMSE): 0.2030, GD: 8.8331e+06,     RMSE: 0.2918, MAE: 0.1443
  Val   - Data Loss (MIXMSE): 0.2022, GD: 8.9182e+06,     RMSE: 0.2926, MAE: 0.1407
----------------------------------------------------------------------
Epoch  50/50 | Train Loss: 0.2000 | Val Loss: 0.2187 | LR: 0.000956
  Train - Data Loss (MIXMSE): 0.2000, GD: 8.7200e+06,     RMSE: 0.2898, MAE: 0.1435
  Val   - Data Loss (MIXMSE): 0.2187, GD: 8.6997e+06,     RMSE: 0.3044, MAE: 0.1490
----------------------------------------------------------------------

Training complete!
Best validation loss: 0.2022 at epoch 49

Evaluating on test set...
Test Loss: 0.2142
Test MIXMSE: 0.2142, GD: 8.5355e+06,     RMSE: 0.3012, MAE: 0.1481