Starting training for 50 epochs...
--- Optuna Trial 37 ---
Device: cuda
Model parameters: 461,284
----------------------------------------------------------------------
Epoch   1/50 | Train Loss: 188945.2538 | Val Loss: 1.3622 | LR: 0.005890
  Train - Data Loss (MIXMSE): 188945.2538, GD: 1.9951e+05,     RMSE: 19.9311, MAE: 19.1894
  Val   - Data Loss (MIXMSE): 1.3622, GD: 1.6403e+05,     RMSE: 0.7599, MAE: 0.3852
----------------------------------------------------------------------
Epoch   2/50 | Train Loss: 1.3249 | Val Loss: 1.3307 | LR: 0.005890
  Train - Data Loss (MIXMSE): 1.3249, GD: 2.8356e+05,     RMSE: 0.7463, MAE: 0.3613
  Val   - Data Loss (MIXMSE): 1.3307, GD: 1.2238e+06,     RMSE: 0.7511, MAE: 0.3480
----------------------------------------------------------------------
Epoch   3/50 | Train Loss: 1.2967 | Val Loss: 1.3051 | LR: 0.005890
  Train - Data Loss (MIXMSE): 1.2967, GD: 3.3487e+06,     RMSE: 0.7383, MAE: 0.3470
  Val   - Data Loss (MIXMSE): 1.3051, GD: 4.7351e+06,     RMSE: 0.7439, MAE: 0.3474
----------------------------------------------------------------------
Epoch   4/50 | Train Loss: 1.2751 | Val Loss: 1.2803 | LR: 0.005890
  Train - Data Loss (MIXMSE): 1.2751, GD: 2.0138e+06,     RMSE: 0.7321, MAE: 0.3383
  Val   - Data Loss (MIXMSE): 1.2803, GD: 1.6971e+06,     RMSE: 0.7368, MAE: 0.3439
----------------------------------------------------------------------
Epoch   5/50 | Train Loss: 1.2545 | Val Loss: 1.2487 | LR: 0.005890
  Train - Data Loss (MIXMSE): 1.2545, GD: 8.3674e+05,     RMSE: 0.7261, MAE: 0.3303
  Val   - Data Loss (MIXMSE): 1.2487, GD: 4.9071e+05,     RMSE: 0.7277, MAE: 0.3222
----------------------------------------------------------------------

--- TRIAL PRUNED AT EPOCH 5 ---