Starting training for 50 epochs...
--- Optuna Trial 1 ---
Device: cuda
Model parameters: 349,699
----------------------------------------------------------------------
Epoch   1/50 | Train Loss: 1.3357 | Val Loss: 1.3571 | LR: 0.000010
  Train - Data Loss (MIXMSE): 1.3357, GD: 1.9602e+03,     RMSE: 0.7497, MAE: 0.3699
  Val   - Data Loss (MIXMSE): 1.3571, GD: 1.7812e+03,     RMSE: 0.7585, MAE: 0.3614
----------------------------------------------------------------------
Epoch   2/50 | Train Loss: 1.3318 | Val Loss: 1.3530 | LR: 0.000010
  Train - Data Loss (MIXMSE): 1.3318, GD: 1.6162e+03,     RMSE: 0.7484, MAE: 0.3625
  Val   - Data Loss (MIXMSE): 1.3530, GD: 1.4548e+03,     RMSE: 0.7574, MAE: 0.3616
----------------------------------------------------------------------
Epoch   3/50 | Train Loss: 1.3256 | Val Loss: 1.3437 | LR: 0.000010
  Train - Data Loss (MIXMSE): 1.3256, GD: 1.2949e+03,     RMSE: 0.7467, MAE: 0.3609
  Val   - Data Loss (MIXMSE): 1.3437, GD: 1.1426e+03,     RMSE: 0.7548, MAE: 0.3606
----------------------------------------------------------------------
Epoch   4/50 | Train Loss: 1.3100 | Val Loss: 1.3207 | LR: 0.000010
  Train - Data Loss (MIXMSE): 1.3100, GD: 9.9835e+02,     RMSE: 0.7422, MAE: 0.3578
  Val   - Data Loss (MIXMSE): 1.3207, GD: 9.3108e+02,     RMSE: 0.7483, MAE: 0.3630
----------------------------------------------------------------------
Epoch   5/50 | Train Loss: 1.2922 | Val Loss: 1.3053 | LR: 0.000010
  Train - Data Loss (MIXMSE): 1.2922, GD: 7.8228e+02,     RMSE: 0.7370, MAE: 0.3542
  Val   - Data Loss (MIXMSE): 1.3053, GD: 7.1221e+02,     RMSE: 0.7440, MAE: 0.3532
----------------------------------------------------------------------
Epoch   6/50 | Train Loss: 1.2802 | Val Loss: 1.2940 | LR: 0.000010
  Train - Data Loss (MIXMSE): 1.2802, GD: 6.2589e+02,     RMSE: 0.7335, MAE: 0.3515
  Val   - Data Loss (MIXMSE): 1.2940, GD: 4.7711e+02,     RMSE: 0.7407, MAE: 0.3437
----------------------------------------------------------------------
Epoch   7/50 | Train Loss: 1.2682 | Val Loss: 1.2802 | LR: 0.000010
  Train - Data Loss (MIXMSE): 1.2682, GD: 5.0772e+02,     RMSE: 0.7301, MAE: 0.3488
  Val   - Data Loss (MIXMSE): 1.2802, GD: 5.3068e+02,     RMSE: 0.7368, MAE: 0.3526
----------------------------------------------------------------------
Epoch   8/50 | Train Loss: 1.2601 | Val Loss: 1.2741 | LR: 0.000010
  Train - Data Loss (MIXMSE): 1.2601, GD: 4.4451e+02,     RMSE: 0.7279, MAE: 0.3468
  Val   - Data Loss (MIXMSE): 1.2741, GD: 3.5645e+02,     RMSE: 0.7350, MAE: 0.3408
----------------------------------------------------------------------
Epoch   9/50 | Train Loss: 1.2526 | Val Loss: 1.2706 | LR: 0.000010
  Train - Data Loss (MIXMSE): 1.2526, GD: 4.4687e+02,     RMSE: 0.7256, MAE: 0.3448
  Val   - Data Loss (MIXMSE): 1.2706, GD: 6.4489e+02,     RMSE: 0.7340, MAE: 0.3561
----------------------------------------------------------------------
Epoch  10/50 | Train Loss: 1.2459 | Val Loss: 1.2575 | LR: 0.000010
  Train - Data Loss (MIXMSE): 1.2459, GD: 5.3552e+02,     RMSE: 0.7237, MAE: 0.3426
  Val   - Data Loss (MIXMSE): 1.2575, GD: 6.1934e+02,     RMSE: 0.7302, MAE: 0.3410
----------------------------------------------------------------------
Epoch  11/50 | Train Loss: 1.2388 | Val Loss: 1.2523 | LR: 0.000010
  Train - Data Loss (MIXMSE): 1.2388, GD: 7.1234e+02,     RMSE: 0.7214, MAE: 0.3419
  Val   - Data Loss (MIXMSE): 1.2523, GD: 7.5599e+02,     RMSE: 0.7287, MAE: 0.3437
----------------------------------------------------------------------
Epoch  12/50 | Train Loss: 1.2344 | Val Loss: 1.2487 | LR: 0.000010
  Train - Data Loss (MIXMSE): 1.2344, GD: 9.1784e+02,     RMSE: 0.7203, MAE: 0.3418
  Val   - Data Loss (MIXMSE): 1.2487, GD: 1.0292e+03,     RMSE: 0.7277, MAE: 0.3435
----------------------------------------------------------------------
Epoch  13/50 | Train Loss: 1.2302 | Val Loss: 1.2441 | LR: 0.000010
  Train - Data Loss (MIXMSE): 1.2302, GD: 1.1475e+03,     RMSE: 0.7189, MAE: 0.3417
  Val   - Data Loss (MIXMSE): 1.2441, GD: 1.2947e+03,     RMSE: 0.7263, MAE: 0.3402
----------------------------------------------------------------------
Epoch  14/50 | Train Loss: 1.2274 | Val Loss: 1.2483 | LR: 0.000010
  Train - Data Loss (MIXMSE): 1.2274, GD: 1.4329e+03,     RMSE: 0.7183, MAE: 0.3413
  Val   - Data Loss (MIXMSE): 1.2483, GD: 1.6997e+03,     RMSE: 0.7275, MAE: 0.3342
----------------------------------------------------------------------
Epoch  15/50 | Train Loss: 1.2241 | Val Loss: 1.2396 | LR: 0.000010
  Train - Data Loss (MIXMSE): 1.2241, GD: 1.7709e+03,     RMSE: 0.7174, MAE: 0.3413
  Val   - Data Loss (MIXMSE): 1.2396, GD: 1.9643e+03,     RMSE: 0.7250, MAE: 0.3371
----------------------------------------------------------------------
Epoch  16/50 | Train Loss: 1.2222 | Val Loss: 1.2360 | LR: 0.000010
  Train - Data Loss (MIXMSE): 1.2222, GD: 2.1676e+03,     RMSE: 0.7169, MAE: 0.3410
  Val   - Data Loss (MIXMSE): 1.2360, GD: 2.3786e+03,     RMSE: 0.7239, MAE: 0.3391
----------------------------------------------------------------------
Epoch  17/50 | Train Loss: 1.2195 | Val Loss: 1.2345 | LR: 0.000010
  Train - Data Loss (MIXMSE): 1.2195, GD: 2.6237e+03,     RMSE: 0.7158, MAE: 0.3407
  Val   - Data Loss (MIXMSE): 1.2345, GD: 2.6782e+03,     RMSE: 0.7235, MAE: 0.3457
----------------------------------------------------------------------
Epoch  18/50 | Train Loss: 1.2166 | Val Loss: 1.2354 | LR: 0.000010
  Train - Data Loss (MIXMSE): 1.2166, GD: 3.1520e+03,     RMSE: 0.7155, MAE: 0.3406
  Val   - Data Loss (MIXMSE): 1.2354, GD: 3.1821e+03,     RMSE: 0.7237, MAE: 0.3489
----------------------------------------------------------------------
Epoch  19/50 | Train Loss: 1.2147 | Val Loss: 1.2302 | LR: 0.000010
  Train - Data Loss (MIXMSE): 1.2147, GD: 3.7229e+03,     RMSE: 0.7146, MAE: 0.3405
  Val   - Data Loss (MIXMSE): 1.2302, GD: 4.1001e+03,     RMSE: 0.7222, MAE: 0.3368
----------------------------------------------------------------------
Epoch  20/50 | Train Loss: 1.2120 | Val Loss: 1.2286 | LR: 0.000010
  Train - Data Loss (MIXMSE): 1.2120, GD: 4.3589e+03,     RMSE: 0.7138, MAE: 0.3404
  Val   - Data Loss (MIXMSE): 1.2286, GD: 5.0487e+03,     RMSE: 0.7217, MAE: 0.3378
----------------------------------------------------------------------
Epoch  21/50 | Train Loss: 1.2100 | Val Loss: 1.2249 | LR: 0.000010
  Train - Data Loss (MIXMSE): 1.2100, GD: 5.0750e+03,     RMSE: 0.7132, MAE: 0.3404
  Val   - Data Loss (MIXMSE): 1.2249, GD: 5.5605e+03,     RMSE: 0.7207, MAE: 0.3385
----------------------------------------------------------------------
Epoch  22/50 | Train Loss: 1.2077 | Val Loss: 1.2225 | LR: 0.000010
  Train - Data Loss (MIXMSE): 1.2077, GD: 5.8228e+03,     RMSE: 0.7125, MAE: 0.3402
  Val   - Data Loss (MIXMSE): 1.2225, GD: 6.0541e+03,     RMSE: 0.7199, MAE: 0.3418
----------------------------------------------------------------------
Epoch  23/50 | Train Loss: 1.2067 | Val Loss: 1.2256 | LR: 0.000010
  Train - Data Loss (MIXMSE): 1.2067, GD: 6.6479e+03,     RMSE: 0.7124, MAE: 0.3405
  Val   - Data Loss (MIXMSE): 1.2256, GD: 7.5897e+03,     RMSE: 0.7208, MAE: 0.3338
----------------------------------------------------------------------
Epoch  24/50 | Train Loss: 1.2045 | Val Loss: 1.2198 | LR: 0.000010
  Train - Data Loss (MIXMSE): 1.2045, GD: 7.5515e+03,     RMSE: 0.7115, MAE: 0.3404
  Val   - Data Loss (MIXMSE): 1.2198, GD: 7.5572e+03,     RMSE: 0.7192, MAE: 0.3438
----------------------------------------------------------------------
Epoch  25/50 | Train Loss: 1.2028 | Val Loss: 1.2184 | LR: 0.000010
  Train - Data Loss (MIXMSE): 1.2028, GD: 8.4794e+03,     RMSE: 0.7111, MAE: 0.3400
  Val   - Data Loss (MIXMSE): 1.2184, GD: 8.7674e+03,     RMSE: 0.7187, MAE: 0.3437
----------------------------------------------------------------------
Epoch  26/50 | Train Loss: 1.1996 | Val Loss: 1.2218 | LR: 0.000010
  Train - Data Loss (MIXMSE): 1.1996, GD: 9.4993e+03,     RMSE: 0.7102, MAE: 0.3402
  Val   - Data Loss (MIXMSE): 1.2218, GD: 1.0934e+04,     RMSE: 0.7197, MAE: 0.3335
----------------------------------------------------------------------
Epoch  27/50 | Train Loss: 1.1976 | Val Loss: 1.2136 | LR: 0.000010
  Train - Data Loss (MIXMSE): 1.1976, GD: 1.0575e+04,     RMSE: 0.7096, MAE: 0.3401
  Val   - Data Loss (MIXMSE): 1.2136, GD: 1.1160e+04,     RMSE: 0.7173, MAE: 0.3356
----------------------------------------------------------------------
Epoch  28/50 | Train Loss: 1.1962 | Val Loss: 1.2121 | LR: 0.000010
  Train - Data Loss (MIXMSE): 1.1962, GD: 1.1768e+04,     RMSE: 0.7093, MAE: 0.3402
  Val   - Data Loss (MIXMSE): 1.2121, GD: 1.2589e+04,     RMSE: 0.7169, MAE: 0.3384
----------------------------------------------------------------------
Epoch  29/50 | Train Loss: 1.1942 | Val Loss: 1.2126 | LR: 0.000010
  Train - Data Loss (MIXMSE): 1.1942, GD: 1.2968e+04,     RMSE: 0.7085, MAE: 0.3400
  Val   - Data Loss (MIXMSE): 1.2126, GD: 1.4314e+04,     RMSE: 0.7170, MAE: 0.3350
----------------------------------------------------------------------
Epoch  30/50 | Train Loss: 1.1919 | Val Loss: 1.2077 | LR: 0.000010
  Train - Data Loss (MIXMSE): 1.1919, GD: 1.4291e+04,     RMSE: 0.7078, MAE: 0.3402
  Val   - Data Loss (MIXMSE): 1.2077, GD: 1.4768e+04,     RMSE: 0.7156, MAE: 0.3403
----------------------------------------------------------------------
Epoch  31/50 | Train Loss: 1.1907 | Val Loss: 1.2087 | LR: 0.000010
  Train - Data Loss (MIXMSE): 1.1907, GD: 1.5650e+04,     RMSE: 0.7074, MAE: 0.3401
  Val   - Data Loss (MIXMSE): 1.2087, GD: 1.5328e+04,     RMSE: 0.7159, MAE: 0.3468
----------------------------------------------------------------------
Epoch  32/50 | Train Loss: 1.1899 | Val Loss: 1.2113 | LR: 0.000010
  Train - Data Loss (MIXMSE): 1.1899, GD: 1.7097e+04,     RMSE: 0.7073, MAE: 0.3402
  Val   - Data Loss (MIXMSE): 1.2113, GD: 1.8806e+04,     RMSE: 0.7166, MAE: 0.3338
----------------------------------------------------------------------
Epoch  33/50 | Train Loss: 1.1888 | Val Loss: 1.2055 | LR: 0.000010
  Train - Data Loss (MIXMSE): 1.1888, GD: 1.8585e+04,     RMSE: 0.7066, MAE: 0.3402
  Val   - Data Loss (MIXMSE): 1.2055, GD: 2.0418e+04,     RMSE: 0.7149, MAE: 0.3376
----------------------------------------------------------------------
Epoch  34/50 | Train Loss: 1.1856 | Val Loss: 1.2027 | LR: 0.000010
  Train - Data Loss (MIXMSE): 1.1856, GD: 2.0174e+04,     RMSE: 0.7057, MAE: 0.3400
  Val   - Data Loss (MIXMSE): 1.2027, GD: 2.0226e+04,     RMSE: 0.7141, MAE: 0.3437
----------------------------------------------------------------------
Epoch  35/50 | Train Loss: 1.1849 | Val Loss: 1.2026 | LR: 0.000010
  Train - Data Loss (MIXMSE): 1.1849, GD: 2.1823e+04,     RMSE: 0.7059, MAE: 0.3402
  Val   - Data Loss (MIXMSE): 1.2026, GD: 2.3693e+04,     RMSE: 0.7141, MAE: 0.3383
----------------------------------------------------------------------
Epoch  36/50 | Train Loss: 1.1824 | Val Loss: 1.2013 | LR: 0.000010
  Train - Data Loss (MIXMSE): 1.1824, GD: 2.3548e+04,     RMSE: 0.7049, MAE: 0.3399
  Val   - Data Loss (MIXMSE): 1.2013, GD: 2.5395e+04,     RMSE: 0.7137, MAE: 0.3366
----------------------------------------------------------------------
Epoch  37/50 | Train Loss: 1.1811 | Val Loss: 1.1996 | LR: 0.000010
  Train - Data Loss (MIXMSE): 1.1811, GD: 2.5377e+04,     RMSE: 0.7049, MAE: 0.3402
  Val   - Data Loss (MIXMSE): 1.1996, GD: 2.7150e+04,     RMSE: 0.7132, MAE: 0.3368
----------------------------------------------------------------------
Epoch  38/50 | Train Loss: 1.1810 | Val Loss: 1.2074 | LR: 0.000010
  Train - Data Loss (MIXMSE): 1.1810, GD: 2.7309e+04,     RMSE: 0.7046, MAE: 0.3401
  Val   - Data Loss (MIXMSE): 1.2074, GD: 2.5704e+04,     RMSE: 0.7155, MAE: 0.3521
----------------------------------------------------------------------
Epoch  39/50 | Train Loss: 1.1791 | Val Loss: 1.1961 | LR: 0.000010
  Train - Data Loss (MIXMSE): 1.1791, GD: 2.9256e+04,     RMSE: 0.7039, MAE: 0.3400
  Val   - Data Loss (MIXMSE): 1.1961, GD: 3.0599e+04,     RMSE: 0.7121, MAE: 0.3378
----------------------------------------------------------------------
Epoch  40/50 | Train Loss: 1.1776 | Val Loss: 1.1958 | LR: 0.000010
  Train - Data Loss (MIXMSE): 1.1776, GD: 3.1395e+04,     RMSE: 0.7035, MAE: 0.3401
  Val   - Data Loss (MIXMSE): 1.1958, GD: 3.1220e+04,     RMSE: 0.7121, MAE: 0.3439
----------------------------------------------------------------------
Epoch  41/50 | Train Loss: 1.1774 | Val Loss: 1.1961 | LR: 0.000010
  Train - Data Loss (MIXMSE): 1.1774, GD: 3.3645e+04,     RMSE: 0.7035, MAE: 0.3403
  Val   - Data Loss (MIXMSE): 1.1961, GD: 3.6048e+04,     RMSE: 0.7121, MAE: 0.3353
----------------------------------------------------------------------
Epoch  42/50 | Train Loss: 1.1748 | Val Loss: 1.1968 | LR: 0.000010
  Train - Data Loss (MIXMSE): 1.1748, GD: 3.5928e+04,     RMSE: 0.7026, MAE: 0.3402
  Val   - Data Loss (MIXMSE): 1.1968, GD: 3.4578e+04,     RMSE: 0.7123, MAE: 0.3504
----------------------------------------------------------------------
Epoch  43/50 | Train Loss: 1.1734 | Val Loss: 1.1903 | LR: 0.000010
  Train - Data Loss (MIXMSE): 1.1734, GD: 3.8342e+04,     RMSE: 0.7021, MAE: 0.3401
  Val   - Data Loss (MIXMSE): 1.1903, GD: 4.0146e+04,     RMSE: 0.7104, MAE: 0.3369
----------------------------------------------------------------------
Epoch  44/50 | Train Loss: 1.1724 | Val Loss: 1.1920 | LR: 0.000010
  Train - Data Loss (MIXMSE): 1.1724, GD: 4.0879e+04,     RMSE: 0.7022, MAE: 0.3402
  Val   - Data Loss (MIXMSE): 1.1920, GD: 4.3008e+04,     RMSE: 0.7109, MAE: 0.3343
----------------------------------------------------------------------
Epoch  45/50 | Train Loss: 1.1709 | Val Loss: 1.1886 | LR: 0.000010
  Train - Data Loss (MIXMSE): 1.1709, GD: 4.3518e+04,     RMSE: 0.7015, MAE: 0.3402
  Val   - Data Loss (MIXMSE): 1.1886, GD: 4.3674e+04,     RMSE: 0.7099, MAE: 0.3453
----------------------------------------------------------------------
Epoch  46/50 | Train Loss: 1.1688 | Val Loss: 1.1879 | LR: 0.000010
  Train - Data Loss (MIXMSE): 1.1688, GD: 4.6349e+04,     RMSE: 0.7009, MAE: 0.3403
  Val   - Data Loss (MIXMSE): 1.1879, GD: 4.9169e+04,     RMSE: 0.7097, MAE: 0.3362
----------------------------------------------------------------------
Epoch  47/50 | Train Loss: 1.1687 | Val Loss: 1.1946 | LR: 0.000010
  Train - Data Loss (MIXMSE): 1.1687, GD: 4.9367e+04,     RMSE: 0.7011, MAE: 0.3403
  Val   - Data Loss (MIXMSE): 1.1946, GD: 4.6469e+04,     RMSE: 0.7117, MAE: 0.3532
----------------------------------------------------------------------
Epoch  48/50 | Train Loss: 1.1661 | Val Loss: 1.1823 | LR: 0.000010
  Train - Data Loss (MIXMSE): 1.1661, GD: 5.2270e+04,     RMSE: 0.7002, MAE: 0.3401
  Val   - Data Loss (MIXMSE): 1.1823, GD: 5.2888e+04,     RMSE: 0.7080, MAE: 0.3422
----------------------------------------------------------------------
Epoch  49/50 | Train Loss: 1.1647 | Val Loss: 1.1806 | LR: 0.000010
  Train - Data Loss (MIXMSE): 1.1647, GD: 5.5504e+04,     RMSE: 0.7001, MAE: 0.3404
  Val   - Data Loss (MIXMSE): 1.1806, GD: 5.6716e+04,     RMSE: 0.7075, MAE: 0.3394
----------------------------------------------------------------------
Epoch  50/50 | Train Loss: 1.1633 | Val Loss: 1.1803 | LR: 0.000010
  Train - Data Loss (MIXMSE): 1.1633, GD: 5.8752e+04,     RMSE: 0.6990, MAE: 0.3404
  Val   - Data Loss (MIXMSE): 1.1803, GD: 6.1451e+04,     RMSE: 0.7074, MAE: 0.3376
----------------------------------------------------------------------

Training complete!
Best validation loss: 1.1803 at epoch 50

Evaluating on test set...
Test Loss: 1.1715
Test MIXMSE: 1.1715, GD: 6.1776e+04,     RMSE: 0.7049, MAE: 0.3360