Starting training for 50 epochs...
--- Optuna Trial 26 ---
Device: cuda
Model parameters: 127,940
----------------------------------------------------------------------
Epoch   1/50 | Train Loss: 1.3750 | Val Loss: 1.3301 | LR: 0.000230
  Train - Data Loss (MIXMSE): 1.3750, GD: 4.4431e+03,     RMSE: 0.7590, MAE: 0.3802
  Val   - Data Loss (MIXMSE): 1.3301, GD: 1.4880e+04,     RMSE: 0.7509, MAE: 0.3480
----------------------------------------------------------------------
Epoch   2/50 | Train Loss: 1.2846 | Val Loss: 1.2638 | LR: 0.000230
  Train - Data Loss (MIXMSE): 1.2846, GD: 5.2739e+04,     RMSE: 0.7347, MAE: 0.3483
  Val   - Data Loss (MIXMSE): 1.2638, GD: 1.0191e+05,     RMSE: 0.7320, MAE: 0.3389
----------------------------------------------------------------------
Epoch   3/50 | Train Loss: 1.2173 | Val Loss: 1.2088 | LR: 0.000230
  Train - Data Loss (MIXMSE): 1.2173, GD: 2.3514e+05,     RMSE: 0.7150, MAE: 0.3485
  Val   - Data Loss (MIXMSE): 1.2088, GD: 4.4065e+05,     RMSE: 0.7159, MAE: 0.3578
----------------------------------------------------------------------
Epoch   4/50 | Train Loss: 1.1831 | Val Loss: 1.1783 | LR: 0.000230
  Train - Data Loss (MIXMSE): 1.1831, GD: 6.5096e+05,     RMSE: 0.7048, MAE: 0.3446
  Val   - Data Loss (MIXMSE): 1.1783, GD: 8.5682e+05,     RMSE: 0.7068, MAE: 0.3406
----------------------------------------------------------------------
Epoch   5/50 | Train Loss: 1.1407 | Val Loss: 1.1400 | LR: 0.000230
  Train - Data Loss (MIXMSE): 1.1407, GD: 8.4087e+05,     RMSE: 0.6921, MAE: 0.3345
  Val   - Data Loss (MIXMSE): 1.1400, GD: 7.2776e+05,     RMSE: 0.6953, MAE: 0.3224
----------------------------------------------------------------------

--- TRIAL PRUNED AT EPOCH 5 ---