Starting training for 50 epochs...
--- Optuna Trial 3 ---
Device: cuda
Model parameters: 148,661
----------------------------------------------------------------------
Epoch   1/50 | Train Loss: 1.3716 | Val Loss: 1.3519 | LR: 0.000055
  Train - Data Loss (MIXMSE): 1.3716, GD: 1.0277e+03,     RMSE: 0.7591, MAE: 0.3756
  Val   - Data Loss (MIXMSE): 1.3519, GD: 5.9552e+02,     RMSE: 0.7571, MAE: 0.3616
----------------------------------------------------------------------
Epoch   2/50 | Train Loss: 1.3206 | Val Loss: 1.3299 | LR: 0.000055
  Train - Data Loss (MIXMSE): 1.3206, GD: 7.0907e+02,     RMSE: 0.7450, MAE: 0.3606
  Val   - Data Loss (MIXMSE): 1.3299, GD: 1.0036e+03,     RMSE: 0.7509, MAE: 0.3605
----------------------------------------------------------------------
Epoch   3/50 | Train Loss: 1.3019 | Val Loss: 1.3155 | LR: 0.000055
  Train - Data Loss (MIXMSE): 1.3019, GD: 1.1571e+03,     RMSE: 0.7401, MAE: 0.3532
  Val   - Data Loss (MIXMSE): 1.3155, GD: 1.2892e+03,     RMSE: 0.7468, MAE: 0.3520
----------------------------------------------------------------------
Epoch   4/50 | Train Loss: 1.2852 | Val Loss: 1.2872 | LR: 0.000055
  Train - Data Loss (MIXMSE): 1.2852, GD: 1.5540e+03,     RMSE: 0.7352, MAE: 0.3501
  Val   - Data Loss (MIXMSE): 1.2872, GD: 1.7546e+03,     RMSE: 0.7388, MAE: 0.3491
----------------------------------------------------------------------
Epoch   5/50 | Train Loss: 1.2497 | Val Loss: 1.2493 | LR: 0.000055
  Train - Data Loss (MIXMSE): 1.2497, GD: 3.1308e+03,     RMSE: 0.7246, MAE: 0.3452
  Val   - Data Loss (MIXMSE): 1.2493, GD: 6.3376e+03,     RMSE: 0.7278, MAE: 0.3377
----------------------------------------------------------------------
Epoch   6/50 | Train Loss: 1.2177 | Val Loss: 1.2211 | LR: 0.000055
  Train - Data Loss (MIXMSE): 1.2177, GD: 7.7627e+03,     RMSE: 0.7154, MAE: 0.3449
  Val   - Data Loss (MIXMSE): 1.2211, GD: 9.6262e+03,     RMSE: 0.7196, MAE: 0.3431
----------------------------------------------------------------------
Epoch   7/50 | Train Loss: 1.2035 | Val Loss: 1.2091 | LR: 0.000055
  Train - Data Loss (MIXMSE): 1.2035, GD: 1.2904e+04,     RMSE: 0.7110, MAE: 0.3452
  Val   - Data Loss (MIXMSE): 1.2091, GD: 1.7571e+04,     RMSE: 0.7160, MAE: 0.3411
----------------------------------------------------------------------
Epoch   8/50 | Train Loss: 1.1901 | Val Loss: 1.2140 | LR: 0.000055
  Train - Data Loss (MIXMSE): 1.1901, GD: 2.0859e+04,     RMSE: 0.7071, MAE: 0.3461
  Val   - Data Loss (MIXMSE): 1.2140, GD: 2.2507e+04,     RMSE: 0.7175, MAE: 0.3660
----------------------------------------------------------------------
Epoch   9/50 | Train Loss: 1.1798 | Val Loss: 1.1844 | LR: 0.000055
  Train - Data Loss (MIXMSE): 1.1798, GD: 3.1839e+04,     RMSE: 0.7042, MAE: 0.3458
  Val   - Data Loss (MIXMSE): 1.1844, GD: 3.6217e+04,     RMSE: 0.7087, MAE: 0.3465
----------------------------------------------------------------------
Epoch  10/50 | Train Loss: 1.1731 | Val Loss: 1.1827 | LR: 0.000055
  Train - Data Loss (MIXMSE): 1.1731, GD: 4.4712e+04,     RMSE: 0.7019, MAE: 0.3452
  Val   - Data Loss (MIXMSE): 1.1827, GD: 4.7330e+04,     RMSE: 0.7082, MAE: 0.3507
----------------------------------------------------------------------
Epoch  11/50 | Train Loss: 1.1648 | Val Loss: 1.1856 | LR: 0.000055
  Train - Data Loss (MIXMSE): 1.1648, GD: 5.8176e+04,     RMSE: 0.6999, MAE: 0.3440
  Val   - Data Loss (MIXMSE): 1.1856, GD: 7.1356e+04,     RMSE: 0.7090, MAE: 0.3376
----------------------------------------------------------------------
Epoch  12/50 | Train Loss: 1.1564 | Val Loss: 1.1725 | LR: 0.000055
  Train - Data Loss (MIXMSE): 1.1564, GD: 7.1728e+04,     RMSE: 0.6967, MAE: 0.3432
  Val   - Data Loss (MIXMSE): 1.1725, GD: 8.5947e+04,     RMSE: 0.7051, MAE: 0.3393
----------------------------------------------------------------------
Epoch  13/50 | Train Loss: 1.1500 | Val Loss: 1.1595 | LR: 0.000055
  Train - Data Loss (MIXMSE): 1.1500, GD: 8.7719e+04,     RMSE: 0.6950, MAE: 0.3427
  Val   - Data Loss (MIXMSE): 1.1595, GD: 1.0040e+05,     RMSE: 0.7012, MAE: 0.3404
----------------------------------------------------------------------
Epoch  14/50 | Train Loss: 1.1443 | Val Loss: 1.1586 | LR: 0.000055
  Train - Data Loss (MIXMSE): 1.1443, GD: 1.0638e+05,     RMSE: 0.6937, MAE: 0.3418
  Val   - Data Loss (MIXMSE): 1.1586, GD: 1.0935e+05,     RMSE: 0.7009, MAE: 0.3505
----------------------------------------------------------------------
Epoch  15/50 | Train Loss: 1.1371 | Val Loss: 1.1498 | LR: 0.000055
  Train - Data Loss (MIXMSE): 1.1371, GD: 1.2683e+05,     RMSE: 0.6912, MAE: 0.3410
  Val   - Data Loss (MIXMSE): 1.1498, GD: 1.3805e+05,     RMSE: 0.6982, MAE: 0.3342
----------------------------------------------------------------------
Epoch  16/50 | Train Loss: 1.1311 | Val Loss: 1.1386 | LR: 0.000055
  Train - Data Loss (MIXMSE): 1.1311, GD: 1.5213e+05,     RMSE: 0.6896, MAE: 0.3398
  Val   - Data Loss (MIXMSE): 1.1386, GD: 1.6805e+05,     RMSE: 0.6948, MAE: 0.3340
----------------------------------------------------------------------
Epoch  17/50 | Train Loss: 1.1236 | Val Loss: 1.1267 | LR: 0.000055
  Train - Data Loss (MIXMSE): 1.1236, GD: 1.8003e+05,     RMSE: 0.6871, MAE: 0.3385
  Val   - Data Loss (MIXMSE): 1.1267, GD: 1.9690e+05,     RMSE: 0.6912, MAE: 0.3350
----------------------------------------------------------------------
Epoch  18/50 | Train Loss: 1.1150 | Val Loss: 1.1200 | LR: 0.000055
  Train - Data Loss (MIXMSE): 1.1150, GD: 2.0942e+05,     RMSE: 0.6841, MAE: 0.3372
  Val   - Data Loss (MIXMSE): 1.1200, GD: 2.0606e+05,     RMSE: 0.6892, MAE: 0.3398
----------------------------------------------------------------------
Epoch  19/50 | Train Loss: 1.0991 | Val Loss: 1.1047 | LR: 0.000055
  Train - Data Loss (MIXMSE): 1.0991, GD: 2.4375e+05,     RMSE: 0.6797, MAE: 0.3369
  Val   - Data Loss (MIXMSE): 1.1047, GD: 2.3871e+05,     RMSE: 0.6845, MAE: 0.3443
----------------------------------------------------------------------
Epoch  20/50 | Train Loss: 1.0759 | Val Loss: 1.0845 | LR: 0.000055
  Train - Data Loss (MIXMSE): 1.0759, GD: 2.9048e+05,     RMSE: 0.6721, MAE: 0.3355
  Val   - Data Loss (MIXMSE): 1.0845, GD: 3.0932e+05,     RMSE: 0.6782, MAE: 0.3322
----------------------------------------------------------------------
Epoch  21/50 | Train Loss: 1.0663 | Val Loss: 1.0791 | LR: 0.000055
  Train - Data Loss (MIXMSE): 1.0663, GD: 3.3446e+05,     RMSE: 0.6696, MAE: 0.3329
  Val   - Data Loss (MIXMSE): 1.0791, GD: 3.3345e+05,     RMSE: 0.6765, MAE: 0.3397
----------------------------------------------------------------------
Epoch  22/50 | Train Loss: 1.0583 | Val Loss: 1.0683 | LR: 0.000055
  Train - Data Loss (MIXMSE): 1.0583, GD: 3.8133e+05,     RMSE: 0.6669, MAE: 0.3309
  Val   - Data Loss (MIXMSE): 1.0683, GD: 4.0343e+05,     RMSE: 0.6731, MAE: 0.3339
----------------------------------------------------------------------
Epoch  23/50 | Train Loss: 1.0507 | Val Loss: 1.0620 | LR: 0.000055
  Train - Data Loss (MIXMSE): 1.0507, GD: 4.2819e+05,     RMSE: 0.6645, MAE: 0.3291
  Val   - Data Loss (MIXMSE): 1.0620, GD: 4.4076e+05,     RMSE: 0.6711, MAE: 0.3299
----------------------------------------------------------------------
Epoch  24/50 | Train Loss: 1.0465 | Val Loss: 1.0649 | LR: 0.000055
  Train - Data Loss (MIXMSE): 1.0465, GD: 4.7739e+05,     RMSE: 0.6632, MAE: 0.3275
  Val   - Data Loss (MIXMSE): 1.0649, GD: 4.5223e+05,     RMSE: 0.6720, MAE: 0.3316
----------------------------------------------------------------------
Epoch  25/50 | Train Loss: 1.0375 | Val Loss: 1.0500 | LR: 0.000055
  Train - Data Loss (MIXMSE): 1.0375, GD: 5.2548e+05,     RMSE: 0.6605, MAE: 0.3252
  Val   - Data Loss (MIXMSE): 1.0500, GD: 5.6051e+05,     RMSE: 0.6674, MAE: 0.3267
----------------------------------------------------------------------
Epoch  26/50 | Train Loss: 1.0327 | Val Loss: 1.0553 | LR: 0.000055
  Train - Data Loss (MIXMSE): 1.0327, GD: 5.8709e+05,     RMSE: 0.6588, MAE: 0.3241
  Val   - Data Loss (MIXMSE): 1.0553, GD: 6.5829e+05,     RMSE: 0.6690, MAE: 0.3190
----------------------------------------------------------------------
Epoch  27/50 | Train Loss: 1.0251 | Val Loss: 1.0419 | LR: 0.000055
  Train - Data Loss (MIXMSE): 1.0251, GD: 6.5064e+05,     RMSE: 0.6564, MAE: 0.3221
  Val   - Data Loss (MIXMSE): 1.0419, GD: 7.0108e+05,     RMSE: 0.6647, MAE: 0.3174
----------------------------------------------------------------------
Epoch  28/50 | Train Loss: 1.0215 | Val Loss: 1.0329 | LR: 0.000055
  Train - Data Loss (MIXMSE): 1.0215, GD: 7.2469e+05,     RMSE: 0.6552, MAE: 0.3208
  Val   - Data Loss (MIXMSE): 1.0329, GD: 7.6084e+05,     RMSE: 0.6619, MAE: 0.3218
----------------------------------------------------------------------
Epoch  29/50 | Train Loss: 1.0167 | Val Loss: 1.0312 | LR: 0.000055
  Train - Data Loss (MIXMSE): 1.0167, GD: 7.9450e+05,     RMSE: 0.6533, MAE: 0.3196
  Val   - Data Loss (MIXMSE): 1.0312, GD: 8.0055e+05,     RMSE: 0.6613, MAE: 0.3115
----------------------------------------------------------------------
Epoch  30/50 | Train Loss: 1.0109 | Val Loss: 1.0252 | LR: 0.000055
  Train - Data Loss (MIXMSE): 1.0109, GD: 8.7185e+05,     RMSE: 0.6516, MAE: 0.3182
  Val   - Data Loss (MIXMSE): 1.0252, GD: 9.5202e+05,     RMSE: 0.6594, MAE: 0.3184
----------------------------------------------------------------------
Epoch  31/50 | Train Loss: 1.0024 | Val Loss: 1.0246 | LR: 0.000055
  Train - Data Loss (MIXMSE): 1.0024, GD: 9.6798e+05,     RMSE: 0.6490, MAE: 0.3166
  Val   - Data Loss (MIXMSE): 1.0246, GD: 1.0682e+06,     RMSE: 0.6592, MAE: 0.3113
----------------------------------------------------------------------
Epoch  32/50 | Train Loss: 1.0008 | Val Loss: 1.0106 | LR: 0.000055
  Train - Data Loss (MIXMSE): 1.0008, GD: 1.0715e+06,     RMSE: 0.6486, MAE: 0.3161
  Val   - Data Loss (MIXMSE): 1.0106, GD: 1.1251e+06,     RMSE: 0.6547, MAE: 0.3156
----------------------------------------------------------------------
Epoch  33/50 | Train Loss: 0.9947 | Val Loss: 1.0096 | LR: 0.000055
  Train - Data Loss (MIXMSE): 0.9947, GD: 1.1869e+06,     RMSE: 0.6465, MAE: 0.3142
  Val   - Data Loss (MIXMSE): 1.0096, GD: 1.2668e+06,     RMSE: 0.6544, MAE: 0.3129
----------------------------------------------------------------------
Epoch  34/50 | Train Loss: 0.9902 | Val Loss: 1.0044 | LR: 0.000055
  Train - Data Loss (MIXMSE): 0.9902, GD: 1.3062e+06,     RMSE: 0.6448, MAE: 0.3132
  Val   - Data Loss (MIXMSE): 1.0044, GD: 1.3734e+06,     RMSE: 0.6527, MAE: 0.3174
----------------------------------------------------------------------
Epoch  35/50 | Train Loss: 0.9851 | Val Loss: 0.9959 | LR: 0.000055
  Train - Data Loss (MIXMSE): 0.9851, GD: 1.4658e+06,     RMSE: 0.6433, MAE: 0.3119
  Val   - Data Loss (MIXMSE): 0.9959, GD: 1.4939e+06,     RMSE: 0.6500, MAE: 0.3161
----------------------------------------------------------------------
Epoch  36/50 | Train Loss: 0.9793 | Val Loss: 0.9912 | LR: 0.000055
  Train - Data Loss (MIXMSE): 0.9793, GD: 1.6142e+06,     RMSE: 0.6412, MAE: 0.3106
  Val   - Data Loss (MIXMSE): 0.9912, GD: 1.7272e+06,     RMSE: 0.6484, MAE: 0.3152
----------------------------------------------------------------------
Epoch  37/50 | Train Loss: 0.9746 | Val Loss: 1.0085 | LR: 0.000055
  Train - Data Loss (MIXMSE): 0.9746, GD: 1.7867e+06,     RMSE: 0.6398, MAE: 0.3099
  Val   - Data Loss (MIXMSE): 1.0085, GD: 1.9787e+06,     RMSE: 0.6541, MAE: 0.3174
----------------------------------------------------------------------
Epoch  38/50 | Train Loss: 0.9708 | Val Loss: 0.9861 | LR: 0.000055
  Train - Data Loss (MIXMSE): 0.9708, GD: 1.9745e+06,     RMSE: 0.6384, MAE: 0.3090
  Val   - Data Loss (MIXMSE): 0.9861, GD: 2.0447e+06,     RMSE: 0.6468, MAE: 0.3092
----------------------------------------------------------------------
Epoch  39/50 | Train Loss: 0.9662 | Val Loss: 0.9769 | LR: 0.000055
  Train - Data Loss (MIXMSE): 0.9662, GD: 2.1694e+06,     RMSE: 0.6376, MAE: 0.3081
  Val   - Data Loss (MIXMSE): 0.9769, GD: 2.3088e+06,     RMSE: 0.6437, MAE: 0.3062
----------------------------------------------------------------------
Epoch  40/50 | Train Loss: 0.9611 | Val Loss: 0.9738 | LR: 0.000055
  Train - Data Loss (MIXMSE): 0.9611, GD: 2.3941e+06,     RMSE: 0.6356, MAE: 0.3073
  Val   - Data Loss (MIXMSE): 0.9738, GD: 2.5655e+06,     RMSE: 0.6427, MAE: 0.2996
----------------------------------------------------------------------
Epoch  41/50 | Train Loss: 0.9553 | Val Loss: 0.9750 | LR: 0.000055
  Train - Data Loss (MIXMSE): 0.9553, GD: 2.6657e+06,     RMSE: 0.6337, MAE: 0.3061
  Val   - Data Loss (MIXMSE): 0.9750, GD: 2.6797e+06,     RMSE: 0.6431, MAE: 0.3131
----------------------------------------------------------------------
Epoch  42/50 | Train Loss: 0.9515 | Val Loss: 0.9612 | LR: 0.000055
  Train - Data Loss (MIXMSE): 0.9515, GD: 2.9093e+06,     RMSE: 0.6321, MAE: 0.3058
  Val   - Data Loss (MIXMSE): 0.9612, GD: 3.1564e+06,     RMSE: 0.6386, MAE: 0.3019
----------------------------------------------------------------------
Epoch  43/50 | Train Loss: 0.9458 | Val Loss: 0.9606 | LR: 0.000055
  Train - Data Loss (MIXMSE): 0.9458, GD: 3.2099e+06,     RMSE: 0.6303, MAE: 0.3048
  Val   - Data Loss (MIXMSE): 0.9606, GD: 3.2572e+06,     RMSE: 0.6384, MAE: 0.3099
----------------------------------------------------------------------
Epoch  44/50 | Train Loss: 0.9434 | Val Loss: 0.9572 | LR: 0.000055
  Train - Data Loss (MIXMSE): 0.9434, GD: 3.4955e+06,     RMSE: 0.6296, MAE: 0.3048
  Val   - Data Loss (MIXMSE): 0.9572, GD: 3.7290e+06,     RMSE: 0.6372, MAE: 0.2998
----------------------------------------------------------------------
Epoch  45/50 | Train Loss: 0.9388 | Val Loss: 0.9570 | LR: 0.000055
  Train - Data Loss (MIXMSE): 0.9388, GD: 3.8029e+06,     RMSE: 0.6279, MAE: 0.3040
  Val   - Data Loss (MIXMSE): 0.9570, GD: 3.9659e+06,     RMSE: 0.6372, MAE: 0.3034
----------------------------------------------------------------------
Epoch  46/50 | Train Loss: 0.9362 | Val Loss: 0.9501 | LR: 0.000055
  Train - Data Loss (MIXMSE): 0.9362, GD: 4.0846e+06,     RMSE: 0.6272, MAE: 0.3037
  Val   - Data Loss (MIXMSE): 0.9501, GD: 4.1297e+06,     RMSE: 0.6349, MAE: 0.3057
----------------------------------------------------------------------
Epoch  47/50 | Train Loss: 0.9324 | Val Loss: 0.9711 | LR: 0.000055
  Train - Data Loss (MIXMSE): 0.9324, GD: 4.3760e+06,     RMSE: 0.6260, MAE: 0.3032
  Val   - Data Loss (MIXMSE): 0.9711, GD: 4.2839e+06,     RMSE: 0.6419, MAE: 0.3165
----------------------------------------------------------------------
Epoch  48/50 | Train Loss: 0.9261 | Val Loss: 0.9482 | LR: 0.000055
  Train - Data Loss (MIXMSE): 0.9261, GD: 4.6924e+06,     RMSE: 0.6239, MAE: 0.3025
  Val   - Data Loss (MIXMSE): 0.9482, GD: 4.9870e+06,     RMSE: 0.6343, MAE: 0.2991
----------------------------------------------------------------------
Epoch  49/50 | Train Loss: 0.9254 | Val Loss: 0.9450 | LR: 0.000055
  Train - Data Loss (MIXMSE): 0.9254, GD: 4.9812e+06,     RMSE: 0.6237, MAE: 0.3028
  Val   - Data Loss (MIXMSE): 0.9450, GD: 5.2421e+06,     RMSE: 0.6332, MAE: 0.3015
----------------------------------------------------------------------
Epoch  50/50 | Train Loss: 0.9201 | Val Loss: 0.9363 | LR: 0.000055
  Train - Data Loss (MIXMSE): 0.9201, GD: 5.2914e+06,     RMSE: 0.6218, MAE: 0.3021
  Val   - Data Loss (MIXMSE): 0.9363, GD: 5.3624e+06,     RMSE: 0.6303, MAE: 0.3041
----------------------------------------------------------------------

Training complete!
Best validation loss: 0.9363 at epoch 50

Evaluating on test set...
Test Loss: 0.9259
Test MIXMSE: 0.9259, GD: 5.3428e+06,     RMSE: 0.6266, MAE: 0.3045