Starting training for 50 epochs...
--- Optuna Trial 45 ---
Device: cuda
Model parameters: 14,117
----------------------------------------------------------------------
Epoch   1/50 | Train Loss: 1.3359 | Val Loss: 1.3557 | LR: 0.000075
  Train - Data Loss (MIXMSE): 1.3359, GD: 8.6603e+03,     RMSE: 0.7496, MAE: 0.3616
  Val   - Data Loss (MIXMSE): 1.3557, GD: 1.4504e+04,     RMSE: 0.7581, MAE: 0.3621
----------------------------------------------------------------------
Epoch   2/50 | Train Loss: 1.3299 | Val Loss: 1.3491 | LR: 0.000075
  Train - Data Loss (MIXMSE): 1.3299, GD: 2.3030e+04,     RMSE: 0.7478, MAE: 0.3612
  Val   - Data Loss (MIXMSE): 1.3491, GD: 3.3634e+04,     RMSE: 0.7563, MAE: 0.3600
----------------------------------------------------------------------
Epoch   3/50 | Train Loss: 1.3185 | Val Loss: 1.3287 | LR: 0.000075
  Train - Data Loss (MIXMSE): 1.3185, GD: 4.8283e+04,     RMSE: 0.7445, MAE: 0.3566
  Val   - Data Loss (MIXMSE): 1.3287, GD: 6.6906e+04,     RMSE: 0.7506, MAE: 0.3529
----------------------------------------------------------------------
Epoch   4/50 | Train Loss: 1.2924 | Val Loss: 1.3005 | LR: 0.000075
  Train - Data Loss (MIXMSE): 1.2924, GD: 1.0292e+05,     RMSE: 0.7371, MAE: 0.3469
  Val   - Data Loss (MIXMSE): 1.3005, GD: 1.5682e+05,     RMSE: 0.7426, MAE: 0.3486
----------------------------------------------------------------------
Epoch   5/50 | Train Loss: 1.2692 | Val Loss: 1.2700 | LR: 0.000075
  Train - Data Loss (MIXMSE): 1.2692, GD: 2.1690e+05,     RMSE: 0.7304, MAE: 0.3395
  Val   - Data Loss (MIXMSE): 1.2700, GD: 2.8777e+05,     RMSE: 0.7338, MAE: 0.3357
----------------------------------------------------------------------

--- TRIAL PRUNED AT EPOCH 5 ---