Starting training for 50 epochs...
--- Optuna Trial 20 ---
Device: cuda
Model parameters: 32,579
----------------------------------------------------------------------
Epoch   1/50 | Train Loss: 1.2489 | Val Loss: 1.1213 | LR: 0.004538
  Train - Data Loss (MIXMSE): 1.2489, GD: 1.0733e+06,     RMSE: 0.7240, MAE: 0.3451
  Val   - Data Loss (MIXMSE): 1.1213, GD: 5.4150e+06,     RMSE: 0.6896, MAE: 0.3252
----------------------------------------------------------------------
Epoch   2/50 | Train Loss: 0.9456 | Val Loss: 0.8316 | LR: 0.004538
  Train - Data Loss (MIXMSE): 0.9456, GD: 1.0527e+07,     RMSE: 0.6299, MAE: 0.3038
  Val   - Data Loss (MIXMSE): 0.8316, GD: 1.5045e+07,     RMSE: 0.5937, MAE: 0.2914
----------------------------------------------------------------------
Epoch   3/50 | Train Loss: 0.7081 | Val Loss: 0.6494 | LR: 0.004538
  Train - Data Loss (MIXMSE): 0.7081, GD: 1.1452e+07,     RMSE: 0.5447, MAE: 0.2615
  Val   - Data Loss (MIXMSE): 0.6494, GD: 1.5050e+07,     RMSE: 0.5247, MAE: 0.2573
----------------------------------------------------------------------
Epoch   4/50 | Train Loss: 0.5510 | Val Loss: 0.5132 | LR: 0.004538
  Train - Data Loss (MIXMSE): 0.5510, GD: 1.1015e+07,     RMSE: 0.4807, MAE: 0.2353
  Val   - Data Loss (MIXMSE): 0.5132, GD: 1.1300e+07,     RMSE: 0.4663, MAE: 0.2233
----------------------------------------------------------------------
Epoch   5/50 | Train Loss: 0.4551 | Val Loss: 0.5108 | LR: 0.004538
  Train - Data Loss (MIXMSE): 0.4551, GD: 1.0584e+07,     RMSE: 0.4371, MAE: 0.2157
  Val   - Data Loss (MIXMSE): 0.5108, GD: 9.3125e+06,     RMSE: 0.4653, MAE: 0.2314
----------------------------------------------------------------------
Epoch   6/50 | Train Loss: 0.4133 | Val Loss: 0.4441 | LR: 0.004538
  Train - Data Loss (MIXMSE): 0.4133, GD: 1.0319e+07,     RMSE: 0.4168, MAE: 0.2059
  Val   - Data Loss (MIXMSE): 0.4441, GD: 6.7981e+06,     RMSE: 0.4340, MAE: 0.2040
----------------------------------------------------------------------
Epoch   7/50 | Train Loss: 0.3921 | Val Loss: 0.3996 | LR: 0.004538
  Train - Data Loss (MIXMSE): 0.3921, GD: 1.0201e+07,     RMSE: 0.4055, MAE: 0.2004
  Val   - Data Loss (MIXMSE): 0.3996, GD: 9.5893e+06,     RMSE: 0.4115, MAE: 0.1989
----------------------------------------------------------------------
Epoch   8/50 | Train Loss: 0.3589 | Val Loss: 0.4192 | LR: 0.004538
  Train - Data Loss (MIXMSE): 0.3589, GD: 1.0783e+07,     RMSE: 0.3881, MAE: 0.1914
  Val   - Data Loss (MIXMSE): 0.4192, GD: 8.0043e+06,     RMSE: 0.4215, MAE: 0.2032
----------------------------------------------------------------------
Epoch   9/50 | Train Loss: 0.3526 | Val Loss: 0.3853 | LR: 0.004538
  Train - Data Loss (MIXMSE): 0.3526, GD: 1.0840e+07,     RMSE: 0.3847, MAE: 0.1897
  Val   - Data Loss (MIXMSE): 0.3853, GD: 8.9961e+06,     RMSE: 0.4042, MAE: 0.1880
----------------------------------------------------------------------
Epoch  10/50 | Train Loss: 0.3262 | Val Loss: 0.3287 | LR: 0.004538
  Train - Data Loss (MIXMSE): 0.3262, GD: 1.0943e+07,     RMSE: 0.3702, MAE: 0.1831
  Val   - Data Loss (MIXMSE): 0.3287, GD: 1.1078e+07,     RMSE: 0.3730, MAE: 0.1845
----------------------------------------------------------------------
Epoch  11/50 | Train Loss: 0.3242 | Val Loss: 0.3496 | LR: 0.004538
  Train - Data Loss (MIXMSE): 0.3242, GD: 1.0587e+07,     RMSE: 0.3691, MAE: 0.1818
  Val   - Data Loss (MIXMSE): 0.3496, GD: 1.0918e+07,     RMSE: 0.3850, MAE: 0.1885
----------------------------------------------------------------------
Epoch  12/50 | Train Loss: 0.3080 | Val Loss: 0.3459 | LR: 0.004538
  Train - Data Loss (MIXMSE): 0.3080, GD: 1.0616e+07,     RMSE: 0.3595, MAE: 0.1778
  Val   - Data Loss (MIXMSE): 0.3459, GD: 1.0271e+07,     RMSE: 0.3828, MAE: 0.1784
----------------------------------------------------------------------
Epoch  13/50 | Train Loss: 0.2991 | Val Loss: 0.3354 | LR: 0.004538
  Train - Data Loss (MIXMSE): 0.2991, GD: 1.0791e+07,     RMSE: 0.3543, MAE: 0.1750
  Val   - Data Loss (MIXMSE): 0.3354, GD: 9.2588e+06,     RMSE: 0.3770, MAE: 0.1787
----------------------------------------------------------------------
Epoch  14/50 | Train Loss: 0.2936 | Val Loss: 0.3071 | LR: 0.004538
  Train - Data Loss (MIXMSE): 0.2936, GD: 1.1086e+07,     RMSE: 0.3512, MAE: 0.1738
  Val   - Data Loss (MIXMSE): 0.3071, GD: 8.9001e+06,     RMSE: 0.3608, MAE: 0.1716
----------------------------------------------------------------------
Epoch  15/50 | Train Loss: 0.2889 | Val Loss: 0.2834 | LR: 0.004538
  Train - Data Loss (MIXMSE): 0.2889, GD: 1.1194e+07,     RMSE: 0.3481, MAE: 0.1722
  Val   - Data Loss (MIXMSE): 0.2834, GD: 1.0221e+07,     RMSE: 0.3465, MAE: 0.1651
----------------------------------------------------------------------
Epoch  16/50 | Train Loss: 0.2743 | Val Loss: 0.3007 | LR: 0.004538
  Train - Data Loss (MIXMSE): 0.2743, GD: 1.1867e+07,     RMSE: 0.3394, MAE: 0.1676
  Val   - Data Loss (MIXMSE): 0.3007, GD: 1.0131e+07,     RMSE: 0.3571, MAE: 0.1698
----------------------------------------------------------------------
Epoch  17/50 | Train Loss: 0.2720 | Val Loss: 0.2766 | LR: 0.004538
  Train - Data Loss (MIXMSE): 0.2720, GD: 1.1307e+07,     RMSE: 0.3377, MAE: 0.1667
  Val   - Data Loss (MIXMSE): 0.2766, GD: 1.0730e+07,     RMSE: 0.3423, MAE: 0.1666
----------------------------------------------------------------------
Epoch  18/50 | Train Loss: 0.2610 | Val Loss: 0.2675 | LR: 0.004538
  Train - Data Loss (MIXMSE): 0.2610, GD: 1.1207e+07,     RMSE: 0.3311, MAE: 0.1639
  Val   - Data Loss (MIXMSE): 0.2675, GD: 1.1528e+07,     RMSE: 0.3366, MAE: 0.1664
----------------------------------------------------------------------
Epoch  19/50 | Train Loss: 0.2622 | Val Loss: 0.2864 | LR: 0.004538
  Train - Data Loss (MIXMSE): 0.2622, GD: 1.1363e+07,     RMSE: 0.3315, MAE: 0.1638
  Val   - Data Loss (MIXMSE): 0.2864, GD: 1.1322e+07,     RMSE: 0.3483, MAE: 0.1770
----------------------------------------------------------------------
Epoch  20/50 | Train Loss: 0.2544 | Val Loss: 0.2745 | LR: 0.004538
  Train - Data Loss (MIXMSE): 0.2544, GD: 1.1562e+07,     RMSE: 0.3268, MAE: 0.1621
  Val   - Data Loss (MIXMSE): 0.2745, GD: 1.4143e+07,     RMSE: 0.3408, MAE: 0.1640
----------------------------------------------------------------------
Epoch  21/50 | Train Loss: 0.2462 | Val Loss: 0.2408 | LR: 0.004538
  Train - Data Loss (MIXMSE): 0.2462, GD: 1.1675e+07,     RMSE: 0.3214, MAE: 0.1588
  Val   - Data Loss (MIXMSE): 0.2408, GD: 1.0970e+07,     RMSE: 0.3194, MAE: 0.1525
----------------------------------------------------------------------
Epoch  22/50 | Train Loss: 0.2411 | Val Loss: 0.2474 | LR: 0.004538
  Train - Data Loss (MIXMSE): 0.2411, GD: 1.2183e+07,     RMSE: 0.3180, MAE: 0.1573
  Val   - Data Loss (MIXMSE): 0.2474, GD: 1.0872e+07,     RMSE: 0.3237, MAE: 0.1572
----------------------------------------------------------------------
Epoch  23/50 | Train Loss: 0.2405 | Val Loss: 0.2411 | LR: 0.004538
  Train - Data Loss (MIXMSE): 0.2405, GD: 1.1533e+07,     RMSE: 0.3180, MAE: 0.1574
  Val   - Data Loss (MIXMSE): 0.2411, GD: 1.0090e+07,     RMSE: 0.3194, MAE: 0.1565
----------------------------------------------------------------------
Epoch  24/50 | Train Loss: 0.2314 | Val Loss: 0.2453 | LR: 0.004538
  Train - Data Loss (MIXMSE): 0.2314, GD: 1.1728e+07,     RMSE: 0.3118, MAE: 0.1544
  Val   - Data Loss (MIXMSE): 0.2453, GD: 1.0795e+07,     RMSE: 0.3224, MAE: 0.1551
----------------------------------------------------------------------
Epoch  25/50 | Train Loss: 0.2335 | Val Loss: 0.2539 | LR: 0.004538
  Train - Data Loss (MIXMSE): 0.2335, GD: 1.2141e+07,     RMSE: 0.3131, MAE: 0.1548
  Val   - Data Loss (MIXMSE): 0.2539, GD: 1.3388e+07,     RMSE: 0.3279, MAE: 0.1592
----------------------------------------------------------------------
Epoch  26/50 | Train Loss: 0.2280 | Val Loss: 0.2356 | LR: 0.004538
  Train - Data Loss (MIXMSE): 0.2280, GD: 1.1371e+07,     RMSE: 0.3094, MAE: 0.1532
  Val   - Data Loss (MIXMSE): 0.2356, GD: 1.1275e+07,     RMSE: 0.3159, MAE: 0.1528
----------------------------------------------------------------------
Epoch  27/50 | Train Loss: 0.2239 | Val Loss: 0.2286 | LR: 0.004538
  Train - Data Loss (MIXMSE): 0.2239, GD: 1.1853e+07,     RMSE: 0.3069, MAE: 0.1516
  Val   - Data Loss (MIXMSE): 0.2286, GD: 1.0559e+07,     RMSE: 0.3112, MAE: 0.1483
----------------------------------------------------------------------
Epoch  28/50 | Train Loss: 0.2282 | Val Loss: 0.2383 | LR: 0.004538
  Train - Data Loss (MIXMSE): 0.2282, GD: 1.1493e+07,     RMSE: 0.3096, MAE: 0.1525
  Val   - Data Loss (MIXMSE): 0.2383, GD: 1.0513e+07,     RMSE: 0.3176, MAE: 0.1517
----------------------------------------------------------------------
Epoch  29/50 | Train Loss: 0.2254 | Val Loss: 0.2316 | LR: 0.004538
  Train - Data Loss (MIXMSE): 0.2254, GD: 1.1631e+07,     RMSE: 0.3074, MAE: 0.1510
  Val   - Data Loss (MIXMSE): 0.2316, GD: 1.1706e+07,     RMSE: 0.3130, MAE: 0.1488
----------------------------------------------------------------------
Epoch  30/50 | Train Loss: 0.2198 | Val Loss: 0.2364 | LR: 0.004538
  Train - Data Loss (MIXMSE): 0.2198, GD: 1.1891e+07,     RMSE: 0.3037, MAE: 0.1496
  Val   - Data Loss (MIXMSE): 0.2364, GD: 1.1311e+07,     RMSE: 0.3164, MAE: 0.1527
----------------------------------------------------------------------
Epoch  31/50 | Train Loss: 0.2246 | Val Loss: 0.2283 | LR: 0.004538
  Train - Data Loss (MIXMSE): 0.2246, GD: 1.1919e+07,     RMSE: 0.3070, MAE: 0.1505
  Val   - Data Loss (MIXMSE): 0.2283, GD: 1.2461e+07,     RMSE: 0.3110, MAE: 0.1483
----------------------------------------------------------------------
Epoch  32/50 | Train Loss: 0.2155 | Val Loss: 0.2418 | LR: 0.004538
  Train - Data Loss (MIXMSE): 0.2155, GD: 1.1653e+07,     RMSE: 0.3007, MAE: 0.1482
  Val   - Data Loss (MIXMSE): 0.2418, GD: 1.3171e+07,     RMSE: 0.3201, MAE: 0.1524
----------------------------------------------------------------------
Epoch  33/50 | Train Loss: 0.2057 | Val Loss: 0.2273 | LR: 0.004538
  Train - Data Loss (MIXMSE): 0.2057, GD: 1.1555e+07,     RMSE: 0.2939, MAE: 0.1446
  Val   - Data Loss (MIXMSE): 0.2273, GD: 9.2017e+06,     RMSE: 0.3104, MAE: 0.1504
----------------------------------------------------------------------
Epoch  34/50 | Train Loss: 0.2032 | Val Loss: 0.2339 | LR: 0.004538
  Train - Data Loss (MIXMSE): 0.2032, GD: 1.1623e+07,     RMSE: 0.2923, MAE: 0.1440
  Val   - Data Loss (MIXMSE): 0.2339, GD: 1.0221e+07,     RMSE: 0.3146, MAE: 0.1500
----------------------------------------------------------------------
Epoch  35/50 | Train Loss: 0.2080 | Val Loss: 0.2485 | LR: 0.004538
  Train - Data Loss (MIXMSE): 0.2080, GD: 1.0934e+07,     RMSE: 0.2954, MAE: 0.1446
  Val   - Data Loss (MIXMSE): 0.2485, GD: 1.2181e+07,     RMSE: 0.3242, MAE: 0.1575
----------------------------------------------------------------------
Epoch  36/50 | Train Loss: 0.2231 | Val Loss: 0.2130 | LR: 0.004538
  Train - Data Loss (MIXMSE): 0.2231, GD: 1.1269e+07,     RMSE: 0.3051, MAE: 0.1498
  Val   - Data Loss (MIXMSE): 0.2130, GD: 1.0738e+07,     RMSE: 0.3003, MAE: 0.1419
----------------------------------------------------------------------
Epoch  37/50 | Train Loss: 0.2029 | Val Loss: 0.2173 | LR: 0.004538
  Train - Data Loss (MIXMSE): 0.2029, GD: 1.1230e+07,     RMSE: 0.2919, MAE: 0.1432
  Val   - Data Loss (MIXMSE): 0.2173, GD: 9.8723e+06,     RMSE: 0.3033, MAE: 0.1430
----------------------------------------------------------------------
Epoch  38/50 | Train Loss: 0.2073 | Val Loss: 0.2382 | LR: 0.004538
  Train - Data Loss (MIXMSE): 0.2073, GD: 1.1329e+07,     RMSE: 0.2950, MAE: 0.1451
  Val   - Data Loss (MIXMSE): 0.2382, GD: 9.4799e+06,     RMSE: 0.3175, MAE: 0.1475
----------------------------------------------------------------------
Epoch  39/50 | Train Loss: 0.2097 | Val Loss: 0.2064 | LR: 0.004538
  Train - Data Loss (MIXMSE): 0.2097, GD: 1.1166e+07,     RMSE: 0.2964, MAE: 0.1456
  Val   - Data Loss (MIXMSE): 0.2064, GD: 1.1168e+07,     RMSE: 0.2954, MAE: 0.1398
----------------------------------------------------------------------
Epoch  40/50 | Train Loss: 0.1989 | Val Loss: 0.2178 | LR: 0.004538
  Train - Data Loss (MIXMSE): 0.1989, GD: 1.1237e+07,     RMSE: 0.2889, MAE: 0.1414
  Val   - Data Loss (MIXMSE): 0.2178, GD: 1.0064e+07,     RMSE: 0.3037, MAE: 0.1455
----------------------------------------------------------------------
Epoch  41/50 | Train Loss: 0.1966 | Val Loss: 0.2225 | LR: 0.004538
  Train - Data Loss (MIXMSE): 0.1966, GD: 1.1449e+07,     RMSE: 0.2873, MAE: 0.1408
  Val   - Data Loss (MIXMSE): 0.2225, GD: 9.7893e+06,     RMSE: 0.3069, MAE: 0.1413
----------------------------------------------------------------------
Epoch  42/50 | Train Loss: 0.1935 | Val Loss: 0.2188 | LR: 0.004538
  Train - Data Loss (MIXMSE): 0.1935, GD: 1.1061e+07,     RMSE: 0.2851, MAE: 0.1400
  Val   - Data Loss (MIXMSE): 0.2188, GD: 1.0081e+07,     RMSE: 0.3042, MAE: 0.1449
----------------------------------------------------------------------
Epoch  43/50 | Train Loss: 0.2153 | Val Loss: 0.2399 | LR: 0.004538
  Train - Data Loss (MIXMSE): 0.2153, GD: 1.0892e+07,     RMSE: 0.2998, MAE: 0.1473
  Val   - Data Loss (MIXMSE): 0.2399, GD: 1.0108e+07,     RMSE: 0.3187, MAE: 0.1543
----------------------------------------------------------------------
Epoch  44/50 | Train Loss: 0.2002 | Val Loss: 0.2233 | LR: 0.004538
  Train - Data Loss (MIXMSE): 0.2002, GD: 1.0585e+07,     RMSE: 0.2900, MAE: 0.1426
  Val   - Data Loss (MIXMSE): 0.2233, GD: 1.0910e+07,     RMSE: 0.3075, MAE: 0.1482
----------------------------------------------------------------------
Epoch  45/50 | Train Loss: 0.1962 | Val Loss: 0.2155 | LR: 0.004538
  Train - Data Loss (MIXMSE): 0.1962, GD: 1.0685e+07,     RMSE: 0.2871, MAE: 0.1410
  Val   - Data Loss (MIXMSE): 0.2155, GD: 1.0826e+07,     RMSE: 0.3021, MAE: 0.1432
----------------------------------------------------------------------
Epoch  46/50 | Train Loss: 0.1897 | Val Loss: 0.2045 | LR: 0.004538
  Train - Data Loss (MIXMSE): 0.1897, GD: 1.0464e+07,     RMSE: 0.2823, MAE: 0.1387
  Val   - Data Loss (MIXMSE): 0.2045, GD: 9.7350e+06,     RMSE: 0.2943, MAE: 0.1385
----------------------------------------------------------------------
Epoch  47/50 | Train Loss: 0.1881 | Val Loss: 0.2078 | LR: 0.004538
  Train - Data Loss (MIXMSE): 0.1881, GD: 1.1050e+07,     RMSE: 0.2811, MAE: 0.1378
  Val   - Data Loss (MIXMSE): 0.2078, GD: 9.0582e+06,     RMSE: 0.2967, MAE: 0.1373
----------------------------------------------------------------------
Epoch  48/50 | Train Loss: 0.1987 | Val Loss: 0.2077 | LR: 0.004538
  Train - Data Loss (MIXMSE): 0.1987, GD: 1.0782e+07,     RMSE: 0.2886, MAE: 0.1410
  Val   - Data Loss (MIXMSE): 0.2077, GD: 9.5739e+06,     RMSE: 0.2966, MAE: 0.1408
----------------------------------------------------------------------
Epoch  49/50 | Train Loss: 0.1874 | Val Loss: 0.1992 | LR: 0.004538
  Train - Data Loss (MIXMSE): 0.1874, GD: 1.0635e+07,     RMSE: 0.2805, MAE: 0.1377
  Val   - Data Loss (MIXMSE): 0.1992, GD: 1.0067e+07,     RMSE: 0.2904, MAE: 0.1367
----------------------------------------------------------------------
Epoch  50/50 | Train Loss: 0.1852 | Val Loss: 0.2099 | LR: 0.004538
  Train - Data Loss (MIXMSE): 0.1852, GD: 1.0859e+07,     RMSE: 0.2790, MAE: 0.1364
  Val   - Data Loss (MIXMSE): 0.2099, GD: 1.1194e+07,     RMSE: 0.2980, MAE: 0.1410
----------------------------------------------------------------------

Training complete!
Best validation loss: 0.1992 at epoch 49

Evaluating on test set...
Test Loss: 0.2104
Test MIXMSE: 0.2104, GD: 1.1803e+07,     RMSE: 0.2984, MAE: 0.1410