Starting training for 50 epochs...
--- Optuna Trial 41 ---
Device: cuda
Model parameters: 34,852
----------------------------------------------------------------------
Epoch   1/50 | Train Loss: 1.2930 | Val Loss: 1.2336 | LR: 0.002417
  Train - Data Loss (MIXMSE): 1.2930, GD: 4.6671e+04,     RMSE: 0.7375, MAE: 0.3522
  Val   - Data Loss (MIXMSE): 1.2336, GD: 1.5246e+05,     RMSE: 0.7232, MAE: 0.3313
----------------------------------------------------------------------
Epoch   2/50 | Train Loss: 1.1298 | Val Loss: 1.0124 | LR: 0.002417
  Train - Data Loss (MIXMSE): 1.1298, GD: 1.5462e+06,     RMSE: 0.6890, MAE: 0.3271
  Val   - Data Loss (MIXMSE): 1.0124, GD: 3.3891e+06,     RMSE: 0.6554, MAE: 0.3187
----------------------------------------------------------------------
Epoch   3/50 | Train Loss: 0.8847 | Val Loss: 0.7916 | LR: 0.002417
  Train - Data Loss (MIXMSE): 0.8847, GD: 8.3708e+06,     RMSE: 0.6092, MAE: 0.3029
  Val   - Data Loss (MIXMSE): 0.7916, GD: 1.5782e+07,     RMSE: 0.5794, MAE: 0.2827
----------------------------------------------------------------------
Epoch   4/50 | Train Loss: 0.6224 | Val Loss: 0.5223 | LR: 0.002417
  Train - Data Loss (MIXMSE): 0.6224, GD: 2.2422e+07,     RMSE: 0.5094, MAE: 0.2530
  Val   - Data Loss (MIXMSE): 0.5223, GD: 1.8396e+07,     RMSE: 0.4707, MAE: 0.2301
----------------------------------------------------------------------
Epoch   5/50 | Train Loss: 0.4411 | Val Loss: 0.4525 | LR: 0.002417
  Train - Data Loss (MIXMSE): 0.4411, GD: 1.4220e+07,     RMSE: 0.4299, MAE: 0.2125
  Val   - Data Loss (MIXMSE): 0.4525, GD: 1.9113e+07,     RMSE: 0.4381, MAE: 0.2127
----------------------------------------------------------------------
Epoch   6/50 | Train Loss: 0.3867 | Val Loss: 0.3580 | LR: 0.002417
  Train - Data Loss (MIXMSE): 0.3867, GD: 1.3171e+07,     RMSE: 0.4029, MAE: 0.1985
  Val   - Data Loss (MIXMSE): 0.3580, GD: 1.2051e+07,     RMSE: 0.3896, MAE: 0.1863
----------------------------------------------------------------------
Epoch   7/50 | Train Loss: 0.3475 | Val Loss: 0.3447 | LR: 0.002417
  Train - Data Loss (MIXMSE): 0.3475, GD: 1.2834e+07,     RMSE: 0.3816, MAE: 0.1880
  Val   - Data Loss (MIXMSE): 0.3447, GD: 1.5590e+07,     RMSE: 0.3821, MAE: 0.1872
----------------------------------------------------------------------
Epoch   8/50 | Train Loss: 0.3165 | Val Loss: 0.3135 | LR: 0.002417
  Train - Data Loss (MIXMSE): 0.3165, GD: 1.2007e+07,     RMSE: 0.3646, MAE: 0.1810
  Val   - Data Loss (MIXMSE): 0.3135, GD: 1.0488e+07,     RMSE: 0.3646, MAE: 0.1764
----------------------------------------------------------------------
Epoch   9/50 | Train Loss: 0.3037 | Val Loss: 0.2969 | LR: 0.002417
  Train - Data Loss (MIXMSE): 0.3037, GD: 1.0998e+07,     RMSE: 0.3570, MAE: 0.1775
  Val   - Data Loss (MIXMSE): 0.2969, GD: 1.2163e+07,     RMSE: 0.3548, MAE: 0.1728
----------------------------------------------------------------------
Epoch  10/50 | Train Loss: 0.2828 | Val Loss: 0.2653 | LR: 0.002417
  Train - Data Loss (MIXMSE): 0.2828, GD: 1.0028e+07,     RMSE: 0.3444, MAE: 0.1717
  Val   - Data Loss (MIXMSE): 0.2653, GD: 9.2657e+06,     RMSE: 0.3354, MAE: 0.1623
----------------------------------------------------------------------
Epoch  11/50 | Train Loss: 0.2655 | Val Loss: 0.2691 | LR: 0.002417
  Train - Data Loss (MIXMSE): 0.2655, GD: 9.4179e+06,     RMSE: 0.3338, MAE: 0.1670
  Val   - Data Loss (MIXMSE): 0.2691, GD: 8.9853e+06,     RMSE: 0.3378, MAE: 0.1637
----------------------------------------------------------------------
Epoch  12/50 | Train Loss: 0.2595 | Val Loss: 0.2549 | LR: 0.002417
  Train - Data Loss (MIXMSE): 0.2595, GD: 9.2584e+06,     RMSE: 0.3300, MAE: 0.1648
  Val   - Data Loss (MIXMSE): 0.2549, GD: 9.9542e+06,     RMSE: 0.3288, MAE: 0.1616
----------------------------------------------------------------------
Epoch  13/50 | Train Loss: 0.2490 | Val Loss: 0.2751 | LR: 0.002417
  Train - Data Loss (MIXMSE): 0.2490, GD: 9.6655e+06,     RMSE: 0.3232, MAE: 0.1612
  Val   - Data Loss (MIXMSE): 0.2751, GD: 6.6275e+06,     RMSE: 0.3414, MAE: 0.1653
----------------------------------------------------------------------
Epoch  14/50 | Train Loss: 0.2403 | Val Loss: 0.2372 | LR: 0.002417
  Train - Data Loss (MIXMSE): 0.2403, GD: 9.9858e+06,     RMSE: 0.3175, MAE: 0.1578
  Val   - Data Loss (MIXMSE): 0.2372, GD: 1.0081e+07,     RMSE: 0.3170, MAE: 0.1553
----------------------------------------------------------------------
Epoch  15/50 | Train Loss: 0.2331 | Val Loss: 0.2437 | LR: 0.002417
  Train - Data Loss (MIXMSE): 0.2331, GD: 1.0116e+07,     RMSE: 0.3128, MAE: 0.1555
  Val   - Data Loss (MIXMSE): 0.2437, GD: 1.0037e+07,     RMSE: 0.3214, MAE: 0.1567
----------------------------------------------------------------------
Epoch  16/50 | Train Loss: 0.2347 | Val Loss: 0.2227 | LR: 0.002417
  Train - Data Loss (MIXMSE): 0.2347, GD: 1.0868e+07,     RMSE: 0.3137, MAE: 0.1558
  Val   - Data Loss (MIXMSE): 0.2227, GD: 1.1704e+07,     RMSE: 0.3073, MAE: 0.1478
----------------------------------------------------------------------
Epoch  17/50 | Train Loss: 0.2224 | Val Loss: 0.2384 | LR: 0.002417
  Train - Data Loss (MIXMSE): 0.2224, GD: 1.1740e+07,     RMSE: 0.3056, MAE: 0.1509
  Val   - Data Loss (MIXMSE): 0.2384, GD: 9.8558e+06,     RMSE: 0.3180, MAE: 0.1544
----------------------------------------------------------------------
Epoch  18/50 | Train Loss: 0.2238 | Val Loss: 0.2254 | LR: 0.002417
  Train - Data Loss (MIXMSE): 0.2238, GD: 1.2472e+07,     RMSE: 0.3060, MAE: 0.1510
  Val   - Data Loss (MIXMSE): 0.2254, GD: 1.3414e+07,     RMSE: 0.3090, MAE: 0.1505
----------------------------------------------------------------------
Epoch  19/50 | Train Loss: 0.2206 | Val Loss: 0.2127 | LR: 0.002417
  Train - Data Loss (MIXMSE): 0.2206, GD: 1.2845e+07,     RMSE: 0.3042, MAE: 0.1498
  Val   - Data Loss (MIXMSE): 0.2127, GD: 1.3949e+07,     RMSE: 0.3002, MAE: 0.1462
----------------------------------------------------------------------
Epoch  20/50 | Train Loss: 0.2126 | Val Loss: 0.2118 | LR: 0.002417
  Train - Data Loss (MIXMSE): 0.2126, GD: 1.3685e+07,     RMSE: 0.2987, MAE: 0.1469
  Val   - Data Loss (MIXMSE): 0.2118, GD: 1.3686e+07,     RMSE: 0.2996, MAE: 0.1447
----------------------------------------------------------------------
Epoch  21/50 | Train Loss: 0.1999 | Val Loss: 0.2209 | LR: 0.002417
  Train - Data Loss (MIXMSE): 0.1999, GD: 1.4397e+07,     RMSE: 0.2897, MAE: 0.1432
  Val   - Data Loss (MIXMSE): 0.2209, GD: 1.8468e+07,     RMSE: 0.3059, MAE: 0.1467
----------------------------------------------------------------------
Epoch  22/50 | Train Loss: 0.2064 | Val Loss: 0.2013 | LR: 0.002417
  Train - Data Loss (MIXMSE): 0.2064, GD: 1.4530e+07,     RMSE: 0.2942, MAE: 0.1447
  Val   - Data Loss (MIXMSE): 0.2013, GD: 1.6420e+07,     RMSE: 0.2920, MAE: 0.1393
----------------------------------------------------------------------
Epoch  23/50 | Train Loss: 0.1980 | Val Loss: 0.2200 | LR: 0.002417
  Train - Data Loss (MIXMSE): 0.1980, GD: 1.4513e+07,     RMSE: 0.2883, MAE: 0.1412
  Val   - Data Loss (MIXMSE): 0.2200, GD: 1.3230e+07,     RMSE: 0.3055, MAE: 0.1448
----------------------------------------------------------------------
Epoch  24/50 | Train Loss: 0.1947 | Val Loss: 0.2061 | LR: 0.002417
  Train - Data Loss (MIXMSE): 0.1947, GD: 1.4416e+07,     RMSE: 0.2860, MAE: 0.1410
  Val   - Data Loss (MIXMSE): 0.2061, GD: 1.4063e+07,     RMSE: 0.2956, MAE: 0.1390
----------------------------------------------------------------------
Epoch  25/50 | Train Loss: 0.1936 | Val Loss: 0.2067 | LR: 0.002417
  Train - Data Loss (MIXMSE): 0.1936, GD: 1.4086e+07,     RMSE: 0.2851, MAE: 0.1405
  Val   - Data Loss (MIXMSE): 0.2067, GD: 1.2073e+07,     RMSE: 0.2959, MAE: 0.1405
----------------------------------------------------------------------
Epoch  26/50 | Train Loss: 0.2021 | Val Loss: 0.2031 | LR: 0.002417
  Train - Data Loss (MIXMSE): 0.2021, GD: 1.3456e+07,     RMSE: 0.2910, MAE: 0.1422
  Val   - Data Loss (MIXMSE): 0.2031, GD: 1.2219e+07,     RMSE: 0.2933, MAE: 0.1381
----------------------------------------------------------------------
Epoch  27/50 | Train Loss: 0.1983 | Val Loss: 0.1950 | LR: 0.002417
  Train - Data Loss (MIXMSE): 0.1983, GD: 1.3064e+07,     RMSE: 0.2878, MAE: 0.1408
  Val   - Data Loss (MIXMSE): 0.1950, GD: 1.2560e+07,     RMSE: 0.2875, MAE: 0.1371
----------------------------------------------------------------------
Epoch  28/50 | Train Loss: 0.1835 | Val Loss: 0.1883 | LR: 0.002417
  Train - Data Loss (MIXMSE): 0.1835, GD: 1.3309e+07,     RMSE: 0.2775, MAE: 0.1356
  Val   - Data Loss (MIXMSE): 0.1883, GD: 1.3249e+07,     RMSE: 0.2824, MAE: 0.1367
----------------------------------------------------------------------
Epoch  29/50 | Train Loss: 0.1827 | Val Loss: 0.2137 | LR: 0.002417
  Train - Data Loss (MIXMSE): 0.1827, GD: 1.3387e+07,     RMSE: 0.2769, MAE: 0.1354
  Val   - Data Loss (MIXMSE): 0.2137, GD: 1.3479e+07,     RMSE: 0.3008, MAE: 0.1413
----------------------------------------------------------------------
Epoch  30/50 | Train Loss: 0.1856 | Val Loss: 0.1877 | LR: 0.002417
  Train - Data Loss (MIXMSE): 0.1856, GD: 1.2533e+07,     RMSE: 0.2792, MAE: 0.1364
  Val   - Data Loss (MIXMSE): 0.1877, GD: 1.3728e+07,     RMSE: 0.2820, MAE: 0.1374
----------------------------------------------------------------------
Epoch  31/50 | Train Loss: 0.1817 | Val Loss: 0.1776 | LR: 0.002417
  Train - Data Loss (MIXMSE): 0.1817, GD: 1.2419e+07,     RMSE: 0.2761, MAE: 0.1348
  Val   - Data Loss (MIXMSE): 0.1776, GD: 1.1773e+07,     RMSE: 0.2743, MAE: 0.1305
----------------------------------------------------------------------
Epoch  32/50 | Train Loss: 0.1823 | Val Loss: 0.1837 | LR: 0.002417
  Train - Data Loss (MIXMSE): 0.1823, GD: 1.2213e+07,     RMSE: 0.2765, MAE: 0.1346
  Val   - Data Loss (MIXMSE): 0.1837, GD: 1.2141e+07,     RMSE: 0.2790, MAE: 0.1319
----------------------------------------------------------------------
Epoch  33/50 | Train Loss: 0.1836 | Val Loss: 0.1783 | LR: 0.002417
  Train - Data Loss (MIXMSE): 0.1836, GD: 1.2152e+07,     RMSE: 0.2774, MAE: 0.1347
  Val   - Data Loss (MIXMSE): 0.1783, GD: 1.2699e+07,     RMSE: 0.2750, MAE: 0.1308
----------------------------------------------------------------------
Epoch  34/50 | Train Loss: 0.1763 | Val Loss: 0.1911 | LR: 0.002417
  Train - Data Loss (MIXMSE): 0.1763, GD: 1.1928e+07,     RMSE: 0.2720, MAE: 0.1321
  Val   - Data Loss (MIXMSE): 0.1911, GD: 1.0945e+07,     RMSE: 0.2845, MAE: 0.1340
----------------------------------------------------------------------
Epoch  35/50 | Train Loss: 0.1745 | Val Loss: 0.1811 | LR: 0.002417
  Train - Data Loss (MIXMSE): 0.1745, GD: 1.1710e+07,     RMSE: 0.2705, MAE: 0.1316
  Val   - Data Loss (MIXMSE): 0.1811, GD: 1.2444e+07,     RMSE: 0.2771, MAE: 0.1307
----------------------------------------------------------------------
Epoch  36/50 | Train Loss: 0.1765 | Val Loss: 0.1872 | LR: 0.002417
  Train - Data Loss (MIXMSE): 0.1765, GD: 1.1805e+07,     RMSE: 0.2720, MAE: 0.1324
  Val   - Data Loss (MIXMSE): 0.1872, GD: 1.1472e+07,     RMSE: 0.2816, MAE: 0.1371
----------------------------------------------------------------------
Epoch  37/50 | Train Loss: 0.1810 | Val Loss: 0.1729 | LR: 0.002417
  Train - Data Loss (MIXMSE): 0.1810, GD: 1.1206e+07,     RMSE: 0.2752, MAE: 0.1337
  Val   - Data Loss (MIXMSE): 0.1729, GD: 1.1392e+07,     RMSE: 0.2707, MAE: 0.1273
----------------------------------------------------------------------
Epoch  38/50 | Train Loss: 0.1686 | Val Loss: 0.1898 | LR: 0.002417
  Train - Data Loss (MIXMSE): 0.1686, GD: 1.1010e+07,     RMSE: 0.2660, MAE: 0.1286
  Val   - Data Loss (MIXMSE): 0.1898, GD: 1.1025e+07,     RMSE: 0.2837, MAE: 0.1355
----------------------------------------------------------------------
Epoch  39/50 | Train Loss: 0.1684 | Val Loss: 0.1754 | LR: 0.002417
  Train - Data Loss (MIXMSE): 0.1684, GD: 1.1281e+07,     RMSE: 0.2657, MAE: 0.1286
  Val   - Data Loss (MIXMSE): 0.1754, GD: 1.3511e+07,     RMSE: 0.2725, MAE: 0.1274
----------------------------------------------------------------------
Epoch  40/50 | Train Loss: 0.1679 | Val Loss: 0.1804 | LR: 0.002417
  Train - Data Loss (MIXMSE): 0.1679, GD: 1.1015e+07,     RMSE: 0.2656, MAE: 0.1289
  Val   - Data Loss (MIXMSE): 0.1804, GD: 1.2817e+07,     RMSE: 0.2764, MAE: 0.1292
----------------------------------------------------------------------
Epoch  41/50 | Train Loss: 0.1707 | Val Loss: 0.1741 | LR: 0.002417
  Train - Data Loss (MIXMSE): 0.1707, GD: 1.0823e+07,     RMSE: 0.2675, MAE: 0.1293
  Val   - Data Loss (MIXMSE): 0.1741, GD: 1.1569e+07,     RMSE: 0.2716, MAE: 0.1287
----------------------------------------------------------------------
Epoch  42/50 | Train Loss: 0.1737 | Val Loss: 0.1763 | LR: 0.002417
  Train - Data Loss (MIXMSE): 0.1737, GD: 1.0864e+07,     RMSE: 0.2696, MAE: 0.1305
  Val   - Data Loss (MIXMSE): 0.1763, GD: 1.2766e+07,     RMSE: 0.2732, MAE: 0.1294
----------------------------------------------------------------------
Epoch  43/50 | Train Loss: 0.1702 | Val Loss: 0.1705 | LR: 0.002417
  Train - Data Loss (MIXMSE): 0.1702, GD: 1.0705e+07,     RMSE: 0.2671, MAE: 0.1291
  Val   - Data Loss (MIXMSE): 0.1705, GD: 1.0150e+07,     RMSE: 0.2688, MAE: 0.1269
----------------------------------------------------------------------
Epoch  44/50 | Train Loss: 0.1649 | Val Loss: 0.1853 | LR: 0.002417
  Train - Data Loss (MIXMSE): 0.1649, GD: 1.0772e+07,     RMSE: 0.2629, MAE: 0.1272
  Val   - Data Loss (MIXMSE): 0.1853, GD: 1.0931e+07,     RMSE: 0.2802, MAE: 0.1339
----------------------------------------------------------------------
Epoch  45/50 | Train Loss: 0.1673 | Val Loss: 0.1838 | LR: 0.002417
  Train - Data Loss (MIXMSE): 0.1673, GD: 1.0834e+07,     RMSE: 0.2649, MAE: 0.1283
  Val   - Data Loss (MIXMSE): 0.1838, GD: 9.3494e+06,     RMSE: 0.2791, MAE: 0.1316
----------------------------------------------------------------------
Epoch  46/50 | Train Loss: 0.1606 | Val Loss: 0.1761 | LR: 0.002417
  Train - Data Loss (MIXMSE): 0.1606, GD: 1.0677e+07,     RMSE: 0.2598, MAE: 0.1252
  Val   - Data Loss (MIXMSE): 0.1761, GD: 9.8014e+06,     RMSE: 0.2731, MAE: 0.1264
----------------------------------------------------------------------
Epoch  47/50 | Train Loss: 0.1618 | Val Loss: 0.1670 | LR: 0.002417
  Train - Data Loss (MIXMSE): 0.1618, GD: 1.0506e+07,     RMSE: 0.2606, MAE: 0.1257
  Val   - Data Loss (MIXMSE): 0.1670, GD: 9.7902e+06,     RMSE: 0.2659, MAE: 0.1238
----------------------------------------------------------------------
Epoch  48/50 | Train Loss: 0.1641 | Val Loss: 0.1774 | LR: 0.002417
  Train - Data Loss (MIXMSE): 0.1641, GD: 1.0303e+07,     RMSE: 0.2619, MAE: 0.1264
  Val   - Data Loss (MIXMSE): 0.1774, GD: 1.0065e+07,     RMSE: 0.2741, MAE: 0.1311
----------------------------------------------------------------------
Epoch  49/50 | Train Loss: 0.1635 | Val Loss: 0.1905 | LR: 0.002417
  Train - Data Loss (MIXMSE): 0.1635, GD: 1.0155e+07,     RMSE: 0.2619, MAE: 0.1264
  Val   - Data Loss (MIXMSE): 0.1905, GD: 1.0975e+07,     RMSE: 0.2841, MAE: 0.1340
----------------------------------------------------------------------
Epoch  50/50 | Train Loss: 0.1665 | Val Loss: 0.1747 | LR: 0.002417
  Train - Data Loss (MIXMSE): 0.1665, GD: 1.0151e+07,     RMSE: 0.2641, MAE: 0.1277
  Val   - Data Loss (MIXMSE): 0.1747, GD: 1.1649e+07,     RMSE: 0.2721, MAE: 0.1262
----------------------------------------------------------------------

Training complete!
Best validation loss: 0.1670 at epoch 47

Evaluating on test set...
Test Loss: 0.1737
Test MIXMSE: 0.1737, GD: 1.1640e+07,     RMSE: 0.2711, MAE: 0.1260