Starting training for 50 epochs...
--- Optuna Trial 61 ---
Device: cuda
Model parameters: 581,685
----------------------------------------------------------------------
Epoch   1/50 | Train Loss: 1.2723 | Val Loss: 1.1662 | LR: 0.001015
  Train - Data Loss (MIXMSE): 1.2723, GD: 4.6820e+04,     RMSE: 0.7311, MAE: 0.3497
  Val   - Data Loss (MIXMSE): 1.1662, GD: 2.1250e+05,     RMSE: 0.7032, MAE: 0.3338
----------------------------------------------------------------------
Epoch   2/50 | Train Loss: 1.0593 | Val Loss: 0.9667 | LR: 0.001015
  Train - Data Loss (MIXMSE): 1.0593, GD: 1.0435e+06,     RMSE: 0.6669, MAE: 0.3305
  Val   - Data Loss (MIXMSE): 0.9667, GD: 2.4806e+06,     RMSE: 0.6403, MAE: 0.3163
----------------------------------------------------------------------
Epoch   3/50 | Train Loss: 0.8510 | Val Loss: 0.7629 | LR: 0.001015
  Train - Data Loss (MIXMSE): 0.8510, GD: 5.7627e+06,     RMSE: 0.5974, MAE: 0.3069
  Val   - Data Loss (MIXMSE): 0.7629, GD: 9.4864e+06,     RMSE: 0.5689, MAE: 0.2786
----------------------------------------------------------------------
Epoch   4/50 | Train Loss: 0.6886 | Val Loss: 0.6619 | LR: 0.001015
  Train - Data Loss (MIXMSE): 0.6886, GD: 1.4642e+07,     RMSE: 0.5373, MAE: 0.2775
  Val   - Data Loss (MIXMSE): 0.6619, GD: 2.0662e+07,     RMSE: 0.5298, MAE: 0.2718
----------------------------------------------------------------------
Epoch   5/50 | Train Loss: 0.5727 | Val Loss: 0.5075 | LR: 0.001015
  Train - Data Loss (MIXMSE): 0.5727, GD: 1.7976e+07,     RMSE: 0.4895, MAE: 0.2516
  Val   - Data Loss (MIXMSE): 0.5075, GD: 2.2491e+07,     RMSE: 0.4640, MAE: 0.2319
----------------------------------------------------------------------
Epoch   6/50 | Train Loss: 0.4603 | Val Loss: 0.4062 | LR: 0.001015
  Train - Data Loss (MIXMSE): 0.4603, GD: 3.6449e+07,     RMSE: 0.4385, MAE: 0.2260
  Val   - Data Loss (MIXMSE): 0.4062, GD: 6.9245e+07,     RMSE: 0.4152, MAE: 0.2092
----------------------------------------------------------------------
Epoch   7/50 | Train Loss: 0.3891 | Val Loss: 0.3962 | LR: 0.001015
  Train - Data Loss (MIXMSE): 0.3891, GD: 1.1474e+08,     RMSE: 0.4037, MAE: 0.2070
  Val   - Data Loss (MIXMSE): 0.3962, GD: 1.8507e+08,     RMSE: 0.4100, MAE: 0.1988
----------------------------------------------------------------------
Epoch   8/50 | Train Loss: 0.3429 | Val Loss: 0.3305 | LR: 0.001015
  Train - Data Loss (MIXMSE): 0.3429, GD: 2.5350e+08,     RMSE: 0.3790, MAE: 0.1918
  Val   - Data Loss (MIXMSE): 0.3305, GD: 3.3151e+08,     RMSE: 0.3745, MAE: 0.1813
----------------------------------------------------------------------
Epoch   9/50 | Train Loss: 0.3188 | Val Loss: 0.2995 | LR: 0.001015
  Train - Data Loss (MIXMSE): 0.3188, GD: 3.9182e+08,     RMSE: 0.3652, MAE: 0.1845
  Val   - Data Loss (MIXMSE): 0.2995, GD: 4.9874e+08,     RMSE: 0.3565, MAE: 0.1706
----------------------------------------------------------------------
Epoch  10/50 | Train Loss: 0.2933 | Val Loss: 0.2818 | LR: 0.001015
  Train - Data Loss (MIXMSE): 0.2933, GD: 5.5771e+08,     RMSE: 0.3503, MAE: 0.1754
  Val   - Data Loss (MIXMSE): 0.2818, GD: 6.3864e+08,     RMSE: 0.3458, MAE: 0.1646
----------------------------------------------------------------------
Epoch  11/50 | Train Loss: 0.2754 | Val Loss: 0.2802 | LR: 0.001015
  Train - Data Loss (MIXMSE): 0.2754, GD: 7.0512e+08,     RMSE: 0.3397, MAE: 0.1707
  Val   - Data Loss (MIXMSE): 0.2802, GD: 8.0065e+08,     RMSE: 0.3448, MAE: 0.1701
----------------------------------------------------------------------
Epoch  12/50 | Train Loss: 0.2610 | Val Loss: 0.2567 | LR: 0.001015
  Train - Data Loss (MIXMSE): 0.2610, GD: 8.1950e+08,     RMSE: 0.3307, MAE: 0.1656
  Val   - Data Loss (MIXMSE): 0.2567, GD: 9.7908e+08,     RMSE: 0.3300, MAE: 0.1605
----------------------------------------------------------------------
Epoch  13/50 | Train Loss: 0.2539 | Val Loss: 0.2547 | LR: 0.001015
  Train - Data Loss (MIXMSE): 0.2539, GD: 9.2506e+08,     RMSE: 0.3262, MAE: 0.1637
  Val   - Data Loss (MIXMSE): 0.2547, GD: 9.2761e+08,     RMSE: 0.3285, MAE: 0.1660
----------------------------------------------------------------------
Epoch  14/50 | Train Loss: 0.2421 | Val Loss: 0.2469 | LR: 0.001015
  Train - Data Loss (MIXMSE): 0.2421, GD: 1.0110e+09,     RMSE: 0.3185, MAE: 0.1609
  Val   - Data Loss (MIXMSE): 0.2469, GD: 1.0509e+09,     RMSE: 0.3236, MAE: 0.1582
----------------------------------------------------------------------
Epoch  15/50 | Train Loss: 0.2361 | Val Loss: 0.2421 | LR: 0.001015
  Train - Data Loss (MIXMSE): 0.2361, GD: 1.0598e+09,     RMSE: 0.3147, MAE: 0.1587
  Val   - Data Loss (MIXMSE): 0.2421, GD: 1.1276e+09,     RMSE: 0.3205, MAE: 0.1566
----------------------------------------------------------------------
Epoch  16/50 | Train Loss: 0.2278 | Val Loss: 0.2333 | LR: 0.001015
  Train - Data Loss (MIXMSE): 0.2278, GD: 1.0971e+09,     RMSE: 0.3090, MAE: 0.1563
  Val   - Data Loss (MIXMSE): 0.2333, GD: 1.1434e+09,     RMSE: 0.3147, MAE: 0.1519
----------------------------------------------------------------------
Epoch  17/50 | Train Loss: 0.2209 | Val Loss: 0.2187 | LR: 0.001015
  Train - Data Loss (MIXMSE): 0.2209, GD: 1.1018e+09,     RMSE: 0.3045, MAE: 0.1538
  Val   - Data Loss (MIXMSE): 0.2187, GD: 1.1630e+09,     RMSE: 0.3046, MAE: 0.1499
----------------------------------------------------------------------
Epoch  18/50 | Train Loss: 0.2140 | Val Loss: 0.2115 | LR: 0.001015
  Train - Data Loss (MIXMSE): 0.2140, GD: 1.1476e+09,     RMSE: 0.2996, MAE: 0.1517
  Val   - Data Loss (MIXMSE): 0.2115, GD: 1.1880e+09,     RMSE: 0.2995, MAE: 0.1451
----------------------------------------------------------------------
Epoch  19/50 | Train Loss: 0.2149 | Val Loss: 0.2329 | LR: 0.001015
  Train - Data Loss (MIXMSE): 0.2149, GD: 1.1563e+09,     RMSE: 0.3001, MAE: 0.1512
  Val   - Data Loss (MIXMSE): 0.2329, GD: 1.2481e+09,     RMSE: 0.3144, MAE: 0.1496
----------------------------------------------------------------------
Epoch  20/50 | Train Loss: 0.2069 | Val Loss: 0.2168 | LR: 0.001015
  Train - Data Loss (MIXMSE): 0.2069, GD: 1.1975e+09,     RMSE: 0.2944, MAE: 0.1484
  Val   - Data Loss (MIXMSE): 0.2168, GD: 1.1815e+09,     RMSE: 0.3032, MAE: 0.1469
----------------------------------------------------------------------
Epoch  21/50 | Train Loss: 0.2019 | Val Loss: 0.2042 | LR: 0.001015
  Train - Data Loss (MIXMSE): 0.2019, GD: 1.2064e+09,     RMSE: 0.2908, MAE: 0.1463
  Val   - Data Loss (MIXMSE): 0.2042, GD: 1.2106e+09,     RMSE: 0.2941, MAE: 0.1459
----------------------------------------------------------------------
Epoch  22/50 | Train Loss: 0.2055 | Val Loss: 0.2010 | LR: 0.001015
  Train - Data Loss (MIXMSE): 0.2055, GD: 1.2096e+09,     RMSE: 0.2933, MAE: 0.1481
  Val   - Data Loss (MIXMSE): 0.2010, GD: 1.3098e+09,     RMSE: 0.2920, MAE: 0.1424
----------------------------------------------------------------------
Epoch  23/50 | Train Loss: 0.1986 | Val Loss: 0.2223 | LR: 0.001015
  Train - Data Loss (MIXMSE): 0.1986, GD: 1.2198e+09,     RMSE: 0.2886, MAE: 0.1457
  Val   - Data Loss (MIXMSE): 0.2223, GD: 1.3771e+09,     RMSE: 0.3070, MAE: 0.1528
----------------------------------------------------------------------
Epoch  24/50 | Train Loss: 0.1939 | Val Loss: 0.2007 | LR: 0.001015
  Train - Data Loss (MIXMSE): 0.1939, GD: 1.2511e+09,     RMSE: 0.2850, MAE: 0.1433
  Val   - Data Loss (MIXMSE): 0.2007, GD: 1.3071e+09,     RMSE: 0.2917, MAE: 0.1406
----------------------------------------------------------------------
Epoch  25/50 | Train Loss: 0.1922 | Val Loss: 0.1836 | LR: 0.001015
  Train - Data Loss (MIXMSE): 0.1922, GD: 1.2492e+09,     RMSE: 0.2840, MAE: 0.1434
  Val   - Data Loss (MIXMSE): 0.1836, GD: 1.2875e+09,     RMSE: 0.2790, MAE: 0.1385
----------------------------------------------------------------------
Epoch  26/50 | Train Loss: 0.1892 | Val Loss: 0.2033 | LR: 0.001015
  Train - Data Loss (MIXMSE): 0.1892, GD: 1.2622e+09,     RMSE: 0.2816, MAE: 0.1418
  Val   - Data Loss (MIXMSE): 0.2033, GD: 1.2367e+09,     RMSE: 0.2934, MAE: 0.1480
----------------------------------------------------------------------
Epoch  27/50 | Train Loss: 0.1945 | Val Loss: 0.1849 | LR: 0.001015
  Train - Data Loss (MIXMSE): 0.1945, GD: 1.2828e+09,     RMSE: 0.2854, MAE: 0.1428
  Val   - Data Loss (MIXMSE): 0.1849, GD: 1.2741e+09,     RMSE: 0.2800, MAE: 0.1418
----------------------------------------------------------------------
Epoch  28/50 | Train Loss: 0.1813 | Val Loss: 0.1947 | LR: 0.001015
  Train - Data Loss (MIXMSE): 0.1813, GD: 1.3050e+09,     RMSE: 0.2756, MAE: 0.1379
  Val   - Data Loss (MIXMSE): 0.1947, GD: 1.2807e+09,     RMSE: 0.2874, MAE: 0.1439
----------------------------------------------------------------------
Epoch  29/50 | Train Loss: 0.1833 | Val Loss: 0.2052 | LR: 0.001015
  Train - Data Loss (MIXMSE): 0.1833, GD: 1.3080e+09,     RMSE: 0.2771, MAE: 0.1391
  Val   - Data Loss (MIXMSE): 0.2052, GD: 1.3096e+09,     RMSE: 0.2950, MAE: 0.1405
----------------------------------------------------------------------
Epoch  30/50 | Train Loss: 0.1839 | Val Loss: 0.1911 | LR: 0.001015
  Train - Data Loss (MIXMSE): 0.1839, GD: 1.3145e+09,     RMSE: 0.2773, MAE: 0.1389
  Val   - Data Loss (MIXMSE): 0.1911, GD: 1.2216e+09,     RMSE: 0.2844, MAE: 0.1423
----------------------------------------------------------------------
Epoch  31/50 | Train Loss: 0.1771 | Val Loss: 0.1728 | LR: 0.001015
  Train - Data Loss (MIXMSE): 0.1771, GD: 1.3082e+09,     RMSE: 0.2724, MAE: 0.1363
  Val   - Data Loss (MIXMSE): 0.1728, GD: 1.3068e+09,     RMSE: 0.2707, MAE: 0.1298
----------------------------------------------------------------------
Epoch  32/50 | Train Loss: 0.1771 | Val Loss: 0.1797 | LR: 0.001015
  Train - Data Loss (MIXMSE): 0.1771, GD: 1.3241e+09,     RMSE: 0.2722, MAE: 0.1362
  Val   - Data Loss (MIXMSE): 0.1797, GD: 1.3729e+09,     RMSE: 0.2760, MAE: 0.1336
----------------------------------------------------------------------
Epoch  33/50 | Train Loss: 0.1743 | Val Loss: 0.1787 | LR: 0.001015
  Train - Data Loss (MIXMSE): 0.1743, GD: 1.3419e+09,     RMSE: 0.2703, MAE: 0.1346
  Val   - Data Loss (MIXMSE): 0.1787, GD: 1.3853e+09,     RMSE: 0.2752, MAE: 0.1302
----------------------------------------------------------------------
Epoch  34/50 | Train Loss: 0.1699 | Val Loss: 0.1692 | LR: 0.001015
  Train - Data Loss (MIXMSE): 0.1699, GD: 1.3314e+09,     RMSE: 0.2666, MAE: 0.1321
  Val   - Data Loss (MIXMSE): 0.1692, GD: 1.2992e+09,     RMSE: 0.2677, MAE: 0.1279
----------------------------------------------------------------------
Epoch  35/50 | Train Loss: 0.1687 | Val Loss: 0.2030 | LR: 0.001015
  Train - Data Loss (MIXMSE): 0.1687, GD: 1.3420e+09,     RMSE: 0.2658, MAE: 0.1324
  Val   - Data Loss (MIXMSE): 0.2030, GD: 1.4567e+09,     RMSE: 0.2934, MAE: 0.1435
----------------------------------------------------------------------
Epoch  36/50 | Train Loss: 0.1721 | Val Loss: 0.1734 | LR: 0.001015
  Train - Data Loss (MIXMSE): 0.1721, GD: 1.3250e+09,     RMSE: 0.2686, MAE: 0.1342
  Val   - Data Loss (MIXMSE): 0.1734, GD: 1.3970e+09,     RMSE: 0.2711, MAE: 0.1326
----------------------------------------------------------------------
Epoch  37/50 | Train Loss: 0.1696 | Val Loss: 0.1675 | LR: 0.001015
  Train - Data Loss (MIXMSE): 0.1696, GD: 1.3568e+09,     RMSE: 0.2667, MAE: 0.1315
  Val   - Data Loss (MIXMSE): 0.1675, GD: 1.4042e+09,     RMSE: 0.2664, MAE: 0.1282
----------------------------------------------------------------------
Epoch  38/50 | Train Loss: 0.1653 | Val Loss: 0.1706 | LR: 0.001015
  Train - Data Loss (MIXMSE): 0.1653, GD: 1.3971e+09,     RMSE: 0.2632, MAE: 0.1299
  Val   - Data Loss (MIXMSE): 0.1706, GD: 1.3663e+09,     RMSE: 0.2690, MAE: 0.1302
----------------------------------------------------------------------
Epoch  39/50 | Train Loss: 0.1652 | Val Loss: 0.1633 | LR: 0.001015
  Train - Data Loss (MIXMSE): 0.1652, GD: 1.3944e+09,     RMSE: 0.2632, MAE: 0.1301
  Val   - Data Loss (MIXMSE): 0.1633, GD: 1.3594e+09,     RMSE: 0.2631, MAE: 0.1250
----------------------------------------------------------------------
Epoch  40/50 | Train Loss: 0.1627 | Val Loss: 0.1575 | LR: 0.001015
  Train - Data Loss (MIXMSE): 0.1627, GD: 1.4226e+09,     RMSE: 0.2611, MAE: 0.1285
  Val   - Data Loss (MIXMSE): 0.1575, GD: 1.4388e+09,     RMSE: 0.2584, MAE: 0.1244
----------------------------------------------------------------------
Epoch  41/50 | Train Loss: 0.1628 | Val Loss: 0.1704 | LR: 0.001015
  Train - Data Loss (MIXMSE): 0.1628, GD: 1.4225e+09,     RMSE: 0.2612, MAE: 0.1291
  Val   - Data Loss (MIXMSE): 0.1704, GD: 1.4204e+09,     RMSE: 0.2687, MAE: 0.1426
----------------------------------------------------------------------
Epoch  42/50 | Train Loss: 0.1604 | Val Loss: 0.1771 | LR: 0.001015
  Train - Data Loss (MIXMSE): 0.1604, GD: 1.4438e+09,     RMSE: 0.2593, MAE: 0.1279
  Val   - Data Loss (MIXMSE): 0.1771, GD: 1.4196e+09,     RMSE: 0.2740, MAE: 0.1255
----------------------------------------------------------------------
Epoch  43/50 | Train Loss: 0.1674 | Val Loss: 0.1688 | LR: 0.001015
  Train - Data Loss (MIXMSE): 0.1674, GD: 1.4318e+09,     RMSE: 0.2648, MAE: 0.1314
  Val   - Data Loss (MIXMSE): 0.1688, GD: 1.4342e+09,     RMSE: 0.2674, MAE: 0.1298
----------------------------------------------------------------------
Epoch  44/50 | Train Loss: 0.1586 | Val Loss: 0.1915 | LR: 0.001015
  Train - Data Loss (MIXMSE): 0.1586, GD: 1.4589e+09,     RMSE: 0.2580, MAE: 0.1269
  Val   - Data Loss (MIXMSE): 0.1915, GD: 1.4946e+09,     RMSE: 0.2847, MAE: 0.1314
----------------------------------------------------------------------
Epoch  45/50 | Train Loss: 0.1576 | Val Loss: 0.1518 | LR: 0.001015
  Train - Data Loss (MIXMSE): 0.1576, GD: 1.4695e+09,     RMSE: 0.2570, MAE: 0.1259
  Val   - Data Loss (MIXMSE): 0.1518, GD: 1.4971e+09,     RMSE: 0.2536, MAE: 0.1228
----------------------------------------------------------------------
Epoch  46/50 | Train Loss: 0.1540 | Val Loss: 0.1719 | LR: 0.001015
  Train - Data Loss (MIXMSE): 0.1540, GD: 1.4922e+09,     RMSE: 0.2540, MAE: 0.1242
  Val   - Data Loss (MIXMSE): 0.1719, GD: 1.4857e+09,     RMSE: 0.2700, MAE: 0.1252
----------------------------------------------------------------------
Epoch  47/50 | Train Loss: 0.1571 | Val Loss: 0.1662 | LR: 0.001015
  Train - Data Loss (MIXMSE): 0.1571, GD: 1.5063e+09,     RMSE: 0.2564, MAE: 0.1259
  Val   - Data Loss (MIXMSE): 0.1662, GD: 1.5071e+09,     RMSE: 0.2654, MAE: 0.1310
----------------------------------------------------------------------
Epoch  48/50 | Train Loss: 0.1534 | Val Loss: 0.1663 | LR: 0.001015
  Train - Data Loss (MIXMSE): 0.1534, GD: 1.5281e+09,     RMSE: 0.2536, MAE: 0.1242
  Val   - Data Loss (MIXMSE): 0.1663, GD: 1.4018e+09,     RMSE: 0.2655, MAE: 0.1284
----------------------------------------------------------------------
Epoch  49/50 | Train Loss: 0.1531 | Val Loss: 0.1685 | LR: 0.001015
  Train - Data Loss (MIXMSE): 0.1531, GD: 1.4997e+09,     RMSE: 0.2532, MAE: 0.1247
  Val   - Data Loss (MIXMSE): 0.1685, GD: 1.5617e+09,     RMSE: 0.2672, MAE: 0.1266
----------------------------------------------------------------------
Epoch  50/50 | Train Loss: 0.1508 | Val Loss: 0.1610 | LR: 0.001015
  Train - Data Loss (MIXMSE): 0.1508, GD: 1.5564e+09,     RMSE: 0.2514, MAE: 0.1222
  Val   - Data Loss (MIXMSE): 0.1610, GD: 1.6340e+09,     RMSE: 0.2612, MAE: 0.1220
----------------------------------------------------------------------

Training complete!
Best validation loss: 0.1518 at epoch 45

Evaluating on test set...
Test Loss: 0.1639
Test MIXMSE: 0.1639, GD: 1.6177e+09,     RMSE: 0.2635, MAE: 0.1228