Starting training for 50 epochs...
--- Optuna Trial 43 ---
Device: cuda
Model parameters: 90,035
----------------------------------------------------------------------
Epoch   1/50 | Train Loss: 1.3614 | Val Loss: 1.3025 | LR: 0.002637
  Train - Data Loss (MIXMSE): 1.3183, GD: 2.5137e+01,     RMSE: 0.7445, MAE: 0.3600
  Val   - Data Loss (MIXMSE): 1.3025, GD: 1.0995e+00,     RMSE: 0.7431, MAE: 0.3339
----------------------------------------------------------------------
Epoch   2/50 | Train Loss: 1.2277 | Val Loss: 1.2093 | LR: 0.002637
  Train - Data Loss (MIXMSE): 1.2263, GD: 8.4510e-01,     RMSE: 0.7180, MAE: 0.3424
  Val   - Data Loss (MIXMSE): 1.2093, GD: 1.6269e+00,     RMSE: 0.7161, MAE: 0.3374
----------------------------------------------------------------------
Epoch   3/50 | Train Loss: 1.1350 | Val Loss: 1.0604 | LR: 0.002637
  Train - Data Loss (MIXMSE): 1.1303, GD: 2.7526e+00,     RMSE: 0.6889, MAE: 0.3378
  Val   - Data Loss (MIXMSE): 1.0604, GD: 1.3559e+00,     RMSE: 0.6706, MAE: 0.3407
----------------------------------------------------------------------
Epoch   4/50 | Train Loss: 1.0000 | Val Loss: 0.9733 | LR: 0.002637
  Train - Data Loss (MIXMSE): 0.9956, GD: 2.5679e+00,     RMSE: 0.6469, MAE: 0.3338
  Val   - Data Loss (MIXMSE): 0.9733, GD: 3.1542e+00,     RMSE: 0.6424, MAE: 0.3238
----------------------------------------------------------------------
Epoch   5/50 | Train Loss: 0.9753 | Val Loss: 0.9364 | LR: 0.002637
  Train - Data Loss (MIXMSE): 0.9709, GD: 2.5313e+00,     RMSE: 0.6384, MAE: 0.3265
  Val   - Data Loss (MIXMSE): 0.9364, GD: 2.0770e+00,     RMSE: 0.6301, MAE: 0.3231
----------------------------------------------------------------------
Epoch   6/50 | Train Loss: 0.8703 | Val Loss: 0.8694 | LR: 0.002637
  Train - Data Loss (MIXMSE): 0.8677, GD: 1.5140e+00,     RMSE: 0.6036, MAE: 0.3133
  Val   - Data Loss (MIXMSE): 0.8694, GD: 1.4922e+00,     RMSE: 0.6072, MAE: 0.3195
----------------------------------------------------------------------
Epoch   7/50 | Train Loss: 0.8223 | Val Loss: 0.8388 | LR: 0.002637
  Train - Data Loss (MIXMSE): 0.8206, GD: 1.0272e+00,     RMSE: 0.5872, MAE: 0.3056
  Val   - Data Loss (MIXMSE): 0.8388, GD: 1.1412e+00,     RMSE: 0.5964, MAE: 0.3010
----------------------------------------------------------------------
Epoch   8/50 | Train Loss: 0.8045 | Val Loss: 0.8210 | LR: 0.002637
  Train - Data Loss (MIXMSE): 0.8025, GD: 1.1573e+00,     RMSE: 0.5805, MAE: 0.3010
  Val   - Data Loss (MIXMSE): 0.8210, GD: 8.5780e-01,     RMSE: 0.5900, MAE: 0.2974
----------------------------------------------------------------------
Epoch   9/50 | Train Loss: 0.7936 | Val Loss: 0.8112 | LR: 0.002637
  Train - Data Loss (MIXMSE): 0.7916, GD: 1.1621e+00,     RMSE: 0.5764, MAE: 0.2981
  Val   - Data Loss (MIXMSE): 0.8112, GD: 1.1248e+00,     RMSE: 0.5865, MAE: 0.2993
----------------------------------------------------------------------
Epoch  10/50 | Train Loss: 0.7866 | Val Loss: 0.8086 | LR: 0.002637
  Train - Data Loss (MIXMSE): 0.7844, GD: 1.3125e+00,     RMSE: 0.5739, MAE: 0.2962
  Val   - Data Loss (MIXMSE): 0.8086, GD: 1.1268e+00,     RMSE: 0.5855, MAE: 0.2916
----------------------------------------------------------------------
Epoch  11/50 | Train Loss: 0.7797 | Val Loss: 0.7888 | LR: 0.002637
  Train - Data Loss (MIXMSE): 0.7773, GD: 1.3912e+00,     RMSE: 0.5709, MAE: 0.2949
  Val   - Data Loss (MIXMSE): 0.7888, GD: 7.4419e-01,     RMSE: 0.5783, MAE: 0.2897
----------------------------------------------------------------------
Epoch  12/50 | Train Loss: 0.7743 | Val Loss: 0.7936 | LR: 0.002637
  Train - Data Loss (MIXMSE): 0.7716, GD: 1.5650e+00,     RMSE: 0.5689, MAE: 0.2935
  Val   - Data Loss (MIXMSE): 0.7936, GD: 1.4432e+00,     RMSE: 0.5801, MAE: 0.2963
----------------------------------------------------------------------
Epoch  13/50 | Train Loss: 0.7688 | Val Loss: 0.7898 | LR: 0.002637
  Train - Data Loss (MIXMSE): 0.7662, GD: 1.4964e+00,     RMSE: 0.5670, MAE: 0.2923
  Val   - Data Loss (MIXMSE): 0.7898, GD: 8.7662e-01,     RMSE: 0.5787, MAE: 0.2954
----------------------------------------------------------------------
Epoch  14/50 | Train Loss: 0.7652 | Val Loss: 0.7927 | LR: 0.002637
  Train - Data Loss (MIXMSE): 0.7617, GD: 2.0465e+00,     RMSE: 0.5652, MAE: 0.2914
  Val   - Data Loss (MIXMSE): 0.7927, GD: 1.7785e+00,     RMSE: 0.5798, MAE: 0.2989
----------------------------------------------------------------------
Epoch  15/50 | Train Loss: 0.7593 | Val Loss: 0.7735 | LR: 0.002637
  Train - Data Loss (MIXMSE): 0.7543, GD: 2.9442e+00,     RMSE: 0.5624, MAE: 0.2895
  Val   - Data Loss (MIXMSE): 0.7735, GD: 2.3521e+00,     RMSE: 0.5727, MAE: 0.2841
----------------------------------------------------------------------
Epoch  16/50 | Train Loss: 0.7526 | Val Loss: 0.7658 | LR: 0.002637
  Train - Data Loss (MIXMSE): 0.7447, GD: 4.5793e+00,     RMSE: 0.5591, MAE: 0.2874
  Val   - Data Loss (MIXMSE): 0.7658, GD: 5.6799e+00,     RMSE: 0.5699, MAE: 0.2831
----------------------------------------------------------------------
Epoch  17/50 | Train Loss: 0.7384 | Val Loss: 0.7421 | LR: 0.002637
  Train - Data Loss (MIXMSE): 0.7275, GD: 6.3990e+00,     RMSE: 0.5524, MAE: 0.2831
  Val   - Data Loss (MIXMSE): 0.7421, GD: 2.0110e+00,     RMSE: 0.5610, MAE: 0.2760
----------------------------------------------------------------------
Epoch  18/50 | Train Loss: 0.7119 | Val Loss: 0.6924 | LR: 0.002637
  Train - Data Loss (MIXMSE): 0.6972, GD: 8.5716e+00,     RMSE: 0.5405, MAE: 0.2758
  Val   - Data Loss (MIXMSE): 0.6924, GD: 1.2284e+01,     RMSE: 0.5419, MAE: 0.2703
----------------------------------------------------------------------
Epoch  19/50 | Train Loss: 0.6763 | Val Loss: 0.6626 | LR: 0.002637
  Train - Data Loss (MIXMSE): 0.6598, GD: 9.5972e+00,     RMSE: 0.5261, MAE: 0.2662
  Val   - Data Loss (MIXMSE): 0.6626, GD: 6.7125e+00,     RMSE: 0.5301, MAE: 0.2599
----------------------------------------------------------------------
Epoch  20/50 | Train Loss: 0.6273 | Val Loss: 0.6027 | LR: 0.002637
  Train - Data Loss (MIXMSE): 0.6125, GD: 8.6924e+00,     RMSE: 0.5067, MAE: 0.2540
  Val   - Data Loss (MIXMSE): 0.6027, GD: 4.5209e+00,     RMSE: 0.5056, MAE: 0.2431
----------------------------------------------------------------------
Epoch  21/50 | Train Loss: 0.5824 | Val Loss: 0.5653 | LR: 0.002637
  Train - Data Loss (MIXMSE): 0.5703, GD: 7.0310e+00,     RMSE: 0.4887, MAE: 0.2444
  Val   - Data Loss (MIXMSE): 0.5653, GD: 7.4750e+00,     RMSE: 0.4896, MAE: 0.2347
----------------------------------------------------------------------
Epoch  22/50 | Train Loss: 0.5488 | Val Loss: 0.5453 | LR: 0.002637
  Train - Data Loss (MIXMSE): 0.5398, GD: 5.2857e+00,     RMSE: 0.4755, MAE: 0.2383
  Val   - Data Loss (MIXMSE): 0.5453, GD: 1.5891e+01,     RMSE: 0.4808, MAE: 0.2308
----------------------------------------------------------------------
Epoch  23/50 | Train Loss: 0.5275 | Val Loss: 0.5344 | LR: 0.002637
  Train - Data Loss (MIXMSE): 0.5190, GD: 4.9469e+00,     RMSE: 0.4664, MAE: 0.2342
  Val   - Data Loss (MIXMSE): 0.5344, GD: 3.6266e+00,     RMSE: 0.4761, MAE: 0.2343
----------------------------------------------------------------------
Epoch  24/50 | Train Loss: 0.5121 | Val Loss: 0.5070 | LR: 0.002637
  Train - Data Loss (MIXMSE): 0.5048, GD: 4.2735e+00,     RMSE: 0.4597, MAE: 0.2318
  Val   - Data Loss (MIXMSE): 0.5070, GD: 6.0868e+00,     RMSE: 0.4636, MAE: 0.2256
----------------------------------------------------------------------
Epoch  25/50 | Train Loss: 0.4967 | Val Loss: 0.4825 | LR: 0.002637
  Train - Data Loss (MIXMSE): 0.4922, GD: 2.6130e+00,     RMSE: 0.4538, MAE: 0.2298
  Val   - Data Loss (MIXMSE): 0.4825, GD: 1.9203e+00,     RMSE: 0.4523, MAE: 0.2223
----------------------------------------------------------------------
Epoch  26/50 | Train Loss: 0.4787 | Val Loss: 0.4854 | LR: 0.002637
  Train - Data Loss (MIXMSE): 0.4755, GD: 1.8816e+00,     RMSE: 0.4460, MAE: 0.2259
  Val   - Data Loss (MIXMSE): 0.4854, GD: 1.2585e+00,     RMSE: 0.4536, MAE: 0.2235
----------------------------------------------------------------------
Epoch  27/50 | Train Loss: 0.4727 | Val Loss: 0.4687 | LR: 0.002637
  Train - Data Loss (MIXMSE): 0.4700, GD: 1.6114e+00,     RMSE: 0.4436, MAE: 0.2245
  Val   - Data Loss (MIXMSE): 0.4687, GD: 1.3271e+00,     RMSE: 0.4457, MAE: 0.2226
----------------------------------------------------------------------
Epoch  28/50 | Train Loss: 0.4658 | Val Loss: 0.4773 | LR: 0.002637
  Train - Data Loss (MIXMSE): 0.4619, GD: 2.2975e+00,     RMSE: 0.4398, MAE: 0.2230
  Val   - Data Loss (MIXMSE): 0.4773, GD: 1.0918e+00,     RMSE: 0.4498, MAE: 0.2215
----------------------------------------------------------------------
Epoch  29/50 | Train Loss: 0.4594 | Val Loss: 0.4987 | LR: 0.002637
  Train - Data Loss (MIXMSE): 0.4556, GD: 2.1884e+00,     RMSE: 0.4369, MAE: 0.2215
  Val   - Data Loss (MIXMSE): 0.4987, GD: 2.0970e+00,     RMSE: 0.4597, MAE: 0.2235
----------------------------------------------------------------------
Epoch  30/50 | Train Loss: 0.4476 | Val Loss: 0.4538 | LR: 0.002637
  Train - Data Loss (MIXMSE): 0.4454, GD: 1.2619e+00,     RMSE: 0.4320, MAE: 0.2184
  Val   - Data Loss (MIXMSE): 0.4538, GD: 8.0927e-01,     RMSE: 0.4386, MAE: 0.2195
----------------------------------------------------------------------
Epoch  31/50 | Train Loss: 0.4379 | Val Loss: 0.4477 | LR: 0.002637
  Train - Data Loss (MIXMSE): 0.4357, GD: 1.2896e+00,     RMSE: 0.4268, MAE: 0.2164
  Val   - Data Loss (MIXMSE): 0.4477, GD: 1.0574e+00,     RMSE: 0.4355, MAE: 0.2183
----------------------------------------------------------------------
Epoch  32/50 | Train Loss: 0.4299 | Val Loss: 0.4603 | LR: 0.002637
  Train - Data Loss (MIXMSE): 0.4281, GD: 1.0807e+00,     RMSE: 0.4228, MAE: 0.2140
  Val   - Data Loss (MIXMSE): 0.4603, GD: 9.7531e-01,     RMSE: 0.4415, MAE: 0.2163
----------------------------------------------------------------------
Epoch  33/50 | Train Loss: 0.4284 | Val Loss: 0.4372 | LR: 0.002637
  Train - Data Loss (MIXMSE): 0.4260, GD: 1.3853e+00,     RMSE: 0.4222, MAE: 0.2135
  Val   - Data Loss (MIXMSE): 0.4372, GD: 1.0043e+00,     RMSE: 0.4304, MAE: 0.2125
----------------------------------------------------------------------
Epoch  34/50 | Train Loss: 0.4253 | Val Loss: 0.4520 | LR: 0.002637
  Train - Data Loss (MIXMSE): 0.4223, GD: 1.7346e+00,     RMSE: 0.4201, MAE: 0.2130
  Val   - Data Loss (MIXMSE): 0.4520, GD: 1.2635e+00,     RMSE: 0.4375, MAE: 0.2168
----------------------------------------------------------------------
Epoch  35/50 | Train Loss: 0.4153 | Val Loss: 0.4289 | LR: 0.002637
  Train - Data Loss (MIXMSE): 0.4129, GD: 1.3880e+00,     RMSE: 0.4159, MAE: 0.2105
  Val   - Data Loss (MIXMSE): 0.4289, GD: 2.7630e+00,     RMSE: 0.4263, MAE: 0.2131
----------------------------------------------------------------------
Epoch  36/50 | Train Loss: 0.4123 | Val Loss: 0.4395 | LR: 0.002637
  Train - Data Loss (MIXMSE): 0.4093, GD: 1.7412e+00,     RMSE: 0.4134, MAE: 0.2091
  Val   - Data Loss (MIXMSE): 0.4395, GD: 3.0579e+00,     RMSE: 0.4314, MAE: 0.2150
----------------------------------------------------------------------
Epoch  37/50 | Train Loss: 0.4096 | Val Loss: 0.4110 | LR: 0.002637
  Train - Data Loss (MIXMSE): 0.4059, GD: 2.1694e+00,     RMSE: 0.4117, MAE: 0.2089
  Val   - Data Loss (MIXMSE): 0.4110, GD: 2.0122e+00,     RMSE: 0.4173, MAE: 0.2034
----------------------------------------------------------------------
Epoch  38/50 | Train Loss: 0.4007 | Val Loss: 0.4097 | LR: 0.002637
  Train - Data Loss (MIXMSE): 0.3960, GD: 2.7694e+00,     RMSE: 0.4073, MAE: 0.2061
  Val   - Data Loss (MIXMSE): 0.4097, GD: 1.9198e+00,     RMSE: 0.4168, MAE: 0.2083
----------------------------------------------------------------------
Epoch  39/50 | Train Loss: 0.3783 | Val Loss: 0.3689 | LR: 0.002637
  Train - Data Loss (MIXMSE): 0.3672, GD: 6.4410e+00,     RMSE: 0.3919, MAE: 0.2017
  Val   - Data Loss (MIXMSE): 0.3689, GD: 5.4118e+00,     RMSE: 0.3953, MAE: 0.2071
----------------------------------------------------------------------
Epoch  40/50 | Train Loss: 0.3248 | Val Loss: 0.3214 | LR: 0.002637
  Train - Data Loss (MIXMSE): 0.3179, GD: 4.0115e+00,     RMSE: 0.3648, MAE: 0.1926
  Val   - Data Loss (MIXMSE): 0.3214, GD: 1.9025e+00,     RMSE: 0.3691, MAE: 0.1852
----------------------------------------------------------------------
Epoch  41/50 | Train Loss: 0.2982 | Val Loss: 0.2792 | LR: 0.002637
  Train - Data Loss (MIXMSE): 0.2920, GD: 3.6218e+00,     RMSE: 0.3495, MAE: 0.1852
  Val   - Data Loss (MIXMSE): 0.2792, GD: 1.0309e+00,     RMSE: 0.3441, MAE: 0.1757
----------------------------------------------------------------------
Epoch  42/50 | Train Loss: 0.2790 | Val Loss: 0.2793 | LR: 0.002637
  Train - Data Loss (MIXMSE): 0.2745, GD: 2.6236e+00,     RMSE: 0.3388, MAE: 0.1796
  Val   - Data Loss (MIXMSE): 0.2793, GD: 5.1278e+00,     RMSE: 0.3442, MAE: 0.1758
----------------------------------------------------------------------
Epoch  43/50 | Train Loss: 0.2723 | Val Loss: 0.2804 | LR: 0.002637
  Train - Data Loss (MIXMSE): 0.2670, GD: 3.1210e+00,     RMSE: 0.3343, MAE: 0.1774
  Val   - Data Loss (MIXMSE): 0.2804, GD: 5.2154e+00,     RMSE: 0.3447, MAE: 0.1747
----------------------------------------------------------------------
Epoch  44/50 | Train Loss: 0.2623 | Val Loss: 0.2810 | LR: 0.002637
  Train - Data Loss (MIXMSE): 0.2574, GD: 2.8165e+00,     RMSE: 0.3285, MAE: 0.1746
  Val   - Data Loss (MIXMSE): 0.2810, GD: 1.5484e+00,     RMSE: 0.3452, MAE: 0.1744
----------------------------------------------------------------------
Epoch  45/50 | Train Loss: 0.2556 | Val Loss: 0.2764 | LR: 0.002637
  Train - Data Loss (MIXMSE): 0.2512, GD: 2.5882e+00,     RMSE: 0.3242, MAE: 0.1726
  Val   - Data Loss (MIXMSE): 0.2764, GD: 2.8903e+00,     RMSE: 0.3423, MAE: 0.1724
----------------------------------------------------------------------
Epoch  46/50 | Train Loss: 0.2500 | Val Loss: 0.2688 | LR: 0.002637
  Train - Data Loss (MIXMSE): 0.2452, GD: 2.8051e+00,     RMSE: 0.3204, MAE: 0.1697
  Val   - Data Loss (MIXMSE): 0.2688, GD: 1.0684e+00,     RMSE: 0.3375, MAE: 0.1731
----------------------------------------------------------------------
Epoch  47/50 | Train Loss: 0.2483 | Val Loss: 0.2625 | LR: 0.002637
  Train - Data Loss (MIXMSE): 0.2428, GD: 3.2449e+00,     RMSE: 0.3191, MAE: 0.1700
  Val   - Data Loss (MIXMSE): 0.2625, GD: 1.5596e+00,     RMSE: 0.3337, MAE: 0.1726
----------------------------------------------------------------------
Epoch  48/50 | Train Loss: 0.2415 | Val Loss: 0.2633 | LR: 0.002637
  Train - Data Loss (MIXMSE): 0.2373, GD: 2.4515e+00,     RMSE: 0.3150, MAE: 0.1668
  Val   - Data Loss (MIXMSE): 0.2633, GD: 1.2330e+00,     RMSE: 0.3341, MAE: 0.1875
----------------------------------------------------------------------
Epoch  49/50 | Train Loss: 0.2404 | Val Loss: 0.2416 | LR: 0.002637
  Train - Data Loss (MIXMSE): 0.2354, GD: 2.9328e+00,     RMSE: 0.3141, MAE: 0.1673
  Val   - Data Loss (MIXMSE): 0.2416, GD: 3.8599e+00,     RMSE: 0.3201, MAE: 0.1607
----------------------------------------------------------------------
Epoch  50/50 | Train Loss: 0.2264 | Val Loss: 0.2275 | LR: 0.002637
  Train - Data Loss (MIXMSE): 0.2235, GD: 1.6461e+00,     RMSE: 0.3064, MAE: 0.1614
  Val   - Data Loss (MIXMSE): 0.2275, GD: 1.1843e+00,     RMSE: 0.3105, MAE: 0.1555
----------------------------------------------------------------------

Training complete!
Best validation loss: 0.2275 at epoch 50

Evaluating on test set...
Test Loss: 0.2198
Test MIXMSE: 0.2198, GD: 1.1545e+00,     RMSE: 0.3052, MAE: 0.1545