Starting training for 50 epochs...
--- Optuna Trial 57 ---
Device: cuda
Model parameters: 87,923
----------------------------------------------------------------------
Epoch   1/50 | Train Loss: 1.3903 | Val Loss: 1.2962 | LR: 0.003213
  Train - Data Loss (MIXMSE): 1.3174, GD: 5.5612e+01,     RMSE: 0.7441, MAE: 0.3599
  Val   - Data Loss (MIXMSE): 1.2962, GD: 1.2115e+00,     RMSE: 0.7413, MAE: 0.3456
----------------------------------------------------------------------
Epoch   2/50 | Train Loss: 1.2522 | Val Loss: 1.2360 | LR: 0.003213
  Train - Data Loss (MIXMSE): 1.2499, GD: 1.7743e+00,     RMSE: 0.7245, MAE: 0.3476
  Val   - Data Loss (MIXMSE): 1.2360, GD: 1.2624e+00,     RMSE: 0.7239, MAE: 0.3514
----------------------------------------------------------------------
Epoch   3/50 | Train Loss: 1.1583 | Val Loss: 1.1059 | LR: 0.003213
  Train - Data Loss (MIXMSE): 1.1554, GD: 2.2120e+00,     RMSE: 0.6970, MAE: 0.3410
  Val   - Data Loss (MIXMSE): 1.1059, GD: 2.4553e+00,     RMSE: 0.6848, MAE: 0.3484
----------------------------------------------------------------------
Epoch   4/50 | Train Loss: 1.0448 | Val Loss: 1.0278 | LR: 0.003213
  Train - Data Loss (MIXMSE): 1.0424, GD: 1.7653e+00,     RMSE: 0.6618, MAE: 0.3368
  Val   - Data Loss (MIXMSE): 1.0278, GD: 2.0942e+00,     RMSE: 0.6601, MAE: 0.3522
----------------------------------------------------------------------
Epoch   5/50 | Train Loss: 0.9689 | Val Loss: 0.9652 | LR: 0.003213
  Train - Data Loss (MIXMSE): 0.9666, GD: 1.7762e+00,     RMSE: 0.6371, MAE: 0.3294
  Val   - Data Loss (MIXMSE): 0.9652, GD: 8.5728e-01,     RMSE: 0.6398, MAE: 0.3178
----------------------------------------------------------------------
Epoch   6/50 | Train Loss: 0.9231 | Val Loss: 0.8869 | LR: 0.003213
  Train - Data Loss (MIXMSE): 0.9216, GD: 1.1313e+00,     RMSE: 0.6222, MAE: 0.3218
  Val   - Data Loss (MIXMSE): 0.8869, GD: 9.9601e-01,     RMSE: 0.6133, MAE: 0.3137
----------------------------------------------------------------------
Epoch   7/50 | Train Loss: 0.8579 | Val Loss: 0.8874 | LR: 0.003213
  Train - Data Loss (MIXMSE): 0.8568, GD: 8.5210e-01,     RMSE: 0.5995, MAE: 0.3138
  Val   - Data Loss (MIXMSE): 0.8874, GD: 5.8669e-01,     RMSE: 0.6134, MAE: 0.3150
----------------------------------------------------------------------
Epoch   8/50 | Train Loss: 0.8319 | Val Loss: 0.8385 | LR: 0.003213
  Train - Data Loss (MIXMSE): 0.8311, GD: 6.3633e-01,     RMSE: 0.5907, MAE: 0.3092
  Val   - Data Loss (MIXMSE): 0.8385, GD: 5.8260e-01,     RMSE: 0.5963, MAE: 0.3068
----------------------------------------------------------------------
Epoch   9/50 | Train Loss: 0.8183 | Val Loss: 0.8325 | LR: 0.003213
  Train - Data Loss (MIXMSE): 0.8175, GD: 5.7192e-01,     RMSE: 0.5856, MAE: 0.3062
  Val   - Data Loss (MIXMSE): 0.8325, GD: 5.5210e-01,     RMSE: 0.5941, MAE: 0.3063
----------------------------------------------------------------------
Epoch  10/50 | Train Loss: 0.8063 | Val Loss: 0.8252 | LR: 0.003213
  Train - Data Loss (MIXMSE): 0.8057, GD: 4.8555e-01,     RMSE: 0.5812, MAE: 0.3039
  Val   - Data Loss (MIXMSE): 0.8252, GD: 3.9562e-01,     RMSE: 0.5915, MAE: 0.3018
----------------------------------------------------------------------
Epoch  11/50 | Train Loss: 0.7995 | Val Loss: 0.8129 | LR: 0.003213
  Train - Data Loss (MIXMSE): 0.7990, GD: 3.5478e-01,     RMSE: 0.5791, MAE: 0.3023
  Val   - Data Loss (MIXMSE): 0.8129, GD: 2.7776e-01,     RMSE: 0.5870, MAE: 0.2988
----------------------------------------------------------------------
Epoch  12/50 | Train Loss: 0.8062 | Val Loss: 0.8205 | LR: 0.003213
  Train - Data Loss (MIXMSE): 0.8059, GD: 2.5437e-01,     RMSE: 0.5815, MAE: 0.3026
  Val   - Data Loss (MIXMSE): 0.8205, GD: 2.3211e-01,     RMSE: 0.5898, MAE: 0.2980
----------------------------------------------------------------------
Epoch  13/50 | Train Loss: 0.7939 | Val Loss: 0.8086 | LR: 0.003213
  Train - Data Loss (MIXMSE): 0.7936, GD: 1.9247e-01,     RMSE: 0.5771, MAE: 0.3003
  Val   - Data Loss (MIXMSE): 0.8086, GD: 1.3970e-01,     RMSE: 0.5855, MAE: 0.2962
----------------------------------------------------------------------
Epoch  14/50 | Train Loss: 0.7834 | Val Loss: 0.8011 | LR: 0.003213
  Train - Data Loss (MIXMSE): 0.7832, GD: 1.2907e-01,     RMSE: 0.5731, MAE: 0.2975
  Val   - Data Loss (MIXMSE): 0.8011, GD: 1.3036e-01,     RMSE: 0.5828, MAE: 0.2938
----------------------------------------------------------------------
Epoch  15/50 | Train Loss: 0.7753 | Val Loss: 0.8018 | LR: 0.003213
  Train - Data Loss (MIXMSE): 0.7752, GD: 8.6417e-02,     RMSE: 0.5705, MAE: 0.2957
  Val   - Data Loss (MIXMSE): 0.8018, GD: 6.5068e-02,     RMSE: 0.5831, MAE: 0.2969
----------------------------------------------------------------------
Epoch  16/50 | Train Loss: 0.7691 | Val Loss: 0.8107 | LR: 0.003213
  Train - Data Loss (MIXMSE): 0.7690, GD: 6.4218e-02,     RMSE: 0.5682, MAE: 0.2941
  Val   - Data Loss (MIXMSE): 0.8107, GD: 6.2595e-02,     RMSE: 0.5863, MAE: 0.2946
----------------------------------------------------------------------
Epoch  17/50 | Train Loss: 0.7686 | Val Loss: 0.7871 | LR: 0.003213
  Train - Data Loss (MIXMSE): 0.7686, GD: 5.6079e-02,     RMSE: 0.5684, MAE: 0.2941
  Val   - Data Loss (MIXMSE): 0.7871, GD: 5.1490e-02,     RMSE: 0.5777, MAE: 0.2881
----------------------------------------------------------------------
Epoch  18/50 | Train Loss: 0.7628 | Val Loss: 0.7894 | LR: 0.003213
  Train - Data Loss (MIXMSE): 0.7627, GD: 4.2426e-02,     RMSE: 0.5660, MAE: 0.2925
  Val   - Data Loss (MIXMSE): 0.7894, GD: 4.4605e-02,     RMSE: 0.5786, MAE: 0.2977
----------------------------------------------------------------------
Epoch  19/50 | Train Loss: 0.7644 | Val Loss: 0.7897 | LR: 0.003213
  Train - Data Loss (MIXMSE): 0.7643, GD: 3.6245e-02,     RMSE: 0.5664, MAE: 0.2929
  Val   - Data Loss (MIXMSE): 0.7897, GD: 2.7329e-02,     RMSE: 0.5786, MAE: 0.2844
----------------------------------------------------------------------
Epoch  20/50 | Train Loss: 0.7639 | Val Loss: 0.7871 | LR: 0.003213
  Train - Data Loss (MIXMSE): 0.7638, GD: 3.0595e-02,     RMSE: 0.5661, MAE: 0.2926
  Val   - Data Loss (MIXMSE): 0.7871, GD: 3.2538e-02,     RMSE: 0.5777, MAE: 0.2922
----------------------------------------------------------------------
Epoch  21/50 | Train Loss: 0.7606 | Val Loss: 0.7825 | LR: 0.003213
  Train - Data Loss (MIXMSE): 0.7606, GD: 2.3143e-02,     RMSE: 0.5652, MAE: 0.2920
  Val   - Data Loss (MIXMSE): 0.7825, GD: 1.8723e-02,     RMSE: 0.5760, MAE: 0.2877
----------------------------------------------------------------------
Epoch  22/50 | Train Loss: 0.7577 | Val Loss: 0.7876 | LR: 0.003213
  Train - Data Loss (MIXMSE): 0.7577, GD: 1.9264e-02,     RMSE: 0.5643, MAE: 0.2915
  Val   - Data Loss (MIXMSE): 0.7876, GD: 1.7742e-02,     RMSE: 0.5779, MAE: 0.2848
----------------------------------------------------------------------
Epoch  23/50 | Train Loss: 0.7590 | Val Loss: 0.7731 | LR: 0.003213
  Train - Data Loss (MIXMSE): 0.7590, GD: 1.5598e-02,     RMSE: 0.5644, MAE: 0.2917
  Val   - Data Loss (MIXMSE): 0.7731, GD: 1.5832e-02,     RMSE: 0.5725, MAE: 0.2912
----------------------------------------------------------------------
Epoch  24/50 | Train Loss: 0.7550 | Val Loss: 0.7802 | LR: 0.003213
  Train - Data Loss (MIXMSE): 0.7550, GD: 1.3816e-02,     RMSE: 0.5628, MAE: 0.2904
  Val   - Data Loss (MIXMSE): 0.7802, GD: 1.5070e-02,     RMSE: 0.5752, MAE: 0.2910
----------------------------------------------------------------------
Epoch  25/50 | Train Loss: 0.7511 | Val Loss: 0.7834 | LR: 0.003213
  Train - Data Loss (MIXMSE): 0.7510, GD: 1.1808e-02,     RMSE: 0.5618, MAE: 0.2896
  Val   - Data Loss (MIXMSE): 0.7834, GD: 1.1281e-02,     RMSE: 0.5763, MAE: 0.3017
----------------------------------------------------------------------
Epoch  26/50 | Train Loss: 0.7500 | Val Loss: 0.7756 | LR: 0.003213
  Train - Data Loss (MIXMSE): 0.7500, GD: 1.0480e-02,     RMSE: 0.5611, MAE: 0.2892
  Val   - Data Loss (MIXMSE): 0.7756, GD: 1.2398e-02,     RMSE: 0.5734, MAE: 0.2939
----------------------------------------------------------------------
Epoch  27/50 | Train Loss: 0.7509 | Val Loss: 0.7898 | LR: 0.003213
  Train - Data Loss (MIXMSE): 0.7509, GD: 1.2423e-02,     RMSE: 0.5616, MAE: 0.2899
  Val   - Data Loss (MIXMSE): 0.7898, GD: 8.2653e-03,     RMSE: 0.5787, MAE: 0.2847
----------------------------------------------------------------------

--- TRIAL PRUNED AT EPOCH 27 ---