Starting training for 50 epochs...
--- Optuna Trial 2 ---
Device: cuda
Model parameters: 27,363
----------------------------------------------------------------------
Epoch   1/50 | Train Loss: 118.9479 | Val Loss: 1.3577 | LR: 0.003096
  Train - Data Loss (MIXMSE): 1.3351, GD: 1.7376e+02,     RMSE: 0.7495, MAE: 0.3635
  Val   - Data Loss (MIXMSE): 1.3577, GD: 3.7919e-02,     RMSE: 0.7587, MAE: 0.3712
----------------------------------------------------------------------
Epoch   2/50 | Train Loss: 1.3577 | Val Loss: 1.3566 | LR: 0.003096
  Train - Data Loss (MIXMSE): 1.3340, GD: 3.5032e-02,     RMSE: 0.7490, MAE: 0.3631
  Val   - Data Loss (MIXMSE): 1.3566, GD: 2.5787e-02,     RMSE: 0.7584, MAE: 0.3634
----------------------------------------------------------------------
Epoch   3/50 | Train Loss: 1.3403 | Val Loss: 1.3569 | LR: 0.003096
  Train - Data Loss (MIXMSE): 1.3340, GD: 9.3379e-03,     RMSE: 0.7492, MAE: 0.3633
  Val   - Data Loss (MIXMSE): 1.3569, GD: 2.3961e-03,     RMSE: 0.7584, MAE: 0.3604
----------------------------------------------------------------------
Epoch   4/50 | Train Loss: 1.3356 | Val Loss: 1.3584 | LR: 0.003096
  Train - Data Loss (MIXMSE): 1.3344, GD: 1.8518e-03,     RMSE: 0.7491, MAE: 0.3631
  Val   - Data Loss (MIXMSE): 1.3584, GD: 1.8330e-03,     RMSE: 0.7589, MAE: 0.3537
----------------------------------------------------------------------
Epoch   5/50 | Train Loss: 1.3345 | Val Loss: 1.3568 | LR: 0.003096
  Train - Data Loss (MIXMSE): 1.3335, GD: 1.4007e-03,     RMSE: 0.7490, MAE: 0.3629
  Val   - Data Loss (MIXMSE): 1.3568, GD: 1.7507e-03,     RMSE: 0.7584, MAE: 0.3572
----------------------------------------------------------------------
Epoch   6/50 | Train Loss: 1.3350 | Val Loss: 1.3569 | LR: 0.003096
  Train - Data Loss (MIXMSE): 1.3337, GD: 1.9379e-03,     RMSE: 0.7491, MAE: 0.3625
  Val   - Data Loss (MIXMSE): 1.3569, GD: 4.7755e-04,     RMSE: 0.7585, MAE: 0.3723
----------------------------------------------------------------------
Epoch   7/50 | Train Loss: 1.3353 | Val Loss: 1.3554 | LR: 0.003096
  Train - Data Loss (MIXMSE): 1.3328, GD: 3.6479e-03,     RMSE: 0.7487, MAE: 0.3624
  Val   - Data Loss (MIXMSE): 1.3554, GD: 1.2599e-02,     RMSE: 0.7580, MAE: 0.3653
----------------------------------------------------------------------
Epoch   8/50 | Train Loss: 1.3364 | Val Loss: 1.3549 | LR: 0.003096
  Train - Data Loss (MIXMSE): 1.3325, GD: 5.7729e-03,     RMSE: 0.7486, MAE: 0.3621
  Val   - Data Loss (MIXMSE): 1.3549, GD: 1.7984e-03,     RMSE: 0.7579, MAE: 0.3662
----------------------------------------------------------------------
Epoch   9/50 | Train Loss: 1.3355 | Val Loss: 1.3545 | LR: 0.003096
  Train - Data Loss (MIXMSE): 1.3319, GD: 5.2219e-03,     RMSE: 0.7486, MAE: 0.3618
  Val   - Data Loss (MIXMSE): 1.3545, GD: 2.0857e-03,     RMSE: 0.7578, MAE: 0.3575
----------------------------------------------------------------------
Epoch  10/50 | Train Loss: 1.3411 | Val Loss: 1.3533 | LR: 0.003096
  Train - Data Loss (MIXMSE): 1.3321, GD: 1.3337e-02,     RMSE: 0.7486, MAE: 0.3617
  Val   - Data Loss (MIXMSE): 1.3533, GD: 1.2656e-02,     RMSE: 0.7575, MAE: 0.3585
----------------------------------------------------------------------
Epoch  11/50 | Train Loss: 1.3462 | Val Loss: 1.3517 | LR: 0.003096
  Train - Data Loss (MIXMSE): 1.3299, GD: 2.4120e-02,     RMSE: 0.7480, MAE: 0.3607
  Val   - Data Loss (MIXMSE): 1.3517, GD: 6.9125e-03,     RMSE: 0.7570, MAE: 0.3598
----------------------------------------------------------------------
Epoch  12/50 | Train Loss: 1.3420 | Val Loss: 1.3498 | LR: 0.003096
  Train - Data Loss (MIXMSE): 1.3282, GD: 2.0406e-02,     RMSE: 0.7473, MAE: 0.3603
  Val   - Data Loss (MIXMSE): 1.3498, GD: 2.9669e-03,     RMSE: 0.7565, MAE: 0.3609
----------------------------------------------------------------------
Epoch  13/50 | Train Loss: 1.3662 | Val Loss: 1.3520 | LR: 0.003096
  Train - Data Loss (MIXMSE): 1.3257, GD: 5.9878e-02,     RMSE: 0.7465, MAE: 0.3593
  Val   - Data Loss (MIXMSE): 1.3520, GD: 3.7147e-03,     RMSE: 0.7571, MAE: 0.3455
----------------------------------------------------------------------
Epoch  14/50 | Train Loss: 1.3776 | Val Loss: 1.3417 | LR: 0.003096
  Train - Data Loss (MIXMSE): 1.3217, GD: 8.2527e-02,     RMSE: 0.7454, MAE: 0.3582
  Val   - Data Loss (MIXMSE): 1.3417, GD: 1.1254e+00,     RMSE: 0.7542, MAE: 0.3480
----------------------------------------------------------------------
Epoch  15/50 | Train Loss: 1.4790 | Val Loss: 1.3282 | LR: 0.003096
  Train - Data Loss (MIXMSE): 1.3121, GD: 2.4662e-01,     RMSE: 0.7427, MAE: 0.3559
  Val   - Data Loss (MIXMSE): 1.3282, GD: 8.8555e-03,     RMSE: 0.7504, MAE: 0.3493
----------------------------------------------------------------------
Epoch  16/50 | Train Loss: 2.3547 | Val Loss: 1.3576 | LR: 0.003096
  Train - Data Loss (MIXMSE): 1.3286, GD: 1.5159e+00,     RMSE: 0.7471, MAE: 0.3637
  Val   - Data Loss (MIXMSE): 1.3576, GD: 4.8654e-04,     RMSE: 0.7586, MAE: 0.3582
----------------------------------------------------------------------
Epoch  17/50 | Train Loss: 1.3337 | Val Loss: 1.3558 | LR: 0.003096
  Train - Data Loss (MIXMSE): 1.3335, GD: 2.8374e-04,     RMSE: 0.7489, MAE: 0.3635
  Val   - Data Loss (MIXMSE): 1.3558, GD: 2.0005e-04,     RMSE: 0.7581, MAE: 0.3613
----------------------------------------------------------------------
Epoch  18/50 | Train Loss: 1.3321 | Val Loss: 1.3536 | LR: 0.003096
  Train - Data Loss (MIXMSE): 1.3319, GD: 1.7352e-04,     RMSE: 0.7486, MAE: 0.3630
  Val   - Data Loss (MIXMSE): 1.3536, GD: 2.1163e-04,     RMSE: 0.7575, MAE: 0.3733
----------------------------------------------------------------------
Epoch  19/50 | Train Loss: 1.3235 | Val Loss: 1.3365 | LR: 0.003096
  Train - Data Loss (MIXMSE): 1.3233, GD: 2.9302e-04,     RMSE: 0.7461, MAE: 0.3614
  Val   - Data Loss (MIXMSE): 1.3365, GD: 4.2444e-04,     RMSE: 0.7527, MAE: 0.3648
----------------------------------------------------------------------
Epoch  20/50 | Train Loss: 1.3111 | Val Loss: 1.3280 | LR: 0.003096
  Train - Data Loss (MIXMSE): 1.3109, GD: 3.2590e-04,     RMSE: 0.7424, MAE: 0.3586
  Val   - Data Loss (MIXMSE): 1.3280, GD: 2.6823e-04,     RMSE: 0.7504, MAE: 0.3546
----------------------------------------------------------------------
Epoch  21/50 | Train Loss: 1.3004 | Val Loss: 1.3187 | LR: 0.003096
  Train - Data Loss (MIXMSE): 1.3001, GD: 3.2211e-04,     RMSE: 0.7389, MAE: 0.3552
  Val   - Data Loss (MIXMSE): 1.3187, GD: 3.5487e-04,     RMSE: 0.7477, MAE: 0.3410
----------------------------------------------------------------------
Epoch  22/50 | Train Loss: 1.2868 | Val Loss: 1.2961 | LR: 0.003096
  Train - Data Loss (MIXMSE): 1.2864, GD: 6.0284e-04,     RMSE: 0.7354, MAE: 0.3511
  Val   - Data Loss (MIXMSE): 1.2961, GD: 1.9821e-03,     RMSE: 0.7413, MAE: 0.3507
----------------------------------------------------------------------
Epoch  23/50 | Train Loss: 1.2689 | Val Loss: 1.2879 | LR: 0.003096
  Train - Data Loss (MIXMSE): 1.2669, GD: 3.0702e-03,     RMSE: 0.7295, MAE: 0.3456
  Val   - Data Loss (MIXMSE): 1.2879, GD: 2.6049e-03,     RMSE: 0.7389, MAE: 0.3750
----------------------------------------------------------------------
Epoch  24/50 | Train Loss: 1.2409 | Val Loss: 1.2429 | LR: 0.003096
  Train - Data Loss (MIXMSE): 1.2400, GD: 1.2635e-03,     RMSE: 0.7224, MAE: 0.3399
  Val   - Data Loss (MIXMSE): 1.2429, GD: 1.4567e-04,     RMSE: 0.7259, MAE: 0.3592
----------------------------------------------------------------------
Epoch  25/50 | Train Loss: 1.1970 | Val Loss: 1.1945 | LR: 0.003096
  Train - Data Loss (MIXMSE): 1.1970, GD: 6.5242e-05,     RMSE: 0.7093, MAE: 0.3383
  Val   - Data Loss (MIXMSE): 1.1945, GD: 2.7199e-05,     RMSE: 0.7117, MAE: 0.3386
----------------------------------------------------------------------
Epoch  26/50 | Train Loss: 1.1601 | Val Loss: 1.1864 | LR: 0.003096
  Train - Data Loss (MIXMSE): 1.1600, GD: 1.6907e-05,     RMSE: 0.6981, MAE: 0.3345
  Val   - Data Loss (MIXMSE): 1.1864, GD: 5.9095e-06,     RMSE: 0.7093, MAE: 0.3318
----------------------------------------------------------------------
Epoch  27/50 | Train Loss: 1.1387 | Val Loss: 1.1461 | LR: 0.003096
  Train - Data Loss (MIXMSE): 1.1386, GD: 1.2078e-04,     RMSE: 0.6918, MAE: 0.3326
  Val   - Data Loss (MIXMSE): 1.1461, GD: 1.4090e-04,     RMSE: 0.6971, MAE: 0.3293
----------------------------------------------------------------------
Epoch  28/50 | Train Loss: 1.1290 | Val Loss: 1.1674 | LR: 0.003096
  Train - Data Loss (MIXMSE): 1.1287, GD: 4.8509e-04,     RMSE: 0.6885, MAE: 0.3314
  Val   - Data Loss (MIXMSE): 1.1674, GD: 1.3608e-04,     RMSE: 0.7036, MAE: 0.3331
----------------------------------------------------------------------
Epoch  29/50 | Train Loss: 1.1217 | Val Loss: 1.1394 | LR: 0.003096
  Train - Data Loss (MIXMSE): 1.1205, GD: 1.8095e-03,     RMSE: 0.6863, MAE: 0.3306
  Val   - Data Loss (MIXMSE): 1.1394, GD: 1.9777e-04,     RMSE: 0.6951, MAE: 0.3311
----------------------------------------------------------------------
Epoch  30/50 | Train Loss: 1.1131 | Val Loss: 1.1415 | LR: 0.003096
  Train - Data Loss (MIXMSE): 1.1130, GD: 2.1894e-04,     RMSE: 0.6838, MAE: 0.3297
  Val   - Data Loss (MIXMSE): 1.1415, GD: 1.3910e-04,     RMSE: 0.6957, MAE: 0.3208
----------------------------------------------------------------------
Epoch  31/50 | Train Loss: 1.1058 | Val Loss: 1.1222 | LR: 0.003096
  Train - Data Loss (MIXMSE): 1.1055, GD: 4.4016e-04,     RMSE: 0.6817, MAE: 0.3291
  Val   - Data Loss (MIXMSE): 1.1222, GD: 3.3533e-04,     RMSE: 0.6898, MAE: 0.3325
----------------------------------------------------------------------
Epoch  32/50 | Train Loss: 1.0967 | Val Loss: 1.1269 | LR: 0.003096
  Train - Data Loss (MIXMSE): 1.0964, GD: 5.3107e-04,     RMSE: 0.6788, MAE: 0.3294
  Val   - Data Loss (MIXMSE): 1.1269, GD: 3.7365e-03,     RMSE: 0.6913, MAE: 0.3238
----------------------------------------------------------------------
Epoch  33/50 | Train Loss: 1.0875 | Val Loss: 1.1029 | LR: 0.003096
  Train - Data Loss (MIXMSE): 1.0867, GD: 1.1854e-03,     RMSE: 0.6757, MAE: 0.3309
  Val   - Data Loss (MIXMSE): 1.1029, GD: 1.5321e-03,     RMSE: 0.6839, MAE: 0.3233
----------------------------------------------------------------------
Epoch  34/50 | Train Loss: 1.0603 | Val Loss: 1.1001 | LR: 0.003096
  Train - Data Loss (MIXMSE): 1.0589, GD: 2.1563e-03,     RMSE: 0.6672, MAE: 0.3341
  Val   - Data Loss (MIXMSE): 1.1001, GD: 1.1250e-03,     RMSE: 0.6830, MAE: 0.3535
----------------------------------------------------------------------
Epoch  35/50 | Train Loss: 1.0366 | Val Loss: 1.0518 | LR: 0.003096
  Train - Data Loss (MIXMSE): 1.0344, GD: 3.2846e-03,     RMSE: 0.6592, MAE: 0.3362
  Val   - Data Loss (MIXMSE): 1.0518, GD: 1.7271e-03,     RMSE: 0.6679, MAE: 0.3292
----------------------------------------------------------------------
Epoch  36/50 | Train Loss: 1.0189 | Val Loss: 1.0369 | LR: 0.003096
  Train - Data Loss (MIXMSE): 1.0171, GD: 2.6345e-03,     RMSE: 0.6536, MAE: 0.3368
  Val   - Data Loss (MIXMSE): 1.0369, GD: 9.8542e-04,     RMSE: 0.6631, MAE: 0.3370
----------------------------------------------------------------------
Epoch  37/50 | Train Loss: 1.0016 | Val Loss: 1.0200 | LR: 0.003096
  Train - Data Loss (MIXMSE): 1.0001, GD: 2.1671e-03,     RMSE: 0.6484, MAE: 0.3369
  Val   - Data Loss (MIXMSE): 1.0200, GD: 3.3279e-03,     RMSE: 0.6577, MAE: 0.3340
----------------------------------------------------------------------
Epoch  38/50 | Train Loss: 0.9847 | Val Loss: 0.9964 | LR: 0.003096
  Train - Data Loss (MIXMSE): 0.9834, GD: 1.9280e-03,     RMSE: 0.6428, MAE: 0.3361
  Val   - Data Loss (MIXMSE): 0.9964, GD: 1.2641e-03,     RMSE: 0.6501, MAE: 0.3350
----------------------------------------------------------------------
Epoch  39/50 | Train Loss: 0.9681 | Val Loss: 0.9806 | LR: 0.003096
  Train - Data Loss (MIXMSE): 0.9669, GD: 1.7836e-03,     RMSE: 0.6369, MAE: 0.3344
  Val   - Data Loss (MIXMSE): 0.9806, GD: 1.9282e-03,     RMSE: 0.6449, MAE: 0.3311
----------------------------------------------------------------------
Epoch  40/50 | Train Loss: 0.9558 | Val Loss: 0.9743 | LR: 0.003096
  Train - Data Loss (MIXMSE): 0.9542, GD: 2.3036e-03,     RMSE: 0.6330, MAE: 0.3338
  Val   - Data Loss (MIXMSE): 0.9743, GD: 7.9681e-04,     RMSE: 0.6428, MAE: 0.3360
----------------------------------------------------------------------
Epoch  41/50 | Train Loss: 0.9436 | Val Loss: 0.9545 | LR: 0.003096
  Train - Data Loss (MIXMSE): 0.9423, GD: 1.9138e-03,     RMSE: 0.6293, MAE: 0.3329
  Val   - Data Loss (MIXMSE): 0.9545, GD: 1.6261e-03,     RMSE: 0.6361, MAE: 0.3252
----------------------------------------------------------------------
Epoch  42/50 | Train Loss: 0.9114 | Val Loss: 0.9440 | LR: 0.003096
  Train - Data Loss (MIXMSE): 0.9105, GD: 1.4049e-03,     RMSE: 0.6183, MAE: 0.3280
  Val   - Data Loss (MIXMSE): 0.9440, GD: 1.2417e-03,     RMSE: 0.6327, MAE: 0.3342
----------------------------------------------------------------------
Epoch  43/50 | Train Loss: 0.8882 | Val Loss: 0.8993 | LR: 0.003096
  Train - Data Loss (MIXMSE): 0.8875, GD: 1.0812e-03,     RMSE: 0.6106, MAE: 0.3237
  Val   - Data Loss (MIXMSE): 0.8993, GD: 8.7358e-04,     RMSE: 0.6176, MAE: 0.3272
----------------------------------------------------------------------
Epoch  44/50 | Train Loss: 0.8823 | Val Loss: 0.8910 | LR: 0.003096
  Train - Data Loss (MIXMSE): 0.8814, GD: 1.3407e-03,     RMSE: 0.6082, MAE: 0.3225
  Val   - Data Loss (MIXMSE): 0.8910, GD: 9.5800e-04,     RMSE: 0.6147, MAE: 0.3152
----------------------------------------------------------------------
Epoch  45/50 | Train Loss: 0.8626 | Val Loss: 0.8934 | LR: 0.003096
  Train - Data Loss (MIXMSE): 0.8620, GD: 9.4976e-04,     RMSE: 0.6017, MAE: 0.3185
  Val   - Data Loss (MIXMSE): 0.8934, GD: 1.3341e-03,     RMSE: 0.6156, MAE: 0.3167
----------------------------------------------------------------------
Epoch  46/50 | Train Loss: 0.8492 | Val Loss: 0.8541 | LR: 0.003096
  Train - Data Loss (MIXMSE): 0.8479, GD: 1.9345e-03,     RMSE: 0.5965, MAE: 0.3150
  Val   - Data Loss (MIXMSE): 0.8541, GD: 1.1250e-03,     RMSE: 0.6018, MAE: 0.3070
----------------------------------------------------------------------
Epoch  47/50 | Train Loss: 0.8304 | Val Loss: 0.8506 | LR: 0.003096
  Train - Data Loss (MIXMSE): 0.8296, GD: 1.2717e-03,     RMSE: 0.5902, MAE: 0.3110
  Val   - Data Loss (MIXMSE): 0.8506, GD: 3.5945e-04,     RMSE: 0.6006, MAE: 0.3139
----------------------------------------------------------------------
Epoch  48/50 | Train Loss: 0.8231 | Val Loss: 0.8425 | LR: 0.003096
  Train - Data Loss (MIXMSE): 0.8225, GD: 1.0109e-03,     RMSE: 0.5876, MAE: 0.3101
  Val   - Data Loss (MIXMSE): 0.8425, GD: 5.7373e-04,     RMSE: 0.5977, MAE: 0.3055
----------------------------------------------------------------------
Epoch  49/50 | Train Loss: 0.8180 | Val Loss: 0.8500 | LR: 0.003096
  Train - Data Loss (MIXMSE): 0.8169, GD: 1.7058e-03,     RMSE: 0.5856, MAE: 0.3082
  Val   - Data Loss (MIXMSE): 0.8500, GD: 9.8431e-04,     RMSE: 0.6003, MAE: 0.3008
----------------------------------------------------------------------
Epoch  50/50 | Train Loss: 0.8089 | Val Loss: 0.8545 | LR: 0.003096
  Train - Data Loss (MIXMSE): 0.8081, GD: 1.0892e-03,     RMSE: 0.5825, MAE: 0.3060
  Val   - Data Loss (MIXMSE): 0.8545, GD: 2.2513e-04,     RMSE: 0.6019, MAE: 0.3020
----------------------------------------------------------------------

Training complete!
Best validation loss: 0.8425 at epoch 48

Evaluating on test set...
Test Loss: 0.8421
Test MIXMSE: 0.8421, GD: 2.2505e-04,     RMSE: 0.5975, MAE: 0.3002