Starting training for 50 epochs...
--- Optuna Trial 47 ---
Device: cuda
Model parameters: 25,523
----------------------------------------------------------------------
Epoch   1/50 | Train Loss: 1.6502 | Val Loss: 1.3004 | LR: 0.007154
  Train - Data Loss (MIXMSE): 1.3271, GD: 1.9723e+02,     RMSE: 0.7472, MAE: 0.3627
  Val   - Data Loss (MIXMSE): 1.3004, GD: 7.6059e-01,     RMSE: 0.7425, MAE: 0.3505
----------------------------------------------------------------------
Epoch   2/50 | Train Loss: 1.2532 | Val Loss: 1.2333 | LR: 0.007154
  Train - Data Loss (MIXMSE): 1.2524, GD: 4.7672e-01,     RMSE: 0.7251, MAE: 0.3532
  Val   - Data Loss (MIXMSE): 1.2333, GD: 7.0134e-01,     RMSE: 0.7231, MAE: 0.3494
----------------------------------------------------------------------
Epoch   3/50 | Train Loss: 1.1905 | Val Loss: 1.1668 | LR: 0.007154
  Train - Data Loss (MIXMSE): 1.1890, GD: 8.7887e-01,     RMSE: 0.7072, MAE: 0.3517
  Val   - Data Loss (MIXMSE): 1.1668, GD: 7.8310e-01,     RMSE: 0.7033, MAE: 0.3351
----------------------------------------------------------------------
Epoch   4/50 | Train Loss: 1.0575 | Val Loss: 1.0571 | LR: 0.007154
  Train - Data Loss (MIXMSE): 1.0555, GD: 1.2336e+00,     RMSE: 0.6661, MAE: 0.3366
  Val   - Data Loss (MIXMSE): 1.0571, GD: 8.5175e-01,     RMSE: 0.6694, MAE: 0.3370
----------------------------------------------------------------------
Epoch   5/50 | Train Loss: 0.9901 | Val Loss: 1.0117 | LR: 0.007154
  Train - Data Loss (MIXMSE): 0.9890, GD: 6.6033e-01,     RMSE: 0.6446, MAE: 0.3325
  Val   - Data Loss (MIXMSE): 1.0117, GD: 7.3239e-01,     RMSE: 0.6549, MAE: 0.3554
----------------------------------------------------------------------
Epoch   6/50 | Train Loss: 0.9546 | Val Loss: 0.9612 | LR: 0.007154
  Train - Data Loss (MIXMSE): 0.9537, GD: 4.9202e-01,     RMSE: 0.6331, MAE: 0.3291
  Val   - Data Loss (MIXMSE): 0.9612, GD: 4.3804e-01,     RMSE: 0.6383, MAE: 0.3344
----------------------------------------------------------------------
Epoch   7/50 | Train Loss: 0.8868 | Val Loss: 0.8888 | LR: 0.007154
  Train - Data Loss (MIXMSE): 0.8860, GD: 5.1301e-01,     RMSE: 0.6098, MAE: 0.3186
  Val   - Data Loss (MIXMSE): 0.8888, GD: 5.2695e-01,     RMSE: 0.6140, MAE: 0.3181
----------------------------------------------------------------------
Epoch   8/50 | Train Loss: 0.8385 | Val Loss: 0.8588 | LR: 0.007154
  Train - Data Loss (MIXMSE): 0.8380, GD: 3.0334e-01,     RMSE: 0.5933, MAE: 0.3103
  Val   - Data Loss (MIXMSE): 0.8588, GD: 3.0501e-01,     RMSE: 0.6034, MAE: 0.3179
----------------------------------------------------------------------
Epoch   9/50 | Train Loss: 0.8233 | Val Loss: 0.8488 | LR: 0.007154
  Train - Data Loss (MIXMSE): 0.8229, GD: 2.3031e-01,     RMSE: 0.5878, MAE: 0.3071
  Val   - Data Loss (MIXMSE): 0.8488, GD: 1.9633e-01,     RMSE: 0.5998, MAE: 0.3083
----------------------------------------------------------------------
Epoch  10/50 | Train Loss: 0.8165 | Val Loss: 0.8508 | LR: 0.007154
  Train - Data Loss (MIXMSE): 0.8162, GD: 2.0088e-01,     RMSE: 0.5854, MAE: 0.3053
  Val   - Data Loss (MIXMSE): 0.8508, GD: 2.0878e-01,     RMSE: 0.6006, MAE: 0.3172
----------------------------------------------------------------------
Epoch  11/50 | Train Loss: 0.8030 | Val Loss: 0.8165 | LR: 0.007154
  Train - Data Loss (MIXMSE): 0.8027, GD: 1.6916e-01,     RMSE: 0.5803, MAE: 0.3021
  Val   - Data Loss (MIXMSE): 0.8165, GD: 1.4896e-01,     RMSE: 0.5884, MAE: 0.3005
----------------------------------------------------------------------
Epoch  12/50 | Train Loss: 0.7993 | Val Loss: 0.8207 | LR: 0.007154
  Train - Data Loss (MIXMSE): 0.7990, GD: 1.6618e-01,     RMSE: 0.5792, MAE: 0.3017
  Val   - Data Loss (MIXMSE): 0.8207, GD: 1.4915e-01,     RMSE: 0.5899, MAE: 0.2975
----------------------------------------------------------------------
Epoch  13/50 | Train Loss: 0.7931 | Val Loss: 0.8210 | LR: 0.007154
  Train - Data Loss (MIXMSE): 0.7929, GD: 1.5327e-01,     RMSE: 0.5768, MAE: 0.2997
  Val   - Data Loss (MIXMSE): 0.8210, GD: 1.3176e-01,     RMSE: 0.5900, MAE: 0.3043
----------------------------------------------------------------------
Epoch  14/50 | Train Loss: 0.7924 | Val Loss: 0.8162 | LR: 0.007154
  Train - Data Loss (MIXMSE): 0.7921, GD: 1.4634e-01,     RMSE: 0.5767, MAE: 0.3002
  Val   - Data Loss (MIXMSE): 0.8162, GD: 1.0427e-01,     RMSE: 0.5883, MAE: 0.2926
----------------------------------------------------------------------
Epoch  15/50 | Train Loss: 0.7882 | Val Loss: 0.7944 | LR: 0.007154
  Train - Data Loss (MIXMSE): 0.7880, GD: 1.1945e-01,     RMSE: 0.5749, MAE: 0.2983
  Val   - Data Loss (MIXMSE): 0.7944, GD: 9.0553e-02,     RMSE: 0.5804, MAE: 0.2940
----------------------------------------------------------------------
Epoch  16/50 | Train Loss: 0.7880 | Val Loss: 0.8381 | LR: 0.007154
  Train - Data Loss (MIXMSE): 0.7878, GD: 1.5093e-01,     RMSE: 0.5753, MAE: 0.2986
  Val   - Data Loss (MIXMSE): 0.8381, GD: 1.0928e-01,     RMSE: 0.5962, MAE: 0.3159
----------------------------------------------------------------------
Epoch  17/50 | Train Loss: 0.7862 | Val Loss: 0.8061 | LR: 0.007154
  Train - Data Loss (MIXMSE): 0.7860, GD: 1.1139e-01,     RMSE: 0.5743, MAE: 0.2984
  Val   - Data Loss (MIXMSE): 0.8061, GD: 6.4168e-02,     RMSE: 0.5846, MAE: 0.2942
----------------------------------------------------------------------
Epoch  18/50 | Train Loss: 0.7780 | Val Loss: 0.8122 | LR: 0.007154
  Train - Data Loss (MIXMSE): 0.7772, GD: 4.6284e-01,     RMSE: 0.5715, MAE: 0.2963
  Val   - Data Loss (MIXMSE): 0.8122, GD: 5.6963e-02,     RMSE: 0.5869, MAE: 0.3125
----------------------------------------------------------------------
Epoch  19/50 | Train Loss: 0.7777 | Val Loss: 0.8066 | LR: 0.007154
  Train - Data Loss (MIXMSE): 0.7776, GD: 4.5499e-02,     RMSE: 0.5713, MAE: 0.2962
  Val   - Data Loss (MIXMSE): 0.8066, GD: 4.5536e-02,     RMSE: 0.5849, MAE: 0.2995
----------------------------------------------------------------------
Epoch  20/50 | Train Loss: 0.7747 | Val Loss: 0.8022 | LR: 0.007154
  Train - Data Loss (MIXMSE): 0.7746, GD: 3.8611e-02,     RMSE: 0.5700, MAE: 0.2955
  Val   - Data Loss (MIXMSE): 0.8022, GD: 3.0215e-02,     RMSE: 0.5832, MAE: 0.2872
----------------------------------------------------------------------
Epoch  21/50 | Train Loss: 0.7741 | Val Loss: 0.8337 | LR: 0.007154
  Train - Data Loss (MIXMSE): 0.7737, GD: 2.3065e-01,     RMSE: 0.5699, MAE: 0.2955
  Val   - Data Loss (MIXMSE): 0.8337, GD: 1.0108e-01,     RMSE: 0.5945, MAE: 0.3353
----------------------------------------------------------------------
Epoch  22/50 | Train Loss: 0.7728 | Val Loss: 0.7971 | LR: 0.007154
  Train - Data Loss (MIXMSE): 0.7726, GD: 1.3598e-01,     RMSE: 0.5696, MAE: 0.2953
  Val   - Data Loss (MIXMSE): 0.7971, GD: 4.4509e-02,     RMSE: 0.5814, MAE: 0.3008
----------------------------------------------------------------------

--- TRIAL PRUNED AT EPOCH 22 ---