Starting training for 50 epochs...
--- Optuna Trial 24 ---
Device: cuda
Model parameters: 95,795
----------------------------------------------------------------------
Epoch   1/50 | Train Loss: 3.3231 | Val Loss: 1.3526 | LR: 0.005531
  Train - Data Loss (MIXMSE): 1.3376, GD: 9.8492e+02,     RMSE: 0.7501, MAE: 0.3654
  Val   - Data Loss (MIXMSE): 1.3526, GD: 2.0972e-01,     RMSE: 0.7573, MAE: 0.3688
----------------------------------------------------------------------
Epoch   2/50 | Train Loss: 1.3111 | Val Loss: 1.3062 | LR: 0.005531
  Train - Data Loss (MIXMSE): 1.3108, GD: 1.6014e-01,     RMSE: 0.7422, MAE: 0.3579
  Val   - Data Loss (MIXMSE): 1.3062, GD: 1.5639e-01,     RMSE: 0.7442, MAE: 0.3454
----------------------------------------------------------------------
Epoch   3/50 | Train Loss: 1.2632 | Val Loss: 1.2414 | LR: 0.005531
  Train - Data Loss (MIXMSE): 1.2616, GD: 8.2517e-01,     RMSE: 0.7283, MAE: 0.3474
  Val   - Data Loss (MIXMSE): 1.2414, GD: 6.0399e-01,     RMSE: 0.7255, MAE: 0.3293
----------------------------------------------------------------------
Epoch   4/50 | Train Loss: 1.2124 | Val Loss: 1.2277 | LR: 0.005531
  Train - Data Loss (MIXMSE): 1.2113, GD: 5.2723e-01,     RMSE: 0.7136, MAE: 0.3458
  Val   - Data Loss (MIXMSE): 1.2277, GD: 2.0560e-01,     RMSE: 0.7215, MAE: 0.3657
----------------------------------------------------------------------
Epoch   5/50 | Train Loss: 1.1876 | Val Loss: 1.1914 | LR: 0.005531
  Train - Data Loss (MIXMSE): 1.1869, GD: 3.2510e-01,     RMSE: 0.7062, MAE: 0.3452
  Val   - Data Loss (MIXMSE): 1.1914, GD: 1.7960e-01,     RMSE: 0.7109, MAE: 0.3453
----------------------------------------------------------------------
Epoch   6/50 | Train Loss: 1.1564 | Val Loss: 1.1554 | LR: 0.005531
  Train - Data Loss (MIXMSE): 1.1557, GD: 3.3329e-01,     RMSE: 0.6969, MAE: 0.3397
  Val   - Data Loss (MIXMSE): 1.1554, GD: 2.1653e-01,     RMSE: 0.7000, MAE: 0.3376
----------------------------------------------------------------------
Epoch   7/50 | Train Loss: 1.1150 | Val Loss: 1.1162 | LR: 0.005531
  Train - Data Loss (MIXMSE): 1.1142, GD: 4.0807e-01,     RMSE: 0.6840, MAE: 0.3355
  Val   - Data Loss (MIXMSE): 1.1162, GD: 6.5510e-01,     RMSE: 0.6880, MAE: 0.3357
----------------------------------------------------------------------
Epoch   8/50 | Train Loss: 1.0764 | Val Loss: 1.0826 | LR: 0.005531
  Train - Data Loss (MIXMSE): 1.0751, GD: 6.4208e-01,     RMSE: 0.6723, MAE: 0.3324
  Val   - Data Loss (MIXMSE): 1.0826, GD: 2.0015e-01,     RMSE: 0.6776, MAE: 0.3340
----------------------------------------------------------------------
Epoch   9/50 | Train Loss: 1.0353 | Val Loss: 1.0390 | LR: 0.005531
  Train - Data Loss (MIXMSE): 1.0344, GD: 4.1192e-01,     RMSE: 0.6591, MAE: 0.3284
  Val   - Data Loss (MIXMSE): 1.0390, GD: 4.0208e-01,     RMSE: 0.6638, MAE: 0.3255
----------------------------------------------------------------------
Epoch  10/50 | Train Loss: 1.0100 | Val Loss: 0.9740 | LR: 0.005531
  Train - Data Loss (MIXMSE): 1.0091, GD: 4.6717e-01,     RMSE: 0.6510, MAE: 0.3289
  Val   - Data Loss (MIXMSE): 0.9740, GD: 3.9633e-01,     RMSE: 0.6426, MAE: 0.3198
----------------------------------------------------------------------
Epoch  11/50 | Train Loss: 0.9139 | Val Loss: 0.9027 | LR: 0.005531
  Train - Data Loss (MIXMSE): 0.9131, GD: 3.6527e-01,     RMSE: 0.6192, MAE: 0.3187
  Val   - Data Loss (MIXMSE): 0.9027, GD: 2.6826e-01,     RMSE: 0.6186, MAE: 0.3157
----------------------------------------------------------------------
Epoch  12/50 | Train Loss: 0.8784 | Val Loss: 0.9184 | LR: 0.005531
  Train - Data Loss (MIXMSE): 0.8779, GD: 2.4869e-01,     RMSE: 0.6071, MAE: 0.3137
  Val   - Data Loss (MIXMSE): 0.9184, GD: 3.3992e-01,     RMSE: 0.6240, MAE: 0.3196
----------------------------------------------------------------------
Epoch  13/50 | Train Loss: 0.8641 | Val Loss: 0.8707 | LR: 0.005531
  Train - Data Loss (MIXMSE): 0.8637, GD: 1.9070e-01,     RMSE: 0.6018, MAE: 0.3119
  Val   - Data Loss (MIXMSE): 0.8707, GD: 1.8913e-01,     RMSE: 0.6076, MAE: 0.3013
----------------------------------------------------------------------
Epoch  14/50 | Train Loss: 0.8562 | Val Loss: 0.8893 | LR: 0.005531
  Train - Data Loss (MIXMSE): 0.8558, GD: 1.7805e-01,     RMSE: 0.5994, MAE: 0.3109
  Val   - Data Loss (MIXMSE): 0.8893, GD: 1.5276e-01,     RMSE: 0.6139, MAE: 0.3211
----------------------------------------------------------------------
Epoch  15/50 | Train Loss: 0.8430 | Val Loss: 0.9533 | LR: 0.005531
  Train - Data Loss (MIXMSE): 0.8427, GD: 1.3985e-01,     RMSE: 0.5946, MAE: 0.3076
  Val   - Data Loss (MIXMSE): 0.9533, GD: 4.0403e-01,     RMSE: 0.6358, MAE: 0.3195
----------------------------------------------------------------------
Epoch  16/50 | Train Loss: 0.8483 | Val Loss: 0.8640 | LR: 0.005531
  Train - Data Loss (MIXMSE): 0.8480, GD: 1.4658e-01,     RMSE: 0.5967, MAE: 0.3089
  Val   - Data Loss (MIXMSE): 0.8640, GD: 2.4553e-01,     RMSE: 0.6052, MAE: 0.3035
----------------------------------------------------------------------
Epoch  17/50 | Train Loss: 0.8321 | Val Loss: 0.8609 | LR: 0.005531
  Train - Data Loss (MIXMSE): 0.8316, GD: 2.5125e-01,     RMSE: 0.5907, MAE: 0.3059
  Val   - Data Loss (MIXMSE): 0.8609, GD: 9.7554e-02,     RMSE: 0.6042, MAE: 0.2925
----------------------------------------------------------------------
Epoch  18/50 | Train Loss: 0.8310 | Val Loss: 0.8680 | LR: 0.005531
  Train - Data Loss (MIXMSE): 0.8303, GD: 3.3654e-01,     RMSE: 0.5902, MAE: 0.3056
  Val   - Data Loss (MIXMSE): 0.8680, GD: 3.6393e-01,     RMSE: 0.6066, MAE: 0.3086
----------------------------------------------------------------------
Epoch  19/50 | Train Loss: 0.8259 | Val Loss: 0.8642 | LR: 0.005531
  Train - Data Loss (MIXMSE): 0.8256, GD: 1.3957e-01,     RMSE: 0.5887, MAE: 0.3043
  Val   - Data Loss (MIXMSE): 0.8642, GD: 1.3933e-01,     RMSE: 0.6053, MAE: 0.3126
----------------------------------------------------------------------
Epoch  20/50 | Train Loss: 0.8277 | Val Loss: 0.8439 | LR: 0.005531
  Train - Data Loss (MIXMSE): 0.8269, GD: 4.3600e-01,     RMSE: 0.5894, MAE: 0.3051
  Val   - Data Loss (MIXMSE): 0.8439, GD: 1.0213e-01,     RMSE: 0.5981, MAE: 0.3074
----------------------------------------------------------------------
Epoch  21/50 | Train Loss: 0.8246 | Val Loss: 0.8473 | LR: 0.005531
  Train - Data Loss (MIXMSE): 0.8243, GD: 1.7447e-01,     RMSE: 0.5882, MAE: 0.3040
  Val   - Data Loss (MIXMSE): 0.8473, GD: 7.1951e-02,     RMSE: 0.5994, MAE: 0.2970
----------------------------------------------------------------------

--- TRIAL PRUNED AT EPOCH 21 ---