Starting training for 50 epochs...
--- Optuna Trial 7 ---
Device: cuda
Model parameters: 90,019
----------------------------------------------------------------------
Epoch   1/50 | Train Loss: 2.9552 | Val Loss: 1.3580 | LR: 0.000013
  Train - Data Loss (MIXMSE): 1.3360, GD: 1.0983e+02,     RMSE: 0.7498, MAE: 0.3531
  Val   - Data Loss (MIXMSE): 1.3580, GD: 5.2983e-01,     RMSE: 0.7587, MAE: 0.3583
----------------------------------------------------------------------
Epoch   2/50 | Train Loss: 1.3400 | Val Loss: 1.3573 | LR: 0.000013
  Train - Data Loss (MIXMSE): 1.3338, GD: 4.1786e-01,     RMSE: 0.7491, MAE: 0.3610
  Val   - Data Loss (MIXMSE): 1.3573, GD: 2.9952e-01,     RMSE: 0.7586, MAE: 0.3628
----------------------------------------------------------------------
Epoch   3/50 | Train Loss: 1.3370 | Val Loss: 1.3572 | LR: 0.000013
  Train - Data Loss (MIXMSE): 1.3339, GD: 2.0814e-01,     RMSE: 0.7489, MAE: 0.3634
  Val   - Data Loss (MIXMSE): 1.3572, GD: 1.4561e-01,     RMSE: 0.7585, MAE: 0.3631
----------------------------------------------------------------------
Epoch   4/50 | Train Loss: 1.3353 | Val Loss: 1.3571 | LR: 0.000013
  Train - Data Loss (MIXMSE): 1.3337, GD: 1.1211e-01,     RMSE: 0.7489, MAE: 0.3632
  Val   - Data Loss (MIXMSE): 1.3571, GD: 9.0553e-02,     RMSE: 0.7585, MAE: 0.3633
----------------------------------------------------------------------
Epoch   5/50 | Train Loss: 1.3352 | Val Loss: 1.3571 | LR: 0.000013
  Train - Data Loss (MIXMSE): 1.3340, GD: 7.9664e-02,     RMSE: 0.7493, MAE: 0.3635
  Val   - Data Loss (MIXMSE): 1.3571, GD: 7.2625e-02,     RMSE: 0.7585, MAE: 0.3630
----------------------------------------------------------------------

--- TRIAL PRUNED AT EPOCH 5 ---