Starting training for 50 epochs...
--- Optuna Trial 49 ---
Device: cuda
Model parameters: 31,412
----------------------------------------------------------------------
Epoch   1/50 | Train Loss: 1.4157 | Val Loss: 1.3564 | LR: 0.001016
  Train - Data Loss (MIXMSE): 1.3346, GD: 7.7548e+01,     RMSE: 0.7492, MAE: 0.3640
  Val   - Data Loss (MIXMSE): 1.3564, GD: 9.1650e-02,     RMSE: 0.7583, MAE: 0.3615
----------------------------------------------------------------------
Epoch   2/50 | Train Loss: 1.3041 | Val Loss: 1.3046 | LR: 0.001016
  Train - Data Loss (MIXMSE): 1.3036, GD: 4.6825e-01,     RMSE: 0.7404, MAE: 0.3567
  Val   - Data Loss (MIXMSE): 1.3046, GD: 5.5139e-01,     RMSE: 0.7437, MAE: 0.3404
----------------------------------------------------------------------
Epoch   3/50 | Train Loss: 1.2512 | Val Loss: 1.2386 | LR: 0.001016
  Train - Data Loss (MIXMSE): 1.2502, GD: 9.3107e-01,     RMSE: 0.7246, MAE: 0.3457
  Val   - Data Loss (MIXMSE): 1.2386, GD: 1.0654e+00,     RMSE: 0.7247, MAE: 0.3440
----------------------------------------------------------------------
Epoch   4/50 | Train Loss: 1.2006 | Val Loss: 1.1654 | LR: 0.001016
  Train - Data Loss (MIXMSE): 1.1979, GD: 2.6253e+00,     RMSE: 0.7099, MAE: 0.3395
  Val   - Data Loss (MIXMSE): 1.1654, GD: 3.7899e+00,     RMSE: 0.7030, MAE: 0.3325
----------------------------------------------------------------------
Epoch   5/50 | Train Loss: 1.1039 | Val Loss: 1.0809 | LR: 0.001016
  Train - Data Loss (MIXMSE): 1.0992, GD: 4.5161e+00,     RMSE: 0.6799, MAE: 0.3344
  Val   - Data Loss (MIXMSE): 1.0809, GD: 2.2183e+00,     RMSE: 0.6770, MAE: 0.3382
----------------------------------------------------------------------
Epoch   6/50 | Train Loss: 1.0404 | Val Loss: 1.0419 | LR: 0.001016
  Train - Data Loss (MIXMSE): 1.0381, GD: 2.2109e+00,     RMSE: 0.6605, MAE: 0.3313
  Val   - Data Loss (MIXMSE): 1.0419, GD: 1.8516e+00,     RMSE: 0.6647, MAE: 0.3236
----------------------------------------------------------------------
Epoch   7/50 | Train Loss: 1.0071 | Val Loss: 1.0100 | LR: 0.001016
  Train - Data Loss (MIXMSE): 1.0047, GD: 2.2752e+00,     RMSE: 0.6498, MAE: 0.3299
  Val   - Data Loss (MIXMSE): 1.0100, GD: 1.9028e+00,     RMSE: 0.6544, MAE: 0.3262
----------------------------------------------------------------------
Epoch   8/50 | Train Loss: 0.9793 | Val Loss: 0.9907 | LR: 0.001016
  Train - Data Loss (MIXMSE): 0.9772, GD: 1.9511e+00,     RMSE: 0.6407, MAE: 0.3283
  Val   - Data Loss (MIXMSE): 0.9907, GD: 1.3790e+00,     RMSE: 0.6482, MAE: 0.3266
----------------------------------------------------------------------
Epoch   9/50 | Train Loss: 0.9634 | Val Loss: 0.9751 | LR: 0.001016
  Train - Data Loss (MIXMSE): 0.9616, GD: 1.7781e+00,     RMSE: 0.6354, MAE: 0.3270
  Val   - Data Loss (MIXMSE): 0.9751, GD: 1.8123e+00,     RMSE: 0.6430, MAE: 0.3238
----------------------------------------------------------------------
Epoch  10/50 | Train Loss: 0.9504 | Val Loss: 0.9796 | LR: 0.001016
  Train - Data Loss (MIXMSE): 0.9486, GD: 1.6765e+00,     RMSE: 0.6314, MAE: 0.3257
  Val   - Data Loss (MIXMSE): 0.9796, GD: 1.1328e+00,     RMSE: 0.6445, MAE: 0.3211
----------------------------------------------------------------------

--- TRIAL PRUNED AT EPOCH 10 ---