Starting training for 50 epochs...
--- Optuna Trial 32 ---
Device: cuda
Model parameters: 69,346
----------------------------------------------------------------------
Epoch   1/50 | Train Loss: 1.5361 | Val Loss: 1.3214 | LR: 0.001629
  Train - Data Loss (MIXMSE): 1.3323, GD: 1.1686e+02,     RMSE: 0.7484, MAE: 0.3645
  Val   - Data Loss (MIXMSE): 1.3214, GD: 1.9289e-01,     RMSE: 0.7485, MAE: 0.3548
----------------------------------------------------------------------
Epoch   2/50 | Train Loss: 1.2753 | Val Loss: 1.2629 | LR: 0.001629
  Train - Data Loss (MIXMSE): 1.2734, GD: 1.0879e+00,     RMSE: 0.7317, MAE: 0.3507
  Val   - Data Loss (MIXMSE): 1.2629, GD: 7.0310e-01,     RMSE: 0.7317, MAE: 0.3504
----------------------------------------------------------------------
Epoch   3/50 | Train Loss: 1.2232 | Val Loss: 1.2182 | LR: 0.001629
  Train - Data Loss (MIXMSE): 1.2211, GD: 1.2302e+00,     RMSE: 0.7161, MAE: 0.3471
  Val   - Data Loss (MIXMSE): 1.2182, GD: 1.0501e+00,     RMSE: 0.7187, MAE: 0.3423
----------------------------------------------------------------------
Epoch   4/50 | Train Loss: 1.1439 | Val Loss: 1.0803 | LR: 0.001629
  Train - Data Loss (MIXMSE): 1.1407, GD: 1.8314e+00,     RMSE: 0.6927, MAE: 0.3456
  Val   - Data Loss (MIXMSE): 1.0803, GD: 4.1346e-01,     RMSE: 0.6768, MAE: 0.3348
----------------------------------------------------------------------
Epoch   5/50 | Train Loss: 1.0404 | Val Loss: 1.0650 | LR: 0.001629
  Train - Data Loss (MIXMSE): 1.0374, GD: 1.6810e+00,     RMSE: 0.6600, MAE: 0.3387
  Val   - Data Loss (MIXMSE): 1.0650, GD: 8.0735e-01,     RMSE: 0.6719, MAE: 0.3506
----------------------------------------------------------------------
Epoch   6/50 | Train Loss: 1.0017 | Val Loss: 1.0183 | LR: 0.001629
  Train - Data Loss (MIXMSE): 0.9991, GD: 1.5125e+00,     RMSE: 0.6479, MAE: 0.3341
  Val   - Data Loss (MIXMSE): 1.0183, GD: 8.6614e-01,     RMSE: 0.6571, MAE: 0.3370
----------------------------------------------------------------------
Epoch   7/50 | Train Loss: 0.9787 | Val Loss: 0.9914 | LR: 0.001629
  Train - Data Loss (MIXMSE): 0.9764, GD: 1.3156e+00,     RMSE: 0.6403, MAE: 0.3315
  Val   - Data Loss (MIXMSE): 0.9914, GD: 1.0175e+00,     RMSE: 0.6483, MAE: 0.3335
----------------------------------------------------------------------
Epoch   8/50 | Train Loss: 0.9550 | Val Loss: 0.9593 | LR: 0.001629
  Train - Data Loss (MIXMSE): 0.9515, GD: 1.9740e+00,     RMSE: 0.6321, MAE: 0.3271
  Val   - Data Loss (MIXMSE): 0.9593, GD: 4.7564e+00,     RMSE: 0.6378, MAE: 0.3228
----------------------------------------------------------------------
Epoch   9/50 | Train Loss: 0.9102 | Val Loss: 0.9055 | LR: 0.001629
  Train - Data Loss (MIXMSE): 0.9055, GD: 2.6927e+00,     RMSE: 0.6166, MAE: 0.3195
  Val   - Data Loss (MIXMSE): 0.9055, GD: 2.9550e+00,     RMSE: 0.6196, MAE: 0.3249
----------------------------------------------------------------------
Epoch  10/50 | Train Loss: 0.8443 | Val Loss: 0.8598 | LR: 0.001629
  Train - Data Loss (MIXMSE): 0.8403, GD: 2.3010e+00,     RMSE: 0.5938, MAE: 0.3092
  Val   - Data Loss (MIXMSE): 0.8598, GD: 1.7988e+00,     RMSE: 0.6038, MAE: 0.3078
----------------------------------------------------------------------
Epoch  11/50 | Train Loss: 0.8230 | Val Loss: 0.8608 | LR: 0.001629
  Train - Data Loss (MIXMSE): 0.8199, GD: 1.7840e+00,     RMSE: 0.5863, MAE: 0.3044
  Val   - Data Loss (MIXMSE): 0.8608, GD: 2.3627e+00,     RMSE: 0.6041, MAE: 0.3202
----------------------------------------------------------------------
Epoch  12/50 | Train Loss: 0.8106 | Val Loss: 0.8343 | LR: 0.001629
  Train - Data Loss (MIXMSE): 0.8077, GD: 1.7075e+00,     RMSE: 0.5821, MAE: 0.3014
  Val   - Data Loss (MIXMSE): 0.8343, GD: 2.7515e+00,     RMSE: 0.5948, MAE: 0.3071
----------------------------------------------------------------------
Epoch  13/50 | Train Loss: 0.8016 | Val Loss: 0.8222 | LR: 0.001629
  Train - Data Loss (MIXMSE): 0.7987, GD: 1.6435e+00,     RMSE: 0.5788, MAE: 0.3000
  Val   - Data Loss (MIXMSE): 0.8222, GD: 1.0230e+00,     RMSE: 0.5905, MAE: 0.2934
----------------------------------------------------------------------
Epoch  14/50 | Train Loss: 0.7914 | Val Loss: 0.8134 | LR: 0.001629
  Train - Data Loss (MIXMSE): 0.7889, GD: 1.4433e+00,     RMSE: 0.5756, MAE: 0.2977
  Val   - Data Loss (MIXMSE): 0.8134, GD: 9.0153e-01,     RMSE: 0.5873, MAE: 0.2908
----------------------------------------------------------------------
Epoch  15/50 | Train Loss: 0.7855 | Val Loss: 0.7980 | LR: 0.001629
  Train - Data Loss (MIXMSE): 0.7828, GD: 1.5152e+00,     RMSE: 0.5735, MAE: 0.2966
  Val   - Data Loss (MIXMSE): 0.7980, GD: 1.3589e+00,     RMSE: 0.5817, MAE: 0.2961
----------------------------------------------------------------------
Epoch  16/50 | Train Loss: 0.7806 | Val Loss: 0.8012 | LR: 0.001629
  Train - Data Loss (MIXMSE): 0.7781, GD: 1.4839e+00,     RMSE: 0.5716, MAE: 0.2955
  Val   - Data Loss (MIXMSE): 0.8012, GD: 1.4673e+00,     RMSE: 0.5829, MAE: 0.2988
----------------------------------------------------------------------
Epoch  17/50 | Train Loss: 0.7785 | Val Loss: 0.7992 | LR: 0.001629
  Train - Data Loss (MIXMSE): 0.7756, GD: 1.6737e+00,     RMSE: 0.5705, MAE: 0.2948
  Val   - Data Loss (MIXMSE): 0.7992, GD: 1.1621e+00,     RMSE: 0.5822, MAE: 0.2878
----------------------------------------------------------------------
Epoch  18/50 | Train Loss: 0.7710 | Val Loss: 0.7926 | LR: 0.001629
  Train - Data Loss (MIXMSE): 0.7679, GD: 1.7826e+00,     RMSE: 0.5677, MAE: 0.2932
  Val   - Data Loss (MIXMSE): 0.7926, GD: 1.1451e+00,     RMSE: 0.5797, MAE: 0.2886
----------------------------------------------------------------------
Epoch  19/50 | Train Loss: 0.7693 | Val Loss: 0.7953 | LR: 0.001629
  Train - Data Loss (MIXMSE): 0.7663, GD: 1.7096e+00,     RMSE: 0.5669, MAE: 0.2929
  Val   - Data Loss (MIXMSE): 0.7953, GD: 5.4569e+00,     RMSE: 0.5807, MAE: 0.2870
----------------------------------------------------------------------
Epoch  20/50 | Train Loss: 0.7653 | Val Loss: 0.7981 | LR: 0.001629
  Train - Data Loss (MIXMSE): 0.7614, GD: 2.2371e+00,     RMSE: 0.5654, MAE: 0.2914
  Val   - Data Loss (MIXMSE): 0.7981, GD: 2.1000e+00,     RMSE: 0.5818, MAE: 0.3026
----------------------------------------------------------------------
Epoch  21/50 | Train Loss: 0.7621 | Val Loss: 0.7817 | LR: 0.001629
  Train - Data Loss (MIXMSE): 0.7586, GD: 2.0028e+00,     RMSE: 0.5642, MAE: 0.2916
  Val   - Data Loss (MIXMSE): 0.7817, GD: 1.0021e+00,     RMSE: 0.5758, MAE: 0.2913
----------------------------------------------------------------------
Epoch  22/50 | Train Loss: 0.7595 | Val Loss: 0.7777 | LR: 0.001629
  Train - Data Loss (MIXMSE): 0.7558, GD: 2.1407e+00,     RMSE: 0.5633, MAE: 0.2904
  Val   - Data Loss (MIXMSE): 0.7777, GD: 2.9503e+00,     RMSE: 0.5742, MAE: 0.2930
----------------------------------------------------------------------
Epoch  23/50 | Train Loss: 0.7528 | Val Loss: 0.7734 | LR: 0.001629
  Train - Data Loss (MIXMSE): 0.7481, GD: 2.6889e+00,     RMSE: 0.5601, MAE: 0.2888
  Val   - Data Loss (MIXMSE): 0.7734, GD: 3.7562e+00,     RMSE: 0.5726, MAE: 0.2850
----------------------------------------------------------------------
Epoch  24/50 | Train Loss: 0.7497 | Val Loss: 0.7600 | LR: 0.001629
  Train - Data Loss (MIXMSE): 0.7443, GD: 3.1443e+00,     RMSE: 0.5589, MAE: 0.2879
  Val   - Data Loss (MIXMSE): 0.7600, GD: 5.0811e+00,     RMSE: 0.5677, MAE: 0.2851
----------------------------------------------------------------------
Epoch  25/50 | Train Loss: 0.7438 | Val Loss: 0.7579 | LR: 0.001629
  Train - Data Loss (MIXMSE): 0.7368, GD: 4.0243e+00,     RMSE: 0.5562, MAE: 0.2861
  Val   - Data Loss (MIXMSE): 0.7579, GD: 4.1367e+00,     RMSE: 0.5669, MAE: 0.2858
----------------------------------------------------------------------
Epoch  26/50 | Train Loss: 0.7350 | Val Loss: 0.7361 | LR: 0.001629
  Train - Data Loss (MIXMSE): 0.7273, GD: 4.3863e+00,     RMSE: 0.5527, MAE: 0.2840
  Val   - Data Loss (MIXMSE): 0.7361, GD: 2.2691e+00,     RMSE: 0.5587, MAE: 0.2768
----------------------------------------------------------------------
Epoch  27/50 | Train Loss: 0.7268 | Val Loss: 0.7303 | LR: 0.001629
  Train - Data Loss (MIXMSE): 0.7165, GD: 5.8854e+00,     RMSE: 0.5484, MAE: 0.2816
  Val   - Data Loss (MIXMSE): 0.7303, GD: 6.5226e+00,     RMSE: 0.5565, MAE: 0.2866
----------------------------------------------------------------------
Epoch  28/50 | Train Loss: 0.7197 | Val Loss: 0.7214 | LR: 0.001629
  Train - Data Loss (MIXMSE): 0.7066, GD: 7.5395e+00,     RMSE: 0.5442, MAE: 0.2792
  Val   - Data Loss (MIXMSE): 0.7214, GD: 4.0625e+00,     RMSE: 0.5532, MAE: 0.2820
----------------------------------------------------------------------
Epoch  29/50 | Train Loss: 0.7153 | Val Loss: 0.6929 | LR: 0.001629
  Train - Data Loss (MIXMSE): 0.7047, GD: 6.0617e+00,     RMSE: 0.5437, MAE: 0.2791
  Val   - Data Loss (MIXMSE): 0.6929, GD: 7.2727e+00,     RMSE: 0.5421, MAE: 0.2694
----------------------------------------------------------------------
Epoch  30/50 | Train Loss: 0.6832 | Val Loss: 0.6765 | LR: 0.001629
  Train - Data Loss (MIXMSE): 0.6666, GD: 9.5150e+00,     RMSE: 0.5287, MAE: 0.2689
  Val   - Data Loss (MIXMSE): 0.6765, GD: 9.0351e+00,     RMSE: 0.5356, MAE: 0.2625
----------------------------------------------------------------------
Epoch  31/50 | Train Loss: 0.6580 | Val Loss: 0.6289 | LR: 0.001629
  Train - Data Loss (MIXMSE): 0.6415, GD: 9.5120e+00,     RMSE: 0.5188, MAE: 0.2629
  Val   - Data Loss (MIXMSE): 0.6289, GD: 1.0991e+01,     RMSE: 0.5164, MAE: 0.2540
----------------------------------------------------------------------
Epoch  32/50 | Train Loss: 0.6169 | Val Loss: 0.6093 | LR: 0.001629
  Train - Data Loss (MIXMSE): 0.6015, GD: 8.8490e+00,     RMSE: 0.5020, MAE: 0.2525
  Val   - Data Loss (MIXMSE): 0.6093, GD: 6.5361e+00,     RMSE: 0.5084, MAE: 0.2455
----------------------------------------------------------------------
Epoch  33/50 | Train Loss: 0.5876 | Val Loss: 0.5667 | LR: 0.001629
  Train - Data Loss (MIXMSE): 0.5696, GD: 1.0367e+01,     RMSE: 0.4883, MAE: 0.2446
  Val   - Data Loss (MIXMSE): 0.5667, GD: 2.8130e+00,     RMSE: 0.4903, MAE: 0.2411
----------------------------------------------------------------------
Epoch  34/50 | Train Loss: 0.5535 | Val Loss: 0.5471 | LR: 0.001629
  Train - Data Loss (MIXMSE): 0.5394, GD: 8.1072e+00,     RMSE: 0.4750, MAE: 0.2385
  Val   - Data Loss (MIXMSE): 0.5471, GD: 3.1202e+00,     RMSE: 0.4818, MAE: 0.2351
----------------------------------------------------------------------
Epoch  35/50 | Train Loss: 0.5197 | Val Loss: 0.5098 | LR: 0.001629
  Train - Data Loss (MIXMSE): 0.5086, GD: 6.4005e+00,     RMSE: 0.4614, MAE: 0.2312
  Val   - Data Loss (MIXMSE): 0.5098, GD: 1.1467e+01,     RMSE: 0.4650, MAE: 0.2294
----------------------------------------------------------------------
Epoch  36/50 | Train Loss: 0.5092 | Val Loss: 0.5077 | LR: 0.001629
  Train - Data Loss (MIXMSE): 0.4997, GD: 5.4588e+00,     RMSE: 0.4573, MAE: 0.2309
  Val   - Data Loss (MIXMSE): 0.5077, GD: 1.5040e+01,     RMSE: 0.4640, MAE: 0.2229
----------------------------------------------------------------------
Epoch  37/50 | Train Loss: 0.4990 | Val Loss: 0.5054 | LR: 0.001629
  Train - Data Loss (MIXMSE): 0.4884, GD: 6.0780e+00,     RMSE: 0.4520, MAE: 0.2289
  Val   - Data Loss (MIXMSE): 0.5054, GD: 2.1661e+01,     RMSE: 0.4630, MAE: 0.2288
----------------------------------------------------------------------
Epoch  38/50 | Train Loss: 0.4767 | Val Loss: 0.4799 | LR: 0.001629
  Train - Data Loss (MIXMSE): 0.4702, GD: 3.6912e+00,     RMSE: 0.4436, MAE: 0.2241
  Val   - Data Loss (MIXMSE): 0.4799, GD: 9.6681e-01,     RMSE: 0.4511, MAE: 0.2178
----------------------------------------------------------------------
Epoch  39/50 | Train Loss: 0.4696 | Val Loss: 0.4741 | LR: 0.001629
  Train - Data Loss (MIXMSE): 0.4633, GD: 3.6062e+00,     RMSE: 0.4403, MAE: 0.2230
  Val   - Data Loss (MIXMSE): 0.4741, GD: 1.6719e+00,     RMSE: 0.4483, MAE: 0.2238
----------------------------------------------------------------------
Epoch  40/50 | Train Loss: 0.4657 | Val Loss: 0.4693 | LR: 0.001629
  Train - Data Loss (MIXMSE): 0.4587, GD: 3.9906e+00,     RMSE: 0.4380, MAE: 0.2219
  Val   - Data Loss (MIXMSE): 0.4693, GD: 2.5530e+00,     RMSE: 0.4461, MAE: 0.2169
----------------------------------------------------------------------
Epoch  41/50 | Train Loss: 0.4569 | Val Loss: 0.4626 | LR: 0.001629
  Train - Data Loss (MIXMSE): 0.4528, GD: 2.3800e+00,     RMSE: 0.4352, MAE: 0.2206
  Val   - Data Loss (MIXMSE): 0.4626, GD: 1.8260e+00,     RMSE: 0.4428, MAE: 0.2231
----------------------------------------------------------------------
Epoch  42/50 | Train Loss: 0.4458 | Val Loss: 0.4516 | LR: 0.001629
  Train - Data Loss (MIXMSE): 0.4422, GD: 2.0980e+00,     RMSE: 0.4300, MAE: 0.2177
  Val   - Data Loss (MIXMSE): 0.4516, GD: 1.1673e+00,     RMSE: 0.4375, MAE: 0.2169
----------------------------------------------------------------------
Epoch  43/50 | Train Loss: 0.4384 | Val Loss: 0.4653 | LR: 0.001629
  Train - Data Loss (MIXMSE): 0.4352, GD: 1.8559e+00,     RMSE: 0.4264, MAE: 0.2152
  Val   - Data Loss (MIXMSE): 0.4653, GD: 1.4853e+00,     RMSE: 0.4440, MAE: 0.2328
----------------------------------------------------------------------
Epoch  44/50 | Train Loss: 0.4357 | Val Loss: 0.4398 | LR: 0.001629
  Train - Data Loss (MIXMSE): 0.4330, GD: 1.5241e+00,     RMSE: 0.4256, MAE: 0.2151
  Val   - Data Loss (MIXMSE): 0.4398, GD: 2.3514e+00,     RMSE: 0.4317, MAE: 0.2118
----------------------------------------------------------------------
Epoch  45/50 | Train Loss: 0.4265 | Val Loss: 0.4342 | LR: 0.001629
  Train - Data Loss (MIXMSE): 0.4240, GD: 1.4508e+00,     RMSE: 0.4214, MAE: 0.2114
  Val   - Data Loss (MIXMSE): 0.4342, GD: 1.6625e+00,     RMSE: 0.4290, MAE: 0.2094
----------------------------------------------------------------------
Epoch  46/50 | Train Loss: 0.4252 | Val Loss: 0.4204 | LR: 0.001629
  Train - Data Loss (MIXMSE): 0.4214, GD: 2.1652e+00,     RMSE: 0.4197, MAE: 0.2111
  Val   - Data Loss (MIXMSE): 0.4204, GD: 1.2595e+00,     RMSE: 0.4220, MAE: 0.2067
----------------------------------------------------------------------
Epoch  47/50 | Train Loss: 0.4124 | Val Loss: 0.4180 | LR: 0.001629
  Train - Data Loss (MIXMSE): 0.4102, GD: 1.2314e+00,     RMSE: 0.4144, MAE: 0.2068
  Val   - Data Loss (MIXMSE): 0.4180, GD: 8.6181e-01,     RMSE: 0.4208, MAE: 0.2068
----------------------------------------------------------------------
Epoch  48/50 | Train Loss: 0.4125 | Val Loss: 0.4109 | LR: 0.001629
  Train - Data Loss (MIXMSE): 0.4104, GD: 1.1816e+00,     RMSE: 0.4143, MAE: 0.2086
  Val   - Data Loss (MIXMSE): 0.4109, GD: 1.2488e+00,     RMSE: 0.4173, MAE: 0.2059
----------------------------------------------------------------------
Epoch  49/50 | Train Loss: 0.4019 | Val Loss: 0.4037 | LR: 0.001629
  Train - Data Loss (MIXMSE): 0.3997, GD: 1.2736e+00,     RMSE: 0.4089, MAE: 0.2035
  Val   - Data Loss (MIXMSE): 0.4037, GD: 9.4321e-01,     RMSE: 0.4136, MAE: 0.2016
----------------------------------------------------------------------
Epoch  50/50 | Train Loss: 0.4016 | Val Loss: 0.4004 | LR: 0.001629
  Train - Data Loss (MIXMSE): 0.3976, GD: 2.3007e+00,     RMSE: 0.4082, MAE: 0.2046
  Val   - Data Loss (MIXMSE): 0.4004, GD: 3.1665e+00,     RMSE: 0.4119, MAE: 0.2013
----------------------------------------------------------------------

Training complete!
Best validation loss: 0.4004 at epoch 50

Evaluating on test set...
Test Loss: 0.3977
Test MIXMSE: 0.3977, GD: 2.9299e+00,     RMSE: 0.4105, MAE: 0.2011