Starting training for 50 epochs...
--- Optuna Trial 38 ---
Device: cuda
Model parameters: 10,580
----------------------------------------------------------------------
Epoch   1/50 | Train Loss: 2.1305 | Val Loss: 1.3593 | LR: 0.001172
  Train - Data Loss (MIXMSE): 1.3381, GD: 1.2170e+02,     RMSE: 0.7499, MAE: 0.3656
  Val   - Data Loss (MIXMSE): 1.3593, GD: 8.1948e-01,     RMSE: 0.7591, MAE: 0.3694
----------------------------------------------------------------------
Epoch   2/50 | Train Loss: 1.3406 | Val Loss: 1.3586 | LR: 0.001172
  Train - Data Loss (MIXMSE): 1.3356, GD: 7.7284e-01,     RMSE: 0.7495, MAE: 0.3646
  Val   - Data Loss (MIXMSE): 1.3586, GD: 7.1707e-01,     RMSE: 0.7589, MAE: 0.3654
----------------------------------------------------------------------
Epoch   3/50 | Train Loss: 1.3397 | Val Loss: 1.3579 | LR: 0.001172
  Train - Data Loss (MIXMSE): 1.3354, GD: 6.5088e-01,     RMSE: 0.7492, MAE: 0.3641
  Val   - Data Loss (MIXMSE): 1.3579, GD: 5.7923e-01,     RMSE: 0.7587, MAE: 0.3651
----------------------------------------------------------------------
Epoch   4/50 | Train Loss: 1.3377 | Val Loss: 1.3572 | LR: 0.001172
  Train - Data Loss (MIXMSE): 1.3345, GD: 4.8952e-01,     RMSE: 0.7490, MAE: 0.3637
  Val   - Data Loss (MIXMSE): 1.3572, GD: 4.0468e-01,     RMSE: 0.7585, MAE: 0.3616
----------------------------------------------------------------------
Epoch   5/50 | Train Loss: 1.3354 | Val Loss: 1.3561 | LR: 0.001172
  Train - Data Loss (MIXMSE): 1.3333, GD: 3.2667e-01,     RMSE: 0.7485, MAE: 0.3629
  Val   - Data Loss (MIXMSE): 1.3561, GD: 2.5171e-01,     RMSE: 0.7582, MAE: 0.3610
----------------------------------------------------------------------

--- TRIAL PRUNED AT EPOCH 5 ---