Starting training for 50 epochs...
--- Optuna Trial 4 ---
Device: cuda
Model parameters: 16,757
----------------------------------------------------------------------
Epoch   1/50 | Train Loss: 18.2171 | Val Loss: 1.3624 | LR: 0.000089
  Train - Data Loss (MIXMSE): 1.6155, GD: 1.0903e+02,     RMSE: 0.8206, MAE: 0.4587
  Val   - Data Loss (MIXMSE): 1.3624, GD: 1.8582e+00,     RMSE: 0.7600, MAE: 0.3520
----------------------------------------------------------------------
Epoch   2/50 | Train Loss: 1.6112 | Val Loss: 1.3586 | LR: 0.000089
  Train - Data Loss (MIXMSE): 1.3354, GD: 1.8110e+00,     RMSE: 0.7494, MAE: 0.3616
  Val   - Data Loss (MIXMSE): 1.3586, GD: 1.7649e+00,     RMSE: 0.7589, MAE: 0.3641
----------------------------------------------------------------------
Epoch   3/50 | Train Loss: 1.5960 | Val Loss: 1.3586 | LR: 0.000089
  Train - Data Loss (MIXMSE): 1.3349, GD: 1.7148e+00,     RMSE: 0.7488, MAE: 0.3641
  Val   - Data Loss (MIXMSE): 1.3586, GD: 1.6651e+00,     RMSE: 0.7589, MAE: 0.3644
----------------------------------------------------------------------
Epoch   4/50 | Train Loss: 1.5807 | Val Loss: 1.3586 | LR: 0.000089
  Train - Data Loss (MIXMSE): 1.3348, GD: 1.6152e+00,     RMSE: 0.7493, MAE: 0.3643
  Val   - Data Loss (MIXMSE): 1.3586, GD: 1.5631e+00,     RMSE: 0.7589, MAE: 0.3631
----------------------------------------------------------------------
Epoch   5/50 | Train Loss: 1.5648 | Val Loss: 1.3585 | LR: 0.000089
  Train - Data Loss (MIXMSE): 1.3350, GD: 1.5093e+00,     RMSE: 0.7491, MAE: 0.3641
  Val   - Data Loss (MIXMSE): 1.3585, GD: 1.4415e+00,     RMSE: 0.7589, MAE: 0.3640
----------------------------------------------------------------------
Epoch   6/50 | Train Loss: 1.5407 | Val Loss: 1.3585 | LR: 0.000089
  Train - Data Loss (MIXMSE): 1.3356, GD: 1.3472e+00,     RMSE: 0.7494, MAE: 0.3641
  Val   - Data Loss (MIXMSE): 1.3585, GD: 1.2519e+00,     RMSE: 0.7589, MAE: 0.3646
----------------------------------------------------------------------
Epoch   7/50 | Train Loss: 1.5107 | Val Loss: 1.3585 | LR: 0.000089
  Train - Data Loss (MIXMSE): 1.3349, GD: 1.1544e+00,     RMSE: 0.7494, MAE: 0.3641
  Val   - Data Loss (MIXMSE): 1.3585, GD: 1.0535e+00,     RMSE: 0.7589, MAE: 0.3655
----------------------------------------------------------------------
Epoch   8/50 | Train Loss: 1.4811 | Val Loss: 1.3585 | LR: 0.000089
  Train - Data Loss (MIXMSE): 1.3349, GD: 9.6025e-01,     RMSE: 0.7492, MAE: 0.3643
  Val   - Data Loss (MIXMSE): 1.3585, GD: 8.5879e-01,     RMSE: 0.7589, MAE: 0.3636
----------------------------------------------------------------------
Epoch   9/50 | Train Loss: 1.4506 | Val Loss: 1.3584 | LR: 0.000089
  Train - Data Loss (MIXMSE): 1.3351, GD: 7.5884e-01,     RMSE: 0.7493, MAE: 0.3639
  Val   - Data Loss (MIXMSE): 1.3584, GD: 6.5889e-01,     RMSE: 0.7589, MAE: 0.3656
----------------------------------------------------------------------
Epoch  10/50 | Train Loss: 1.4204 | Val Loss: 1.3583 | LR: 0.000089
  Train - Data Loss (MIXMSE): 1.3348, GD: 5.6231e-01,     RMSE: 0.7492, MAE: 0.3641
  Val   - Data Loss (MIXMSE): 1.3583, GD: 4.6544e-01,     RMSE: 0.7589, MAE: 0.3645
----------------------------------------------------------------------
Epoch  11/50 | Train Loss: 1.3934 | Val Loss: 1.3583 | LR: 0.000089
  Train - Data Loss (MIXMSE): 1.3348, GD: 3.8472e-01,     RMSE: 0.7492, MAE: 0.3639
  Val   - Data Loss (MIXMSE): 1.3583, GD: 3.0449e-01,     RMSE: 0.7588, MAE: 0.3641
----------------------------------------------------------------------
Epoch  12/50 | Train Loss: 1.3721 | Val Loss: 1.3584 | LR: 0.000089
  Train - Data Loss (MIXMSE): 1.3349, GD: 2.4424e-01,     RMSE: 0.7492, MAE: 0.3641
  Val   - Data Loss (MIXMSE): 1.3584, GD: 1.8636e-01,     RMSE: 0.7589, MAE: 0.3616
----------------------------------------------------------------------
Epoch  13/50 | Train Loss: 1.3572 | Val Loss: 1.3582 | LR: 0.000089
  Train - Data Loss (MIXMSE): 1.3346, GD: 1.4868e-01,     RMSE: 0.7491, MAE: 0.3637
  Val   - Data Loss (MIXMSE): 1.3582, GD: 1.1406e-01,     RMSE: 0.7588, MAE: 0.3633
----------------------------------------------------------------------
Epoch  14/50 | Train Loss: 1.3494 | Val Loss: 1.3581 | LR: 0.000089
  Train - Data Loss (MIXMSE): 1.3349, GD: 9.5567e-02,     RMSE: 0.7494, MAE: 0.3638
  Val   - Data Loss (MIXMSE): 1.3581, GD: 7.0700e-02,     RMSE: 0.7588, MAE: 0.3636
----------------------------------------------------------------------
Epoch  15/50 | Train Loss: 1.3433 | Val Loss: 1.3581 | LR: 0.000089
  Train - Data Loss (MIXMSE): 1.3344, GD: 5.8696e-02,     RMSE: 0.7491, MAE: 0.3636
  Val   - Data Loss (MIXMSE): 1.3581, GD: 4.3823e-02,     RMSE: 0.7588, MAE: 0.3675
----------------------------------------------------------------------
Epoch  16/50 | Train Loss: 1.3402 | Val Loss: 1.3579 | LR: 0.000089
  Train - Data Loss (MIXMSE): 1.3347, GD: 3.6394e-02,     RMSE: 0.7490, MAE: 0.3637
  Val   - Data Loss (MIXMSE): 1.3579, GD: 2.9455e-02,     RMSE: 0.7587, MAE: 0.3640
----------------------------------------------------------------------
Epoch  17/50 | Train Loss: 1.3383 | Val Loss: 1.3578 | LR: 0.000089
  Train - Data Loss (MIXMSE): 1.3343, GD: 2.6301e-02,     RMSE: 0.7492, MAE: 0.3637
  Val   - Data Loss (MIXMSE): 1.3578, GD: 2.6568e-02,     RMSE: 0.7587, MAE: 0.3632
----------------------------------------------------------------------
Epoch  18/50 | Train Loss: 1.3389 | Val Loss: 1.3581 | LR: 0.000089
  Train - Data Loss (MIXMSE): 1.3341, GD: 3.0997e-02,     RMSE: 0.7490, MAE: 0.3634
  Val   - Data Loss (MIXMSE): 1.3581, GD: 2.5264e-02,     RMSE: 0.7588, MAE: 0.3698
----------------------------------------------------------------------
Epoch  19/50 | Train Loss: 1.3406 | Val Loss: 1.3576 | LR: 0.000089
  Train - Data Loss (MIXMSE): 1.3341, GD: 4.2384e-02,     RMSE: 0.7491, MAE: 0.3637
  Val   - Data Loss (MIXMSE): 1.3576, GD: 1.3172e-02,     RMSE: 0.7586, MAE: 0.3633
----------------------------------------------------------------------
Epoch  20/50 | Train Loss: 1.3398 | Val Loss: 1.3574 | LR: 0.000089
  Train - Data Loss (MIXMSE): 1.3338, GD: 3.9352e-02,     RMSE: 0.7492, MAE: 0.3634
  Val   - Data Loss (MIXMSE): 1.3574, GD: 7.4732e-03,     RMSE: 0.7586, MAE: 0.3641
----------------------------------------------------------------------
Epoch  21/50 | Train Loss: 1.3432 | Val Loss: 1.3573 | LR: 0.000089
  Train - Data Loss (MIXMSE): 1.3337, GD: 6.2294e-02,     RMSE: 0.7488, MAE: 0.3633
  Val   - Data Loss (MIXMSE): 1.3573, GD: 6.7658e-03,     RMSE: 0.7586, MAE: 0.3635
----------------------------------------------------------------------
Epoch  22/50 | Train Loss: 1.3428 | Val Loss: 1.3572 | LR: 0.000089
  Train - Data Loss (MIXMSE): 1.3337, GD: 5.9706e-02,     RMSE: 0.7489, MAE: 0.3632
  Val   - Data Loss (MIXMSE): 1.3572, GD: 5.3120e-03,     RMSE: 0.7585, MAE: 0.3660
----------------------------------------------------------------------
Epoch  23/50 | Train Loss: 1.3452 | Val Loss: 1.3571 | LR: 0.000089
  Train - Data Loss (MIXMSE): 1.3336, GD: 7.5912e-02,     RMSE: 0.7490, MAE: 0.3632
  Val   - Data Loss (MIXMSE): 1.3571, GD: 1.1317e-02,     RMSE: 0.7585, MAE: 0.3629
----------------------------------------------------------------------
Epoch  24/50 | Train Loss: 1.3422 | Val Loss: 1.3570 | LR: 0.000089
  Train - Data Loss (MIXMSE): 1.3336, GD: 5.6051e-02,     RMSE: 0.7489, MAE: 0.3631
  Val   - Data Loss (MIXMSE): 1.3570, GD: 2.9012e-02,     RMSE: 0.7585, MAE: 0.3635
----------------------------------------------------------------------
Epoch  25/50 | Train Loss: 1.3465 | Val Loss: 1.3569 | LR: 0.000089
  Train - Data Loss (MIXMSE): 1.3338, GD: 8.3585e-02,     RMSE: 0.7492, MAE: 0.3630
  Val   - Data Loss (MIXMSE): 1.3569, GD: 4.5414e-03,     RMSE: 0.7584, MAE: 0.3638
----------------------------------------------------------------------
Epoch  26/50 | Train Loss: 1.3470 | Val Loss: 1.3568 | LR: 0.000089
  Train - Data Loss (MIXMSE): 1.3335, GD: 8.8756e-02,     RMSE: 0.7492, MAE: 0.3629
  Val   - Data Loss (MIXMSE): 1.3568, GD: 6.0532e-03,     RMSE: 0.7584, MAE: 0.3640
----------------------------------------------------------------------
Epoch  27/50 | Train Loss: 1.3467 | Val Loss: 1.3569 | LR: 0.000089
  Train - Data Loss (MIXMSE): 1.3332, GD: 8.8576e-02,     RMSE: 0.7488, MAE: 0.3629
  Val   - Data Loss (MIXMSE): 1.3569, GD: 3.7362e-03,     RMSE: 0.7584, MAE: 0.3606
----------------------------------------------------------------------
Epoch  28/50 | Train Loss: 1.3410 | Val Loss: 1.3567 | LR: 0.000089
  Train - Data Loss (MIXMSE): 1.3332, GD: 5.1031e-02,     RMSE: 0.7488, MAE: 0.3627
  Val   - Data Loss (MIXMSE): 1.3567, GD: 8.5204e-01,     RMSE: 0.7584, MAE: 0.3674
----------------------------------------------------------------------
Epoch  29/50 | Train Loss: 1.3484 | Val Loss: 1.3565 | LR: 0.000089
  Train - Data Loss (MIXMSE): 1.3331, GD: 1.0075e-01,     RMSE: 0.7489, MAE: 0.3628
  Val   - Data Loss (MIXMSE): 1.3565, GD: 5.2055e-02,     RMSE: 0.7584, MAE: 0.3612
----------------------------------------------------------------------
Epoch  30/50 | Train Loss: 1.3472 | Val Loss: 1.3563 | LR: 0.000089
  Train - Data Loss (MIXMSE): 1.3328, GD: 9.4042e-02,     RMSE: 0.7489, MAE: 0.3625
  Val   - Data Loss (MIXMSE): 1.3563, GD: 5.2061e-01,     RMSE: 0.7583, MAE: 0.3651
----------------------------------------------------------------------
Epoch  31/50 | Train Loss: 1.3401 | Val Loss: 1.3562 | LR: 0.000089
  Train - Data Loss (MIXMSE): 1.3325, GD: 4.9806e-02,     RMSE: 0.7483, MAE: 0.3625
  Val   - Data Loss (MIXMSE): 1.3562, GD: 4.9680e-03,     RMSE: 0.7583, MAE: 0.3620
----------------------------------------------------------------------
Epoch  32/50 | Train Loss: 1.3482 | Val Loss: 1.3561 | LR: 0.000089
  Train - Data Loss (MIXMSE): 1.3327, GD: 1.0209e-01,     RMSE: 0.7481, MAE: 0.3625
  Val   - Data Loss (MIXMSE): 1.3561, GD: 4.4647e-03,     RMSE: 0.7582, MAE: 0.3640
----------------------------------------------------------------------
Epoch  33/50 | Train Loss: 1.3446 | Val Loss: 1.3560 | LR: 0.000089
  Train - Data Loss (MIXMSE): 1.3326, GD: 7.8813e-02,     RMSE: 0.7487, MAE: 0.3624
  Val   - Data Loss (MIXMSE): 1.3560, GD: 3.0223e-03,     RMSE: 0.7582, MAE: 0.3626
----------------------------------------------------------------------
Epoch  34/50 | Train Loss: 1.3433 | Val Loss: 1.3560 | LR: 0.000089
  Train - Data Loss (MIXMSE): 1.3325, GD: 7.0755e-02,     RMSE: 0.7485, MAE: 0.3623
  Val   - Data Loss (MIXMSE): 1.3560, GD: 4.5706e-03,     RMSE: 0.7582, MAE: 0.3607
----------------------------------------------------------------------
Epoch  35/50 | Train Loss: 1.3461 | Val Loss: 1.3558 | LR: 0.000089
  Train - Data Loss (MIXMSE): 1.3327, GD: 8.8202e-02,     RMSE: 0.7485, MAE: 0.3622
  Val   - Data Loss (MIXMSE): 1.3558, GD: 3.0207e-03,     RMSE: 0.7581, MAE: 0.3649
----------------------------------------------------------------------
Epoch  36/50 | Train Loss: 1.3409 | Val Loss: 1.3560 | LR: 0.000089
  Train - Data Loss (MIXMSE): 1.3322, GD: 5.7552e-02,     RMSE: 0.7487, MAE: 0.3622
  Val   - Data Loss (MIXMSE): 1.3560, GD: 3.2579e-01,     RMSE: 0.7582, MAE: 0.3591
----------------------------------------------------------------------
Epoch  37/50 | Train Loss: 1.3448 | Val Loss: 1.3556 | LR: 0.000089
  Train - Data Loss (MIXMSE): 1.3322, GD: 8.3097e-02,     RMSE: 0.7484, MAE: 0.3621
  Val   - Data Loss (MIXMSE): 1.3556, GD: 3.5353e-03,     RMSE: 0.7581, MAE: 0.3613
----------------------------------------------------------------------
Epoch  38/50 | Train Loss: 1.3515 | Val Loss: 1.3555 | LR: 0.000089
  Train - Data Loss (MIXMSE): 1.3319, GD: 1.2813e-01,     RMSE: 0.7484, MAE: 0.3619
  Val   - Data Loss (MIXMSE): 1.3555, GD: 2.6815e-03,     RMSE: 0.7581, MAE: 0.3647
----------------------------------------------------------------------
Epoch  39/50 | Train Loss: 1.3397 | Val Loss: 1.3554 | LR: 0.000089
  Train - Data Loss (MIXMSE): 1.3319, GD: 5.1393e-02,     RMSE: 0.7485, MAE: 0.3618
  Val   - Data Loss (MIXMSE): 1.3554, GD: 1.4074e-02,     RMSE: 0.7580, MAE: 0.3650
----------------------------------------------------------------------
Epoch  40/50 | Train Loss: 1.3469 | Val Loss: 1.3553 | LR: 0.000089
  Train - Data Loss (MIXMSE): 1.3320, GD: 9.8092e-02,     RMSE: 0.7482, MAE: 0.3618
  Val   - Data Loss (MIXMSE): 1.3553, GD: 2.5360e-03,     RMSE: 0.7580, MAE: 0.3649
----------------------------------------------------------------------
Epoch  41/50 | Train Loss: 1.3392 | Val Loss: 1.3551 | LR: 0.000089
  Train - Data Loss (MIXMSE): 1.3319, GD: 4.7349e-02,     RMSE: 0.7484, MAE: 0.3617
  Val   - Data Loss (MIXMSE): 1.3551, GD: 2.7552e-03,     RMSE: 0.7579, MAE: 0.3629
----------------------------------------------------------------------
Epoch  42/50 | Train Loss: 1.3438 | Val Loss: 1.3551 | LR: 0.000089
  Train - Data Loss (MIXMSE): 1.3317, GD: 7.9800e-02,     RMSE: 0.7484, MAE: 0.3617
  Val   - Data Loss (MIXMSE): 1.3551, GD: 7.3457e-03,     RMSE: 0.7579, MAE: 0.3646
----------------------------------------------------------------------
Epoch  43/50 | Train Loss: 1.3439 | Val Loss: 1.3549 | LR: 0.000089
  Train - Data Loss (MIXMSE): 1.3316, GD: 8.0730e-02,     RMSE: 0.7485, MAE: 0.3616
  Val   - Data Loss (MIXMSE): 1.3549, GD: 2.7284e-03,     RMSE: 0.7579, MAE: 0.3621
----------------------------------------------------------------------
Epoch  44/50 | Train Loss: 1.3444 | Val Loss: 1.3548 | LR: 0.000089
  Train - Data Loss (MIXMSE): 1.3315, GD: 8.4493e-02,     RMSE: 0.7485, MAE: 0.3615
  Val   - Data Loss (MIXMSE): 1.3548, GD: 3.6884e-03,     RMSE: 0.7579, MAE: 0.3625
----------------------------------------------------------------------
Epoch  45/50 | Train Loss: 1.3409 | Val Loss: 1.3547 | LR: 0.000089
  Train - Data Loss (MIXMSE): 1.3320, GD: 5.9044e-02,     RMSE: 0.7483, MAE: 0.3614
  Val   - Data Loss (MIXMSE): 1.3547, GD: 1.8894e-02,     RMSE: 0.7578, MAE: 0.3618
----------------------------------------------------------------------
Epoch  46/50 | Train Loss: 1.3426 | Val Loss: 1.3546 | LR: 0.000089
  Train - Data Loss (MIXMSE): 1.3310, GD: 7.5966e-02,     RMSE: 0.7479, MAE: 0.3613
  Val   - Data Loss (MIXMSE): 1.3546, GD: 3.1508e-03,     RMSE: 0.7578, MAE: 0.3608
----------------------------------------------------------------------
Epoch  47/50 | Train Loss: 1.3475 | Val Loss: 1.3545 | LR: 0.000089
  Train - Data Loss (MIXMSE): 1.3311, GD: 1.0788e-01,     RMSE: 0.7480, MAE: 0.3612
  Val   - Data Loss (MIXMSE): 1.3545, GD: 3.6419e-03,     RMSE: 0.7578, MAE: 0.3634
----------------------------------------------------------------------
Epoch  48/50 | Train Loss: 1.3412 | Val Loss: 1.3544 | LR: 0.000089
  Train - Data Loss (MIXMSE): 1.3312, GD: 6.5438e-02,     RMSE: 0.7479, MAE: 0.3612
  Val   - Data Loss (MIXMSE): 1.3544, GD: 2.0895e-03,     RMSE: 0.7578, MAE: 0.3603
----------------------------------------------------------------------
Epoch  49/50 | Train Loss: 1.3428 | Val Loss: 1.3543 | LR: 0.000089
  Train - Data Loss (MIXMSE): 1.3309, GD: 7.7891e-02,     RMSE: 0.7482, MAE: 0.3611
  Val   - Data Loss (MIXMSE): 1.3543, GD: 2.0655e-03,     RMSE: 0.7577, MAE: 0.3625
----------------------------------------------------------------------
Epoch  50/50 | Train Loss: 1.3464 | Val Loss: 1.3542 | LR: 0.000089
  Train - Data Loss (MIXMSE): 1.3309, GD: 1.0170e-01,     RMSE: 0.7482, MAE: 0.3611
  Val   - Data Loss (MIXMSE): 1.3542, GD: 6.8208e-02,     RMSE: 0.7577, MAE: 0.3605
----------------------------------------------------------------------

Training complete!
Best validation loss: 1.3542 at epoch 50

Evaluating on test set...
Test Loss: 1.3447
Test MIXMSE: 1.3447, GD: 6.8364e-02,     RMSE: 0.7552, MAE: 0.3596