Starting training for 50 epochs...
--- Optuna Trial 1 ---
Device: cuda
Model parameters: 454,772
----------------------------------------------------------------------
Epoch   1/50 | Train Loss: 8.2138 | Val Loss: 1.4043 | LR: 0.000073
  Train - Data Loss (MIXMSE): 1.4998, GD: 6.9085e+00,     RMSE: 0.7943, MAE: 0.4131
  Val   - Data Loss (MIXMSE): 1.4043, GD: 2.4849e-02,     RMSE: 0.7716, MAE: 0.3398
----------------------------------------------------------------------
Epoch   2/50 | Train Loss: 1.3605 | Val Loss: 1.3597 | LR: 0.000073
  Train - Data Loss (MIXMSE): 1.3482, GD: 1.2681e-02,     RMSE: 0.7528, MAE: 0.3459
  Val   - Data Loss (MIXMSE): 1.3597, GD: 6.8481e-03,     RMSE: 0.7592, MAE: 0.3566
----------------------------------------------------------------------
Epoch   3/50 | Train Loss: 1.3411 | Val Loss: 1.3582 | LR: 0.000073
  Train - Data Loss (MIXMSE): 1.3353, GD: 5.9274e-03,     RMSE: 0.7493, MAE: 0.3613
  Val   - Data Loss (MIXMSE): 1.3582, GD: 5.4511e-03,     RMSE: 0.7588, MAE: 0.3636
----------------------------------------------------------------------
Epoch   4/50 | Train Loss: 1.3401 | Val Loss: 1.3581 | LR: 0.000073
  Train - Data Loss (MIXMSE): 1.3348, GD: 5.3968e-03,     RMSE: 0.7494, MAE: 0.3639
  Val   - Data Loss (MIXMSE): 1.3581, GD: 5.1527e-03,     RMSE: 0.7588, MAE: 0.3644
----------------------------------------------------------------------
Epoch   5/50 | Train Loss: 1.3395 | Val Loss: 1.3578 | LR: 0.000073
  Train - Data Loss (MIXMSE): 1.3345, GD: 5.1708e-03,     RMSE: 0.7492, MAE: 0.3640
  Val   - Data Loss (MIXMSE): 1.3578, GD: 5.0804e-03,     RMSE: 0.7587, MAE: 0.3638
----------------------------------------------------------------------
Epoch   6/50 | Train Loss: 1.3391 | Val Loss: 1.3575 | LR: 0.000073
  Train - Data Loss (MIXMSE): 1.3341, GD: 5.1246e-03,     RMSE: 0.7491, MAE: 0.3637
  Val   - Data Loss (MIXMSE): 1.3575, GD: 5.0821e-03,     RMSE: 0.7586, MAE: 0.3633
----------------------------------------------------------------------
Epoch   7/50 | Train Loss: 1.3386 | Val Loss: 1.3571 | LR: 0.000073
  Train - Data Loss (MIXMSE): 1.3338, GD: 5.0238e-03,     RMSE: 0.7490, MAE: 0.3637
  Val   - Data Loss (MIXMSE): 1.3571, GD: 4.9110e-03,     RMSE: 0.7585, MAE: 0.3628
----------------------------------------------------------------------
Epoch   8/50 | Train Loss: 1.3381 | Val Loss: 1.3567 | LR: 0.000073
  Train - Data Loss (MIXMSE): 1.3332, GD: 5.0232e-03,     RMSE: 0.7488, MAE: 0.3633
  Val   - Data Loss (MIXMSE): 1.3567, GD: 4.8554e-03,     RMSE: 0.7584, MAE: 0.3630
----------------------------------------------------------------------
Epoch   9/50 | Train Loss: 1.3378 | Val Loss: 1.3563 | LR: 0.000073
  Train - Data Loss (MIXMSE): 1.3329, GD: 4.9928e-03,     RMSE: 0.7487, MAE: 0.3633
  Val   - Data Loss (MIXMSE): 1.3563, GD: 5.1656e-03,     RMSE: 0.7583, MAE: 0.3630
----------------------------------------------------------------------
Epoch  10/50 | Train Loss: 1.3374 | Val Loss: 1.3559 | LR: 0.000073
  Train - Data Loss (MIXMSE): 1.3326, GD: 4.9253e-03,     RMSE: 0.7486, MAE: 0.3632
  Val   - Data Loss (MIXMSE): 1.3559, GD: 4.9497e-03,     RMSE: 0.7582, MAE: 0.3630
----------------------------------------------------------------------
Epoch  11/50 | Train Loss: 1.3369 | Val Loss: 1.3555 | LR: 0.000073
  Train - Data Loss (MIXMSE): 1.3320, GD: 4.9876e-03,     RMSE: 0.7486, MAE: 0.3632
  Val   - Data Loss (MIXMSE): 1.3555, GD: 4.6576e-03,     RMSE: 0.7581, MAE: 0.3632
----------------------------------------------------------------------
Epoch  12/50 | Train Loss: 1.3364 | Val Loss: 1.3552 | LR: 0.000073
  Train - Data Loss (MIXMSE): 1.3315, GD: 4.9752e-03,     RMSE: 0.7482, MAE: 0.3629
  Val   - Data Loss (MIXMSE): 1.3552, GD: 5.0175e-03,     RMSE: 0.7580, MAE: 0.3637
----------------------------------------------------------------------
Epoch  13/50 | Train Loss: 1.3358 | Val Loss: 1.3547 | LR: 0.000073
  Train - Data Loss (MIXMSE): 1.3311, GD: 4.8236e-03,     RMSE: 0.7479, MAE: 0.3629
  Val   - Data Loss (MIXMSE): 1.3547, GD: 4.4949e-03,     RMSE: 0.7579, MAE: 0.3628
----------------------------------------------------------------------
Epoch  14/50 | Train Loss: 1.3356 | Val Loss: 1.3542 | LR: 0.000073
  Train - Data Loss (MIXMSE): 1.3307, GD: 5.0605e-03,     RMSE: 0.7481, MAE: 0.3628
  Val   - Data Loss (MIXMSE): 1.3542, GD: 4.6463e-03,     RMSE: 0.7577, MAE: 0.3636
----------------------------------------------------------------------
Epoch  15/50 | Train Loss: 1.3348 | Val Loss: 1.3537 | LR: 0.000073
  Train - Data Loss (MIXMSE): 1.3302, GD: 4.7349e-03,     RMSE: 0.7478, MAE: 0.3625
  Val   - Data Loss (MIXMSE): 1.3537, GD: 7.2868e-03,     RMSE: 0.7576, MAE: 0.3646
----------------------------------------------------------------------
Epoch  16/50 | Train Loss: 1.3343 | Val Loss: 1.3530 | LR: 0.000073
  Train - Data Loss (MIXMSE): 1.3295, GD: 4.8827e-03,     RMSE: 0.7478, MAE: 0.3625
  Val   - Data Loss (MIXMSE): 1.3530, GD: 4.2052e-03,     RMSE: 0.7574, MAE: 0.3638
----------------------------------------------------------------------
Epoch  17/50 | Train Loss: 1.3340 | Val Loss: 1.3523 | LR: 0.000073
  Train - Data Loss (MIXMSE): 1.3289, GD: 5.1772e-03,     RMSE: 0.7472, MAE: 0.3625
  Val   - Data Loss (MIXMSE): 1.3523, GD: 4.0756e-03,     RMSE: 0.7572, MAE: 0.3614
----------------------------------------------------------------------
Epoch  18/50 | Train Loss: 1.3332 | Val Loss: 1.3513 | LR: 0.000073
  Train - Data Loss (MIXMSE): 1.3281, GD: 5.1954e-03,     RMSE: 0.7472, MAE: 0.3619
  Val   - Data Loss (MIXMSE): 1.3513, GD: 4.6039e-03,     RMSE: 0.7569, MAE: 0.3657
----------------------------------------------------------------------
Epoch  19/50 | Train Loss: 1.3323 | Val Loss: 1.3499 | LR: 0.000073
  Train - Data Loss (MIXMSE): 1.3268, GD: 5.6249e-03,     RMSE: 0.7473, MAE: 0.3618
  Val   - Data Loss (MIXMSE): 1.3499, GD: 4.8546e-03,     RMSE: 0.7565, MAE: 0.3643
----------------------------------------------------------------------
Epoch  20/50 | Train Loss: 1.3307 | Val Loss: 1.3481 | LR: 0.000073
  Train - Data Loss (MIXMSE): 1.3252, GD: 5.6277e-03,     RMSE: 0.7461, MAE: 0.3617
  Val   - Data Loss (MIXMSE): 1.3481, GD: 4.4661e-03,     RMSE: 0.7560, MAE: 0.3591
----------------------------------------------------------------------
Epoch  21/50 | Train Loss: 1.3293 | Val Loss: 1.3451 | LR: 0.000073
  Train - Data Loss (MIXMSE): 1.3233, GD: 6.1050e-03,     RMSE: 0.7460, MAE: 0.3607
  Val   - Data Loss (MIXMSE): 1.3451, GD: 3.7383e-03,     RMSE: 0.7552, MAE: 0.3620
----------------------------------------------------------------------
Epoch  22/50 | Train Loss: 1.3262 | Val Loss: 1.3411 | LR: 0.000073
  Train - Data Loss (MIXMSE): 1.3199, GD: 6.4467e-03,     RMSE: 0.7448, MAE: 0.3602
  Val   - Data Loss (MIXMSE): 1.3411, GD: 2.7257e-02,     RMSE: 0.7540, MAE: 0.3606
----------------------------------------------------------------------
Epoch  23/50 | Train Loss: 1.3219 | Val Loss: 1.3347 | LR: 0.000073
  Train - Data Loss (MIXMSE): 1.3151, GD: 6.9802e-03,     RMSE: 0.7434, MAE: 0.3594
  Val   - Data Loss (MIXMSE): 1.3347, GD: 5.4157e-03,     RMSE: 0.7522, MAE: 0.3593
----------------------------------------------------------------------
Epoch  24/50 | Train Loss: 1.3146 | Val Loss: 1.3245 | LR: 0.000073
  Train - Data Loss (MIXMSE): 1.3078, GD: 7.0303e-03,     RMSE: 0.7417, MAE: 0.3580
  Val   - Data Loss (MIXMSE): 1.3245, GD: 1.0104e-01,     RMSE: 0.7494, MAE: 0.3549
----------------------------------------------------------------------
Epoch  25/50 | Train Loss: 1.3069 | Val Loss: 1.3108 | LR: 0.000073
  Train - Data Loss (MIXMSE): 1.2981, GD: 9.0103e-03,     RMSE: 0.7390, MAE: 0.3564
  Val   - Data Loss (MIXMSE): 1.3108, GD: 4.1244e-03,     RMSE: 0.7455, MAE: 0.3587
----------------------------------------------------------------------
Epoch  26/50 | Train Loss: 1.2927 | Val Loss: 1.2978 | LR: 0.000073
  Train - Data Loss (MIXMSE): 1.2864, GD: 6.4882e-03,     RMSE: 0.7354, MAE: 0.3546
  Val   - Data Loss (MIXMSE): 1.2978, GD: 3.4155e-03,     RMSE: 0.7418, MAE: 0.3572
----------------------------------------------------------------------
Epoch  27/50 | Train Loss: 1.2833 | Val Loss: 1.2930 | LR: 0.000073
  Train - Data Loss (MIXMSE): 1.2786, GD: 4.8225e-03,     RMSE: 0.7332, MAE: 0.3535
  Val   - Data Loss (MIXMSE): 1.2930, GD: 3.0744e-03,     RMSE: 0.7404, MAE: 0.3497
----------------------------------------------------------------------
Epoch  28/50 | Train Loss: 1.2819 | Val Loss: 1.2901 | LR: 0.000073
  Train - Data Loss (MIXMSE): 1.2759, GD: 6.2117e-03,     RMSE: 0.7324, MAE: 0.3524
  Val   - Data Loss (MIXMSE): 1.2901, GD: 3.0801e-03,     RMSE: 0.7396, MAE: 0.3485
----------------------------------------------------------------------
Epoch  29/50 | Train Loss: 1.2787 | Val Loss: 1.2884 | LR: 0.000073
  Train - Data Loss (MIXMSE): 1.2730, GD: 5.7913e-03,     RMSE: 0.7318, MAE: 0.3517
  Val   - Data Loss (MIXMSE): 1.2884, GD: 4.2963e-03,     RMSE: 0.7391, MAE: 0.3606
----------------------------------------------------------------------
Epoch  30/50 | Train Loss: 1.2743 | Val Loss: 1.2897 | LR: 0.000073
  Train - Data Loss (MIXMSE): 1.2703, GD: 4.0687e-03,     RMSE: 0.7307, MAE: 0.3512
  Val   - Data Loss (MIXMSE): 1.2897, GD: 4.1473e-03,     RMSE: 0.7395, MAE: 0.3628
----------------------------------------------------------------------
Epoch  31/50 | Train Loss: 1.2724 | Val Loss: 1.2801 | LR: 0.000073
  Train - Data Loss (MIXMSE): 1.2669, GD: 5.6407e-03,     RMSE: 0.7301, MAE: 0.3505
  Val   - Data Loss (MIXMSE): 1.2801, GD: 3.9038e-03,     RMSE: 0.7367, MAE: 0.3478
----------------------------------------------------------------------
Epoch  32/50 | Train Loss: 1.2658 | Val Loss: 1.2818 | LR: 0.000073
  Train - Data Loss (MIXMSE): 1.2616, GD: 4.3038e-03,     RMSE: 0.7283, MAE: 0.3495
  Val   - Data Loss (MIXMSE): 1.2818, GD: 2.6460e-03,     RMSE: 0.7372, MAE: 0.3395
----------------------------------------------------------------------
Epoch  33/50 | Train Loss: 1.2646 | Val Loss: 1.2704 | LR: 0.000073
  Train - Data Loss (MIXMSE): 1.2589, GD: 5.9093e-03,     RMSE: 0.7276, MAE: 0.3487
  Val   - Data Loss (MIXMSE): 1.2704, GD: 3.2034e-03,     RMSE: 0.7339, MAE: 0.3452
----------------------------------------------------------------------
Epoch  34/50 | Train Loss: 1.2570 | Val Loss: 1.2715 | LR: 0.000073
  Train - Data Loss (MIXMSE): 1.2530, GD: 4.1683e-03,     RMSE: 0.7254, MAE: 0.3477
  Val   - Data Loss (MIXMSE): 1.2715, GD: 5.1998e-03,     RMSE: 0.7342, MAE: 0.3394
----------------------------------------------------------------------
Epoch  35/50 | Train Loss: 1.2537 | Val Loss: 1.2643 | LR: 0.000073
  Train - Data Loss (MIXMSE): 1.2496, GD: 4.2517e-03,     RMSE: 0.7249, MAE: 0.3474
  Val   - Data Loss (MIXMSE): 1.2643, GD: 2.0998e-03,     RMSE: 0.7321, MAE: 0.3488
----------------------------------------------------------------------
Epoch  36/50 | Train Loss: 1.2518 | Val Loss: 1.2611 | LR: 0.000073
  Train - Data Loss (MIXMSE): 1.2463, GD: 5.6541e-03,     RMSE: 0.7240, MAE: 0.3470
  Val   - Data Loss (MIXMSE): 1.2611, GD: 3.0328e-03,     RMSE: 0.7312, MAE: 0.3474
----------------------------------------------------------------------
Epoch  37/50 | Train Loss: 1.2443 | Val Loss: 1.2549 | LR: 0.000073
  Train - Data Loss (MIXMSE): 1.2414, GD: 2.9594e-03,     RMSE: 0.7226, MAE: 0.3465
  Val   - Data Loss (MIXMSE): 1.2549, GD: 2.1510e-03,     RMSE: 0.7294, MAE: 0.3438
----------------------------------------------------------------------
Epoch  38/50 | Train Loss: 1.2436 | Val Loss: 1.2543 | LR: 0.000073
  Train - Data Loss (MIXMSE): 1.2389, GD: 4.8166e-03,     RMSE: 0.7215, MAE: 0.3460
  Val   - Data Loss (MIXMSE): 1.2543, GD: 5.5119e-03,     RMSE: 0.7292, MAE: 0.3425
----------------------------------------------------------------------
Epoch  39/50 | Train Loss: 1.2406 | Val Loss: 1.2517 | LR: 0.000073
  Train - Data Loss (MIXMSE): 1.2370, GD: 3.7122e-03,     RMSE: 0.7213, MAE: 0.3463
  Val   - Data Loss (MIXMSE): 1.2517, GD: 2.4131e-03,     RMSE: 0.7285, MAE: 0.3448
----------------------------------------------------------------------
Epoch  40/50 | Train Loss: 1.2403 | Val Loss: 1.2537 | LR: 0.000073
  Train - Data Loss (MIXMSE): 1.2364, GD: 4.0533e-03,     RMSE: 0.7207, MAE: 0.3464
  Val   - Data Loss (MIXMSE): 1.2537, GD: 2.7630e-02,     RMSE: 0.7291, MAE: 0.3397
----------------------------------------------------------------------
Epoch  41/50 | Train Loss: 1.2352 | Val Loss: 1.2464 | LR: 0.000073
  Train - Data Loss (MIXMSE): 1.2313, GD: 3.9812e-03,     RMSE: 0.7193, MAE: 0.3464
  Val   - Data Loss (MIXMSE): 1.2464, GD: 2.1816e-03,     RMSE: 0.7270, MAE: 0.3462
----------------------------------------------------------------------
Epoch  42/50 | Train Loss: 1.2319 | Val Loss: 1.2528 | LR: 0.000073
  Train - Data Loss (MIXMSE): 1.2286, GD: 3.4117e-03,     RMSE: 0.7185, MAE: 0.3467
  Val   - Data Loss (MIXMSE): 1.2528, GD: 2.7835e-03,     RMSE: 0.7288, MAE: 0.3363
----------------------------------------------------------------------
Epoch  43/50 | Train Loss: 1.2339 | Val Loss: 1.2382 | LR: 0.000073
  Train - Data Loss (MIXMSE): 1.2287, GD: 5.2950e-03,     RMSE: 0.7183, MAE: 0.3469
  Val   - Data Loss (MIXMSE): 1.2382, GD: 2.2096e-03,     RMSE: 0.7246, MAE: 0.3458
----------------------------------------------------------------------
Epoch  44/50 | Train Loss: 1.2268 | Val Loss: 1.2398 | LR: 0.000073
  Train - Data Loss (MIXMSE): 1.2228, GD: 4.1626e-03,     RMSE: 0.7170, MAE: 0.3474
  Val   - Data Loss (MIXMSE): 1.2398, GD: 2.0717e-02,     RMSE: 0.7250, MAE: 0.3403
----------------------------------------------------------------------
Epoch  45/50 | Train Loss: 1.2207 | Val Loss: 1.2308 | LR: 0.000073
  Train - Data Loss (MIXMSE): 1.2177, GD: 3.0919e-03,     RMSE: 0.7155, MAE: 0.3479
  Val   - Data Loss (MIXMSE): 1.2308, GD: 2.3834e-03,     RMSE: 0.7224, MAE: 0.3516
----------------------------------------------------------------------
Epoch  46/50 | Train Loss: 1.2181 | Val Loss: 1.2254 | LR: 0.000073
  Train - Data Loss (MIXMSE): 1.2140, GD: 4.1805e-03,     RMSE: 0.7141, MAE: 0.3481
  Val   - Data Loss (MIXMSE): 1.2254, GD: 3.0155e-03,     RMSE: 0.7208, MAE: 0.3462
----------------------------------------------------------------------
Epoch  47/50 | Train Loss: 1.2145 | Val Loss: 1.2229 | LR: 0.000073
  Train - Data Loss (MIXMSE): 1.2103, GD: 4.3006e-03,     RMSE: 0.7133, MAE: 0.3482
  Val   - Data Loss (MIXMSE): 1.2229, GD: 2.0067e-03,     RMSE: 0.7201, MAE: 0.3442
----------------------------------------------------------------------
Epoch  48/50 | Train Loss: 1.2083 | Val Loss: 1.2135 | LR: 0.000073
  Train - Data Loss (MIXMSE): 1.2037, GD: 4.6859e-03,     RMSE: 0.7114, MAE: 0.3483
  Val   - Data Loss (MIXMSE): 1.2135, GD: 3.8124e-03,     RMSE: 0.7173, MAE: 0.3540
----------------------------------------------------------------------
Epoch  49/50 | Train Loss: 1.2019 | Val Loss: 1.2087 | LR: 0.000073
  Train - Data Loss (MIXMSE): 1.1965, GD: 5.5818e-03,     RMSE: 0.7092, MAE: 0.3481
  Val   - Data Loss (MIXMSE): 1.2087, GD: 9.5565e-03,     RMSE: 0.7159, MAE: 0.3463
----------------------------------------------------------------------
Epoch  50/50 | Train Loss: 1.1950 | Val Loss: 1.1979 | LR: 0.000073
  Train - Data Loss (MIXMSE): 1.1877, GD: 7.4807e-03,     RMSE: 0.7065, MAE: 0.3477
  Val   - Data Loss (MIXMSE): 1.1979, GD: 3.0289e-03,     RMSE: 0.7127, MAE: 0.3410
----------------------------------------------------------------------

Training complete!
Best validation loss: 1.1979 at epoch 50

Evaluating on test set...
Test Loss: 1.1902
Test MIXMSE: 1.1902, GD: 3.2134e-03,     RMSE: 0.7105, MAE: 0.3395