Starting training for 50 epochs...
--- Optuna Trial 51 ---
Device: cuda
Model parameters: 90,035
----------------------------------------------------------------------
Epoch   1/50 | Train Loss: 1.5399 | Val Loss: 1.2779 | LR: 0.007578
  Train - Data Loss (MIXMSE): 1.3112, GD: 9.0379e+01,     RMSE: 0.7423, MAE: 0.3598
  Val   - Data Loss (MIXMSE): 1.2779, GD: 8.1748e-01,     RMSE: 0.7361, MAE: 0.3435
----------------------------------------------------------------------
Epoch   2/50 | Train Loss: 1.2346 | Val Loss: 1.2067 | LR: 0.007578
  Train - Data Loss (MIXMSE): 1.2335, GD: 4.4375e-01,     RMSE: 0.7202, MAE: 0.3471
  Val   - Data Loss (MIXMSE): 1.2067, GD: 2.9896e-01,     RMSE: 0.7153, MAE: 0.3332
----------------------------------------------------------------------
Epoch   3/50 | Train Loss: 1.1272 | Val Loss: 1.0739 | LR: 0.007578
  Train - Data Loss (MIXMSE): 1.1257, GD: 5.9364e-01,     RMSE: 0.6877, MAE: 0.3450
  Val   - Data Loss (MIXMSE): 1.0739, GD: 3.2927e-01,     RMSE: 0.6748, MAE: 0.3425
----------------------------------------------------------------------
Epoch   4/50 | Train Loss: 1.0378 | Val Loss: 1.0153 | LR: 0.007578
  Train - Data Loss (MIXMSE): 1.0368, GD: 4.2119e-01,     RMSE: 0.6599, MAE: 0.3377
  Val   - Data Loss (MIXMSE): 1.0153, GD: 7.5656e-01,     RMSE: 0.6562, MAE: 0.3383
----------------------------------------------------------------------
Epoch   5/50 | Train Loss: 0.9537 | Val Loss: 0.9605 | LR: 0.007578
  Train - Data Loss (MIXMSE): 0.9526, GD: 4.4062e-01,     RMSE: 0.6330, MAE: 0.3294
  Val   - Data Loss (MIXMSE): 0.9605, GD: 2.7308e-01,     RMSE: 0.6382, MAE: 0.3436
----------------------------------------------------------------------
Epoch   6/50 | Train Loss: 0.8861 | Val Loss: 0.8999 | LR: 0.007578
  Train - Data Loss (MIXMSE): 0.8854, GD: 2.7412e-01,     RMSE: 0.6097, MAE: 0.3188
  Val   - Data Loss (MIXMSE): 0.8999, GD: 3.9740e-01,     RMSE: 0.6178, MAE: 0.3198
----------------------------------------------------------------------
Epoch   7/50 | Train Loss: 0.8528 | Val Loss: 0.8661 | LR: 0.007578
  Train - Data Loss (MIXMSE): 0.8523, GD: 2.0324e-01,     RMSE: 0.5983, MAE: 0.3116
  Val   - Data Loss (MIXMSE): 0.8661, GD: 1.2089e-01,     RMSE: 0.6060, MAE: 0.3092
----------------------------------------------------------------------
Epoch   8/50 | Train Loss: 0.8252 | Val Loss: 0.8593 | LR: 0.007578
  Train - Data Loss (MIXMSE): 0.8248, GD: 1.5943e-01,     RMSE: 0.5885, MAE: 0.3056
  Val   - Data Loss (MIXMSE): 0.8593, GD: 1.6215e-01,     RMSE: 0.6036, MAE: 0.3234
----------------------------------------------------------------------
Epoch   9/50 | Train Loss: 0.8351 | Val Loss: 0.8378 | LR: 0.007578
  Train - Data Loss (MIXMSE): 0.8347, GD: 1.5163e-01,     RMSE: 0.5922, MAE: 0.3076
  Val   - Data Loss (MIXMSE): 0.8378, GD: 1.3774e-01,     RMSE: 0.5961, MAE: 0.3026
----------------------------------------------------------------------
Epoch  10/50 | Train Loss: 0.8503 | Val Loss: 1.3541 | LR: 0.007578
  Train - Data Loss (MIXMSE): 0.8500, GD: 1.0906e-01,     RMSE: 0.5965, MAE: 0.3086
  Val   - Data Loss (MIXMSE): 1.3541, GD: 2.8689e-01,     RMSE: 0.7577, MAE: 0.3450
----------------------------------------------------------------------
Epoch  11/50 | Train Loss: 1.0345 | Val Loss: 0.9489 | LR: 0.007578
  Train - Data Loss (MIXMSE): 1.0341, GD: 1.4702e-01,     RMSE: 0.6589, MAE: 0.3347
  Val   - Data Loss (MIXMSE): 0.9489, GD: 1.7022e-01,     RMSE: 0.6342, MAE: 0.3189
----------------------------------------------------------------------
Epoch  12/50 | Train Loss: 0.8825 | Val Loss: 0.9017 | LR: 0.007578
  Train - Data Loss (MIXMSE): 0.8812, GD: 5.2122e-01,     RMSE: 0.6082, MAE: 0.3159
  Val   - Data Loss (MIXMSE): 0.9017, GD: 4.9663e-02,     RMSE: 0.6183, MAE: 0.3077
----------------------------------------------------------------------
Epoch  13/50 | Train Loss: 0.8620 | Val Loss: 0.8706 | LR: 0.007578
  Train - Data Loss (MIXMSE): 0.8618, GD: 5.4222e-02,     RMSE: 0.6016, MAE: 0.3124
  Val   - Data Loss (MIXMSE): 0.8706, GD: 4.2924e-02,     RMSE: 0.6075, MAE: 0.3112
----------------------------------------------------------------------
Epoch  14/50 | Train Loss: 0.8454 | Val Loss: 0.8707 | LR: 0.007578
  Train - Data Loss (MIXMSE): 0.8450, GD: 1.5424e-01,     RMSE: 0.5955, MAE: 0.3099
  Val   - Data Loss (MIXMSE): 0.8707, GD: 9.7394e-01,     RMSE: 0.6075, MAE: 0.3113
----------------------------------------------------------------------
Epoch  15/50 | Train Loss: 0.8395 | Val Loss: 0.8572 | LR: 0.007578
  Train - Data Loss (MIXMSE): 0.8386, GD: 3.6022e-01,     RMSE: 0.5933, MAE: 0.3084
  Val   - Data Loss (MIXMSE): 0.8572, GD: 5.0325e-02,     RMSE: 0.6029, MAE: 0.3054
----------------------------------------------------------------------

--- TRIAL PRUNED AT EPOCH 15 ---