Starting training for 50 epochs...
--- Optuna Trial 10 ---
Device: cuda
Model parameters: 25,122
----------------------------------------------------------------------
Epoch   1/50 | Train Loss: 6.8130 | Val Loss: 1.3451 | LR: 0.008846
  Train - Data Loss (MIXMSE): 1.3393, GD: 4.8754e+03,     RMSE: 0.7507, MAE: 0.3667
  Val   - Data Loss (MIXMSE): 1.3451, GD: 7.2157e-01,     RMSE: 0.7552, MAE: 0.3727
----------------------------------------------------------------------
Epoch   2/50 | Train Loss: 1.2915 | Val Loss: 1.2863 | LR: 0.008846
  Train - Data Loss (MIXMSE): 1.2903, GD: 1.0622e+00,     RMSE: 0.7365, MAE: 0.3575
  Val   - Data Loss (MIXMSE): 1.2863, GD: 1.8954e+00,     RMSE: 0.7385, MAE: 0.3478
----------------------------------------------------------------------
Epoch   3/50 | Train Loss: 1.2505 | Val Loss: 1.2424 | LR: 0.008846
  Train - Data Loss (MIXMSE): 1.2493, GD: 1.1430e+00,     RMSE: 0.7244, MAE: 0.3569
  Val   - Data Loss (MIXMSE): 1.2424, GD: 1.8550e+00,     RMSE: 0.7258, MAE: 0.3571
----------------------------------------------------------------------
Epoch   4/50 | Train Loss: 1.2111 | Val Loss: 1.1993 | LR: 0.008846
  Train - Data Loss (MIXMSE): 1.2100, GD: 1.0078e+00,     RMSE: 0.7129, MAE: 0.3576
  Val   - Data Loss (MIXMSE): 1.1993, GD: 3.1217e-01,     RMSE: 0.7131, MAE: 0.3485
----------------------------------------------------------------------
Epoch   5/50 | Train Loss: 1.1932 | Val Loss: 1.1865 | LR: 0.008846
  Train - Data Loss (MIXMSE): 1.1928, GD: 4.1757e-01,     RMSE: 0.7081, MAE: 0.3549
  Val   - Data Loss (MIXMSE): 1.1865, GD: 1.7226e-01,     RMSE: 0.7093, MAE: 0.3540
----------------------------------------------------------------------
Epoch   6/50 | Train Loss: 1.1739 | Val Loss: 1.1599 | LR: 0.008846
  Train - Data Loss (MIXMSE): 1.1736, GD: 3.2298e-01,     RMSE: 0.7024, MAE: 0.3562
  Val   - Data Loss (MIXMSE): 1.1599, GD: 4.2798e-01,     RMSE: 0.7013, MAE: 0.3502
----------------------------------------------------------------------
Epoch   7/50 | Train Loss: 1.2007 | Val Loss: 1.2740 | LR: 0.008846
  Train - Data Loss (MIXMSE): 1.2005, GD: 2.1720e-01,     RMSE: 0.7102, MAE: 0.3581
  Val   - Data Loss (MIXMSE): 1.2740, GD: 3.5219e-03,     RMSE: 0.7350, MAE: 0.3456
----------------------------------------------------------------------
Epoch   8/50 | Train Loss: 1.2343 | Val Loss: 1.2280 | LR: 0.008846
  Train - Data Loss (MIXMSE): 1.2343, GD: 1.2388e-02,     RMSE: 0.7202, MAE: 0.3543
  Val   - Data Loss (MIXMSE): 1.2280, GD: 1.3710e-02,     RMSE: 0.7216, MAE: 0.3612
----------------------------------------------------------------------
Epoch   9/50 | Train Loss: 1.2099 | Val Loss: 1.2173 | LR: 0.008846
  Train - Data Loss (MIXMSE): 1.2099, GD: 4.1507e-02,     RMSE: 0.7134, MAE: 0.3544
  Val   - Data Loss (MIXMSE): 1.2173, GD: 1.1622e-02,     RMSE: 0.7185, MAE: 0.3539
----------------------------------------------------------------------
Epoch  10/50 | Train Loss: 1.1900 | Val Loss: 1.1704 | LR: 0.008846
  Train - Data Loss (MIXMSE): 1.1898, GD: 1.3888e-01,     RMSE: 0.7074, MAE: 0.3564
  Val   - Data Loss (MIXMSE): 1.1704, GD: 1.2195e-01,     RMSE: 0.7045, MAE: 0.3476
----------------------------------------------------------------------
Epoch  11/50 | Train Loss: 1.1578 | Val Loss: 1.1696 | LR: 0.008846
  Train - Data Loss (MIXMSE): 1.1576, GD: 1.6175e-01,     RMSE: 0.6973, MAE: 0.3538
  Val   - Data Loss (MIXMSE): 1.1696, GD: 1.5478e-01,     RMSE: 0.7043, MAE: 0.3393
----------------------------------------------------------------------
Epoch  12/50 | Train Loss: 1.1336 | Val Loss: 1.1052 | LR: 0.008846
  Train - Data Loss (MIXMSE): 1.1335, GD: 1.2503e-01,     RMSE: 0.6898, MAE: 0.3507
  Val   - Data Loss (MIXMSE): 1.1052, GD: 1.5922e-01,     RMSE: 0.6846, MAE: 0.3460
----------------------------------------------------------------------
Epoch  13/50 | Train Loss: 1.0359 | Val Loss: 1.0116 | LR: 0.008846
  Train - Data Loss (MIXMSE): 1.0357, GD: 1.4020e-01,     RMSE: 0.6600, MAE: 0.3394
  Val   - Data Loss (MIXMSE): 1.0116, GD: 1.3862e-01,     RMSE: 0.6550, MAE: 0.3289
----------------------------------------------------------------------
Epoch  14/50 | Train Loss: 0.9707 | Val Loss: 0.9805 | LR: 0.008846
  Train - Data Loss (MIXMSE): 0.9705, GD: 2.6128e-01,     RMSE: 0.6384, MAE: 0.3315
  Val   - Data Loss (MIXMSE): 0.9805, GD: 3.7133e-01,     RMSE: 0.6448, MAE: 0.3331
----------------------------------------------------------------------
Epoch  15/50 | Train Loss: 0.9410 | Val Loss: 0.9400 | LR: 0.008846
  Train - Data Loss (MIXMSE): 0.9405, GD: 3.9782e-01,     RMSE: 0.6286, MAE: 0.3297
  Val   - Data Loss (MIXMSE): 0.9400, GD: 3.1138e-01,     RMSE: 0.6314, MAE: 0.3311
----------------------------------------------------------------------
Epoch  16/50 | Train Loss: 0.8999 | Val Loss: 0.9346 | LR: 0.008846
  Train - Data Loss (MIXMSE): 0.8997, GD: 1.9482e-01,     RMSE: 0.6148, MAE: 0.3231
  Val   - Data Loss (MIXMSE): 0.9346, GD: 2.0127e-01,     RMSE: 0.6295, MAE: 0.3228
----------------------------------------------------------------------
Epoch  17/50 | Train Loss: 0.8829 | Val Loss: 0.8997 | LR: 0.008846
  Train - Data Loss (MIXMSE): 0.8827, GD: 1.7323e-01,     RMSE: 0.6088, MAE: 0.3187
  Val   - Data Loss (MIXMSE): 0.8997, GD: 1.6146e-01,     RMSE: 0.6176, MAE: 0.3152
----------------------------------------------------------------------
Epoch  18/50 | Train Loss: 0.8634 | Val Loss: 0.9040 | LR: 0.008846
  Train - Data Loss (MIXMSE): 0.8632, GD: 1.3749e-01,     RMSE: 0.6020, MAE: 0.3139
  Val   - Data Loss (MIXMSE): 0.9040, GD: 1.2180e-01,     RMSE: 0.6191, MAE: 0.3137
----------------------------------------------------------------------
Epoch  19/50 | Train Loss: 0.8599 | Val Loss: 0.8836 | LR: 0.008846
  Train - Data Loss (MIXMSE): 0.8597, GD: 1.2968e-01,     RMSE: 0.6007, MAE: 0.3127
  Val   - Data Loss (MIXMSE): 0.8836, GD: 1.0777e-01,     RMSE: 0.6122, MAE: 0.3107
----------------------------------------------------------------------
Epoch  20/50 | Train Loss: 0.8496 | Val Loss: 0.8761 | LR: 0.008846
  Train - Data Loss (MIXMSE): 0.8495, GD: 1.2275e-01,     RMSE: 0.5972, MAE: 0.3102
  Val   - Data Loss (MIXMSE): 0.8761, GD: 1.0403e-01,     RMSE: 0.6095, MAE: 0.3096
----------------------------------------------------------------------

--- TRIAL PRUNED AT EPOCH 20 ---