Starting training for 50 epochs...
--- Optuna Trial 3 ---
Device: cuda
Model parameters: 457,892
----------------------------------------------------------------------
Epoch   1/50 | Train Loss: 5.3783 | Val Loss: 1.3559 | LR: 0.002586
  Train - Data Loss (MIXMSE): 1.3457, GD: 2.4881e+01,     RMSE: 0.7522, MAE: 0.3699
  Val   - Data Loss (MIXMSE): 1.3559, GD: 8.3588e-03,     RMSE: 0.7582, MAE: 0.3575
----------------------------------------------------------------------
Epoch   2/50 | Train Loss: 1.3315 | Val Loss: 1.3520 | LR: 0.002586
  Train - Data Loss (MIXMSE): 1.3299, GD: 9.8994e-03,     RMSE: 0.7479, MAE: 0.3631
  Val   - Data Loss (MIXMSE): 1.3520, GD: 9.8924e-03,     RMSE: 0.7571, MAE: 0.3617
----------------------------------------------------------------------
Epoch   3/50 | Train Loss: 1.3281 | Val Loss: 1.3466 | LR: 0.002586
  Train - Data Loss (MIXMSE): 1.3254, GD: 1.6170e-02,     RMSE: 0.7465, MAE: 0.3629
  Val   - Data Loss (MIXMSE): 1.3466, GD: 1.1631e-01,     RMSE: 0.7556, MAE: 0.3484
----------------------------------------------------------------------
Epoch   4/50 | Train Loss: 1.3173 | Val Loss: 1.3398 | LR: 0.002586
  Train - Data Loss (MIXMSE): 1.3127, GD: 2.8494e-02,     RMSE: 0.7433, MAE: 0.3588
  Val   - Data Loss (MIXMSE): 1.3398, GD: 2.4499e-02,     RMSE: 0.7537, MAE: 0.3592
----------------------------------------------------------------------
Epoch   5/50 | Train Loss: 1.2939 | Val Loss: 1.2930 | LR: 0.002586
  Train - Data Loss (MIXMSE): 1.2905, GD: 2.0695e-02,     RMSE: 0.7368, MAE: 0.3544
  Val   - Data Loss (MIXMSE): 1.2930, GD: 1.2710e-02,     RMSE: 0.7404, MAE: 0.3667
----------------------------------------------------------------------
Epoch   6/50 | Train Loss: 1.2772 | Val Loss: 1.2789 | LR: 0.002586
  Train - Data Loss (MIXMSE): 1.2725, GD: 2.9222e-02,     RMSE: 0.7315, MAE: 0.3526
  Val   - Data Loss (MIXMSE): 1.2789, GD: 1.9167e-02,     RMSE: 0.7364, MAE: 0.3530
----------------------------------------------------------------------
Epoch   7/50 | Train Loss: 1.2592 | Val Loss: 1.2579 | LR: 0.002586
  Train - Data Loss (MIXMSE): 1.2571, GD: 1.2589e-02,     RMSE: 0.7270, MAE: 0.3520
  Val   - Data Loss (MIXMSE): 1.2579, GD: 1.1583e-02,     RMSE: 0.7303, MAE: 0.3508
----------------------------------------------------------------------
Epoch   8/50 | Train Loss: 1.2473 | Val Loss: 1.2498 | LR: 0.002586
  Train - Data Loss (MIXMSE): 1.2442, GD: 1.9350e-02,     RMSE: 0.7229, MAE: 0.3533
  Val   - Data Loss (MIXMSE): 1.2498, GD: 2.0383e-02,     RMSE: 0.7279, MAE: 0.3448
----------------------------------------------------------------------
Epoch   9/50 | Train Loss: 1.2177 | Val Loss: 1.1992 | LR: 0.002586
  Train - Data Loss (MIXMSE): 1.2120, GD: 3.5426e-02,     RMSE: 0.7139, MAE: 0.3495
  Val   - Data Loss (MIXMSE): 1.1992, GD: 1.8903e-02,     RMSE: 0.7131, MAE: 0.3541
----------------------------------------------------------------------
Epoch  10/50 | Train Loss: 1.3484 | Val Loss: 1.2982 | LR: 0.002586
  Train - Data Loss (MIXMSE): 1.2818, GD: 4.1083e-01,     RMSE: 0.7339, MAE: 0.3567
  Val   - Data Loss (MIXMSE): 1.2982, GD: 1.6919e-02,     RMSE: 0.7419, MAE: 0.3471
----------------------------------------------------------------------
Epoch  11/50 | Train Loss: 1.2813 | Val Loss: 1.2800 | LR: 0.002586
  Train - Data Loss (MIXMSE): 1.2771, GD: 2.6086e-02,     RMSE: 0.7324, MAE: 0.3499
  Val   - Data Loss (MIXMSE): 1.2800, GD: 3.5384e-02,     RMSE: 0.7367, MAE: 0.3525
----------------------------------------------------------------------
Epoch  12/50 | Train Loss: 1.2439 | Val Loss: 1.2284 | LR: 0.002586
  Train - Data Loss (MIXMSE): 1.2419, GD: 1.2546e-02,     RMSE: 0.7225, MAE: 0.3517
  Val   - Data Loss (MIXMSE): 1.2284, GD: 2.2476e-02,     RMSE: 0.7217, MAE: 0.3453
----------------------------------------------------------------------
Epoch  13/50 | Train Loss: 1.2097 | Val Loss: 1.1898 | LR: 0.002586
  Train - Data Loss (MIXMSE): 1.2073, GD: 1.4615e-02,     RMSE: 0.7122, MAE: 0.3546
  Val   - Data Loss (MIXMSE): 1.1898, GD: 1.2642e-02,     RMSE: 0.7102, MAE: 0.3614
----------------------------------------------------------------------
Epoch  14/50 | Train Loss: 1.1737 | Val Loss: 1.1720 | LR: 0.002586
  Train - Data Loss (MIXMSE): 1.1706, GD: 1.9183e-02,     RMSE: 0.7016, MAE: 0.3561
  Val   - Data Loss (MIXMSE): 1.1720, GD: 1.8598e-02,     RMSE: 0.7049, MAE: 0.3485
----------------------------------------------------------------------
Epoch  15/50 | Train Loss: 1.1493 | Val Loss: 1.1559 | LR: 0.002586
  Train - Data Loss (MIXMSE): 1.1463, GD: 1.8422e-02,     RMSE: 0.6939, MAE: 0.3553
  Val   - Data Loss (MIXMSE): 1.1559, GD: 2.0499e-02,     RMSE: 0.7000, MAE: 0.3610
----------------------------------------------------------------------
Epoch  16/50 | Train Loss: 1.1221 | Val Loss: 1.1193 | LR: 0.002586
  Train - Data Loss (MIXMSE): 1.1196, GD: 1.5432e-02,     RMSE: 0.6858, MAE: 0.3554
  Val   - Data Loss (MIXMSE): 1.1193, GD: 1.1302e-02,     RMSE: 0.6889, MAE: 0.3463
----------------------------------------------------------------------
Epoch  17/50 | Train Loss: 1.1064 | Val Loss: 1.1057 | LR: 0.002586
  Train - Data Loss (MIXMSE): 1.1036, GD: 1.7130e-02,     RMSE: 0.6811, MAE: 0.3540
  Val   - Data Loss (MIXMSE): 1.1057, GD: 2.2598e-02,     RMSE: 0.6847, MAE: 0.3434
----------------------------------------------------------------------
Epoch  18/50 | Train Loss: 1.0587 | Val Loss: 1.0306 | LR: 0.002586
  Train - Data Loss (MIXMSE): 1.0501, GD: 5.2919e-02,     RMSE: 0.6643, MAE: 0.3447
  Val   - Data Loss (MIXMSE): 1.0306, GD: 3.9305e-02,     RMSE: 0.6611, MAE: 0.3338
----------------------------------------------------------------------
Epoch  19/50 | Train Loss: 0.9982 | Val Loss: 0.9803 | LR: 0.002586
  Train - Data Loss (MIXMSE): 0.9922, GD: 3.7484e-02,     RMSE: 0.6457, MAE: 0.3352
  Val   - Data Loss (MIXMSE): 0.9803, GD: 2.6504e-02,     RMSE: 0.6447, MAE: 0.3370
----------------------------------------------------------------------
Epoch  20/50 | Train Loss: 0.9057 | Val Loss: 0.8667 | LR: 0.002586
  Train - Data Loss (MIXMSE): 0.9015, GD: 2.6200e-02,     RMSE: 0.6154, MAE: 0.3219
  Val   - Data Loss (MIXMSE): 0.8667, GD: 1.9103e-02,     RMSE: 0.6062, MAE: 0.3184
----------------------------------------------------------------------
Epoch  21/50 | Train Loss: 0.8321 | Val Loss: 0.8415 | LR: 0.002586
  Train - Data Loss (MIXMSE): 0.8307, GD: 8.7529e-03,     RMSE: 0.5904, MAE: 0.3097
  Val   - Data Loss (MIXMSE): 0.8415, GD: 3.9514e-03,     RMSE: 0.5974, MAE: 0.3025
----------------------------------------------------------------------
Epoch  22/50 | Train Loss: 0.8122 | Val Loss: 0.8212 | LR: 0.002586
  Train - Data Loss (MIXMSE): 0.8114, GD: 5.0143e-03,     RMSE: 0.5835, MAE: 0.3054
  Val   - Data Loss (MIXMSE): 0.8212, GD: 4.7634e-03,     RMSE: 0.5901, MAE: 0.2990
----------------------------------------------------------------------
Epoch  23/50 | Train Loss: 0.8004 | Val Loss: 0.8141 | LR: 0.002586
  Train - Data Loss (MIXMSE): 0.7996, GD: 4.6641e-03,     RMSE: 0.5793, MAE: 0.3026
  Val   - Data Loss (MIXMSE): 0.8141, GD: 4.1162e-03,     RMSE: 0.5875, MAE: 0.3067
----------------------------------------------------------------------
Epoch  24/50 | Train Loss: 0.7874 | Val Loss: 0.8186 | LR: 0.002586
  Train - Data Loss (MIXMSE): 0.7867, GD: 4.4247e-03,     RMSE: 0.5746, MAE: 0.2992
  Val   - Data Loss (MIXMSE): 0.8186, GD: 4.8733e-03,     RMSE: 0.5892, MAE: 0.2950
----------------------------------------------------------------------
Epoch  25/50 | Train Loss: 0.7820 | Val Loss: 0.7968 | LR: 0.002586
  Train - Data Loss (MIXMSE): 0.7813, GD: 4.1054e-03,     RMSE: 0.5725, MAE: 0.2978
  Val   - Data Loss (MIXMSE): 0.7968, GD: 3.3385e-03,     RMSE: 0.5813, MAE: 0.2919
----------------------------------------------------------------------
Epoch  26/50 | Train Loss: 0.7737 | Val Loss: 0.8093 | LR: 0.002586
  Train - Data Loss (MIXMSE): 0.7730, GD: 4.1262e-03,     RMSE: 0.5699, MAE: 0.2960
  Val   - Data Loss (MIXMSE): 0.8093, GD: 3.8875e-03,     RMSE: 0.5858, MAE: 0.2915
----------------------------------------------------------------------
Epoch  27/50 | Train Loss: 0.7715 | Val Loss: 0.8012 | LR: 0.002586
  Train - Data Loss (MIXMSE): 0.7709, GD: 3.6730e-03,     RMSE: 0.5690, MAE: 0.2955
  Val   - Data Loss (MIXMSE): 0.8012, GD: 5.4237e-03,     RMSE: 0.5828, MAE: 0.3085
----------------------------------------------------------------------
Epoch  28/50 | Train Loss: 0.7684 | Val Loss: 0.8004 | LR: 0.002586
  Train - Data Loss (MIXMSE): 0.7678, GD: 3.6862e-03,     RMSE: 0.5678, MAE: 0.2944
  Val   - Data Loss (MIXMSE): 0.8004, GD: 2.5772e-03,     RMSE: 0.5825, MAE: 0.2849
----------------------------------------------------------------------
Epoch  29/50 | Train Loss: 0.7654 | Val Loss: 0.7920 | LR: 0.002586
  Train - Data Loss (MIXMSE): 0.7650, GD: 2.9194e-03,     RMSE: 0.5666, MAE: 0.2936
  Val   - Data Loss (MIXMSE): 0.7920, GD: 2.3175e-03,     RMSE: 0.5795, MAE: 0.2948
----------------------------------------------------------------------
Epoch  30/50 | Train Loss: 0.7659 | Val Loss: 0.7855 | LR: 0.002586
  Train - Data Loss (MIXMSE): 0.7652, GD: 4.2220e-03,     RMSE: 0.5665, MAE: 0.2933
  Val   - Data Loss (MIXMSE): 0.7855, GD: 2.8280e-03,     RMSE: 0.5771, MAE: 0.2903
----------------------------------------------------------------------
Epoch  31/50 | Train Loss: 0.7627 | Val Loss: 0.7835 | LR: 0.002586
  Train - Data Loss (MIXMSE): 0.7620, GD: 3.8792e-03,     RMSE: 0.5655, MAE: 0.2929
  Val   - Data Loss (MIXMSE): 0.7835, GD: 1.6485e-03,     RMSE: 0.5764, MAE: 0.2849
----------------------------------------------------------------------
Epoch  32/50 | Train Loss: 0.7603 | Val Loss: 0.7947 | LR: 0.002586
  Train - Data Loss (MIXMSE): 0.7595, GD: 4.7940e-03,     RMSE: 0.5643, MAE: 0.2920
  Val   - Data Loss (MIXMSE): 0.7947, GD: 2.9211e-03,     RMSE: 0.5805, MAE: 0.2943
----------------------------------------------------------------------
Epoch  33/50 | Train Loss: 0.7583 | Val Loss: 0.7822 | LR: 0.002586
  Train - Data Loss (MIXMSE): 0.7579, GD: 2.6343e-03,     RMSE: 0.5640, MAE: 0.2917
  Val   - Data Loss (MIXMSE): 0.7822, GD: 2.2431e-03,     RMSE: 0.5759, MAE: 0.2910
----------------------------------------------------------------------
Epoch  34/50 | Train Loss: 0.7565 | Val Loss: 0.7746 | LR: 0.002586
  Train - Data Loss (MIXMSE): 0.7561, GD: 2.4940e-03,     RMSE: 0.5635, MAE: 0.2906
  Val   - Data Loss (MIXMSE): 0.7746, GD: 1.6311e-03,     RMSE: 0.5731, MAE: 0.2889
----------------------------------------------------------------------
Epoch  35/50 | Train Loss: 0.7520 | Val Loss: 0.7774 | LR: 0.002586
  Train - Data Loss (MIXMSE): 0.7514, GD: 3.5913e-03,     RMSE: 0.5619, MAE: 0.2893
  Val   - Data Loss (MIXMSE): 0.7774, GD: 1.9611e-03,     RMSE: 0.5741, MAE: 0.2942
----------------------------------------------------------------------
Epoch  36/50 | Train Loss: 0.7622 | Val Loss: 0.7719 | LR: 0.002586
  Train - Data Loss (MIXMSE): 0.7617, GD: 2.5751e-03,     RMSE: 0.5653, MAE: 0.2918
  Val   - Data Loss (MIXMSE): 0.7719, GD: 2.0221e-03,     RMSE: 0.5721, MAE: 0.2910
----------------------------------------------------------------------
Epoch  37/50 | Train Loss: 0.7516 | Val Loss: 0.7765 | LR: 0.002586
  Train - Data Loss (MIXMSE): 0.7511, GD: 2.9470e-03,     RMSE: 0.5617, MAE: 0.2889
  Val   - Data Loss (MIXMSE): 0.7765, GD: 9.8895e-04,     RMSE: 0.5738, MAE: 0.2960
----------------------------------------------------------------------
Epoch  38/50 | Train Loss: 0.7548 | Val Loss: 0.7861 | LR: 0.002586
  Train - Data Loss (MIXMSE): 0.7546, GD: 1.1722e-03,     RMSE: 0.5625, MAE: 0.2900
  Val   - Data Loss (MIXMSE): 0.7861, GD: 1.0447e-03,     RMSE: 0.5774, MAE: 0.2857
----------------------------------------------------------------------
Epoch  39/50 | Train Loss: 0.7548 | Val Loss: 0.7734 | LR: 0.002586
  Train - Data Loss (MIXMSE): 0.7546, GD: 1.4070e-03,     RMSE: 0.5626, MAE: 0.2904
  Val   - Data Loss (MIXMSE): 0.7734, GD: 8.7411e-04,     RMSE: 0.5727, MAE: 0.2873
----------------------------------------------------------------------
Epoch  40/50 | Train Loss: 0.7464 | Val Loss: 0.7615 | LR: 0.002586
  Train - Data Loss (MIXMSE): 0.7460, GD: 2.1944e-03,     RMSE: 0.5597, MAE: 0.2879
  Val   - Data Loss (MIXMSE): 0.7615, GD: 2.2434e-03,     RMSE: 0.5682, MAE: 0.2851
----------------------------------------------------------------------
Epoch  41/50 | Train Loss: 0.7430 | Val Loss: 0.7541 | LR: 0.002586
  Train - Data Loss (MIXMSE): 0.7428, GD: 1.2224e-03,     RMSE: 0.5582, MAE: 0.2869
  Val   - Data Loss (MIXMSE): 0.7541, GD: 1.4478e-03,     RMSE: 0.5655, MAE: 0.2821
----------------------------------------------------------------------
Epoch  42/50 | Train Loss: 0.7409 | Val Loss: 0.7637 | LR: 0.002586
  Train - Data Loss (MIXMSE): 0.7403, GD: 3.7285e-03,     RMSE: 0.5575, MAE: 0.2864
  Val   - Data Loss (MIXMSE): 0.7637, GD: 8.2270e-04,     RMSE: 0.5691, MAE: 0.2904
----------------------------------------------------------------------
Epoch  43/50 | Train Loss: 0.7383 | Val Loss: 0.7693 | LR: 0.002586
  Train - Data Loss (MIXMSE): 0.7381, GD: 8.4281e-04,     RMSE: 0.5564, MAE: 0.2862
  Val   - Data Loss (MIXMSE): 0.7693, GD: 5.4854e-04,     RMSE: 0.5711, MAE: 0.2819
----------------------------------------------------------------------
Epoch  44/50 | Train Loss: 0.7404 | Val Loss: 0.7606 | LR: 0.002586
  Train - Data Loss (MIXMSE): 0.7403, GD: 1.0744e-03,     RMSE: 0.5570, MAE: 0.2869
  Val   - Data Loss (MIXMSE): 0.7606, GD: 6.5640e-04,     RMSE: 0.5679, MAE: 0.2864
----------------------------------------------------------------------
Epoch  45/50 | Train Loss: 0.7379 | Val Loss: 0.7604 | LR: 0.002586
  Train - Data Loss (MIXMSE): 0.7377, GD: 1.2667e-03,     RMSE: 0.5562, MAE: 0.2858
  Val   - Data Loss (MIXMSE): 0.7604, GD: 2.7541e-03,     RMSE: 0.5679, MAE: 0.2845
----------------------------------------------------------------------
Epoch  46/50 | Train Loss: 0.7363 | Val Loss: 0.7636 | LR: 0.002586
  Train - Data Loss (MIXMSE): 0.7360, GD: 1.7175e-03,     RMSE: 0.5556, MAE: 0.2856
  Val   - Data Loss (MIXMSE): 0.7636, GD: 3.6066e-03,     RMSE: 0.5690, MAE: 0.2820
----------------------------------------------------------------------
Epoch  47/50 | Train Loss: 0.7353 | Val Loss: 0.7560 | LR: 0.002586
  Train - Data Loss (MIXMSE): 0.7351, GD: 1.2456e-03,     RMSE: 0.5555, MAE: 0.2856
  Val   - Data Loss (MIXMSE): 0.7560, GD: 7.7856e-04,     RMSE: 0.5662, MAE: 0.2814
----------------------------------------------------------------------
Epoch  48/50 | Train Loss: 0.7329 | Val Loss: 0.7634 | LR: 0.002586
  Train - Data Loss (MIXMSE): 0.7327, GD: 1.4273e-03,     RMSE: 0.5545, MAE: 0.2849
  Val   - Data Loss (MIXMSE): 0.7634, GD: 6.8630e-04,     RMSE: 0.5690, MAE: 0.2880
----------------------------------------------------------------------
Epoch  49/50 | Train Loss: 0.7359 | Val Loss: 0.7562 | LR: 0.002586
  Train - Data Loss (MIXMSE): 0.7357, GD: 1.5346e-03,     RMSE: 0.5558, MAE: 0.2856
  Val   - Data Loss (MIXMSE): 0.7562, GD: 8.5707e-04,     RMSE: 0.5663, MAE: 0.2878
----------------------------------------------------------------------
Epoch  50/50 | Train Loss: 0.7340 | Val Loss: 0.7579 | LR: 0.002586
  Train - Data Loss (MIXMSE): 0.7338, GD: 1.4369e-03,     RMSE: 0.5550, MAE: 0.2850
  Val   - Data Loss (MIXMSE): 0.7579, GD: 9.3912e-04,     RMSE: 0.5669, MAE: 0.2794
----------------------------------------------------------------------

Training complete!
Best validation loss: 0.7541 at epoch 41

Evaluating on test set...
Test Loss: 0.7391
Test MIXMSE: 0.7391, GD: 9.2072e-04,     RMSE: 0.5599, MAE: 0.2770