Starting training for 50 epochs...
--- Optuna Trial 34 ---
Device: cuda
Model parameters: 69,346
----------------------------------------------------------------------
Epoch   1/50 | Train Loss: 2.2661 | Val Loss: 1.3513 | LR: 0.003200
  Train - Data Loss (MIXMSE): 1.3340, GD: 6.3512e+02,     RMSE: 0.7492, MAE: 0.3635
  Val   - Data Loss (MIXMSE): 1.3513, GD: 8.7627e-02,     RMSE: 0.7569, MAE: 0.3648
----------------------------------------------------------------------
Epoch   2/50 | Train Loss: 1.3229 | Val Loss: 1.3321 | LR: 0.003200
  Train - Data Loss (MIXMSE): 1.3228, GD: 6.8626e-02,     RMSE: 0.7460, MAE: 0.3627
  Val   - Data Loss (MIXMSE): 1.3321, GD: 5.9028e-01,     RMSE: 0.7515, MAE: 0.3847
----------------------------------------------------------------------
Epoch   3/50 | Train Loss: 1.2579 | Val Loss: 1.2312 | LR: 0.003200
  Train - Data Loss (MIXMSE): 1.2565, GD: 9.6302e-01,     RMSE: 0.7267, MAE: 0.3507
  Val   - Data Loss (MIXMSE): 1.2312, GD: 6.9937e+00,     RMSE: 0.7225, MAE: 0.3453
----------------------------------------------------------------------
Epoch   4/50 | Train Loss: 1.1546 | Val Loss: 1.1184 | LR: 0.003200
  Train - Data Loss (MIXMSE): 1.1493, GD: 3.6411e+00,     RMSE: 0.6949, MAE: 0.3435
  Val   - Data Loss (MIXMSE): 1.1184, GD: 3.1495e+00,     RMSE: 0.6887, MAE: 0.3410
----------------------------------------------------------------------
Epoch   5/50 | Train Loss: 1.0474 | Val Loss: 0.9981 | LR: 0.003200
  Train - Data Loss (MIXMSE): 1.0431, GD: 2.9273e+00,     RMSE: 0.6621, MAE: 0.3385
  Val   - Data Loss (MIXMSE): 0.9981, GD: 3.6338e+00,     RMSE: 0.6506, MAE: 0.3286
----------------------------------------------------------------------
Epoch   6/50 | Train Loss: 0.9212 | Val Loss: 0.8993 | LR: 0.003200
  Train - Data Loss (MIXMSE): 0.9162, GD: 3.3476e+00,     RMSE: 0.6203, MAE: 0.3246
  Val   - Data Loss (MIXMSE): 0.8993, GD: 2.4723e+00,     RMSE: 0.6175, MAE: 0.3136
----------------------------------------------------------------------
Epoch   7/50 | Train Loss: 0.8747 | Val Loss: 0.9004 | LR: 0.003200
  Train - Data Loss (MIXMSE): 0.8721, GD: 1.8242e+00,     RMSE: 0.6049, MAE: 0.3173
  Val   - Data Loss (MIXMSE): 0.9004, GD: 1.6442e+00,     RMSE: 0.6179, MAE: 0.3154
----------------------------------------------------------------------
Epoch   8/50 | Train Loss: 0.8499 | Val Loss: 0.8594 | LR: 0.003200
  Train - Data Loss (MIXMSE): 0.8476, GD: 1.5798e+00,     RMSE: 0.5966, MAE: 0.3120
  Val   - Data Loss (MIXMSE): 0.8594, GD: 1.6851e+00,     RMSE: 0.6037, MAE: 0.3257
----------------------------------------------------------------------
Epoch   9/50 | Train Loss: 0.8293 | Val Loss: 0.8358 | LR: 0.003200
  Train - Data Loss (MIXMSE): 0.8270, GD: 1.5131e+00,     RMSE: 0.5892, MAE: 0.3071
  Val   - Data Loss (MIXMSE): 0.8358, GD: 1.3271e+00,     RMSE: 0.5954, MAE: 0.3046
----------------------------------------------------------------------
Epoch  10/50 | Train Loss: 0.8161 | Val Loss: 0.8324 | LR: 0.003200
  Train - Data Loss (MIXMSE): 0.8142, GD: 1.2799e+00,     RMSE: 0.5847, MAE: 0.3039
  Val   - Data Loss (MIXMSE): 0.8324, GD: 1.4644e+00,     RMSE: 0.5942, MAE: 0.2956
----------------------------------------------------------------------
Epoch  11/50 | Train Loss: 0.8028 | Val Loss: 0.8328 | LR: 0.003200
  Train - Data Loss (MIXMSE): 0.8012, GD: 1.1363e+00,     RMSE: 0.5798, MAE: 0.3011
  Val   - Data Loss (MIXMSE): 0.8328, GD: 9.3733e-01,     RMSE: 0.5943, MAE: 0.3035
----------------------------------------------------------------------
Epoch  12/50 | Train Loss: 0.7918 | Val Loss: 0.8201 | LR: 0.003200
  Train - Data Loss (MIXMSE): 0.7903, GD: 1.0098e+00,     RMSE: 0.5762, MAE: 0.2983
  Val   - Data Loss (MIXMSE): 0.8201, GD: 1.1820e+00,     RMSE: 0.5897, MAE: 0.3097
----------------------------------------------------------------------
Epoch  13/50 | Train Loss: 0.7861 | Val Loss: 0.7963 | LR: 0.003200
  Train - Data Loss (MIXMSE): 0.7845, GD: 1.0839e+00,     RMSE: 0.5738, MAE: 0.2976
  Val   - Data Loss (MIXMSE): 0.7963, GD: 8.2771e-01,     RMSE: 0.5811, MAE: 0.2962
----------------------------------------------------------------------
Epoch  14/50 | Train Loss: 0.7849 | Val Loss: 0.7984 | LR: 0.003200
  Train - Data Loss (MIXMSE): 0.7834, GD: 1.0003e+00,     RMSE: 0.5732, MAE: 0.2968
  Val   - Data Loss (MIXMSE): 0.7984, GD: 1.1808e+00,     RMSE: 0.5819, MAE: 0.3012
----------------------------------------------------------------------
Epoch  15/50 | Train Loss: 0.7769 | Val Loss: 0.7947 | LR: 0.003200
  Train - Data Loss (MIXMSE): 0.7754, GD: 1.0441e+00,     RMSE: 0.5704, MAE: 0.2954
  Val   - Data Loss (MIXMSE): 0.7947, GD: 7.2575e-01,     RMSE: 0.5805, MAE: 0.2919
----------------------------------------------------------------------
Epoch  16/50 | Train Loss: 0.7722 | Val Loss: 0.7919 | LR: 0.003200
  Train - Data Loss (MIXMSE): 0.7707, GD: 1.0088e+00,     RMSE: 0.5688, MAE: 0.2950
  Val   - Data Loss (MIXMSE): 0.7919, GD: 5.2064e-01,     RMSE: 0.5795, MAE: 0.2876
----------------------------------------------------------------------
Epoch  17/50 | Train Loss: 0.7756 | Val Loss: 0.8110 | LR: 0.003200
  Train - Data Loss (MIXMSE): 0.7741, GD: 9.9380e-01,     RMSE: 0.5700, MAE: 0.2952
  Val   - Data Loss (MIXMSE): 0.8110, GD: 9.9044e-01,     RMSE: 0.5865, MAE: 0.3056
----------------------------------------------------------------------
Epoch  18/50 | Train Loss: 0.7686 | Val Loss: 0.7871 | LR: 0.003200
  Train - Data Loss (MIXMSE): 0.7671, GD: 9.8580e-01,     RMSE: 0.5675, MAE: 0.2941
  Val   - Data Loss (MIXMSE): 0.7871, GD: 1.3874e+00,     RMSE: 0.5777, MAE: 0.2935
----------------------------------------------------------------------
Epoch  19/50 | Train Loss: 0.7650 | Val Loss: 0.7942 | LR: 0.003200
  Train - Data Loss (MIXMSE): 0.7635, GD: 9.9340e-01,     RMSE: 0.5662, MAE: 0.2934
  Val   - Data Loss (MIXMSE): 0.7942, GD: 8.1909e-01,     RMSE: 0.5803, MAE: 0.3061
----------------------------------------------------------------------
Epoch  20/50 | Train Loss: 0.7638 | Val Loss: 0.7767 | LR: 0.003200
  Train - Data Loss (MIXMSE): 0.7623, GD: 9.7744e-01,     RMSE: 0.5656, MAE: 0.2926
  Val   - Data Loss (MIXMSE): 0.7767, GD: 7.7507e-01,     RMSE: 0.5739, MAE: 0.2942
----------------------------------------------------------------------
Epoch  21/50 | Train Loss: 0.7621 | Val Loss: 0.7771 | LR: 0.003200
  Train - Data Loss (MIXMSE): 0.7608, GD: 8.9613e-01,     RMSE: 0.5649, MAE: 0.2926
  Val   - Data Loss (MIXMSE): 0.7771, GD: 5.3171e-01,     RMSE: 0.5741, MAE: 0.2893
----------------------------------------------------------------------
Epoch  22/50 | Train Loss: 0.7584 | Val Loss: 0.7817 | LR: 0.003200
  Train - Data Loss (MIXMSE): 0.7569, GD: 9.6460e-01,     RMSE: 0.5635, MAE: 0.2913
  Val   - Data Loss (MIXMSE): 0.7817, GD: 8.9741e-01,     RMSE: 0.5758, MAE: 0.2843
----------------------------------------------------------------------
Epoch  23/50 | Train Loss: 0.7559 | Val Loss: 0.7927 | LR: 0.003200
  Train - Data Loss (MIXMSE): 0.7544, GD: 1.0532e+00,     RMSE: 0.5626, MAE: 0.2910
  Val   - Data Loss (MIXMSE): 0.7927, GD: 1.6735e+00,     RMSE: 0.5798, MAE: 0.2901
----------------------------------------------------------------------
Epoch  24/50 | Train Loss: 0.7587 | Val Loss: 0.7693 | LR: 0.003200
  Train - Data Loss (MIXMSE): 0.7569, GD: 1.2611e+00,     RMSE: 0.5635, MAE: 0.2916
  Val   - Data Loss (MIXMSE): 0.7693, GD: 1.7826e+00,     RMSE: 0.5712, MAE: 0.2869
----------------------------------------------------------------------
Epoch  25/50 | Train Loss: 0.7536 | Val Loss: 0.7710 | LR: 0.003200
  Train - Data Loss (MIXMSE): 0.7514, GD: 1.4710e+00,     RMSE: 0.5618, MAE: 0.2902
  Val   - Data Loss (MIXMSE): 0.7710, GD: 1.0582e+00,     RMSE: 0.5717, MAE: 0.2908
----------------------------------------------------------------------
Epoch  26/50 | Train Loss: 0.7531 | Val Loss: 0.7677 | LR: 0.003200
  Train - Data Loss (MIXMSE): 0.7506, GD: 1.6656e+00,     RMSE: 0.5615, MAE: 0.2899
  Val   - Data Loss (MIXMSE): 0.7677, GD: 1.2961e+00,     RMSE: 0.5706, MAE: 0.2907
----------------------------------------------------------------------
Epoch  27/50 | Train Loss: 0.7493 | Val Loss: 0.7610 | LR: 0.003200
  Train - Data Loss (MIXMSE): 0.7463, GD: 2.0907e+00,     RMSE: 0.5593, MAE: 0.2888
  Val   - Data Loss (MIXMSE): 0.7610, GD: 1.7721e+00,     RMSE: 0.5681, MAE: 0.2877
----------------------------------------------------------------------
Epoch  28/50 | Train Loss: 0.7455 | Val Loss: 0.7646 | LR: 0.003200
  Train - Data Loss (MIXMSE): 0.7416, GD: 2.6584e+00,     RMSE: 0.5581, MAE: 0.2869
  Val   - Data Loss (MIXMSE): 0.7646, GD: 2.1732e+00,     RMSE: 0.5694, MAE: 0.2829
----------------------------------------------------------------------
Epoch  29/50 | Train Loss: 0.7535 | Val Loss: 0.7848 | LR: 0.003200
  Train - Data Loss (MIXMSE): 0.7498, GD: 2.5199e+00,     RMSE: 0.5610, MAE: 0.2897
  Val   - Data Loss (MIXMSE): 0.7848, GD: 1.5622e+00,     RMSE: 0.5769, MAE: 0.2963
----------------------------------------------------------------------
Epoch  30/50 | Train Loss: 0.7425 | Val Loss: 0.7543 | LR: 0.003200
  Train - Data Loss (MIXMSE): 0.7396, GD: 2.0081e+00,     RMSE: 0.5573, MAE: 0.2873
  Val   - Data Loss (MIXMSE): 0.7543, GD: 4.4265e+00,     RMSE: 0.5656, MAE: 0.2855
----------------------------------------------------------------------
Epoch  31/50 | Train Loss: 0.7413 | Val Loss: 0.7794 | LR: 0.003200
  Train - Data Loss (MIXMSE): 0.7340, GD: 4.9736e+00,     RMSE: 0.5550, MAE: 0.2857
  Val   - Data Loss (MIXMSE): 0.7794, GD: 9.5309e-01,     RMSE: 0.5748, MAE: 0.2972
----------------------------------------------------------------------
Epoch  32/50 | Train Loss: 0.7402 | Val Loss: 0.7699 | LR: 0.003200
  Train - Data Loss (MIXMSE): 0.7336, GD: 4.4928e+00,     RMSE: 0.5546, MAE: 0.2862
  Val   - Data Loss (MIXMSE): 0.7699, GD: 1.4616e+00,     RMSE: 0.5713, MAE: 0.2956
----------------------------------------------------------------------
Epoch  33/50 | Train Loss: 0.7468 | Val Loss: 0.7644 | LR: 0.003200
  Train - Data Loss (MIXMSE): 0.7397, GD: 4.8096e+00,     RMSE: 0.5568, MAE: 0.2878
  Val   - Data Loss (MIXMSE): 0.7644, GD: 4.7537e-01,     RMSE: 0.5693, MAE: 0.2850
----------------------------------------------------------------------
Epoch  34/50 | Train Loss: 0.7477 | Val Loss: 0.8047 | LR: 0.003200
  Train - Data Loss (MIXMSE): 0.7375, GD: 6.9470e+00,     RMSE: 0.5557, MAE: 0.2876
  Val   - Data Loss (MIXMSE): 0.8047, GD: 5.1335e-01,     RMSE: 0.5841, MAE: 0.3032
----------------------------------------------------------------------
Epoch  35/50 | Train Loss: 0.7369 | Val Loss: 0.7243 | LR: 0.003200
  Train - Data Loss (MIXMSE): 0.7330, GD: 2.6953e+00,     RMSE: 0.5544, MAE: 0.2864
  Val   - Data Loss (MIXMSE): 0.7243, GD: 6.5598e+00,     RMSE: 0.5543, MAE: 0.2801
----------------------------------------------------------------------
Epoch  36/50 | Train Loss: 0.7402 | Val Loss: 0.7820 | LR: 0.003200
  Train - Data Loss (MIXMSE): 0.7256, GD: 9.9497e+00,     RMSE: 0.5516, MAE: 0.2845
  Val   - Data Loss (MIXMSE): 0.7820, GD: 3.7356e-01,     RMSE: 0.5759, MAE: 0.2841
----------------------------------------------------------------------
Epoch  37/50 | Train Loss: 0.7457 | Val Loss: 0.7633 | LR: 0.003200
  Train - Data Loss (MIXMSE): 0.7451, GD: 4.5342e-01,     RMSE: 0.5594, MAE: 0.2878
  Val   - Data Loss (MIXMSE): 0.7633, GD: 5.9301e-01,     RMSE: 0.5689, MAE: 0.2851
----------------------------------------------------------------------
Epoch  38/50 | Train Loss: 0.7359 | Val Loss: 0.7308 | LR: 0.003200
  Train - Data Loss (MIXMSE): 0.7338, GD: 1.4562e+00,     RMSE: 0.5550, MAE: 0.2861
  Val   - Data Loss (MIXMSE): 0.7308, GD: 1.1028e+01,     RMSE: 0.5566, MAE: 0.2855
----------------------------------------------------------------------
Epoch  39/50 | Train Loss: 0.7367 | Val Loss: 0.8671 | LR: 0.003200
  Train - Data Loss (MIXMSE): 0.7147, GD: 1.4935e+01,     RMSE: 0.5469, MAE: 0.2821
  Val   - Data Loss (MIXMSE): 0.8671, GD: 7.4568e-01,     RMSE: 0.6064, MAE: 0.3056
----------------------------------------------------------------------
Epoch  40/50 | Train Loss: 0.7623 | Val Loss: 0.7642 | LR: 0.003200
  Train - Data Loss (MIXMSE): 0.7616, GD: 5.2577e-01,     RMSE: 0.5654, MAE: 0.2920
  Val   - Data Loss (MIXMSE): 0.7642, GD: 8.1026e-01,     RMSE: 0.5693, MAE: 0.2905
----------------------------------------------------------------------
Epoch  41/50 | Train Loss: 0.7216 | Val Loss: 0.6659 | LR: 0.003200
  Train - Data Loss (MIXMSE): 0.7145, GD: 4.8584e+00,     RMSE: 0.5473, MAE: 0.2826
  Val   - Data Loss (MIXMSE): 0.6659, GD: 1.4536e+01,     RMSE: 0.5314, MAE: 0.2737
----------------------------------------------------------------------
Epoch  42/50 | Train Loss: 0.6380 | Val Loss: 0.5597 | LR: 0.003200
  Train - Data Loss (MIXMSE): 0.6102, GD: 1.8939e+01,     RMSE: 0.5054, MAE: 0.2591
  Val   - Data Loss (MIXMSE): 0.5597, GD: 1.8021e+01,     RMSE: 0.4871, MAE: 0.2413
----------------------------------------------------------------------
Epoch  43/50 | Train Loss: 0.5530 | Val Loss: 0.5264 | LR: 0.003200
  Train - Data Loss (MIXMSE): 0.5238, GD: 1.9857e+01,     RMSE: 0.4685, MAE: 0.2368
  Val   - Data Loss (MIXMSE): 0.5264, GD: 1.1407e+01,     RMSE: 0.4725, MAE: 0.2380
----------------------------------------------------------------------
Epoch  44/50 | Train Loss: 0.4976 | Val Loss: 0.4695 | LR: 0.003200
  Train - Data Loss (MIXMSE): 0.4813, GD: 1.1051e+01,     RMSE: 0.4488, MAE: 0.2272
  Val   - Data Loss (MIXMSE): 0.4695, GD: 2.3284e+01,     RMSE: 0.4462, MAE: 0.2194
----------------------------------------------------------------------
Epoch  45/50 | Train Loss: 0.4737 | Val Loss: 0.4614 | LR: 0.003200
  Train - Data Loss (MIXMSE): 0.4607, GD: 8.8560e+00,     RMSE: 0.4390, MAE: 0.2228
  Val   - Data Loss (MIXMSE): 0.4614, GD: 5.3934e+00,     RMSE: 0.4422, MAE: 0.2209
----------------------------------------------------------------------
Epoch  46/50 | Train Loss: 0.4604 | Val Loss: 0.4642 | LR: 0.003200
  Train - Data Loss (MIXMSE): 0.4505, GD: 6.7566e+00,     RMSE: 0.4343, MAE: 0.2214
  Val   - Data Loss (MIXMSE): 0.4642, GD: 3.1658e+00,     RMSE: 0.4434, MAE: 0.2276
----------------------------------------------------------------------
Epoch  47/50 | Train Loss: 0.4462 | Val Loss: 0.4893 | LR: 0.003200
  Train - Data Loss (MIXMSE): 0.4373, GD: 6.0819e+00,     RMSE: 0.4279, MAE: 0.2177
  Val   - Data Loss (MIXMSE): 0.4893, GD: 5.1778e+00,     RMSE: 0.4555, MAE: 0.2222
----------------------------------------------------------------------
Epoch  48/50 | Train Loss: 0.4333 | Val Loss: 0.4297 | LR: 0.003200
  Train - Data Loss (MIXMSE): 0.4275, GD: 3.9821e+00,     RMSE: 0.4232, MAE: 0.2141
  Val   - Data Loss (MIXMSE): 0.4297, GD: 3.5390e+00,     RMSE: 0.4267, MAE: 0.2133
----------------------------------------------------------------------
Epoch  49/50 | Train Loss: 0.4270 | Val Loss: 0.4394 | LR: 0.003200
  Train - Data Loss (MIXMSE): 0.4214, GD: 3.8190e+00,     RMSE: 0.4198, MAE: 0.2131
  Val   - Data Loss (MIXMSE): 0.4394, GD: 5.3777e+00,     RMSE: 0.4316, MAE: 0.2132
----------------------------------------------------------------------
Epoch  50/50 | Train Loss: 0.4180 | Val Loss: 0.4254 | LR: 0.003200
  Train - Data Loss (MIXMSE): 0.4129, GD: 3.4330e+00,     RMSE: 0.4155, MAE: 0.2095
  Val   - Data Loss (MIXMSE): 0.4254, GD: 5.8827e+00,     RMSE: 0.4246, MAE: 0.2101
----------------------------------------------------------------------

Training complete!
Best validation loss: 0.4254 at epoch 50

Evaluating on test set...
Test Loss: 0.4166
Test MIXMSE: 0.4166, GD: 5.9538e+00,     RMSE: 0.4202, MAE: 0.2089