Starting training for 50 epochs...
--- Optuna Trial 52 ---
Device: cuda
Model parameters: 90,035
----------------------------------------------------------------------
Epoch   1/50 | Train Loss: 1.4536 | Val Loss: 1.3208 | LR: 0.001354
  Train - Data Loss (MIXMSE): 1.3299, GD: 6.6290e+01,     RMSE: 0.7475, MAE: 0.3628
  Val   - Data Loss (MIXMSE): 1.3208, GD: 1.2114e+00,     RMSE: 0.7483, MAE: 0.3430
----------------------------------------------------------------------
Epoch   2/50 | Train Loss: 1.2681 | Val Loss: 1.2371 | LR: 0.001354
  Train - Data Loss (MIXMSE): 1.2661, GD: 1.0626e+00,     RMSE: 0.7296, MAE: 0.3532
  Val   - Data Loss (MIXMSE): 1.2371, GD: 5.6607e+00,     RMSE: 0.7242, MAE: 0.3436
----------------------------------------------------------------------
Epoch   3/50 | Train Loss: 1.1865 | Val Loss: 1.1764 | LR: 0.001354
  Train - Data Loss (MIXMSE): 1.1854, GD: 6.0766e-01,     RMSE: 0.7057, MAE: 0.3527
  Val   - Data Loss (MIXMSE): 1.1764, GD: 2.8132e-01,     RMSE: 0.7063, MAE: 0.3392
----------------------------------------------------------------------
Epoch   4/50 | Train Loss: 1.1473 | Val Loss: 1.1445 | LR: 0.001354
  Train - Data Loss (MIXMSE): 1.1461, GD: 6.5758e-01,     RMSE: 0.6939, MAE: 0.3529
  Val   - Data Loss (MIXMSE): 1.1445, GD: 6.3516e-01,     RMSE: 0.6966, MAE: 0.3524
----------------------------------------------------------------------
Epoch   5/50 | Train Loss: 1.1184 | Val Loss: 1.1281 | LR: 0.001354
  Train - Data Loss (MIXMSE): 1.1172, GD: 6.5863e-01,     RMSE: 0.6854, MAE: 0.3514
  Val   - Data Loss (MIXMSE): 1.1281, GD: 2.1624e-01,     RMSE: 0.6917, MAE: 0.3434
----------------------------------------------------------------------
Epoch   6/50 | Train Loss: 1.1072 | Val Loss: 1.1223 | LR: 0.001354
  Train - Data Loss (MIXMSE): 1.1056, GD: 8.5882e-01,     RMSE: 0.6817, MAE: 0.3497
  Val   - Data Loss (MIXMSE): 1.1223, GD: 7.5622e-01,     RMSE: 0.6899, MAE: 0.3550
----------------------------------------------------------------------

--- TRIAL PRUNED AT EPOCH 6 ---