Starting training for 50 epochs...
--- Optuna Trial 61 ---
Device: cuda
Model parameters: 148,661
----------------------------------------------------------------------
Epoch   1/50 | Train Loss: 1.4301 | Val Loss: 1.3059 | LR: 0.001223
  Train - Data Loss (MIXMSE): 1.3213, GD: 5.3320e+01,     RMSE: 0.7457, MAE: 0.3599
  Val   - Data Loss (MIXMSE): 1.3059, GD: 3.0226e-01,     RMSE: 0.7441, MAE: 0.3638
----------------------------------------------------------------------
Epoch   2/50 | Train Loss: 1.2588 | Val Loss: 1.2476 | LR: 0.001223
  Train - Data Loss (MIXMSE): 1.2565, GD: 1.1330e+00,     RMSE: 0.7266, MAE: 0.3497
  Val   - Data Loss (MIXMSE): 1.2476, GD: 2.8512e-01,     RMSE: 0.7273, MAE: 0.3436
----------------------------------------------------------------------
Epoch   3/50 | Train Loss: 1.2041 | Val Loss: 1.1967 | LR: 0.001223
  Train - Data Loss (MIXMSE): 1.2032, GD: 4.3071e-01,     RMSE: 0.7111, MAE: 0.3451
  Val   - Data Loss (MIXMSE): 1.1967, GD: 3.3963e-01,     RMSE: 0.7123, MAE: 0.3464
----------------------------------------------------------------------
Epoch   4/50 | Train Loss: 1.1528 | Val Loss: 1.1345 | LR: 0.001223
  Train - Data Loss (MIXMSE): 1.1501, GD: 1.3147e+00,     RMSE: 0.6952, MAE: 0.3433
  Val   - Data Loss (MIXMSE): 1.1345, GD: 1.7704e+00,     RMSE: 0.6936, MAE: 0.3368
----------------------------------------------------------------------
Epoch   5/50 | Train Loss: 1.0405 | Val Loss: 1.0011 | LR: 0.001223
  Train - Data Loss (MIXMSE): 1.0362, GD: 2.1399e+00,     RMSE: 0.6598, MAE: 0.3397
  Val   - Data Loss (MIXMSE): 1.0011, GD: 1.4258e+00,     RMSE: 0.6516, MAE: 0.3336
----------------------------------------------------------------------
Epoch   6/50 | Train Loss: 0.9772 | Val Loss: 0.9719 | LR: 0.001223
  Train - Data Loss (MIXMSE): 0.9744, GD: 1.3524e+00,     RMSE: 0.6395, MAE: 0.3325
  Val   - Data Loss (MIXMSE): 0.9719, GD: 2.4164e+00,     RMSE: 0.6420, MAE: 0.3236
----------------------------------------------------------------------
Epoch   7/50 | Train Loss: 0.9520 | Val Loss: 0.9606 | LR: 0.001223
  Train - Data Loss (MIXMSE): 0.9480, GD: 1.9616e+00,     RMSE: 0.6309, MAE: 0.3273
  Val   - Data Loss (MIXMSE): 0.9606, GD: 1.2304e+00,     RMSE: 0.6383, MAE: 0.3233
----------------------------------------------------------------------
Epoch   8/50 | Train Loss: 0.8967 | Val Loss: 0.8959 | LR: 0.001223
  Train - Data Loss (MIXMSE): 0.8928, GD: 1.9050e+00,     RMSE: 0.6126, MAE: 0.3190
  Val   - Data Loss (MIXMSE): 0.8959, GD: 2.9586e+00,     RMSE: 0.6164, MAE: 0.3263
----------------------------------------------------------------------
Epoch   9/50 | Train Loss: 0.8336 | Val Loss: 0.8461 | LR: 0.001223
  Train - Data Loss (MIXMSE): 0.8304, GD: 1.5930e+00,     RMSE: 0.5905, MAE: 0.3097
  Val   - Data Loss (MIXMSE): 0.8461, GD: 2.5121e+00,     RMSE: 0.5991, MAE: 0.3135
----------------------------------------------------------------------
Epoch  10/50 | Train Loss: 0.8131 | Val Loss: 0.8410 | LR: 0.001223
  Train - Data Loss (MIXMSE): 0.8106, GD: 1.2295e+00,     RMSE: 0.5832, MAE: 0.3055
  Val   - Data Loss (MIXMSE): 0.8410, GD: 1.3357e+00,     RMSE: 0.5972, MAE: 0.3166
----------------------------------------------------------------------
Epoch  11/50 | Train Loss: 0.8027 | Val Loss: 0.8191 | LR: 0.001223
  Train - Data Loss (MIXMSE): 0.8004, GD: 1.1176e+00,     RMSE: 0.5795, MAE: 0.3032
  Val   - Data Loss (MIXMSE): 0.8191, GD: 1.8778e+00,     RMSE: 0.5894, MAE: 0.3010
----------------------------------------------------------------------
Epoch  12/50 | Train Loss: 0.7968 | Val Loss: 0.8161 | LR: 0.001223
  Train - Data Loss (MIXMSE): 0.7940, GD: 1.3860e+00,     RMSE: 0.5774, MAE: 0.3019
  Val   - Data Loss (MIXMSE): 0.8161, GD: 1.6497e+00,     RMSE: 0.5883, MAE: 0.2984
----------------------------------------------------------------------
Epoch  13/50 | Train Loss: 0.7886 | Val Loss: 0.8204 | LR: 0.001223
  Train - Data Loss (MIXMSE): 0.7863, GD: 1.0963e+00,     RMSE: 0.5744, MAE: 0.3000
  Val   - Data Loss (MIXMSE): 0.8204, GD: 5.8937e-01,     RMSE: 0.5899, MAE: 0.3052
----------------------------------------------------------------------
Epoch  14/50 | Train Loss: 0.7824 | Val Loss: 0.8085 | LR: 0.001223
  Train - Data Loss (MIXMSE): 0.7801, GD: 1.1345e+00,     RMSE: 0.5720, MAE: 0.2987
  Val   - Data Loss (MIXMSE): 0.8085, GD: 7.2386e-01,     RMSE: 0.5855, MAE: 0.2977
----------------------------------------------------------------------
Epoch  15/50 | Train Loss: 0.7752 | Val Loss: 0.7879 | LR: 0.001223
  Train - Data Loss (MIXMSE): 0.7724, GD: 1.3496e+00,     RMSE: 0.5697, MAE: 0.2964
  Val   - Data Loss (MIXMSE): 0.7879, GD: 1.2451e+00,     RMSE: 0.5780, MAE: 0.2970
----------------------------------------------------------------------
Epoch  16/50 | Train Loss: 0.7674 | Val Loss: 0.7897 | LR: 0.001223
  Train - Data Loss (MIXMSE): 0.7643, GD: 1.5207e+00,     RMSE: 0.5663, MAE: 0.2940
  Val   - Data Loss (MIXMSE): 0.7897, GD: 2.9667e+00,     RMSE: 0.5787, MAE: 0.2945
----------------------------------------------------------------------
Epoch  17/50 | Train Loss: 0.7621 | Val Loss: 0.7789 | LR: 0.001223
  Train - Data Loss (MIXMSE): 0.7589, GD: 1.5634e+00,     RMSE: 0.5645, MAE: 0.2920
  Val   - Data Loss (MIXMSE): 0.7789, GD: 1.8615e+00,     RMSE: 0.5747, MAE: 0.2868
----------------------------------------------------------------------
Epoch  18/50 | Train Loss: 0.7560 | Val Loss: 0.7790 | LR: 0.001223
  Train - Data Loss (MIXMSE): 0.7527, GD: 1.6106e+00,     RMSE: 0.5618, MAE: 0.2895
  Val   - Data Loss (MIXMSE): 0.7790, GD: 1.3771e+00,     RMSE: 0.5748, MAE: 0.2865
----------------------------------------------------------------------
Epoch  19/50 | Train Loss: 0.7499 | Val Loss: 0.7690 | LR: 0.001223
  Train - Data Loss (MIXMSE): 0.7466, GD: 1.6061e+00,     RMSE: 0.5596, MAE: 0.2882
  Val   - Data Loss (MIXMSE): 0.7690, GD: 3.6774e+00,     RMSE: 0.5711, MAE: 0.2881
----------------------------------------------------------------------
Epoch  20/50 | Train Loss: 0.7480 | Val Loss: 0.7676 | LR: 0.001223
  Train - Data Loss (MIXMSE): 0.7443, GD: 1.8445e+00,     RMSE: 0.5589, MAE: 0.2874
  Val   - Data Loss (MIXMSE): 0.7676, GD: 1.4759e+00,     RMSE: 0.5705, MAE: 0.2863
----------------------------------------------------------------------
Epoch  21/50 | Train Loss: 0.7438 | Val Loss: 0.7703 | LR: 0.001223
  Train - Data Loss (MIXMSE): 0.7398, GD: 1.9452e+00,     RMSE: 0.5573, MAE: 0.2863
  Val   - Data Loss (MIXMSE): 0.7703, GD: 1.4590e+00,     RMSE: 0.5716, MAE: 0.2844
----------------------------------------------------------------------
Epoch  22/50 | Train Loss: 0.7416 | Val Loss: 0.7532 | LR: 0.001223
  Train - Data Loss (MIXMSE): 0.7376, GD: 1.9183e+00,     RMSE: 0.5567, MAE: 0.2857
  Val   - Data Loss (MIXMSE): 0.7532, GD: 3.1742e+00,     RMSE: 0.5651, MAE: 0.2869
----------------------------------------------------------------------
Epoch  23/50 | Train Loss: 0.7393 | Val Loss: 0.7631 | LR: 0.001223
  Train - Data Loss (MIXMSE): 0.7344, GD: 2.3912e+00,     RMSE: 0.5550, MAE: 0.2844
  Val   - Data Loss (MIXMSE): 0.7631, GD: 2.5489e+00,     RMSE: 0.5688, MAE: 0.2857
----------------------------------------------------------------------
Epoch  24/50 | Train Loss: 0.7319 | Val Loss: 0.7539 | LR: 0.001223
  Train - Data Loss (MIXMSE): 0.7270, GD: 2.4188e+00,     RMSE: 0.5522, MAE: 0.2826
  Val   - Data Loss (MIXMSE): 0.7539, GD: 1.8199e+00,     RMSE: 0.5654, MAE: 0.2888
----------------------------------------------------------------------
Epoch  25/50 | Train Loss: 0.7273 | Val Loss: 0.7449 | LR: 0.001223
  Train - Data Loss (MIXMSE): 0.7211, GD: 3.0371e+00,     RMSE: 0.5499, MAE: 0.2812
  Val   - Data Loss (MIXMSE): 0.7449, GD: 1.8619e+00,     RMSE: 0.5621, MAE: 0.2772
----------------------------------------------------------------------
Epoch  26/50 | Train Loss: 0.7195 | Val Loss: 0.7279 | LR: 0.001223
  Train - Data Loss (MIXMSE): 0.7122, GD: 3.5941e+00,     RMSE: 0.5466, MAE: 0.2791
  Val   - Data Loss (MIXMSE): 0.7279, GD: 1.9753e+00,     RMSE: 0.5556, MAE: 0.2755
----------------------------------------------------------------------
Epoch  27/50 | Train Loss: 0.7120 | Val Loss: 0.7200 | LR: 0.001223
  Train - Data Loss (MIXMSE): 0.7045, GD: 3.7055e+00,     RMSE: 0.5434, MAE: 0.2776
  Val   - Data Loss (MIXMSE): 0.7200, GD: 3.1222e+00,     RMSE: 0.5526, MAE: 0.2779
----------------------------------------------------------------------
Epoch  28/50 | Train Loss: 0.7045 | Val Loss: 0.7057 | LR: 0.001223
  Train - Data Loss (MIXMSE): 0.6941, GD: 5.1339e+00,     RMSE: 0.5395, MAE: 0.2749
  Val   - Data Loss (MIXMSE): 0.7057, GD: 3.5075e+00,     RMSE: 0.5471, MAE: 0.2726
----------------------------------------------------------------------
Epoch  29/50 | Train Loss: 0.6915 | Val Loss: 0.6931 | LR: 0.001223
  Train - Data Loss (MIXMSE): 0.6809, GD: 5.1866e+00,     RMSE: 0.5342, MAE: 0.2725
  Val   - Data Loss (MIXMSE): 0.6931, GD: 2.0594e+00,     RMSE: 0.5422, MAE: 0.2708
----------------------------------------------------------------------
Epoch  30/50 | Train Loss: 0.6749 | Val Loss: 0.6686 | LR: 0.001223
  Train - Data Loss (MIXMSE): 0.6630, GD: 5.8287e+00,     RMSE: 0.5272, MAE: 0.2681
  Val   - Data Loss (MIXMSE): 0.6686, GD: 4.6657e+00,     RMSE: 0.5325, MAE: 0.2642
----------------------------------------------------------------------
Epoch  31/50 | Train Loss: 0.6546 | Val Loss: 0.6539 | LR: 0.001223
  Train - Data Loss (MIXMSE): 0.6419, GD: 6.2257e+00,     RMSE: 0.5186, MAE: 0.2629
  Val   - Data Loss (MIXMSE): 0.6539, GD: 3.1060e+00,     RMSE: 0.5267, MAE: 0.2571
----------------------------------------------------------------------
Epoch  32/50 | Train Loss: 0.6331 | Val Loss: 0.6352 | LR: 0.001223
  Train - Data Loss (MIXMSE): 0.6199, GD: 6.4420e+00,     RMSE: 0.5097, MAE: 0.2577
  Val   - Data Loss (MIXMSE): 0.6352, GD: 5.7590e+00,     RMSE: 0.5191, MAE: 0.2482
----------------------------------------------------------------------
Epoch  33/50 | Train Loss: 0.6068 | Val Loss: 0.6074 | LR: 0.001223
  Train - Data Loss (MIXMSE): 0.5943, GD: 6.1270e+00,     RMSE: 0.4988, MAE: 0.2515
  Val   - Data Loss (MIXMSE): 0.6074, GD: 3.1699e+00,     RMSE: 0.5076, MAE: 0.2530
----------------------------------------------------------------------
Epoch  34/50 | Train Loss: 0.5797 | Val Loss: 0.5675 | LR: 0.001223
  Train - Data Loss (MIXMSE): 0.5671, GD: 6.1528e+00,     RMSE: 0.4874, MAE: 0.2449
  Val   - Data Loss (MIXMSE): 0.5675, GD: 2.5815e+00,     RMSE: 0.4907, MAE: 0.2369
----------------------------------------------------------------------
Epoch  35/50 | Train Loss: 0.5538 | Val Loss: 0.5459 | LR: 0.001223
  Train - Data Loss (MIXMSE): 0.5434, GD: 5.0902e+00,     RMSE: 0.4770, MAE: 0.2382
  Val   - Data Loss (MIXMSE): 0.5459, GD: 4.9043e+00,     RMSE: 0.4812, MAE: 0.2359
----------------------------------------------------------------------
Epoch  36/50 | Train Loss: 0.5348 | Val Loss: 0.5424 | LR: 0.001223
  Train - Data Loss (MIXMSE): 0.5232, GD: 5.6656e+00,     RMSE: 0.4680, MAE: 0.2336
  Val   - Data Loss (MIXMSE): 0.5424, GD: 2.6879e+00,     RMSE: 0.4798, MAE: 0.2272
----------------------------------------------------------------------
Epoch  37/50 | Train Loss: 0.5098 | Val Loss: 0.5189 | LR: 0.001223
  Train - Data Loss (MIXMSE): 0.5000, GD: 4.8289e+00,     RMSE: 0.4570, MAE: 0.2279
  Val   - Data Loss (MIXMSE): 0.5189, GD: 2.7955e+01,     RMSE: 0.4692, MAE: 0.2226
----------------------------------------------------------------------
Epoch  38/50 | Train Loss: 0.4891 | Val Loss: 0.4959 | LR: 0.001223
  Train - Data Loss (MIXMSE): 0.4784, GD: 5.2604e+00,     RMSE: 0.4475, MAE: 0.2218
  Val   - Data Loss (MIXMSE): 0.4959, GD: 4.4810e+00,     RMSE: 0.4586, MAE: 0.2319
----------------------------------------------------------------------
Epoch  39/50 | Train Loss: 0.4676 | Val Loss: 0.4561 | LR: 0.001223
  Train - Data Loss (MIXMSE): 0.4570, GD: 5.2250e+00,     RMSE: 0.4370, MAE: 0.2166
  Val   - Data Loss (MIXMSE): 0.4561, GD: 6.1843e+00,     RMSE: 0.4399, MAE: 0.2071
----------------------------------------------------------------------
Epoch  40/50 | Train Loss: 0.4418 | Val Loss: 0.4295 | LR: 0.001223
  Train - Data Loss (MIXMSE): 0.4332, GD: 4.2548e+00,     RMSE: 0.4253, MAE: 0.2105
  Val   - Data Loss (MIXMSE): 0.4295, GD: 3.1734e+00,     RMSE: 0.4269, MAE: 0.2022
----------------------------------------------------------------------
Epoch  41/50 | Train Loss: 0.4224 | Val Loss: 0.4255 | LR: 0.001223
  Train - Data Loss (MIXMSE): 0.4118, GD: 5.1639e+00,     RMSE: 0.4145, MAE: 0.2060
  Val   - Data Loss (MIXMSE): 0.4255, GD: 2.1712e+00,     RMSE: 0.4248, MAE: 0.2128
----------------------------------------------------------------------
Epoch  42/50 | Train Loss: 0.4019 | Val Loss: 0.3968 | LR: 0.001223
  Train - Data Loss (MIXMSE): 0.3939, GD: 3.9367e+00,     RMSE: 0.4053, MAE: 0.2019
  Val   - Data Loss (MIXMSE): 0.3968, GD: 4.4069e+00,     RMSE: 0.4104, MAE: 0.2007
----------------------------------------------------------------------
Epoch  43/50 | Train Loss: 0.3828 | Val Loss: 0.4091 | LR: 0.001223
  Train - Data Loss (MIXMSE): 0.3755, GD: 3.5728e+00,     RMSE: 0.3960, MAE: 0.1987
  Val   - Data Loss (MIXMSE): 0.4091, GD: 8.0645e+00,     RMSE: 0.4165, MAE: 0.2148
----------------------------------------------------------------------
Epoch  44/50 | Train Loss: 0.3679 | Val Loss: 0.3626 | LR: 0.001223
  Train - Data Loss (MIXMSE): 0.3604, GD: 3.6861e+00,     RMSE: 0.3877, MAE: 0.1947
  Val   - Data Loss (MIXMSE): 0.3626, GD: 6.3981e+00,     RMSE: 0.3922, MAE: 0.1890
----------------------------------------------------------------------
Epoch  45/50 | Train Loss: 0.3505 | Val Loss: 0.3439 | LR: 0.001223
  Train - Data Loss (MIXMSE): 0.3447, GD: 2.8273e+00,     RMSE: 0.3793, MAE: 0.1914
  Val   - Data Loss (MIXMSE): 0.3439, GD: 1.8705e+00,     RMSE: 0.3820, MAE: 0.1874
----------------------------------------------------------------------
Epoch  46/50 | Train Loss: 0.3343 | Val Loss: 0.3511 | LR: 0.001223
  Train - Data Loss (MIXMSE): 0.3285, GD: 2.8289e+00,     RMSE: 0.3704, MAE: 0.1864
  Val   - Data Loss (MIXMSE): 0.3511, GD: 1.7713e+00,     RMSE: 0.3860, MAE: 0.1863
----------------------------------------------------------------------
Epoch  47/50 | Train Loss: 0.3233 | Val Loss: 0.3306 | LR: 0.001223
  Train - Data Loss (MIXMSE): 0.3177, GD: 2.7438e+00,     RMSE: 0.3639, MAE: 0.1839
  Val   - Data Loss (MIXMSE): 0.3306, GD: 2.4423e+00,     RMSE: 0.3746, MAE: 0.1923
----------------------------------------------------------------------
Epoch  48/50 | Train Loss: 0.3122 | Val Loss: 0.3365 | LR: 0.001223
  Train - Data Loss (MIXMSE): 0.3075, GD: 2.2940e+00,     RMSE: 0.3583, MAE: 0.1817
  Val   - Data Loss (MIXMSE): 0.3365, GD: 2.8084e+00,     RMSE: 0.3779, MAE: 0.1954
----------------------------------------------------------------------
Epoch  49/50 | Train Loss: 0.2988 | Val Loss: 0.3055 | LR: 0.001223
  Train - Data Loss (MIXMSE): 0.2951, GD: 1.8062e+00,     RMSE: 0.3510, MAE: 0.1772
  Val   - Data Loss (MIXMSE): 0.3055, GD: 1.0864e+00,     RMSE: 0.3601, MAE: 0.1742
----------------------------------------------------------------------
Epoch  50/50 | Train Loss: 0.2926 | Val Loss: 0.3004 | LR: 0.001223
  Train - Data Loss (MIXMSE): 0.2886, GD: 1.9223e+00,     RMSE: 0.3472, MAE: 0.1762
  Val   - Data Loss (MIXMSE): 0.3004, GD: 1.3360e+00,     RMSE: 0.3569, MAE: 0.1745
----------------------------------------------------------------------

Training complete!
Best validation loss: 0.3004 at epoch 50

Evaluating on test set...
Test Loss: 0.2942
Test MIXMSE: 0.2942, GD: 1.3893e+00,     RMSE: 0.3530, MAE: 0.1730