Starting training for 50 epochs...
--- Optuna Trial 9 ---
Device: cuda
Model parameters: 25,122
----------------------------------------------------------------------
Epoch   1/50 | Train Loss: 2.7361 | Val Loss: 1.3564 | LR: 0.004084
  Train - Data Loss (MIXMSE): 1.3354, GD: 1.1181e+03,     RMSE: 0.7494, MAE: 0.3641
  Val   - Data Loss (MIXMSE): 1.3564, GD: 2.7594e-02,     RMSE: 0.7583, MAE: 0.3623
----------------------------------------------------------------------
Epoch   2/50 | Train Loss: 1.3078 | Val Loss: 1.3030 | LR: 0.004084
  Train - Data Loss (MIXMSE): 1.3076, GD: 1.0011e-01,     RMSE: 0.7416, MAE: 0.3559
  Val   - Data Loss (MIXMSE): 1.3030, GD: 3.3857e-01,     RMSE: 0.7433, MAE: 0.3424
----------------------------------------------------------------------
Epoch   3/50 | Train Loss: 1.2533 | Val Loss: 1.2283 | LR: 0.004084
  Train - Data Loss (MIXMSE): 1.2508, GD: 1.9673e+00,     RMSE: 0.7251, MAE: 0.3483
  Val   - Data Loss (MIXMSE): 1.2283, GD: 3.3672e+00,     RMSE: 0.7217, MAE: 0.3474
----------------------------------------------------------------------
Epoch   4/50 | Train Loss: 1.1769 | Val Loss: 1.1430 | LR: 0.004084
  Train - Data Loss (MIXMSE): 1.1743, GD: 2.0618e+00,     RMSE: 0.7027, MAE: 0.3487
  Val   - Data Loss (MIXMSE): 1.1430, GD: 6.1066e+00,     RMSE: 0.6962, MAE: 0.3473
----------------------------------------------------------------------
Epoch   5/50 | Train Loss: 1.0967 | Val Loss: 1.0524 | LR: 0.004084
  Train - Data Loss (MIXMSE): 1.0933, GD: 2.6726e+00,     RMSE: 0.6777, MAE: 0.3418
  Val   - Data Loss (MIXMSE): 1.0524, GD: 2.6078e+00,     RMSE: 0.6680, MAE: 0.3387
----------------------------------------------------------------------
Epoch   6/50 | Train Loss: 1.0193 | Val Loss: 1.0117 | LR: 0.004084
  Train - Data Loss (MIXMSE): 1.0164, GD: 2.3467e+00,     RMSE: 0.6537, MAE: 0.3361
  Val   - Data Loss (MIXMSE): 1.0117, GD: 2.5461e+00,     RMSE: 0.6549, MAE: 0.3427
----------------------------------------------------------------------
Epoch   7/50 | Train Loss: 0.9728 | Val Loss: 0.9885 | LR: 0.004084
  Train - Data Loss (MIXMSE): 0.9696, GD: 2.5302e+00,     RMSE: 0.6382, MAE: 0.3294
  Val   - Data Loss (MIXMSE): 0.9885, GD: 3.2585e+00,     RMSE: 0.6475, MAE: 0.3229
----------------------------------------------------------------------
Epoch   8/50 | Train Loss: 0.9061 | Val Loss: 0.8845 | LR: 0.004084
  Train - Data Loss (MIXMSE): 0.9028, GD: 2.6670e+00,     RMSE: 0.6157, MAE: 0.3182
  Val   - Data Loss (MIXMSE): 0.8845, GD: 2.3282e+00,     RMSE: 0.6124, MAE: 0.3073
----------------------------------------------------------------------
Epoch   9/50 | Train Loss: 0.8553 | Val Loss: 0.8604 | LR: 0.004084
  Train - Data Loss (MIXMSE): 0.8529, GD: 1.9692e+00,     RMSE: 0.5983, MAE: 0.3103
  Val   - Data Loss (MIXMSE): 0.8604, GD: 2.0651e+00,     RMSE: 0.6041, MAE: 0.3084
----------------------------------------------------------------------
Epoch  10/50 | Train Loss: 0.8353 | Val Loss: 0.8497 | LR: 0.004084
  Train - Data Loss (MIXMSE): 0.8331, GD: 1.7524e+00,     RMSE: 0.5912, MAE: 0.3065
  Val   - Data Loss (MIXMSE): 0.8497, GD: 1.3609e+00,     RMSE: 0.6002, MAE: 0.3046
----------------------------------------------------------------------
Epoch  11/50 | Train Loss: 0.8190 | Val Loss: 0.8308 | LR: 0.004084
  Train - Data Loss (MIXMSE): 0.8170, GD: 1.5377e+00,     RMSE: 0.5855, MAE: 0.3039
  Val   - Data Loss (MIXMSE): 0.8308, GD: 1.0641e+00,     RMSE: 0.5935, MAE: 0.2984
----------------------------------------------------------------------
Epoch  12/50 | Train Loss: 0.8120 | Val Loss: 0.8192 | LR: 0.004084
  Train - Data Loss (MIXMSE): 0.8099, GD: 1.6374e+00,     RMSE: 0.5831, MAE: 0.3021
  Val   - Data Loss (MIXMSE): 0.8192, GD: 1.0346e+00,     RMSE: 0.5894, MAE: 0.2946
----------------------------------------------------------------------
Epoch  13/50 | Train Loss: 0.8013 | Val Loss: 0.8187 | LR: 0.004084
  Train - Data Loss (MIXMSE): 0.7997, GD: 1.3195e+00,     RMSE: 0.5794, MAE: 0.3006
  Val   - Data Loss (MIXMSE): 0.8187, GD: 9.7168e-01,     RMSE: 0.5892, MAE: 0.2976
----------------------------------------------------------------------
Epoch  14/50 | Train Loss: 0.7981 | Val Loss: 0.8317 | LR: 0.004084
  Train - Data Loss (MIXMSE): 0.7962, GD: 1.4675e+00,     RMSE: 0.5779, MAE: 0.2999
  Val   - Data Loss (MIXMSE): 0.8317, GD: 1.3925e+00,     RMSE: 0.5939, MAE: 0.3079
----------------------------------------------------------------------
Epoch  15/50 | Train Loss: 0.7925 | Val Loss: 0.8245 | LR: 0.004084
  Train - Data Loss (MIXMSE): 0.7906, GD: 1.5238e+00,     RMSE: 0.5759, MAE: 0.2985
  Val   - Data Loss (MIXMSE): 0.8245, GD: 2.3981e+00,     RMSE: 0.5912, MAE: 0.3039
----------------------------------------------------------------------
Epoch  16/50 | Train Loss: 0.7836 | Val Loss: 0.8119 | LR: 0.004084
  Train - Data Loss (MIXMSE): 0.7814, GD: 1.7237e+00,     RMSE: 0.5727, MAE: 0.2968
  Val   - Data Loss (MIXMSE): 0.8119, GD: 1.7993e+00,     RMSE: 0.5866, MAE: 0.2999
----------------------------------------------------------------------
Epoch  17/50 | Train Loss: 0.7852 | Val Loss: 0.8125 | LR: 0.004084
  Train - Data Loss (MIXMSE): 0.7825, GD: 2.1874e+00,     RMSE: 0.5731, MAE: 0.2973
  Val   - Data Loss (MIXMSE): 0.8125, GD: 4.4295e+00,     RMSE: 0.5869, MAE: 0.3024
----------------------------------------------------------------------
Epoch  18/50 | Train Loss: 0.7771 | Val Loss: 0.7992 | LR: 0.004084
  Train - Data Loss (MIXMSE): 0.7736, GD: 2.7424e+00,     RMSE: 0.5702, MAE: 0.2951
  Val   - Data Loss (MIXMSE): 0.7992, GD: 3.5493e+00,     RMSE: 0.5821, MAE: 0.2996
----------------------------------------------------------------------
Epoch  19/50 | Train Loss: 0.7772 | Val Loss: 0.7882 | LR: 0.004084
  Train - Data Loss (MIXMSE): 0.7725, GD: 3.7405e+00,     RMSE: 0.5693, MAE: 0.2950
  Val   - Data Loss (MIXMSE): 0.7882, GD: 5.2128e+00,     RMSE: 0.5781, MAE: 0.2890
----------------------------------------------------------------------
Epoch  20/50 | Train Loss: 0.7850 | Val Loss: 0.7904 | LR: 0.004084
  Train - Data Loss (MIXMSE): 0.7779, GD: 5.6814e+00,     RMSE: 0.5715, MAE: 0.2963
  Val   - Data Loss (MIXMSE): 0.7904, GD: 8.0073e-01,     RMSE: 0.5789, MAE: 0.2936
----------------------------------------------------------------------
Epoch  21/50 | Train Loss: 0.7695 | Val Loss: 0.7991 | LR: 0.004084
  Train - Data Loss (MIXMSE): 0.7660, GD: 2.7610e+00,     RMSE: 0.5672, MAE: 0.2937
  Val   - Data Loss (MIXMSE): 0.7991, GD: 4.0725e+00,     RMSE: 0.5820, MAE: 0.3034
----------------------------------------------------------------------
Epoch  22/50 | Train Loss: 0.7612 | Val Loss: 0.7791 | LR: 0.004084
  Train - Data Loss (MIXMSE): 0.7544, GD: 5.4158e+00,     RMSE: 0.5627, MAE: 0.2910
  Val   - Data Loss (MIXMSE): 0.7791, GD: 7.1527e+00,     RMSE: 0.5748, MAE: 0.2865
----------------------------------------------------------------------
Epoch  23/50 | Train Loss: 0.7704 | Val Loss: 0.7610 | LR: 0.004084
  Train - Data Loss (MIXMSE): 0.7629, GD: 5.9912e+00,     RMSE: 0.5658, MAE: 0.2932
  Val   - Data Loss (MIXMSE): 0.7610, GD: 8.7856e+00,     RMSE: 0.5680, MAE: 0.2867
----------------------------------------------------------------------
Epoch  24/50 | Train Loss: 0.7644 | Val Loss: 0.7663 | LR: 0.004084
  Train - Data Loss (MIXMSE): 0.7529, GD: 9.1817e+00,     RMSE: 0.5619, MAE: 0.2908
  Val   - Data Loss (MIXMSE): 0.7663, GD: 3.5628e+00,     RMSE: 0.5700, MAE: 0.2863
----------------------------------------------------------------------
Epoch  25/50 | Train Loss: 0.7673 | Val Loss: 0.7503 | LR: 0.004084
  Train - Data Loss (MIXMSE): 0.7553, GD: 9.6074e+00,     RMSE: 0.5627, MAE: 0.2919
  Val   - Data Loss (MIXMSE): 0.7503, GD: 3.2083e+00,     RMSE: 0.5640, MAE: 0.2814
----------------------------------------------------------------------
Epoch  26/50 | Train Loss: 0.7697 | Val Loss: 0.8117 | LR: 0.004084
  Train - Data Loss (MIXMSE): 0.7552, GD: 1.1596e+01,     RMSE: 0.5622, MAE: 0.2910
  Val   - Data Loss (MIXMSE): 0.8117, GD: 1.1202e+00,     RMSE: 0.5866, MAE: 0.3027
----------------------------------------------------------------------
Epoch  27/50 | Train Loss: 0.7748 | Val Loss: 0.8046 | LR: 0.004084
  Train - Data Loss (MIXMSE): 0.7736, GD: 9.9470e-01,     RMSE: 0.5700, MAE: 0.2958
  Val   - Data Loss (MIXMSE): 0.8046, GD: 2.0379e+00,     RMSE: 0.5841, MAE: 0.3021
----------------------------------------------------------------------
Epoch  28/50 | Train Loss: 0.7674 | Val Loss: 0.7923 | LR: 0.004084
  Train - Data Loss (MIXMSE): 0.7603, GD: 5.6870e+00,     RMSE: 0.5652, MAE: 0.2924
  Val   - Data Loss (MIXMSE): 0.7923, GD: 1.2267e+00,     RMSE: 0.5795, MAE: 0.2912
----------------------------------------------------------------------
Epoch  29/50 | Train Loss: 0.7472 | Val Loss: 0.7787 | LR: 0.004084
  Train - Data Loss (MIXMSE): 0.7286, GD: 1.4806e+01,     RMSE: 0.5526, MAE: 0.2867
  Val   - Data Loss (MIXMSE): 0.7787, GD: 4.0453e+00,     RMSE: 0.5745, MAE: 0.2907
----------------------------------------------------------------------
Epoch  30/50 | Train Loss: 0.6782 | Val Loss: 0.6625 | LR: 0.004084
  Train - Data Loss (MIXMSE): 0.6539, GD: 1.9367e+01,     RMSE: 0.5234, MAE: 0.2696
  Val   - Data Loss (MIXMSE): 0.6625, GD: 1.7795e+02,     RMSE: 0.5300, MAE: 0.2635
----------------------------------------------------------------------
Epoch  31/50 | Train Loss: 0.6220 | Val Loss: 0.5408 | LR: 0.004084
  Train - Data Loss (MIXMSE): 0.6012, GD: 1.6601e+01,     RMSE: 0.5015, MAE: 0.2599
  Val   - Data Loss (MIXMSE): 0.5408, GD: 5.0856e+00,     RMSE: 0.4789, MAE: 0.2431
----------------------------------------------------------------------
Epoch  32/50 | Train Loss: 0.5448 | Val Loss: 0.5469 | LR: 0.004084
  Train - Data Loss (MIXMSE): 0.5307, GD: 1.1226e+01,     RMSE: 0.4714, MAE: 0.2431
  Val   - Data Loss (MIXMSE): 0.5469, GD: 9.6229e+00,     RMSE: 0.4814, MAE: 0.2580
----------------------------------------------------------------------
Epoch  33/50 | Train Loss: 0.5101 | Val Loss: 0.5150 | LR: 0.004084
  Train - Data Loss (MIXMSE): 0.5011, GD: 7.2054e+00,     RMSE: 0.4581, MAE: 0.2367
  Val   - Data Loss (MIXMSE): 0.5150, GD: 8.0171e+00,     RMSE: 0.4672, MAE: 0.2457
----------------------------------------------------------------------
Epoch  34/50 | Train Loss: 0.5012 | Val Loss: 0.4880 | LR: 0.004084
  Train - Data Loss (MIXMSE): 0.4908, GD: 8.2983e+00,     RMSE: 0.4534, MAE: 0.2347
  Val   - Data Loss (MIXMSE): 0.4880, GD: 2.9758e+00,     RMSE: 0.4547, MAE: 0.2328
----------------------------------------------------------------------
Epoch  35/50 | Train Loss: 0.4789 | Val Loss: 0.4677 | LR: 0.004084
  Train - Data Loss (MIXMSE): 0.4736, GD: 4.2266e+00,     RMSE: 0.4455, MAE: 0.2302
  Val   - Data Loss (MIXMSE): 0.4677, GD: 3.9510e+00,     RMSE: 0.4452, MAE: 0.2254
----------------------------------------------------------------------
Epoch  36/50 | Train Loss: 0.4677 | Val Loss: 0.4564 | LR: 0.004084
  Train - Data Loss (MIXMSE): 0.4611, GD: 5.2919e+00,     RMSE: 0.4398, MAE: 0.2271
  Val   - Data Loss (MIXMSE): 0.4564, GD: 2.4228e+00,     RMSE: 0.4398, MAE: 0.2201
----------------------------------------------------------------------
Epoch  37/50 | Train Loss: 0.4586 | Val Loss: 0.4460 | LR: 0.004084
  Train - Data Loss (MIXMSE): 0.4545, GD: 3.3007e+00,     RMSE: 0.4363, MAE: 0.2242
  Val   - Data Loss (MIXMSE): 0.4460, GD: 1.5863e+00,     RMSE: 0.4347, MAE: 0.2165
----------------------------------------------------------------------
Epoch  38/50 | Train Loss: 0.4477 | Val Loss: 0.4490 | LR: 0.004084
  Train - Data Loss (MIXMSE): 0.4431, GD: 3.7003e+00,     RMSE: 0.4310, MAE: 0.2210
  Val   - Data Loss (MIXMSE): 0.4490, GD: 2.3743e+00,     RMSE: 0.4362, MAE: 0.2106
----------------------------------------------------------------------
Epoch  39/50 | Train Loss: 0.4402 | Val Loss: 0.4414 | LR: 0.004084
  Train - Data Loss (MIXMSE): 0.4357, GD: 3.5987e+00,     RMSE: 0.4270, MAE: 0.2187
  Val   - Data Loss (MIXMSE): 0.4414, GD: 2.8324e+00,     RMSE: 0.4325, MAE: 0.2162
----------------------------------------------------------------------
Epoch  40/50 | Train Loss: 0.4349 | Val Loss: 0.4287 | LR: 0.004084
  Train - Data Loss (MIXMSE): 0.4319, GD: 2.3313e+00,     RMSE: 0.4254, MAE: 0.2162
  Val   - Data Loss (MIXMSE): 0.4287, GD: 2.0830e+00,     RMSE: 0.4262, MAE: 0.2125
----------------------------------------------------------------------
Epoch  41/50 | Train Loss: 0.4230 | Val Loss: 0.4204 | LR: 0.004084
  Train - Data Loss (MIXMSE): 0.4192, GD: 3.1052e+00,     RMSE: 0.4192, MAE: 0.2133
  Val   - Data Loss (MIXMSE): 0.4204, GD: 2.5848e+00,     RMSE: 0.4220, MAE: 0.2071
----------------------------------------------------------------------
Epoch  42/50 | Train Loss: 0.4260 | Val Loss: 0.4423 | LR: 0.004084
  Train - Data Loss (MIXMSE): 0.4225, GD: 2.7513e+00,     RMSE: 0.4206, MAE: 0.2148
  Val   - Data Loss (MIXMSE): 0.4423, GD: 1.2953e+00,     RMSE: 0.4330, MAE: 0.2091
----------------------------------------------------------------------
Epoch  43/50 | Train Loss: 0.4166 | Val Loss: 0.4452 | LR: 0.004084
  Train - Data Loss (MIXMSE): 0.4129, GD: 2.9471e+00,     RMSE: 0.4156, MAE: 0.2114
  Val   - Data Loss (MIXMSE): 0.4452, GD: 2.3896e+00,     RMSE: 0.4344, MAE: 0.2228
----------------------------------------------------------------------
Epoch  44/50 | Train Loss: 0.4153 | Val Loss: 0.4267 | LR: 0.004084
  Train - Data Loss (MIXMSE): 0.4116, GD: 2.9622e+00,     RMSE: 0.4152, MAE: 0.2113
  Val   - Data Loss (MIXMSE): 0.4267, GD: 1.9758e+00,     RMSE: 0.4252, MAE: 0.2086
----------------------------------------------------------------------
Epoch  45/50 | Train Loss: 0.4060 | Val Loss: 0.4336 | LR: 0.004084
  Train - Data Loss (MIXMSE): 0.4034, GD: 2.0230e+00,     RMSE: 0.4112, MAE: 0.2091
  Val   - Data Loss (MIXMSE): 0.4336, GD: 5.9196e+00,     RMSE: 0.4286, MAE: 0.2110
----------------------------------------------------------------------
Epoch  46/50 | Train Loss: 0.4067 | Val Loss: 0.4047 | LR: 0.004084
  Train - Data Loss (MIXMSE): 0.4014, GD: 4.2472e+00,     RMSE: 0.4099, MAE: 0.2091
  Val   - Data Loss (MIXMSE): 0.4047, GD: 3.0584e+00,     RMSE: 0.4141, MAE: 0.2045
----------------------------------------------------------------------
Epoch  47/50 | Train Loss: 0.4043 | Val Loss: 0.4159 | LR: 0.004084
  Train - Data Loss (MIXMSE): 0.4016, GD: 2.2046e+00,     RMSE: 0.4103, MAE: 0.2091
  Val   - Data Loss (MIXMSE): 0.4159, GD: 1.5098e+00,     RMSE: 0.4196, MAE: 0.2084
----------------------------------------------------------------------
Epoch  48/50 | Train Loss: 0.4011 | Val Loss: 0.4003 | LR: 0.004084
  Train - Data Loss (MIXMSE): 0.3980, GD: 2.5208e+00,     RMSE: 0.4080, MAE: 0.2079
  Val   - Data Loss (MIXMSE): 0.4003, GD: 2.0751e+00,     RMSE: 0.4118, MAE: 0.2030
----------------------------------------------------------------------
Epoch  49/50 | Train Loss: 0.3968 | Val Loss: 0.4029 | LR: 0.004084
  Train - Data Loss (MIXMSE): 0.3929, GD: 3.1378e+00,     RMSE: 0.4058, MAE: 0.2065
  Val   - Data Loss (MIXMSE): 0.4029, GD: 2.3899e+00,     RMSE: 0.4132, MAE: 0.2013
----------------------------------------------------------------------
Epoch  50/50 | Train Loss: 0.3983 | Val Loss: 0.4054 | LR: 0.004084
  Train - Data Loss (MIXMSE): 0.3946, GD: 2.9341e+00,     RMSE: 0.4063, MAE: 0.2082
  Val   - Data Loss (MIXMSE): 0.4054, GD: 2.1467e+00,     RMSE: 0.4144, MAE: 0.2082
----------------------------------------------------------------------

Training complete!
Best validation loss: 0.4003 at epoch 48

Evaluating on test set...
Test Loss: 0.3983
Test MIXMSE: 0.3983, GD: 2.0889e+00,     RMSE: 0.4109, MAE: 0.2087