Starting training for 50 epochs...
--- Optuna Trial 6 ---
Device: cuda
Model parameters: 9,236
----------------------------------------------------------------------
Epoch   1/50 | Train Loss: 415.8869 | Val Loss: 1.4461 | LR: 0.000062
  Train - Data Loss (MIXMSE): 1.5304, GD: 7.6261e+02,     RMSE: 0.8023, MAE: 0.4326
  Val   - Data Loss (MIXMSE): 1.4461, GD: 6.3633e-01,     RMSE: 0.7830, MAE: 0.3684
----------------------------------------------------------------------
Epoch   2/50 | Train Loss: 1.6715 | Val Loss: 1.3734 | LR: 0.000062
  Train - Data Loss (MIXMSE): 1.3765, GD: 5.4299e-01,     RMSE: 0.7605, MAE: 0.3447
  Val   - Data Loss (MIXMSE): 1.3734, GD: 4.4666e-01,     RMSE: 0.7630, MAE: 0.3411
----------------------------------------------------------------------
Epoch   3/50 | Train Loss: 1.5445 | Val Loss: 1.3591 | LR: 0.000062
  Train - Data Loss (MIXMSE): 1.3403, GD: 3.7578e-01,     RMSE: 0.7506, MAE: 0.3481
  Val   - Data Loss (MIXMSE): 1.3591, GD: 2.8728e-01,     RMSE: 0.7591, MAE: 0.3548
----------------------------------------------------------------------
Epoch   4/50 | Train Loss: 1.4540 | Val Loss: 1.3575 | LR: 0.000062
  Train - Data Loss (MIXMSE): 1.3342, GD: 2.2049e-01,     RMSE: 0.7491, MAE: 0.3587
  Val   - Data Loss (MIXMSE): 1.3575, GD: 1.6297e-01,     RMSE: 0.7586, MAE: 0.3613
----------------------------------------------------------------------
Epoch   5/50 | Train Loss: 1.4072 | Val Loss: 1.3573 | LR: 0.000062
  Train - Data Loss (MIXMSE): 1.3341, GD: 1.3460e-01,     RMSE: 0.7493, MAE: 0.3623
  Val   - Data Loss (MIXMSE): 1.3573, GD: 1.1360e-01,     RMSE: 0.7586, MAE: 0.3631
----------------------------------------------------------------------

--- TRIAL PRUNED AT EPOCH 5 ---