Starting training for 50 epochs...
--- Optuna Trial 48 ---
Device: cuda
Model parameters: 12,533
----------------------------------------------------------------------
Epoch   1/50 | Train Loss: 7.4816 | Val Loss: 1.3588 | LR: 0.000151
  Train - Data Loss (MIXMSE): 1.3350, GD: 9.0083e+01,     RMSE: 0.7491, MAE: 0.3640
  Val   - Data Loss (MIXMSE): 1.3588, GD: 1.1212e+00,     RMSE: 0.7590, MAE: 0.3703
----------------------------------------------------------------------
Epoch   2/50 | Train Loss: 1.4077 | Val Loss: 1.3582 | LR: 0.000151
  Train - Data Loss (MIXMSE): 1.3349, GD: 1.0665e+00,     RMSE: 0.7495, MAE: 0.3641
  Val   - Data Loss (MIXMSE): 1.3582, GD: 1.0275e+00,     RMSE: 0.7588, MAE: 0.3647
----------------------------------------------------------------------
Epoch   3/50 | Train Loss: 1.4034 | Val Loss: 1.3580 | LR: 0.000151
  Train - Data Loss (MIXMSE): 1.3345, GD: 1.0101e+00,     RMSE: 0.7490, MAE: 0.3638
  Val   - Data Loss (MIXMSE): 1.3580, GD: 9.8973e-01,     RMSE: 0.7588, MAE: 0.3656
----------------------------------------------------------------------
Epoch   4/50 | Train Loss: 1.4009 | Val Loss: 1.3578 | LR: 0.000151
  Train - Data Loss (MIXMSE): 1.3345, GD: 9.7277e-01,     RMSE: 0.7494, MAE: 0.3637
  Val   - Data Loss (MIXMSE): 1.3578, GD: 9.5137e-01,     RMSE: 0.7587, MAE: 0.3650
----------------------------------------------------------------------
Epoch   5/50 | Train Loss: 1.3977 | Val Loss: 1.3578 | LR: 0.000151
  Train - Data Loss (MIXMSE): 1.3341, GD: 9.3288e-01,     RMSE: 0.7493, MAE: 0.3637
  Val   - Data Loss (MIXMSE): 1.3578, GD: 9.1076e-01,     RMSE: 0.7587, MAE: 0.3613
----------------------------------------------------------------------

--- TRIAL PRUNED AT EPOCH 5 ---