Starting training for 50 epochs...
--- Optuna Trial 21 ---
Device: cuda
Model parameters: 69,346
----------------------------------------------------------------------
Epoch   1/50 | Train Loss: 2.5457 | Val Loss: 1.3486 | LR: 0.001797
  Train - Data Loss (MIXMSE): 1.4082, GD: 1.6400e+02,     RMSE: 0.7652, MAE: 0.3896
  Val   - Data Loss (MIXMSE): 1.3486, GD: 2.5031e-01,     RMSE: 0.7561, MAE: 0.3536
----------------------------------------------------------------------
Epoch   2/50 | Train Loss: 1.3029 | Val Loss: 1.3141 | LR: 0.001797
  Train - Data Loss (MIXMSE): 1.3001, GD: 4.0514e-01,     RMSE: 0.7394, MAE: 0.3548
  Val   - Data Loss (MIXMSE): 1.3141, GD: 6.4203e-01,     RMSE: 0.7464, MAE: 0.3719
----------------------------------------------------------------------
Epoch   3/50 | Train Loss: 1.2687 | Val Loss: 1.2414 | LR: 0.001797
  Train - Data Loss (MIXMSE): 1.2639, GD: 6.8227e-01,     RMSE: 0.7288, MAE: 0.3470
  Val   - Data Loss (MIXMSE): 1.2414, GD: 5.5726e-01,     RMSE: 0.7255, MAE: 0.3383
----------------------------------------------------------------------
Epoch   4/50 | Train Loss: 1.2097 | Val Loss: 1.1918 | LR: 0.001797
  Train - Data Loss (MIXMSE): 1.2040, GD: 8.2246e-01,     RMSE: 0.7115, MAE: 0.3417
  Val   - Data Loss (MIXMSE): 1.1918, GD: 1.1431e+00,     RMSE: 0.7109, MAE: 0.3448
----------------------------------------------------------------------
Epoch   5/50 | Train Loss: 1.1557 | Val Loss: 1.1334 | LR: 0.001797
  Train - Data Loss (MIXMSE): 1.1499, GD: 8.4816e-01,     RMSE: 0.6953, MAE: 0.3464
  Val   - Data Loss (MIXMSE): 1.1334, GD: 4.2777e-01,     RMSE: 0.6932, MAE: 0.3515
----------------------------------------------------------------------
Epoch   6/50 | Train Loss: 1.0888 | Val Loss: 1.0575 | LR: 0.001797
  Train - Data Loss (MIXMSE): 1.0841, GD: 6.8642e-01,     RMSE: 0.6751, MAE: 0.3443
  Val   - Data Loss (MIXMSE): 1.0575, GD: 7.2284e-01,     RMSE: 0.6697, MAE: 0.3317
----------------------------------------------------------------------
Epoch   7/50 | Train Loss: 1.0279 | Val Loss: 1.0266 | LR: 0.001797
  Train - Data Loss (MIXMSE): 1.0227, GD: 7.5308e-01,     RMSE: 0.6553, MAE: 0.3382
  Val   - Data Loss (MIXMSE): 1.0266, GD: 9.2146e-01,     RMSE: 0.6598, MAE: 0.3388
----------------------------------------------------------------------
Epoch   8/50 | Train Loss: 0.9971 | Val Loss: 1.0065 | LR: 0.001797
  Train - Data Loss (MIXMSE): 0.9927, GD: 6.2554e-01,     RMSE: 0.6459, MAE: 0.3360
  Val   - Data Loss (MIXMSE): 1.0065, GD: 2.4928e-01,     RMSE: 0.6532, MAE: 0.3421
----------------------------------------------------------------------
Epoch   9/50 | Train Loss: 0.9738 | Val Loss: 0.9854 | LR: 0.001797
  Train - Data Loss (MIXMSE): 0.9708, GD: 4.2340e-01,     RMSE: 0.6388, MAE: 0.3329
  Val   - Data Loss (MIXMSE): 0.9854, GD: 5.9992e-01,     RMSE: 0.6464, MAE: 0.3268
----------------------------------------------------------------------
Epoch  10/50 | Train Loss: 0.9584 | Val Loss: 0.9910 | LR: 0.001797
  Train - Data Loss (MIXMSE): 0.9554, GD: 4.3451e-01,     RMSE: 0.6336, MAE: 0.3306
  Val   - Data Loss (MIXMSE): 0.9910, GD: 2.4634e-01,     RMSE: 0.6483, MAE: 0.3264
----------------------------------------------------------------------
Epoch  11/50 | Train Loss: 0.9438 | Val Loss: 0.9423 | LR: 0.001797
  Train - Data Loss (MIXMSE): 0.9405, GD: 4.7599e-01,     RMSE: 0.6284, MAE: 0.3282
  Val   - Data Loss (MIXMSE): 0.9423, GD: 3.9920e-01,     RMSE: 0.6322, MAE: 0.3215
----------------------------------------------------------------------
Epoch  12/50 | Train Loss: 0.8901 | Val Loss: 0.8849 | LR: 0.001797
  Train - Data Loss (MIXMSE): 0.8860, GD: 5.9889e-01,     RMSE: 0.6099, MAE: 0.3210
  Val   - Data Loss (MIXMSE): 0.8849, GD: 4.6007e-01,     RMSE: 0.6125, MAE: 0.3035
----------------------------------------------------------------------
Epoch  13/50 | Train Loss: 0.8454 | Val Loss: 0.8605 | LR: 0.001797
  Train - Data Loss (MIXMSE): 0.8423, GD: 4.5149e-01,     RMSE: 0.5946, MAE: 0.3125
  Val   - Data Loss (MIXMSE): 0.8605, GD: 3.7600e-01,     RMSE: 0.6040, MAE: 0.3084
----------------------------------------------------------------------
Epoch  14/50 | Train Loss: 0.8248 | Val Loss: 0.8384 | LR: 0.001797
  Train - Data Loss (MIXMSE): 0.8226, GD: 3.1908e-01,     RMSE: 0.5877, MAE: 0.3073
  Val   - Data Loss (MIXMSE): 0.8384, GD: 2.5480e-01,     RMSE: 0.5962, MAE: 0.3070
----------------------------------------------------------------------
Epoch  15/50 | Train Loss: 0.8169 | Val Loss: 0.8543 | LR: 0.001797
  Train - Data Loss (MIXMSE): 0.8151, GD: 2.5890e-01,     RMSE: 0.5850, MAE: 0.3059
  Val   - Data Loss (MIXMSE): 0.8543, GD: 2.1486e-01,     RMSE: 0.6019, MAE: 0.3103
----------------------------------------------------------------------
Epoch  16/50 | Train Loss: 0.8055 | Val Loss: 0.8330 | LR: 0.001797
  Train - Data Loss (MIXMSE): 0.8042, GD: 1.8576e-01,     RMSE: 0.5810, MAE: 0.3028
  Val   - Data Loss (MIXMSE): 0.8330, GD: 1.9533e-01,     RMSE: 0.5943, MAE: 0.3047
----------------------------------------------------------------------
Epoch  17/50 | Train Loss: 0.7988 | Val Loss: 0.8466 | LR: 0.001797
  Train - Data Loss (MIXMSE): 0.7977, GD: 1.5706e-01,     RMSE: 0.5787, MAE: 0.3016
  Val   - Data Loss (MIXMSE): 0.8466, GD: 1.1530e-01,     RMSE: 0.5992, MAE: 0.2982
----------------------------------------------------------------------
Epoch  18/50 | Train Loss: 0.7932 | Val Loss: 0.8097 | LR: 0.001797
  Train - Data Loss (MIXMSE): 0.7923, GD: 1.2481e-01,     RMSE: 0.5766, MAE: 0.3000
  Val   - Data Loss (MIXMSE): 0.8097, GD: 1.1257e-01,     RMSE: 0.5859, MAE: 0.2986
----------------------------------------------------------------------
Epoch  19/50 | Train Loss: 0.7874 | Val Loss: 0.8145 | LR: 0.001797
  Train - Data Loss (MIXMSE): 0.7866, GD: 1.0764e-01,     RMSE: 0.5745, MAE: 0.2989
  Val   - Data Loss (MIXMSE): 0.8145, GD: 9.9777e-02,     RMSE: 0.5876, MAE: 0.3003
----------------------------------------------------------------------
Epoch  20/50 | Train Loss: 0.7864 | Val Loss: 0.8041 | LR: 0.001797
  Train - Data Loss (MIXMSE): 0.7856, GD: 1.1663e-01,     RMSE: 0.5744, MAE: 0.2983
  Val   - Data Loss (MIXMSE): 0.8041, GD: 1.1936e-01,     RMSE: 0.5839, MAE: 0.2991
----------------------------------------------------------------------
Epoch  21/50 | Train Loss: 0.7821 | Val Loss: 0.8032 | LR: 0.001797
  Train - Data Loss (MIXMSE): 0.7814, GD: 1.0364e-01,     RMSE: 0.5728, MAE: 0.2974
  Val   - Data Loss (MIXMSE): 0.8032, GD: 1.0338e-01,     RMSE: 0.5835, MAE: 0.3021
----------------------------------------------------------------------
Epoch  22/50 | Train Loss: 0.7787 | Val Loss: 0.8098 | LR: 0.001797
  Train - Data Loss (MIXMSE): 0.7779, GD: 1.0385e-01,     RMSE: 0.5718, MAE: 0.2969
  Val   - Data Loss (MIXMSE): 0.8098, GD: 7.5146e-02,     RMSE: 0.5859, MAE: 0.3068
----------------------------------------------------------------------
Epoch  23/50 | Train Loss: 0.7771 | Val Loss: 0.8140 | LR: 0.001797
  Train - Data Loss (MIXMSE): 0.7763, GD: 1.1762e-01,     RMSE: 0.5706, MAE: 0.2964
  Val   - Data Loss (MIXMSE): 0.8140, GD: 1.1689e-01,     RMSE: 0.5875, MAE: 0.2976
----------------------------------------------------------------------
Epoch  24/50 | Train Loss: 0.7756 | Val Loss: 0.8068 | LR: 0.001797
  Train - Data Loss (MIXMSE): 0.7749, GD: 1.0863e-01,     RMSE: 0.5701, MAE: 0.2963
  Val   - Data Loss (MIXMSE): 0.8068, GD: 1.3764e-01,     RMSE: 0.5848, MAE: 0.3095
----------------------------------------------------------------------
Epoch  25/50 | Train Loss: 0.7725 | Val Loss: 0.8096 | LR: 0.001797
  Train - Data Loss (MIXMSE): 0.7716, GD: 1.2331e-01,     RMSE: 0.5688, MAE: 0.2957
  Val   - Data Loss (MIXMSE): 0.8096, GD: 1.7591e-01,     RMSE: 0.5859, MAE: 0.3003
----------------------------------------------------------------------
Epoch  26/50 | Train Loss: 0.7671 | Val Loss: 0.7963 | LR: 0.001797
  Train - Data Loss (MIXMSE): 0.7664, GD: 1.0575e-01,     RMSE: 0.5669, MAE: 0.2939
  Val   - Data Loss (MIXMSE): 0.7963, GD: 8.5527e-02,     RMSE: 0.5810, MAE: 0.2973
----------------------------------------------------------------------
Epoch  27/50 | Train Loss: 0.7669 | Val Loss: 0.7948 | LR: 0.001797
  Train - Data Loss (MIXMSE): 0.7658, GD: 1.5467e-01,     RMSE: 0.5669, MAE: 0.2940
  Val   - Data Loss (MIXMSE): 0.7948, GD: 5.7874e-02,     RMSE: 0.5806, MAE: 0.2848
----------------------------------------------------------------------
Epoch  28/50 | Train Loss: 0.7622 | Val Loss: 0.7850 | LR: 0.001797
  Train - Data Loss (MIXMSE): 0.7615, GD: 1.0129e-01,     RMSE: 0.5654, MAE: 0.2929
  Val   - Data Loss (MIXMSE): 0.7850, GD: 1.0467e-01,     RMSE: 0.5769, MAE: 0.2880
----------------------------------------------------------------------
Epoch  29/50 | Train Loss: 0.7605 | Val Loss: 0.7827 | LR: 0.001797
  Train - Data Loss (MIXMSE): 0.7591, GD: 2.0078e-01,     RMSE: 0.5645, MAE: 0.2923
  Val   - Data Loss (MIXMSE): 0.7827, GD: 4.8183e-02,     RMSE: 0.5761, MAE: 0.2949
----------------------------------------------------------------------

--- TRIAL PRUNED AT EPOCH 29 ---