Starting training for 50 epochs...
--- Optuna Trial 37 ---
Device: cuda
Model parameters: 119,348
----------------------------------------------------------------------
Epoch   1/50 | Train Loss: 1.5863 | Val Loss: 1.3438 | LR: 0.002529
  Train - Data Loss (MIXMSE): 1.3343, GD: 4.1611e+01,     RMSE: 0.7491, MAE: 0.3643
  Val   - Data Loss (MIXMSE): 1.3438, GD: 5.8068e-02,     RMSE: 0.7548, MAE: 0.3558
----------------------------------------------------------------------
Epoch   2/50 | Train Loss: 1.2974 | Val Loss: 1.3008 | LR: 0.002529
  Train - Data Loss (MIXMSE): 1.2959, GD: 2.5890e-01,     RMSE: 0.7380, MAE: 0.3545
  Val   - Data Loss (MIXMSE): 1.3008, GD: 2.6003e+00,     RMSE: 0.7426, MAE: 0.3390
----------------------------------------------------------------------
Epoch   3/50 | Train Loss: 1.2667 | Val Loss: 1.2527 | LR: 0.002529
  Train - Data Loss (MIXMSE): 1.2631, GD: 5.8689e-01,     RMSE: 0.7288, MAE: 0.3477
  Val   - Data Loss (MIXMSE): 1.2527, GD: 4.0279e-01,     RMSE: 0.7288, MAE: 0.3428
----------------------------------------------------------------------
Epoch   4/50 | Train Loss: 1.2078 | Val Loss: 1.1792 | LR: 0.002529
  Train - Data Loss (MIXMSE): 1.2031, GD: 7.8444e-01,     RMSE: 0.7110, MAE: 0.3383
  Val   - Data Loss (MIXMSE): 1.1792, GD: 5.1636e-01,     RMSE: 0.7071, MAE: 0.3397
----------------------------------------------------------------------
Epoch   5/50 | Train Loss: 1.1155 | Val Loss: 1.0793 | LR: 0.002529
  Train - Data Loss (MIXMSE): 1.1125, GD: 4.8994e-01,     RMSE: 0.6837, MAE: 0.3438
  Val   - Data Loss (MIXMSE): 1.0793, GD: 5.4232e-01,     RMSE: 0.6765, MAE: 0.3409
----------------------------------------------------------------------
Epoch   6/50 | Train Loss: 1.0273 | Val Loss: 1.0542 | LR: 0.002529
  Train - Data Loss (MIXMSE): 1.0240, GD: 5.3782e-01,     RMSE: 0.6561, MAE: 0.3404
  Val   - Data Loss (MIXMSE): 1.0542, GD: 4.2916e-01,     RMSE: 0.6686, MAE: 0.3491
----------------------------------------------------------------------
Epoch   7/50 | Train Loss: 0.9880 | Val Loss: 0.9831 | LR: 0.002529
  Train - Data Loss (MIXMSE): 0.9853, GD: 4.5532e-01,     RMSE: 0.6435, MAE: 0.3341
  Val   - Data Loss (MIXMSE): 0.9831, GD: 3.3363e-01,     RMSE: 0.6457, MAE: 0.3303
----------------------------------------------------------------------
Epoch   8/50 | Train Loss: 0.9398 | Val Loss: 0.9600 | LR: 0.002529
  Train - Data Loss (MIXMSE): 0.9363, GD: 5.7719e-01,     RMSE: 0.6269, MAE: 0.3278
  Val   - Data Loss (MIXMSE): 0.9600, GD: 7.6198e-01,     RMSE: 0.6381, MAE: 0.3340
----------------------------------------------------------------------
Epoch   9/50 | Train Loss: 0.8693 | Val Loss: 0.8805 | LR: 0.002529
  Train - Data Loss (MIXMSE): 0.8655, GD: 6.2133e-01,     RMSE: 0.6029, MAE: 0.3164
  Val   - Data Loss (MIXMSE): 0.8805, GD: 5.2453e-01,     RMSE: 0.6112, MAE: 0.3150
----------------------------------------------------------------------
Epoch  10/50 | Train Loss: 0.8348 | Val Loss: 0.8440 | LR: 0.002529
  Train - Data Loss (MIXMSE): 0.8321, GD: 4.4366e-01,     RMSE: 0.5910, MAE: 0.3100
  Val   - Data Loss (MIXMSE): 0.8440, GD: 2.9472e-01,     RMSE: 0.5982, MAE: 0.3058
----------------------------------------------------------------------
Epoch  11/50 | Train Loss: 0.8177 | Val Loss: 0.8328 | LR: 0.002529
  Train - Data Loss (MIXMSE): 0.8157, GD: 3.2373e-01,     RMSE: 0.5850, MAE: 0.3068
  Val   - Data Loss (MIXMSE): 0.8328, GD: 2.2968e-01,     RMSE: 0.5943, MAE: 0.3039
----------------------------------------------------------------------
Epoch  12/50 | Train Loss: 0.8030 | Val Loss: 0.8227 | LR: 0.002529
  Train - Data Loss (MIXMSE): 0.8013, GD: 2.6634e-01,     RMSE: 0.5801, MAE: 0.3033
  Val   - Data Loss (MIXMSE): 0.8227, GD: 2.1115e-01,     RMSE: 0.5907, MAE: 0.3007
----------------------------------------------------------------------
Epoch  13/50 | Train Loss: 0.7943 | Val Loss: 0.8252 | LR: 0.002529
  Train - Data Loss (MIXMSE): 0.7927, GD: 2.6091e-01,     RMSE: 0.5765, MAE: 0.3014
  Val   - Data Loss (MIXMSE): 0.8252, GD: 2.5655e-01,     RMSE: 0.5916, MAE: 0.2991
----------------------------------------------------------------------
Epoch  14/50 | Train Loss: 0.7858 | Val Loss: 0.8123 | LR: 0.002529
  Train - Data Loss (MIXMSE): 0.7841, GD: 2.8351e-01,     RMSE: 0.5739, MAE: 0.2988
  Val   - Data Loss (MIXMSE): 0.8123, GD: 2.4843e-01,     RMSE: 0.5869, MAE: 0.3012
----------------------------------------------------------------------
Epoch  15/50 | Train Loss: 0.7812 | Val Loss: 0.8012 | LR: 0.002529
  Train - Data Loss (MIXMSE): 0.7792, GD: 3.2398e-01,     RMSE: 0.5722, MAE: 0.2971
  Val   - Data Loss (MIXMSE): 0.8012, GD: 4.3606e-01,     RMSE: 0.5829, MAE: 0.2946
----------------------------------------------------------------------
Epoch  16/50 | Train Loss: 0.7792 | Val Loss: 0.8032 | LR: 0.002529
  Train - Data Loss (MIXMSE): 0.7773, GD: 3.1136e-01,     RMSE: 0.5710, MAE: 0.2961
  Val   - Data Loss (MIXMSE): 0.8032, GD: 2.3260e-01,     RMSE: 0.5836, MAE: 0.2866
----------------------------------------------------------------------
Epoch  17/50 | Train Loss: 0.7699 | Val Loss: 0.7992 | LR: 0.002529
  Train - Data Loss (MIXMSE): 0.7681, GD: 3.0753e-01,     RMSE: 0.5679, MAE: 0.2938
  Val   - Data Loss (MIXMSE): 0.7992, GD: 3.9206e-01,     RMSE: 0.5821, MAE: 0.2925
----------------------------------------------------------------------
Epoch  18/50 | Train Loss: 0.7662 | Val Loss: 0.7862 | LR: 0.002529
  Train - Data Loss (MIXMSE): 0.7634, GD: 4.5479e-01,     RMSE: 0.5660, MAE: 0.2926
  Val   - Data Loss (MIXMSE): 0.7862, GD: 4.3273e-01,     RMSE: 0.5774, MAE: 0.2983
----------------------------------------------------------------------
Epoch  19/50 | Train Loss: 0.7606 | Val Loss: 0.7782 | LR: 0.002529
  Train - Data Loss (MIXMSE): 0.7582, GD: 4.0281e-01,     RMSE: 0.5642, MAE: 0.2916
  Val   - Data Loss (MIXMSE): 0.7782, GD: 5.2843e-01,     RMSE: 0.5745, MAE: 0.2859
----------------------------------------------------------------------
Epoch  20/50 | Train Loss: 0.7560 | Val Loss: 0.7836 | LR: 0.002529
  Train - Data Loss (MIXMSE): 0.7527, GD: 5.3942e-01,     RMSE: 0.5618, MAE: 0.2900
  Val   - Data Loss (MIXMSE): 0.7836, GD: 7.3990e-01,     RMSE: 0.5764, MAE: 0.2828
----------------------------------------------------------------------
Epoch  21/50 | Train Loss: 0.7564 | Val Loss: 0.7757 | LR: 0.002529
  Train - Data Loss (MIXMSE): 0.7525, GD: 6.3871e-01,     RMSE: 0.5619, MAE: 0.2897
  Val   - Data Loss (MIXMSE): 0.7757, GD: 3.7342e-01,     RMSE: 0.5735, MAE: 0.2936
----------------------------------------------------------------------
Epoch  22/50 | Train Loss: 0.7528 | Val Loss: 0.7763 | LR: 0.002529
  Train - Data Loss (MIXMSE): 0.7485, GD: 7.1474e-01,     RMSE: 0.5602, MAE: 0.2888
  Val   - Data Loss (MIXMSE): 0.7763, GD: 5.4352e-01,     RMSE: 0.5737, MAE: 0.2878
----------------------------------------------------------------------
Epoch  23/50 | Train Loss: 0.7494 | Val Loss: 0.7591 | LR: 0.002529
  Train - Data Loss (MIXMSE): 0.7443, GD: 8.5569e-01,     RMSE: 0.5587, MAE: 0.2878
  Val   - Data Loss (MIXMSE): 0.7591, GD: 5.0202e-01,     RMSE: 0.5674, MAE: 0.2858
----------------------------------------------------------------------
Epoch  24/50 | Train Loss: 0.7491 | Val Loss: 0.7682 | LR: 0.002529
  Train - Data Loss (MIXMSE): 0.7433, GD: 9.5810e-01,     RMSE: 0.5586, MAE: 0.2879
  Val   - Data Loss (MIXMSE): 0.7682, GD: 1.3857e+00,     RMSE: 0.5707, MAE: 0.2797
----------------------------------------------------------------------
Epoch  25/50 | Train Loss: 0.7421 | Val Loss: 0.7574 | LR: 0.002529
  Train - Data Loss (MIXMSE): 0.7343, GD: 1.2873e+00,     RMSE: 0.5554, MAE: 0.2854
  Val   - Data Loss (MIXMSE): 0.7574, GD: 7.3838e-01,     RMSE: 0.5667, MAE: 0.2825
----------------------------------------------------------------------
Epoch  26/50 | Train Loss: 0.7367 | Val Loss: 0.7884 | LR: 0.002529
  Train - Data Loss (MIXMSE): 0.7255, GD: 1.8384e+00,     RMSE: 0.5517, MAE: 0.2837
  Val   - Data Loss (MIXMSE): 0.7884, GD: 8.0359e-01,     RMSE: 0.5781, MAE: 0.2910
----------------------------------------------------------------------
Epoch  27/50 | Train Loss: 0.7564 | Val Loss: 0.7333 | LR: 0.002529
  Train - Data Loss (MIXMSE): 0.7479, GD: 1.4092e+00,     RMSE: 0.5600, MAE: 0.2893
  Val   - Data Loss (MIXMSE): 0.7333, GD: 1.0663e+00,     RMSE: 0.5577, MAE: 0.2824
----------------------------------------------------------------------
Epoch  28/50 | Train Loss: 0.7199 | Val Loss: 0.7200 | LR: 0.002529
  Train - Data Loss (MIXMSE): 0.7048, GD: 2.5004e+00,     RMSE: 0.5437, MAE: 0.2789
  Val   - Data Loss (MIXMSE): 0.7200, GD: 9.6653e+00,     RMSE: 0.5525, MAE: 0.2729
----------------------------------------------------------------------
Epoch  29/50 | Train Loss: 0.7011 | Val Loss: 0.6765 | LR: 0.002529
  Train - Data Loss (MIXMSE): 0.6806, GD: 3.3878e+00,     RMSE: 0.5346, MAE: 0.2727
  Val   - Data Loss (MIXMSE): 0.6765, GD: 1.6914e+00,     RMSE: 0.5356, MAE: 0.2664
----------------------------------------------------------------------
Epoch  30/50 | Train Loss: 0.7129 | Val Loss: 0.6615 | LR: 0.002529
  Train - Data Loss (MIXMSE): 0.6928, GD: 3.3113e+00,     RMSE: 0.5387, MAE: 0.2756
  Val   - Data Loss (MIXMSE): 0.6615, GD: 6.8200e+00,     RMSE: 0.5297, MAE: 0.2613
----------------------------------------------------------------------
Epoch  31/50 | Train Loss: 0.6519 | Val Loss: 0.6197 | LR: 0.002529
  Train - Data Loss (MIXMSE): 0.6249, GD: 4.4683e+00,     RMSE: 0.5113, MAE: 0.2585
  Val   - Data Loss (MIXMSE): 0.6197, GD: 6.5926e+00,     RMSE: 0.5127, MAE: 0.2505
----------------------------------------------------------------------
Epoch  32/50 | Train Loss: 0.6160 | Val Loss: 0.6676 | LR: 0.002529
  Train - Data Loss (MIXMSE): 0.5867, GD: 4.8479e+00,     RMSE: 0.4958, MAE: 0.2479
  Val   - Data Loss (MIXMSE): 0.6676, GD: 3.7339e+00,     RMSE: 0.5321, MAE: 0.2668
----------------------------------------------------------------------
Epoch  33/50 | Train Loss: 0.5787 | Val Loss: 0.5480 | LR: 0.002529
  Train - Data Loss (MIXMSE): 0.5533, GD: 4.1889e+00,     RMSE: 0.4812, MAE: 0.2398
  Val   - Data Loss (MIXMSE): 0.5480, GD: 2.2318e+00,     RMSE: 0.4821, MAE: 0.2359
----------------------------------------------------------------------
Epoch  34/50 | Train Loss: 0.5444 | Val Loss: 0.5105 | LR: 0.002529
  Train - Data Loss (MIXMSE): 0.5220, GD: 3.6892e+00,     RMSE: 0.4674, MAE: 0.2315
  Val   - Data Loss (MIXMSE): 0.5105, GD: 1.5977e+00,     RMSE: 0.4653, MAE: 0.2258
----------------------------------------------------------------------
Epoch  35/50 | Train Loss: 0.5152 | Val Loss: 0.4963 | LR: 0.002529
  Train - Data Loss (MIXMSE): 0.4964, GD: 3.1161e+00,     RMSE: 0.4558, MAE: 0.2248
  Val   - Data Loss (MIXMSE): 0.4963, GD: 4.3672e+00,     RMSE: 0.4588, MAE: 0.2232
----------------------------------------------------------------------
Epoch  36/50 | Train Loss: 0.4990 | Val Loss: 0.4966 | LR: 0.002529
  Train - Data Loss (MIXMSE): 0.4845, GD: 2.4037e+00,     RMSE: 0.4503, MAE: 0.2240
  Val   - Data Loss (MIXMSE): 0.4966, GD: 1.4944e+00,     RMSE: 0.4589, MAE: 0.2254
----------------------------------------------------------------------
Epoch  37/50 | Train Loss: 0.4859 | Val Loss: 0.4744 | LR: 0.002529
  Train - Data Loss (MIXMSE): 0.4746, GD: 1.8671e+00,     RMSE: 0.4455, MAE: 0.2222
  Val   - Data Loss (MIXMSE): 0.4744, GD: 1.1534e+00,     RMSE: 0.4486, MAE: 0.2205
----------------------------------------------------------------------
Epoch  38/50 | Train Loss: 0.4909 | Val Loss: 0.4760 | LR: 0.002529
  Train - Data Loss (MIXMSE): 0.4740, GD: 2.7947e+00,     RMSE: 0.4455, MAE: 0.2231
  Val   - Data Loss (MIXMSE): 0.4760, GD: 1.2778e+00,     RMSE: 0.4492, MAE: 0.2198
----------------------------------------------------------------------
Epoch  39/50 | Train Loss: 0.4740 | Val Loss: 0.4694 | LR: 0.002529
  Train - Data Loss (MIXMSE): 0.4613, GD: 2.0899e+00,     RMSE: 0.4393, MAE: 0.2197
  Val   - Data Loss (MIXMSE): 0.4694, GD: 2.0716e+00,     RMSE: 0.4461, MAE: 0.2185
----------------------------------------------------------------------
Epoch  40/50 | Train Loss: 0.4651 | Val Loss: 0.4569 | LR: 0.002529
  Train - Data Loss (MIXMSE): 0.4568, GD: 1.3745e+00,     RMSE: 0.4370, MAE: 0.2206
  Val   - Data Loss (MIXMSE): 0.4569, GD: 1.0181e+00,     RMSE: 0.4402, MAE: 0.2188
----------------------------------------------------------------------
Epoch  41/50 | Train Loss: 0.4589 | Val Loss: 0.4562 | LR: 0.002529
  Train - Data Loss (MIXMSE): 0.4512, GD: 1.2698e+00,     RMSE: 0.4346, MAE: 0.2186
  Val   - Data Loss (MIXMSE): 0.4562, GD: 2.1656e+00,     RMSE: 0.4398, MAE: 0.2147
----------------------------------------------------------------------
Epoch  42/50 | Train Loss: 0.4554 | Val Loss: 0.4612 | LR: 0.002529
  Train - Data Loss (MIXMSE): 0.4458, GD: 1.5728e+00,     RMSE: 0.4319, MAE: 0.2178
  Val   - Data Loss (MIXMSE): 0.4612, GD: 7.5545e-01,     RMSE: 0.4421, MAE: 0.2161
----------------------------------------------------------------------
Epoch  43/50 | Train Loss: 0.4557 | Val Loss: 0.4524 | LR: 0.002529
  Train - Data Loss (MIXMSE): 0.4458, GD: 1.6331e+00,     RMSE: 0.4318, MAE: 0.2178
  Val   - Data Loss (MIXMSE): 0.4524, GD: 7.0233e-01,     RMSE: 0.4379, MAE: 0.2193
----------------------------------------------------------------------
Epoch  44/50 | Train Loss: 0.4399 | Val Loss: 0.4507 | LR: 0.002529
  Train - Data Loss (MIXMSE): 0.4355, GD: 7.3281e-01,     RMSE: 0.4267, MAE: 0.2149
  Val   - Data Loss (MIXMSE): 0.4507, GD: 7.4679e-01,     RMSE: 0.4370, MAE: 0.2144
----------------------------------------------------------------------
Epoch  45/50 | Train Loss: 0.4399 | Val Loss: 0.4334 | LR: 0.002529
  Train - Data Loss (MIXMSE): 0.4312, GD: 1.4373e+00,     RMSE: 0.4246, MAE: 0.2132
  Val   - Data Loss (MIXMSE): 0.4334, GD: 6.1493e-01,     RMSE: 0.4285, MAE: 0.2106
----------------------------------------------------------------------
Epoch  46/50 | Train Loss: 0.4323 | Val Loss: 0.4347 | LR: 0.002529
  Train - Data Loss (MIXMSE): 0.4269, GD: 8.8439e-01,     RMSE: 0.4226, MAE: 0.2128
  Val   - Data Loss (MIXMSE): 0.4347, GD: 5.8064e-01,     RMSE: 0.4292, MAE: 0.2136
----------------------------------------------------------------------
Epoch  47/50 | Train Loss: 0.4328 | Val Loss: 0.4304 | LR: 0.002529
  Train - Data Loss (MIXMSE): 0.4289, GD: 6.3932e-01,     RMSE: 0.4237, MAE: 0.2142
  Val   - Data Loss (MIXMSE): 0.4304, GD: 2.1869e+00,     RMSE: 0.4270, MAE: 0.2164
----------------------------------------------------------------------
Epoch  48/50 | Train Loss: 0.4225 | Val Loss: 0.4151 | LR: 0.002529
  Train - Data Loss (MIXMSE): 0.4153, GD: 1.1776e+00,     RMSE: 0.4163, MAE: 0.2084
  Val   - Data Loss (MIXMSE): 0.4151, GD: 8.6928e-01,     RMSE: 0.4195, MAE: 0.2005
----------------------------------------------------------------------
Epoch  49/50 | Train Loss: 0.4173 | Val Loss: 0.4218 | LR: 0.002529
  Train - Data Loss (MIXMSE): 0.4131, GD: 6.9300e-01,     RMSE: 0.4158, MAE: 0.2089
  Val   - Data Loss (MIXMSE): 0.4218, GD: 5.3394e-01,     RMSE: 0.4229, MAE: 0.2034
----------------------------------------------------------------------
Epoch  50/50 | Train Loss: 0.4111 | Val Loss: 0.4096 | LR: 0.002529
  Train - Data Loss (MIXMSE): 0.4062, GD: 7.9811e-01,     RMSE: 0.4121, MAE: 0.2065
  Val   - Data Loss (MIXMSE): 0.4096, GD: 1.8799e+00,     RMSE: 0.4167, MAE: 0.2079
----------------------------------------------------------------------

Training complete!
Best validation loss: 0.4096 at epoch 50

Evaluating on test set...
Test Loss: 0.4007
Test MIXMSE: 0.4007, GD: 1.8232e+00,     RMSE: 0.4121, MAE: 0.2073