Starting training for 50 epochs...
--- Optuna Trial 70 ---
Device: cuda
Model parameters: 157,253
----------------------------------------------------------------------
Epoch   1/50 | Train Loss: 1.3377 | Val Loss: 1.3034 | LR: 0.001549
  Train - Data Loss (MIXMSE): 1.3159, GD: 1.2958e+01,     RMSE: 0.7435, MAE: 0.3590
  Val   - Data Loss (MIXMSE): 1.3034, GD: 1.1196e-01,     RMSE: 0.7434, MAE: 0.3422
----------------------------------------------------------------------
Epoch   2/50 | Train Loss: 1.2360 | Val Loss: 1.1920 | LR: 0.001549
  Train - Data Loss (MIXMSE): 1.2348, GD: 7.1945e-01,     RMSE: 0.7204, MAE: 0.3435
  Val   - Data Loss (MIXMSE): 1.1920, GD: 5.6470e-01,     RMSE: 0.7109, MAE: 0.3438
----------------------------------------------------------------------
Epoch   3/50 | Train Loss: 1.1093 | Val Loss: 1.0713 | LR: 0.001549
  Train - Data Loss (MIXMSE): 1.1067, GD: 1.5340e+00,     RMSE: 0.6817, MAE: 0.3399
  Val   - Data Loss (MIXMSE): 1.0713, GD: 7.5183e-01,     RMSE: 0.6740, MAE: 0.3451
----------------------------------------------------------------------
Epoch   4/50 | Train Loss: 1.0131 | Val Loss: 1.0217 | LR: 0.001549
  Train - Data Loss (MIXMSE): 1.0111, GD: 1.1490e+00,     RMSE: 0.6520, MAE: 0.3347
  Val   - Data Loss (MIXMSE): 1.0217, GD: 1.3043e+00,     RMSE: 0.6582, MAE: 0.3359
----------------------------------------------------------------------
Epoch   5/50 | Train Loss: 0.9688 | Val Loss: 0.9762 | LR: 0.001549
  Train - Data Loss (MIXMSE): 0.9671, GD: 9.8919e-01,     RMSE: 0.6376, MAE: 0.3278
  Val   - Data Loss (MIXMSE): 0.9762, GD: 1.5239e+00,     RMSE: 0.6434, MAE: 0.3264
----------------------------------------------------------------------
Epoch   6/50 | Train Loss: 0.8977 | Val Loss: 0.8890 | LR: 0.001549
  Train - Data Loss (MIXMSE): 0.8958, GD: 1.1372e+00,     RMSE: 0.6131, MAE: 0.3177
  Val   - Data Loss (MIXMSE): 0.8890, GD: 8.1410e-01,     RMSE: 0.6141, MAE: 0.3124
----------------------------------------------------------------------
Epoch   7/50 | Train Loss: 0.8383 | Val Loss: 0.8473 | LR: 0.001549
  Train - Data Loss (MIXMSE): 0.8371, GD: 7.3478e-01,     RMSE: 0.5929, MAE: 0.3082
  Val   - Data Loss (MIXMSE): 0.8473, GD: 7.2293e-01,     RMSE: 0.5994, MAE: 0.3102
----------------------------------------------------------------------
Epoch   8/50 | Train Loss: 0.8077 | Val Loss: 0.8275 | LR: 0.001549
  Train - Data Loss (MIXMSE): 0.8068, GD: 5.1834e-01,     RMSE: 0.5816, MAE: 0.3019
  Val   - Data Loss (MIXMSE): 0.8275, GD: 3.6855e-01,     RMSE: 0.5924, MAE: 0.3001
----------------------------------------------------------------------
Epoch   9/50 | Train Loss: 0.7929 | Val Loss: 0.8112 | LR: 0.001549
  Train - Data Loss (MIXMSE): 0.7923, GD: 3.5676e-01,     RMSE: 0.5764, MAE: 0.2979
  Val   - Data Loss (MIXMSE): 0.8112, GD: 2.5339e-01,     RMSE: 0.5865, MAE: 0.2952
----------------------------------------------------------------------
Epoch  10/50 | Train Loss: 0.7814 | Val Loss: 0.7989 | LR: 0.001549
  Train - Data Loss (MIXMSE): 0.7810, GD: 2.7784e-01,     RMSE: 0.5726, MAE: 0.2956
  Val   - Data Loss (MIXMSE): 0.7989, GD: 2.2126e-01,     RMSE: 0.5820, MAE: 0.2926
----------------------------------------------------------------------
Epoch  11/50 | Train Loss: 0.7744 | Val Loss: 0.7879 | LR: 0.001549
  Train - Data Loss (MIXMSE): 0.7740, GD: 2.2151e-01,     RMSE: 0.5698, MAE: 0.2941
  Val   - Data Loss (MIXMSE): 0.7879, GD: 2.0769e-01,     RMSE: 0.5780, MAE: 0.2898
----------------------------------------------------------------------
Epoch  12/50 | Train Loss: 0.7649 | Val Loss: 0.8004 | LR: 0.001549
  Train - Data Loss (MIXMSE): 0.7646, GD: 1.8437e-01,     RMSE: 0.5664, MAE: 0.2920
  Val   - Data Loss (MIXMSE): 0.8004, GD: 1.7692e-01,     RMSE: 0.5826, MAE: 0.2887
----------------------------------------------------------------------
Epoch  13/50 | Train Loss: 0.7612 | Val Loss: 0.7784 | LR: 0.001549
  Train - Data Loss (MIXMSE): 0.7609, GD: 1.5300e-01,     RMSE: 0.5651, MAE: 0.2913
  Val   - Data Loss (MIXMSE): 0.7784, GD: 1.2878e-01,     RMSE: 0.5745, MAE: 0.2875
----------------------------------------------------------------------
Epoch  14/50 | Train Loss: 0.7590 | Val Loss: 0.7934 | LR: 0.001549
  Train - Data Loss (MIXMSE): 0.7588, GD: 1.4100e-01,     RMSE: 0.5641, MAE: 0.2907
  Val   - Data Loss (MIXMSE): 0.7934, GD: 1.1887e-01,     RMSE: 0.5801, MAE: 0.2851
----------------------------------------------------------------------
Epoch  15/50 | Train Loss: 0.7536 | Val Loss: 0.7720 | LR: 0.001549
  Train - Data Loss (MIXMSE): 0.7534, GD: 1.2490e-01,     RMSE: 0.5626, MAE: 0.2892
  Val   - Data Loss (MIXMSE): 0.7720, GD: 1.2173e-01,     RMSE: 0.5722, MAE: 0.2932
----------------------------------------------------------------------
Epoch  16/50 | Train Loss: 0.7516 | Val Loss: 0.7735 | LR: 0.001549
  Train - Data Loss (MIXMSE): 0.7514, GD: 1.0974e-01,     RMSE: 0.5618, MAE: 0.2889
  Val   - Data Loss (MIXMSE): 0.7735, GD: 1.2472e-01,     RMSE: 0.5727, MAE: 0.2899
----------------------------------------------------------------------
Epoch  17/50 | Train Loss: 0.7497 | Val Loss: 0.7817 | LR: 0.001549
  Train - Data Loss (MIXMSE): 0.7495, GD: 9.4547e-02,     RMSE: 0.5607, MAE: 0.2884
  Val   - Data Loss (MIXMSE): 0.7817, GD: 1.2414e-01,     RMSE: 0.5757, MAE: 0.2956
----------------------------------------------------------------------
Epoch  18/50 | Train Loss: 0.7448 | Val Loss: 0.7639 | LR: 0.001549
  Train - Data Loss (MIXMSE): 0.7446, GD: 1.0392e-01,     RMSE: 0.5591, MAE: 0.2872
  Val   - Data Loss (MIXMSE): 0.7639, GD: 1.1646e-01,     RMSE: 0.5691, MAE: 0.2888
----------------------------------------------------------------------
Epoch  19/50 | Train Loss: 0.7421 | Val Loss: 0.7683 | LR: 0.001549
  Train - Data Loss (MIXMSE): 0.7419, GD: 1.2826e-01,     RMSE: 0.5579, MAE: 0.2867
  Val   - Data Loss (MIXMSE): 0.7683, GD: 1.8969e-01,     RMSE: 0.5708, MAE: 0.2931
----------------------------------------------------------------------
Epoch  20/50 | Train Loss: 0.7414 | Val Loss: 0.7650 | LR: 0.001549
  Train - Data Loss (MIXMSE): 0.7411, GD: 1.9184e-01,     RMSE: 0.5578, MAE: 0.2863
  Val   - Data Loss (MIXMSE): 0.7650, GD: 2.6384e-01,     RMSE: 0.5696, MAE: 0.2886
----------------------------------------------------------------------
Epoch  21/50 | Train Loss: 0.7393 | Val Loss: 0.7615 | LR: 0.001549
  Train - Data Loss (MIXMSE): 0.7387, GD: 3.2416e-01,     RMSE: 0.5568, MAE: 0.2859
  Val   - Data Loss (MIXMSE): 0.7615, GD: 4.6338e-01,     RMSE: 0.5683, MAE: 0.2925
----------------------------------------------------------------------
Epoch  22/50 | Train Loss: 0.7389 | Val Loss: 0.7551 | LR: 0.001549
  Train - Data Loss (MIXMSE): 0.7380, GD: 5.2737e-01,     RMSE: 0.5567, MAE: 0.2859
  Val   - Data Loss (MIXMSE): 0.7551, GD: 7.1841e-01,     RMSE: 0.5659, MAE: 0.2844
----------------------------------------------------------------------
Epoch  23/50 | Train Loss: 0.7334 | Val Loss: 0.7479 | LR: 0.001549
  Train - Data Loss (MIXMSE): 0.7317, GD: 1.0001e+00,     RMSE: 0.5543, MAE: 0.2841
  Val   - Data Loss (MIXMSE): 0.7479, GD: 1.3963e+00,     RMSE: 0.5632, MAE: 0.2834
----------------------------------------------------------------------
Epoch  24/50 | Train Loss: 0.7294 | Val Loss: 0.7468 | LR: 0.001549
  Train - Data Loss (MIXMSE): 0.7265, GD: 1.7093e+00,     RMSE: 0.5519, MAE: 0.2823
  Val   - Data Loss (MIXMSE): 0.7468, GD: 2.6120e+00,     RMSE: 0.5627, MAE: 0.2873
----------------------------------------------------------------------
Epoch  25/50 | Train Loss: 0.7254 | Val Loss: 0.7390 | LR: 0.001549
  Train - Data Loss (MIXMSE): 0.7205, GD: 2.9326e+00,     RMSE: 0.5498, MAE: 0.2810
  Val   - Data Loss (MIXMSE): 0.7390, GD: 3.7369e+00,     RMSE: 0.5598, MAE: 0.2807
----------------------------------------------------------------------
Epoch  26/50 | Train Loss: 0.7250 | Val Loss: 0.7259 | LR: 0.001549
  Train - Data Loss (MIXMSE): 0.7193, GD: 3.3622e+00,     RMSE: 0.5495, MAE: 0.2813
  Val   - Data Loss (MIXMSE): 0.7259, GD: 5.6184e+00,     RMSE: 0.5548, MAE: 0.2738
----------------------------------------------------------------------
Epoch  27/50 | Train Loss: 0.7153 | Val Loss: 0.7123 | LR: 0.001549
  Train - Data Loss (MIXMSE): 0.7050, GD: 6.1175e+00,     RMSE: 0.5438, MAE: 0.2775
  Val   - Data Loss (MIXMSE): 0.7123, GD: 1.3247e+01,     RMSE: 0.5496, MAE: 0.2723
----------------------------------------------------------------------
Epoch  28/50 | Train Loss: 0.6904 | Val Loss: 0.6837 | LR: 0.001549
  Train - Data Loss (MIXMSE): 0.6753, GD: 8.9264e+00,     RMSE: 0.5320, MAE: 0.2691
  Val   - Data Loss (MIXMSE): 0.6837, GD: 8.1855e+00,     RMSE: 0.5384, MAE: 0.2619
----------------------------------------------------------------------
Epoch  29/50 | Train Loss: 0.6521 | Val Loss: 0.6630 | LR: 0.001549
  Train - Data Loss (MIXMSE): 0.6328, GD: 1.1495e+01,     RMSE: 0.5150, MAE: 0.2576
  Val   - Data Loss (MIXMSE): 0.6630, GD: 5.0189e+01,     RMSE: 0.5303, MAE: 0.2567
----------------------------------------------------------------------
Epoch  30/50 | Train Loss: 0.6099 | Val Loss: 0.5874 | LR: 0.001549
  Train - Data Loss (MIXMSE): 0.5909, GD: 1.1246e+01,     RMSE: 0.4974, MAE: 0.2459
  Val   - Data Loss (MIXMSE): 0.5874, GD: 9.9850e+00,     RMSE: 0.4992, MAE: 0.2343
----------------------------------------------------------------------
Epoch  31/50 | Train Loss: 0.5755 | Val Loss: 0.5545 | LR: 0.001549
  Train - Data Loss (MIXMSE): 0.5594, GD: 9.5507e+00,     RMSE: 0.4836, MAE: 0.2379
  Val   - Data Loss (MIXMSE): 0.5545, GD: 4.9150e+00,     RMSE: 0.4850, MAE: 0.2331
----------------------------------------------------------------------
Epoch  32/50 | Train Loss: 0.5429 | Val Loss: 0.5462 | LR: 0.001549
  Train - Data Loss (MIXMSE): 0.5301, GD: 7.5452e+00,     RMSE: 0.4711, MAE: 0.2321
  Val   - Data Loss (MIXMSE): 0.5462, GD: 6.5241e+00,     RMSE: 0.4813, MAE: 0.2310
----------------------------------------------------------------------
Epoch  33/50 | Train Loss: 0.5254 | Val Loss: 0.5188 | LR: 0.001549
  Train - Data Loss (MIXMSE): 0.5130, GD: 7.4001e+00,     RMSE: 0.4632, MAE: 0.2284
  Val   - Data Loss (MIXMSE): 0.5188, GD: 4.2329e+00,     RMSE: 0.4692, MAE: 0.2226
----------------------------------------------------------------------
Epoch  34/50 | Train Loss: 0.5102 | Val Loss: 0.5039 | LR: 0.001549
  Train - Data Loss (MIXMSE): 0.5011, GD: 5.3805e+00,     RMSE: 0.4575, MAE: 0.2275
  Val   - Data Loss (MIXMSE): 0.5039, GD: 5.9699e+00,     RMSE: 0.4623, MAE: 0.2264
----------------------------------------------------------------------
Epoch  35/50 | Train Loss: 0.5040 | Val Loss: 0.4996 | LR: 0.001549
  Train - Data Loss (MIXMSE): 0.4937, GD: 6.1500e+00,     RMSE: 0.4544, MAE: 0.2270
  Val   - Data Loss (MIXMSE): 0.4996, GD: 6.3696e+00,     RMSE: 0.4603, MAE: 0.2259
----------------------------------------------------------------------
Epoch  36/50 | Train Loss: 0.4938 | Val Loss: 0.4913 | LR: 0.001549
  Train - Data Loss (MIXMSE): 0.4853, GD: 5.0145e+00,     RMSE: 0.4504, MAE: 0.2259
  Val   - Data Loss (MIXMSE): 0.4913, GD: 2.8096e+00,     RMSE: 0.4565, MAE: 0.2296
----------------------------------------------------------------------
Epoch  37/50 | Train Loss: 0.4903 | Val Loss: 0.4933 | LR: 0.001549
  Train - Data Loss (MIXMSE): 0.4812, GD: 5.4100e+00,     RMSE: 0.4485, MAE: 0.2261
  Val   - Data Loss (MIXMSE): 0.4933, GD: 2.1749e+00,     RMSE: 0.4574, MAE: 0.2244
----------------------------------------------------------------------
Epoch  38/50 | Train Loss: 0.4822 | Val Loss: 0.4904 | LR: 0.001549
  Train - Data Loss (MIXMSE): 0.4748, GD: 4.3508e+00,     RMSE: 0.4458, MAE: 0.2249
  Val   - Data Loss (MIXMSE): 0.4904, GD: 5.7433e+00,     RMSE: 0.4560, MAE: 0.2292
----------------------------------------------------------------------
Epoch  39/50 | Train Loss: 0.4734 | Val Loss: 0.4877 | LR: 0.001549
  Train - Data Loss (MIXMSE): 0.4683, GD: 2.9980e+00,     RMSE: 0.4425, MAE: 0.2238
  Val   - Data Loss (MIXMSE): 0.4877, GD: 4.8436e+00,     RMSE: 0.4547, MAE: 0.2310
----------------------------------------------------------------------
Epoch  40/50 | Train Loss: 0.4746 | Val Loss: 0.4808 | LR: 0.001549
  Train - Data Loss (MIXMSE): 0.4683, GD: 3.7749e+00,     RMSE: 0.4423, MAE: 0.2245
  Val   - Data Loss (MIXMSE): 0.4808, GD: 2.8556e+00,     RMSE: 0.4515, MAE: 0.2305
----------------------------------------------------------------------

--- TRIAL PRUNED AT EPOCH 40 ---