Starting training for 50 epochs...
--- Optuna Trial 42 ---
Device: cuda
Model parameters: 119,348
----------------------------------------------------------------------
Epoch   1/50 | Train Loss: 1.3814 | Val Loss: 1.3223 | LR: 0.002181
  Train - Data Loss (MIXMSE): 1.3293, GD: 3.0600e+01,     RMSE: 0.7480, MAE: 0.3624
  Val   - Data Loss (MIXMSE): 1.3223, GD: 1.5008e-01,     RMSE: 0.7487, MAE: 0.3691
----------------------------------------------------------------------
Epoch   2/50 | Train Loss: 1.2419 | Val Loss: 1.2119 | LR: 0.002181
  Train - Data Loss (MIXMSE): 1.2395, GD: 1.3853e+00,     RMSE: 0.7220, MAE: 0.3420
  Val   - Data Loss (MIXMSE): 1.2119, GD: 9.5048e-01,     RMSE: 0.7169, MAE: 0.3333
----------------------------------------------------------------------
Epoch   3/50 | Train Loss: 1.1476 | Val Loss: 1.0989 | LR: 0.002181
  Train - Data Loss (MIXMSE): 1.1424, GD: 3.0100e+00,     RMSE: 0.6924, MAE: 0.3371
  Val   - Data Loss (MIXMSE): 1.0989, GD: 2.9877e+00,     RMSE: 0.6827, MAE: 0.3247
----------------------------------------------------------------------
Epoch   4/50 | Train Loss: 1.0356 | Val Loss: 1.0147 | LR: 0.002181
  Train - Data Loss (MIXMSE): 1.0311, GD: 2.6264e+00,     RMSE: 0.6582, MAE: 0.3361
  Val   - Data Loss (MIXMSE): 1.0147, GD: 2.0735e+00,     RMSE: 0.6559, MAE: 0.3356
----------------------------------------------------------------------
Epoch   5/50 | Train Loss: 0.9562 | Val Loss: 0.9165 | LR: 0.002181
  Train - Data Loss (MIXMSE): 0.9520, GD: 2.4533e+00,     RMSE: 0.6322, MAE: 0.3282
  Val   - Data Loss (MIXMSE): 0.9165, GD: 4.1967e+00,     RMSE: 0.6234, MAE: 0.3231
----------------------------------------------------------------------
Epoch   6/50 | Train Loss: 0.8974 | Val Loss: 0.8887 | LR: 0.002181
  Train - Data Loss (MIXMSE): 0.8935, GD: 2.3058e+00,     RMSE: 0.6121, MAE: 0.3167
  Val   - Data Loss (MIXMSE): 0.8887, GD: 2.2958e+00,     RMSE: 0.6138, MAE: 0.3106
----------------------------------------------------------------------
Epoch   7/50 | Train Loss: 0.8372 | Val Loss: 0.8430 | LR: 0.002181
  Train - Data Loss (MIXMSE): 0.8344, GD: 1.6475e+00,     RMSE: 0.5918, MAE: 0.3077
  Val   - Data Loss (MIXMSE): 0.8430, GD: 1.4598e+00,     RMSE: 0.5978, MAE: 0.3034
----------------------------------------------------------------------
Epoch   8/50 | Train Loss: 0.8067 | Val Loss: 0.8130 | LR: 0.002181
  Train - Data Loss (MIXMSE): 0.8045, GD: 1.2990e+00,     RMSE: 0.5811, MAE: 0.3012
  Val   - Data Loss (MIXMSE): 0.8130, GD: 1.6822e+00,     RMSE: 0.5871, MAE: 0.2974
----------------------------------------------------------------------
Epoch   9/50 | Train Loss: 0.7915 | Val Loss: 0.8011 | LR: 0.002181
  Train - Data Loss (MIXMSE): 0.7897, GD: 1.0567e+00,     RMSE: 0.5756, MAE: 0.2983
  Val   - Data Loss (MIXMSE): 0.8011, GD: 9.2694e-01,     RMSE: 0.5828, MAE: 0.2953
----------------------------------------------------------------------
Epoch  10/50 | Train Loss: 0.7819 | Val Loss: 0.7952 | LR: 0.002181
  Train - Data Loss (MIXMSE): 0.7806, GD: 7.7782e-01,     RMSE: 0.5726, MAE: 0.2958
  Val   - Data Loss (MIXMSE): 0.7952, GD: 7.0395e-01,     RMSE: 0.5807, MAE: 0.2932
----------------------------------------------------------------------
Epoch  11/50 | Train Loss: 0.7789 | Val Loss: 0.7982 | LR: 0.002181
  Train - Data Loss (MIXMSE): 0.7773, GD: 9.3433e-01,     RMSE: 0.5712, MAE: 0.2953
  Val   - Data Loss (MIXMSE): 0.7982, GD: 7.0298e-01,     RMSE: 0.5818, MAE: 0.2973
----------------------------------------------------------------------
Epoch  12/50 | Train Loss: 0.7705 | Val Loss: 0.7926 | LR: 0.002181
  Train - Data Loss (MIXMSE): 0.7691, GD: 8.2911e-01,     RMSE: 0.5685, MAE: 0.2935
  Val   - Data Loss (MIXMSE): 0.7926, GD: 7.8494e-01,     RMSE: 0.5797, MAE: 0.2985
----------------------------------------------------------------------
Epoch  13/50 | Train Loss: 0.7663 | Val Loss: 0.7804 | LR: 0.002181
  Train - Data Loss (MIXMSE): 0.7648, GD: 8.5850e-01,     RMSE: 0.5666, MAE: 0.2929
  Val   - Data Loss (MIXMSE): 0.7804, GD: 7.3356e-01,     RMSE: 0.5753, MAE: 0.2968
----------------------------------------------------------------------
Epoch  14/50 | Train Loss: 0.7611 | Val Loss: 0.7866 | LR: 0.002181
  Train - Data Loss (MIXMSE): 0.7595, GD: 9.1662e-01,     RMSE: 0.5646, MAE: 0.2913
  Val   - Data Loss (MIXMSE): 0.7866, GD: 1.0069e+00,     RMSE: 0.5776, MAE: 0.2971
----------------------------------------------------------------------
Epoch  15/50 | Train Loss: 0.7597 | Val Loss: 0.7739 | LR: 0.002181
  Train - Data Loss (MIXMSE): 0.7575, GD: 1.2547e+00,     RMSE: 0.5640, MAE: 0.2913
  Val   - Data Loss (MIXMSE): 0.7739, GD: 2.0855e+00,     RMSE: 0.5729, MAE: 0.2934
----------------------------------------------------------------------
Epoch  16/50 | Train Loss: 0.7541 | Val Loss: 0.7852 | LR: 0.002181
  Train - Data Loss (MIXMSE): 0.7514, GD: 1.5785e+00,     RMSE: 0.5614, MAE: 0.2898
  Val   - Data Loss (MIXMSE): 0.7852, GD: 1.2395e+00,     RMSE: 0.5770, MAE: 0.2908
----------------------------------------------------------------------
Epoch  17/50 | Train Loss: 0.7496 | Val Loss: 0.7637 | LR: 0.002181
  Train - Data Loss (MIXMSE): 0.7455, GD: 2.3676e+00,     RMSE: 0.5591, MAE: 0.2880
  Val   - Data Loss (MIXMSE): 0.7637, GD: 2.0374e+00,     RMSE: 0.5691, MAE: 0.2876
----------------------------------------------------------------------
Epoch  18/50 | Train Loss: 0.7465 | Val Loss: 0.7591 | LR: 0.002181
  Train - Data Loss (MIXMSE): 0.7405, GD: 3.5026e+00,     RMSE: 0.5571, MAE: 0.2869
  Val   - Data Loss (MIXMSE): 0.7591, GD: 2.5760e+00,     RMSE: 0.5674, MAE: 0.2836
----------------------------------------------------------------------
Epoch  19/50 | Train Loss: 0.7349 | Val Loss: 0.7558 | LR: 0.002181
  Train - Data Loss (MIXMSE): 0.7265, GD: 4.8977e+00,     RMSE: 0.5519, MAE: 0.2838
  Val   - Data Loss (MIXMSE): 0.7558, GD: 2.2069e+00,     RMSE: 0.5662, MAE: 0.2810
----------------------------------------------------------------------
Epoch  20/50 | Train Loss: 0.7264 | Val Loss: 0.7242 | LR: 0.002181
  Train - Data Loss (MIXMSE): 0.7155, GD: 6.4092e+00,     RMSE: 0.5478, MAE: 0.2820
  Val   - Data Loss (MIXMSE): 0.7242, GD: 5.4444e+00,     RMSE: 0.5542, MAE: 0.2754
----------------------------------------------------------------------
Epoch  21/50 | Train Loss: 0.7027 | Val Loss: 0.6889 | LR: 0.002181
  Train - Data Loss (MIXMSE): 0.6895, GD: 7.7811e+00,     RMSE: 0.5380, MAE: 0.2766
  Val   - Data Loss (MIXMSE): 0.6889, GD: 4.8442e+00,     RMSE: 0.5405, MAE: 0.2695
----------------------------------------------------------------------
Epoch  22/50 | Train Loss: 0.6763 | Val Loss: 0.6648 | LR: 0.002181
  Train - Data Loss (MIXMSE): 0.6609, GD: 9.0111e+00,     RMSE: 0.5262, MAE: 0.2706
  Val   - Data Loss (MIXMSE): 0.6648, GD: 1.5859e+01,     RMSE: 0.5310, MAE: 0.2638
----------------------------------------------------------------------
Epoch  23/50 | Train Loss: 0.6407 | Val Loss: 0.6337 | LR: 0.002181
  Train - Data Loss (MIXMSE): 0.6245, GD: 9.4995e+00,     RMSE: 0.5119, MAE: 0.2618
  Val   - Data Loss (MIXMSE): 0.6337, GD: 1.2566e+01,     RMSE: 0.5184, MAE: 0.2694
----------------------------------------------------------------------
Epoch  24/50 | Train Loss: 0.6006 | Val Loss: 0.5780 | LR: 0.002181
  Train - Data Loss (MIXMSE): 0.5873, GD: 7.7982e+00,     RMSE: 0.4958, MAE: 0.2523
  Val   - Data Loss (MIXMSE): 0.5780, GD: 3.1876e+00,     RMSE: 0.4952, MAE: 0.2411
----------------------------------------------------------------------
Epoch  25/50 | Train Loss: 0.5733 | Val Loss: 0.5644 | LR: 0.002181
  Train - Data Loss (MIXMSE): 0.5635, GD: 5.7735e+00,     RMSE: 0.4860, MAE: 0.2468
  Val   - Data Loss (MIXMSE): 0.5644, GD: 7.6354e+00,     RMSE: 0.4892, MAE: 0.2382
----------------------------------------------------------------------
Epoch  26/50 | Train Loss: 0.5423 | Val Loss: 0.5320 | LR: 0.002181
  Train - Data Loss (MIXMSE): 0.5332, GD: 5.3100e+00,     RMSE: 0.4726, MAE: 0.2396
  Val   - Data Loss (MIXMSE): 0.5320, GD: 2.3784e+00,     RMSE: 0.4750, MAE: 0.2373
----------------------------------------------------------------------
Epoch  27/50 | Train Loss: 0.5187 | Val Loss: 0.5064 | LR: 0.002181
  Train - Data Loss (MIXMSE): 0.5122, GD: 3.8119e+00,     RMSE: 0.4628, MAE: 0.2338
  Val   - Data Loss (MIXMSE): 0.5064, GD: 4.8026e+00,     RMSE: 0.4634, MAE: 0.2274
----------------------------------------------------------------------
Epoch  28/50 | Train Loss: 0.5028 | Val Loss: 0.5037 | LR: 0.002181
  Train - Data Loss (MIXMSE): 0.4960, GD: 3.9690e+00,     RMSE: 0.4554, MAE: 0.2300
  Val   - Data Loss (MIXMSE): 0.5037, GD: 2.4032e+00,     RMSE: 0.4622, MAE: 0.2300
----------------------------------------------------------------------
Epoch  29/50 | Train Loss: 0.4919 | Val Loss: 0.4834 | LR: 0.002181
  Train - Data Loss (MIXMSE): 0.4868, GD: 2.9935e+00,     RMSE: 0.4513, MAE: 0.2282
  Val   - Data Loss (MIXMSE): 0.4834, GD: 5.5395e+00,     RMSE: 0.4528, MAE: 0.2239
----------------------------------------------------------------------
Epoch  30/50 | Train Loss: 0.4886 | Val Loss: 0.4970 | LR: 0.002181
  Train - Data Loss (MIXMSE): 0.4836, GD: 2.9392e+00,     RMSE: 0.4501, MAE: 0.2287
  Val   - Data Loss (MIXMSE): 0.4970, GD: 2.2228e+00,     RMSE: 0.4592, MAE: 0.2223
----------------------------------------------------------------------
Epoch  31/50 | Train Loss: 0.4725 | Val Loss: 0.4878 | LR: 0.002181
  Train - Data Loss (MIXMSE): 0.4677, GD: 2.8486e+00,     RMSE: 0.4423, MAE: 0.2246
  Val   - Data Loss (MIXMSE): 0.4878, GD: 1.6655e+00,     RMSE: 0.4548, MAE: 0.2193
----------------------------------------------------------------------
Epoch  32/50 | Train Loss: 0.4685 | Val Loss: 0.4846 | LR: 0.002181
  Train - Data Loss (MIXMSE): 0.4640, GD: 2.5922e+00,     RMSE: 0.4405, MAE: 0.2235
  Val   - Data Loss (MIXMSE): 0.4846, GD: 4.6380e+00,     RMSE: 0.4532, MAE: 0.2344
----------------------------------------------------------------------
Epoch  33/50 | Train Loss: 0.4640 | Val Loss: 0.4541 | LR: 0.002181
  Train - Data Loss (MIXMSE): 0.4601, GD: 2.2464e+00,     RMSE: 0.4388, MAE: 0.2236
  Val   - Data Loss (MIXMSE): 0.4541, GD: 3.9939e+00,     RMSE: 0.4388, MAE: 0.2161
----------------------------------------------------------------------
Epoch  34/50 | Train Loss: 0.4547 | Val Loss: 0.4639 | LR: 0.002181
  Train - Data Loss (MIXMSE): 0.4508, GD: 2.2673e+00,     RMSE: 0.4341, MAE: 0.2208
  Val   - Data Loss (MIXMSE): 0.4639, GD: 1.0944e+00,     RMSE: 0.4435, MAE: 0.2149
----------------------------------------------------------------------
Epoch  35/50 | Train Loss: 0.4501 | Val Loss: 0.4484 | LR: 0.002181
  Train - Data Loss (MIXMSE): 0.4468, GD: 1.9423e+00,     RMSE: 0.4325, MAE: 0.2200
  Val   - Data Loss (MIXMSE): 0.4484, GD: 1.2921e+00,     RMSE: 0.4359, MAE: 0.2184
----------------------------------------------------------------------
Epoch  36/50 | Train Loss: 0.4425 | Val Loss: 0.4452 | LR: 0.002181
  Train - Data Loss (MIXMSE): 0.4396, GD: 1.6652e+00,     RMSE: 0.4289, MAE: 0.2179
  Val   - Data Loss (MIXMSE): 0.4452, GD: 1.8930e+00,     RMSE: 0.4344, MAE: 0.2146
----------------------------------------------------------------------
Epoch  37/50 | Train Loss: 0.4401 | Val Loss: 0.4453 | LR: 0.002181
  Train - Data Loss (MIXMSE): 0.4378, GD: 1.3443e+00,     RMSE: 0.4283, MAE: 0.2179
  Val   - Data Loss (MIXMSE): 0.4453, GD: 9.9953e-01,     RMSE: 0.4345, MAE: 0.2194
----------------------------------------------------------------------
Epoch  38/50 | Train Loss: 0.4278 | Val Loss: 0.4320 | LR: 0.002181
  Train - Data Loss (MIXMSE): 0.4260, GD: 1.0793e+00,     RMSE: 0.4223, MAE: 0.2138
  Val   - Data Loss (MIXMSE): 0.4320, GD: 1.3690e+00,     RMSE: 0.4279, MAE: 0.2076
----------------------------------------------------------------------
Epoch  39/50 | Train Loss: 0.4260 | Val Loss: 0.4225 | LR: 0.002181
  Train - Data Loss (MIXMSE): 0.4236, GD: 1.4590e+00,     RMSE: 0.4211, MAE: 0.2130
  Val   - Data Loss (MIXMSE): 0.4225, GD: 1.4697e+00,     RMSE: 0.4231, MAE: 0.2086
----------------------------------------------------------------------
Epoch  40/50 | Train Loss: 0.4236 | Val Loss: 0.4228 | LR: 0.002181
  Train - Data Loss (MIXMSE): 0.4211, GD: 1.4267e+00,     RMSE: 0.4196, MAE: 0.2126
  Val   - Data Loss (MIXMSE): 0.4228, GD: 1.2942e+00,     RMSE: 0.4233, MAE: 0.2081
----------------------------------------------------------------------
Epoch  41/50 | Train Loss: 0.4152 | Val Loss: 0.4188 | LR: 0.002181
  Train - Data Loss (MIXMSE): 0.4127, GD: 1.4212e+00,     RMSE: 0.4157, MAE: 0.2104
  Val   - Data Loss (MIXMSE): 0.4188, GD: 1.2270e+00,     RMSE: 0.4213, MAE: 0.2073
----------------------------------------------------------------------
Epoch  42/50 | Train Loss: 0.4028 | Val Loss: 0.4134 | LR: 0.002181
  Train - Data Loss (MIXMSE): 0.3953, GD: 4.3833e+00,     RMSE: 0.4067, MAE: 0.2065
  Val   - Data Loss (MIXMSE): 0.4134, GD: 3.9598e+01,     RMSE: 0.4185, MAE: 0.2228
----------------------------------------------------------------------
Epoch  43/50 | Train Loss: 0.3592 | Val Loss: 0.3217 | LR: 0.002181
  Train - Data Loss (MIXMSE): 0.3485, GD: 6.3070e+00,     RMSE: 0.3816, MAE: 0.1973
  Val   - Data Loss (MIXMSE): 0.3217, GD: 8.2157e+00,     RMSE: 0.3693, MAE: 0.1861
----------------------------------------------------------------------
Epoch  44/50 | Train Loss: 0.3179 | Val Loss: 0.3352 | LR: 0.002181
  Train - Data Loss (MIXMSE): 0.3112, GD: 3.9403e+00,     RMSE: 0.3607, MAE: 0.1895
  Val   - Data Loss (MIXMSE): 0.3352, GD: 7.8165e+00,     RMSE: 0.3770, MAE: 0.2070
----------------------------------------------------------------------
Epoch  45/50 | Train Loss: 0.3000 | Val Loss: 0.3246 | LR: 0.002181
  Train - Data Loss (MIXMSE): 0.2954, GD: 2.7126e+00,     RMSE: 0.3517, MAE: 0.1864
  Val   - Data Loss (MIXMSE): 0.3246, GD: 1.3010e+00,     RMSE: 0.3710, MAE: 0.2054
----------------------------------------------------------------------
Epoch  46/50 | Train Loss: 0.2894 | Val Loss: 0.2851 | LR: 0.002181
  Train - Data Loss (MIXMSE): 0.2857, GD: 2.1846e+00,     RMSE: 0.3457, MAE: 0.1842
  Val   - Data Loss (MIXMSE): 0.2851, GD: 1.8249e+00,     RMSE: 0.3477, MAE: 0.1747
----------------------------------------------------------------------
Epoch  47/50 | Train Loss: 0.2734 | Val Loss: 0.2833 | LR: 0.002181
  Train - Data Loss (MIXMSE): 0.2696, GD: 2.2657e+00,     RMSE: 0.3358, MAE: 0.1773
  Val   - Data Loss (MIXMSE): 0.2833, GD: 2.2707e+00,     RMSE: 0.3465, MAE: 0.1803
----------------------------------------------------------------------
Epoch  48/50 | Train Loss: 0.2603 | Val Loss: 0.2680 | LR: 0.002181
  Train - Data Loss (MIXMSE): 0.2572, GD: 1.8110e+00,     RMSE: 0.3284, MAE: 0.1742
  Val   - Data Loss (MIXMSE): 0.2680, GD: 5.2211e+00,     RMSE: 0.3371, MAE: 0.1758
----------------------------------------------------------------------
Epoch  49/50 | Train Loss: 0.2623 | Val Loss: 0.2760 | LR: 0.002181
  Train - Data Loss (MIXMSE): 0.2571, GD: 3.0473e+00,     RMSE: 0.3282, MAE: 0.1749
  Val   - Data Loss (MIXMSE): 0.2760, GD: 1.1173e+00,     RMSE: 0.3421, MAE: 0.1750
----------------------------------------------------------------------
Epoch  50/50 | Train Loss: 0.2514 | Val Loss: 0.2525 | LR: 0.002181
  Train - Data Loss (MIXMSE): 0.2490, GD: 1.4100e+00,     RMSE: 0.3229, MAE: 0.1720
  Val   - Data Loss (MIXMSE): 0.2525, GD: 1.0526e+00,     RMSE: 0.3272, MAE: 0.1648
----------------------------------------------------------------------

Training complete!
Best validation loss: 0.2525 at epoch 50

Evaluating on test set...
Test Loss: 0.2486
Test MIXMSE: 0.2486, GD: 1.0717e+00,     RMSE: 0.3247, MAE: 0.1646