Starting training for 50 epochs...
--- Optuna Trial 18 ---
Device: cuda
Model parameters: 69,346
----------------------------------------------------------------------
Epoch   1/50 | Train Loss: 1.5903 | Val Loss: 1.3465 | LR: 0.001806
  Train - Data Loss (MIXMSE): 1.3343, GD: 1.1066e+02,     RMSE: 0.7491, MAE: 0.3639
  Val   - Data Loss (MIXMSE): 1.3465, GD: 6.0859e-02,     RMSE: 0.7555, MAE: 0.3601
----------------------------------------------------------------------
Epoch   2/50 | Train Loss: 1.3063 | Val Loss: 1.2922 | LR: 0.001806
  Train - Data Loss (MIXMSE): 1.3034, GD: 1.2788e+00,     RMSE: 0.7403, MAE: 0.3569
  Val   - Data Loss (MIXMSE): 1.2922, GD: 1.0226e-01,     RMSE: 0.7402, MAE: 0.3477
----------------------------------------------------------------------
Epoch   3/50 | Train Loss: 1.2950 | Val Loss: 1.3055 | LR: 0.001806
  Train - Data Loss (MIXMSE): 1.2920, GD: 1.2987e+00,     RMSE: 0.7370, MAE: 0.3545
  Val   - Data Loss (MIXMSE): 1.3055, GD: 7.2776e-02,     RMSE: 0.7440, MAE: 0.3577
----------------------------------------------------------------------
Epoch   4/50 | Train Loss: 1.2406 | Val Loss: 1.2101 | LR: 0.001806
  Train - Data Loss (MIXMSE): 1.2378, GD: 1.2338e+00,     RMSE: 0.7208, MAE: 0.3491
  Val   - Data Loss (MIXMSE): 1.2101, GD: 2.2443e+00,     RMSE: 0.7163, MAE: 0.3346
----------------------------------------------------------------------
Epoch   5/50 | Train Loss: 1.1578 | Val Loss: 1.1355 | LR: 0.001806
  Train - Data Loss (MIXMSE): 1.1553, GD: 1.0893e+00,     RMSE: 0.6968, MAE: 0.3456
  Val   - Data Loss (MIXMSE): 1.1355, GD: 1.1062e+00,     RMSE: 0.6939, MAE: 0.3438
----------------------------------------------------------------------
Epoch   6/50 | Train Loss: 1.1050 | Val Loss: 1.1253 | LR: 0.001806
  Train - Data Loss (MIXMSE): 1.1029, GD: 9.0592e-01,     RMSE: 0.6808, MAE: 0.3437
  Val   - Data Loss (MIXMSE): 1.1253, GD: 6.0655e-01,     RMSE: 0.6907, MAE: 0.3556
----------------------------------------------------------------------
Epoch   7/50 | Train Loss: 1.0552 | Val Loss: 1.0615 | LR: 0.001806
  Train - Data Loss (MIXMSE): 1.0526, GD: 1.1287e+00,     RMSE: 0.6651, MAE: 0.3413
  Val   - Data Loss (MIXMSE): 1.0615, GD: 4.9490e-01,     RMSE: 0.6709, MAE: 0.3326
----------------------------------------------------------------------
Epoch   8/50 | Train Loss: 1.0143 | Val Loss: 1.0260 | LR: 0.001806
  Train - Data Loss (MIXMSE): 1.0116, GD: 1.1502e+00,     RMSE: 0.6522, MAE: 0.3364
  Val   - Data Loss (MIXMSE): 1.0260, GD: 6.3951e-01,     RMSE: 0.6596, MAE: 0.3301
----------------------------------------------------------------------
Epoch   9/50 | Train Loss: 0.9824 | Val Loss: 0.9739 | LR: 0.001806
  Train - Data Loss (MIXMSE): 0.9798, GD: 1.0857e+00,     RMSE: 0.6418, MAE: 0.3333
  Val   - Data Loss (MIXMSE): 0.9739, GD: 6.6366e-01,     RMSE: 0.6427, MAE: 0.3296
----------------------------------------------------------------------
Epoch  10/50 | Train Loss: 0.9506 | Val Loss: 0.9500 | LR: 0.001806
  Train - Data Loss (MIXMSE): 0.9482, GD: 1.0201e+00,     RMSE: 0.6314, MAE: 0.3298
  Val   - Data Loss (MIXMSE): 0.9500, GD: 7.9657e-01,     RMSE: 0.6348, MAE: 0.3298
----------------------------------------------------------------------
Epoch  11/50 | Train Loss: 0.9265 | Val Loss: 0.9404 | LR: 0.001806
  Train - Data Loss (MIXMSE): 0.9227, GD: 1.6266e+00,     RMSE: 0.6224, MAE: 0.3254
  Val   - Data Loss (MIXMSE): 0.9404, GD: 3.2634e+00,     RMSE: 0.6316, MAE: 0.3329
----------------------------------------------------------------------
Epoch  12/50 | Train Loss: 0.8844 | Val Loss: 0.8788 | LR: 0.001806
  Train - Data Loss (MIXMSE): 0.8809, GD: 1.4700e+00,     RMSE: 0.6085, MAE: 0.3187
  Val   - Data Loss (MIXMSE): 0.8788, GD: 1.7470e+00,     RMSE: 0.6104, MAE: 0.3265
----------------------------------------------------------------------
Epoch  13/50 | Train Loss: 0.8420 | Val Loss: 0.8581 | LR: 0.001806
  Train - Data Loss (MIXMSE): 0.8391, GD: 1.2573e+00,     RMSE: 0.5934, MAE: 0.3104
  Val   - Data Loss (MIXMSE): 0.8581, GD: 1.3090e+00,     RMSE: 0.6033, MAE: 0.3030
----------------------------------------------------------------------
Epoch  14/50 | Train Loss: 0.8263 | Val Loss: 0.8476 | LR: 0.001806
  Train - Data Loss (MIXMSE): 0.8234, GD: 1.2295e+00,     RMSE: 0.5879, MAE: 0.3068
  Val   - Data Loss (MIXMSE): 0.8476, GD: 7.7670e-01,     RMSE: 0.5995, MAE: 0.3025
----------------------------------------------------------------------
Epoch  15/50 | Train Loss: 0.8183 | Val Loss: 0.8320 | LR: 0.001806
  Train - Data Loss (MIXMSE): 0.8155, GD: 1.2115e+00,     RMSE: 0.5851, MAE: 0.3049
  Val   - Data Loss (MIXMSE): 0.8320, GD: 6.7616e-01,     RMSE: 0.5940, MAE: 0.3115
----------------------------------------------------------------------
Epoch  16/50 | Train Loss: 0.8096 | Val Loss: 0.8346 | LR: 0.001806
  Train - Data Loss (MIXMSE): 0.8059, GD: 1.5864e+00,     RMSE: 0.5815, MAE: 0.3023
  Val   - Data Loss (MIXMSE): 0.8346, GD: 2.4998e+00,     RMSE: 0.5949, MAE: 0.2986
----------------------------------------------------------------------
Epoch  17/50 | Train Loss: 0.7999 | Val Loss: 0.8257 | LR: 0.001806
  Train - Data Loss (MIXMSE): 0.7966, GD: 1.4245e+00,     RMSE: 0.5779, MAE: 0.3002
  Val   - Data Loss (MIXMSE): 0.8257, GD: 2.1782e+00,     RMSE: 0.5918, MAE: 0.3091
----------------------------------------------------------------------
Epoch  18/50 | Train Loss: 0.7953 | Val Loss: 0.8281 | LR: 0.001806
  Train - Data Loss (MIXMSE): 0.7917, GD: 1.5200e+00,     RMSE: 0.5763, MAE: 0.2994
  Val   - Data Loss (MIXMSE): 0.8281, GD: 8.2133e-01,     RMSE: 0.5926, MAE: 0.3053
----------------------------------------------------------------------
Epoch  19/50 | Train Loss: 0.7918 | Val Loss: 0.8099 | LR: 0.001806
  Train - Data Loss (MIXMSE): 0.7878, GD: 1.7062e+00,     RMSE: 0.5749, MAE: 0.2988
  Val   - Data Loss (MIXMSE): 0.8099, GD: 1.1176e+00,     RMSE: 0.5860, MAE: 0.2941
----------------------------------------------------------------------
Epoch  20/50 | Train Loss: 0.7865 | Val Loss: 0.8017 | LR: 0.001806
  Train - Data Loss (MIXMSE): 0.7824, GD: 1.7890e+00,     RMSE: 0.5730, MAE: 0.2975
  Val   - Data Loss (MIXMSE): 0.8017, GD: 7.2159e-01,     RMSE: 0.5831, MAE: 0.2933
----------------------------------------------------------------------
Epoch  21/50 | Train Loss: 0.7800 | Val Loss: 0.7949 | LR: 0.001806
  Train - Data Loss (MIXMSE): 0.7753, GD: 2.0678e+00,     RMSE: 0.5702, MAE: 0.2959
  Val   - Data Loss (MIXMSE): 0.7949, GD: 1.7588e+00,     RMSE: 0.5806, MAE: 0.3020
----------------------------------------------------------------------
Epoch  22/50 | Train Loss: 0.7740 | Val Loss: 0.7922 | LR: 0.001806
  Train - Data Loss (MIXMSE): 0.7696, GD: 1.9093e+00,     RMSE: 0.5685, MAE: 0.2943
  Val   - Data Loss (MIXMSE): 0.7922, GD: 5.0596e+00,     RMSE: 0.5796, MAE: 0.3004
----------------------------------------------------------------------
Epoch  23/50 | Train Loss: 0.7745 | Val Loss: 0.7993 | LR: 0.001806
  Train - Data Loss (MIXMSE): 0.7674, GD: 3.0515e+00,     RMSE: 0.5676, MAE: 0.2940
  Val   - Data Loss (MIXMSE): 0.7993, GD: 8.0372e-01,     RMSE: 0.5822, MAE: 0.2956
----------------------------------------------------------------------
Epoch  24/50 | Train Loss: 0.7794 | Val Loss: 0.8060 | LR: 0.001806
  Train - Data Loss (MIXMSE): 0.7726, GD: 2.9544e+00,     RMSE: 0.5693, MAE: 0.2953
  Val   - Data Loss (MIXMSE): 0.8060, GD: 4.8793e-01,     RMSE: 0.5846, MAE: 0.2922
----------------------------------------------------------------------
Epoch  25/50 | Train Loss: 0.7661 | Val Loss: 0.7795 | LR: 0.001806
  Train - Data Loss (MIXMSE): 0.7629, GD: 1.3872e+00,     RMSE: 0.5657, MAE: 0.2934
  Val   - Data Loss (MIXMSE): 0.7795, GD: 1.2845e+00,     RMSE: 0.5749, MAE: 0.2891
----------------------------------------------------------------------
Epoch  26/50 | Train Loss: 0.7583 | Val Loss: 0.7745 | LR: 0.001806
  Train - Data Loss (MIXMSE): 0.7512, GD: 3.0580e+00,     RMSE: 0.5616, MAE: 0.2900
  Val   - Data Loss (MIXMSE): 0.7745, GD: 1.4953e+00,     RMSE: 0.5731, MAE: 0.2896
----------------------------------------------------------------------
Epoch  27/50 | Train Loss: 0.7551 | Val Loss: 0.7550 | LR: 0.001806
  Train - Data Loss (MIXMSE): 0.7467, GD: 3.6041e+00,     RMSE: 0.5599, MAE: 0.2896
  Val   - Data Loss (MIXMSE): 0.7550, GD: 6.1978e+00,     RMSE: 0.5658, MAE: 0.2854
----------------------------------------------------------------------
Epoch  28/50 | Train Loss: 0.7644 | Val Loss: 0.8995 | LR: 0.001806
  Train - Data Loss (MIXMSE): 0.7505, GD: 6.0124e+00,     RMSE: 0.5611, MAE: 0.2900
  Val   - Data Loss (MIXMSE): 0.8995, GD: 1.9409e+00,     RMSE: 0.6177, MAE: 0.3317
----------------------------------------------------------------------
Epoch  29/50 | Train Loss: 0.7791 | Val Loss: 0.7685 | LR: 0.001806
  Train - Data Loss (MIXMSE): 0.7767, GD: 1.0435e+00,     RMSE: 0.5709, MAE: 0.2973
  Val   - Data Loss (MIXMSE): 0.7685, GD: 2.2907e+00,     RMSE: 0.5708, MAE: 0.2924
----------------------------------------------------------------------
Epoch  30/50 | Train Loss: 0.7446 | Val Loss: 0.7784 | LR: 0.001806
  Train - Data Loss (MIXMSE): 0.7339, GD: 4.6186e+00,     RMSE: 0.5551, MAE: 0.2869
  Val   - Data Loss (MIXMSE): 0.7784, GD: 2.2742e+00,     RMSE: 0.5745, MAE: 0.2963
----------------------------------------------------------------------
Epoch  31/50 | Train Loss: 0.7415 | Val Loss: 0.8203 | LR: 0.001806
  Train - Data Loss (MIXMSE): 0.7267, GD: 6.3955e+00,     RMSE: 0.5523, MAE: 0.2844
  Val   - Data Loss (MIXMSE): 0.8203, GD: 1.5256e+01,     RMSE: 0.5897, MAE: 0.3131
----------------------------------------------------------------------
Epoch  32/50 | Train Loss: 0.7443 | Val Loss: 0.7145 | LR: 0.001806
  Train - Data Loss (MIXMSE): 0.7324, GD: 5.1643e+00,     RMSE: 0.5542, MAE: 0.2872
  Val   - Data Loss (MIXMSE): 0.7145, GD: 3.4031e+00,     RMSE: 0.5504, MAE: 0.2834
----------------------------------------------------------------------
Epoch  33/50 | Train Loss: 0.7256 | Val Loss: 0.7051 | LR: 0.001806
  Train - Data Loss (MIXMSE): 0.7070, GD: 8.0413e+00,     RMSE: 0.5445, MAE: 0.2810
  Val   - Data Loss (MIXMSE): 0.7051, GD: 1.7804e+00,     RMSE: 0.5468, MAE: 0.2692
----------------------------------------------------------------------
Epoch  34/50 | Train Loss: 0.7078 | Val Loss: 0.6940 | LR: 0.001806
  Train - Data Loss (MIXMSE): 0.6890, GD: 8.1373e+00,     RMSE: 0.5371, MAE: 0.2772
  Val   - Data Loss (MIXMSE): 0.6940, GD: 6.6256e+00,     RMSE: 0.5425, MAE: 0.2625
----------------------------------------------------------------------
Epoch  35/50 | Train Loss: 0.6626 | Val Loss: 0.6413 | LR: 0.001806
  Train - Data Loss (MIXMSE): 0.6412, GD: 9.2727e+00,     RMSE: 0.5182, MAE: 0.2663
  Val   - Data Loss (MIXMSE): 0.6413, GD: 6.0191e+00,     RMSE: 0.5215, MAE: 0.2703
----------------------------------------------------------------------
Epoch  36/50 | Train Loss: 0.6311 | Val Loss: 0.6315 | LR: 0.001806
  Train - Data Loss (MIXMSE): 0.6083, GD: 9.8571e+00,     RMSE: 0.5047, MAE: 0.2585
  Val   - Data Loss (MIXMSE): 0.6315, GD: 2.7184e+01,     RMSE: 0.5175, MAE: 0.2701
----------------------------------------------------------------------
Epoch  37/50 | Train Loss: 0.5906 | Val Loss: 0.5656 | LR: 0.001806
  Train - Data Loss (MIXMSE): 0.5713, GD: 8.3503e+00,     RMSE: 0.4894, MAE: 0.2494
  Val   - Data Loss (MIXMSE): 0.5656, GD: 1.8912e+01,     RMSE: 0.4898, MAE: 0.2410
----------------------------------------------------------------------
Epoch  38/50 | Train Loss: 0.5592 | Val Loss: 0.5382 | LR: 0.001806
  Train - Data Loss (MIXMSE): 0.5442, GD: 6.4997e+00,     RMSE: 0.4773, MAE: 0.2437
  Val   - Data Loss (MIXMSE): 0.5382, GD: 1.0526e+01,     RMSE: 0.4777, MAE: 0.2459
----------------------------------------------------------------------
Epoch  39/50 | Train Loss: 0.5354 | Val Loss: 0.5314 | LR: 0.001806
  Train - Data Loss (MIXMSE): 0.5239, GD: 4.9660e+00,     RMSE: 0.4683, MAE: 0.2383
  Val   - Data Loss (MIXMSE): 0.5314, GD: 3.6489e+00,     RMSE: 0.4747, MAE: 0.2360
----------------------------------------------------------------------
Epoch  40/50 | Train Loss: 0.5253 | Val Loss: 0.5206 | LR: 0.001806
  Train - Data Loss (MIXMSE): 0.5118, GD: 5.8407e+00,     RMSE: 0.4628, MAE: 0.2366
  Val   - Data Loss (MIXMSE): 0.5206, GD: 3.4518e+00,     RMSE: 0.4698, MAE: 0.2255
----------------------------------------------------------------------
Epoch  41/50 | Train Loss: 0.5124 | Val Loss: 0.5096 | LR: 0.001806
  Train - Data Loss (MIXMSE): 0.5016, GD: 4.6883e+00,     RMSE: 0.4584, MAE: 0.2345
  Val   - Data Loss (MIXMSE): 0.5096, GD: 1.3047e+00,     RMSE: 0.4648, MAE: 0.2268
----------------------------------------------------------------------
Epoch  42/50 | Train Loss: 0.5050 | Val Loss: 0.4886 | LR: 0.001806
  Train - Data Loss (MIXMSE): 0.4935, GD: 4.9562e+00,     RMSE: 0.4543, MAE: 0.2327
  Val   - Data Loss (MIXMSE): 0.4886, GD: 1.6211e+00,     RMSE: 0.4550, MAE: 0.2303
----------------------------------------------------------------------
Epoch  43/50 | Train Loss: 0.4894 | Val Loss: 0.5162 | LR: 0.001806
  Train - Data Loss (MIXMSE): 0.4838, GD: 2.4367e+00,     RMSE: 0.4500, MAE: 0.2314
  Val   - Data Loss (MIXMSE): 0.5162, GD: 1.2153e+00,     RMSE: 0.4678, MAE: 0.2306
----------------------------------------------------------------------
Epoch  44/50 | Train Loss: 0.4790 | Val Loss: 0.4741 | LR: 0.001806
  Train - Data Loss (MIXMSE): 0.4733, GD: 2.4974e+00,     RMSE: 0.4451, MAE: 0.2283
  Val   - Data Loss (MIXMSE): 0.4741, GD: 9.9648e-01,     RMSE: 0.4483, MAE: 0.2223
----------------------------------------------------------------------
Epoch  45/50 | Train Loss: 0.4727 | Val Loss: 0.4728 | LR: 0.001806
  Train - Data Loss (MIXMSE): 0.4663, GD: 2.7300e+00,     RMSE: 0.4422, MAE: 0.2262
  Val   - Data Loss (MIXMSE): 0.4728, GD: 4.1318e+00,     RMSE: 0.4477, MAE: 0.2220
----------------------------------------------------------------------
Epoch  46/50 | Train Loss: 0.4699 | Val Loss: 0.4761 | LR: 0.001806
  Train - Data Loss (MIXMSE): 0.4652, GD: 2.0136e+00,     RMSE: 0.4414, MAE: 0.2271
  Val   - Data Loss (MIXMSE): 0.4761, GD: 8.2948e-01,     RMSE: 0.4492, MAE: 0.2317
----------------------------------------------------------------------
Epoch  47/50 | Train Loss: 0.4622 | Val Loss: 0.4780 | LR: 0.001806
  Train - Data Loss (MIXMSE): 0.4575, GD: 2.0586e+00,     RMSE: 0.4378, MAE: 0.2247
  Val   - Data Loss (MIXMSE): 0.4780, GD: 8.5190e-01,     RMSE: 0.4501, MAE: 0.2179
----------------------------------------------------------------------
Epoch  48/50 | Train Loss: 0.4575 | Val Loss: 0.4635 | LR: 0.001806
  Train - Data Loss (MIXMSE): 0.4526, GD: 2.1024e+00,     RMSE: 0.4354, MAE: 0.2228
  Val   - Data Loss (MIXMSE): 0.4635, GD: 2.0820e+00,     RMSE: 0.4432, MAE: 0.2229
----------------------------------------------------------------------
Epoch  49/50 | Train Loss: 0.4495 | Val Loss: 0.4429 | LR: 0.001806
  Train - Data Loss (MIXMSE): 0.4457, GD: 1.6262e+00,     RMSE: 0.4319, MAE: 0.2206
  Val   - Data Loss (MIXMSE): 0.4429, GD: 8.7319e-01,     RMSE: 0.4332, MAE: 0.2153
----------------------------------------------------------------------
Epoch  50/50 | Train Loss: 0.4433 | Val Loss: 0.4563 | LR: 0.001806
  Train - Data Loss (MIXMSE): 0.4404, GD: 1.2744e+00,     RMSE: 0.4294, MAE: 0.2195
  Val   - Data Loss (MIXMSE): 0.4563, GD: 2.0690e+00,     RMSE: 0.4397, MAE: 0.2255
----------------------------------------------------------------------

Training complete!
Best validation loss: 0.4429 at epoch 49

Evaluating on test set...
Test Loss: 0.4453
Test MIXMSE: 0.4453, GD: 1.9926e+00,     RMSE: 0.4345, MAE: 0.2245