Starting training for 50 epochs...
--- Optuna Trial 40 ---
Device: cuda
Model parameters: 119,348
----------------------------------------------------------------------
Epoch   1/50 | Train Loss: 15.1713 | Val Loss: 1.3574 | LR: 0.000023
  Train - Data Loss (MIXMSE): 1.3409, GD: 3.1743e+01,     RMSE: 0.7511, MAE: 0.3490
  Val   - Data Loss (MIXMSE): 1.3574, GD: 8.9158e-02,     RMSE: 0.7586, MAE: 0.3593
----------------------------------------------------------------------
Epoch   2/50 | Train Loss: 1.3689 | Val Loss: 1.3570 | LR: 0.000023
  Train - Data Loss (MIXMSE): 1.3336, GD: 8.1162e-02,     RMSE: 0.7490, MAE: 0.3619
  Val   - Data Loss (MIXMSE): 1.3570, GD: 7.4620e-02,     RMSE: 0.7585, MAE: 0.3630
----------------------------------------------------------------------
Epoch   3/50 | Train Loss: 1.3645 | Val Loss: 1.3570 | LR: 0.000023
  Train - Data Loss (MIXMSE): 1.3333, GD: 7.1467e-02,     RMSE: 0.7487, MAE: 0.3630
  Val   - Data Loss (MIXMSE): 1.3570, GD: 6.8744e-02,     RMSE: 0.7585, MAE: 0.3629
----------------------------------------------------------------------
Epoch   4/50 | Train Loss: 1.3627 | Val Loss: 1.3570 | LR: 0.000023
  Train - Data Loss (MIXMSE): 1.3333, GD: 6.7444e-02,     RMSE: 0.7489, MAE: 0.3630
  Val   - Data Loss (MIXMSE): 1.3570, GD: 6.6017e-02,     RMSE: 0.7585, MAE: 0.3633
----------------------------------------------------------------------
Epoch   5/50 | Train Loss: 1.3621 | Val Loss: 1.3569 | LR: 0.000023
  Train - Data Loss (MIXMSE): 1.3337, GD: 6.5187e-02,     RMSE: 0.7491, MAE: 0.3628
  Val   - Data Loss (MIXMSE): 1.3569, GD: 6.3987e-02,     RMSE: 0.7585, MAE: 0.3634
----------------------------------------------------------------------

--- TRIAL PRUNED AT EPOCH 5 ---