Starting training for 50 epochs...
--- Optuna Trial 16 ---
Device: cuda
Model parameters: 32,579
----------------------------------------------------------------------
Epoch   1/50 | Train Loss: 2.6385 | Val Loss: 1.3574 | LR: 0.000254
  Train - Data Loss (MIXMSE): 1.3387, GD: 2.1900e+01,     RMSE: 0.7505, MAE: 0.3617
  Val   - Data Loss (MIXMSE): 1.3574, GD: 8.4677e-02,     RMSE: 0.7586, MAE: 0.3624
----------------------------------------------------------------------
Epoch   2/50 | Train Loss: 1.3382 | Val Loss: 1.3574 | LR: 0.000254
  Train - Data Loss (MIXMSE): 1.3337, GD: 7.5180e-02,     RMSE: 0.7486, MAE: 0.3632
  Val   - Data Loss (MIXMSE): 1.3574, GD: 7.0453e-02,     RMSE: 0.7586, MAE: 0.3631
----------------------------------------------------------------------
Epoch   3/50 | Train Loss: 1.3379 | Val Loss: 1.3573 | LR: 0.000254
  Train - Data Loss (MIXMSE): 1.3338, GD: 6.8898e-02,     RMSE: 0.7489, MAE: 0.3634
  Val   - Data Loss (MIXMSE): 1.3573, GD: 6.7263e-02,     RMSE: 0.7586, MAE: 0.3636
----------------------------------------------------------------------
Epoch   4/50 | Train Loss: 1.3379 | Val Loss: 1.3573 | LR: 0.000254
  Train - Data Loss (MIXMSE): 1.3340, GD: 6.5514e-02,     RMSE: 0.7489, MAE: 0.3631
  Val   - Data Loss (MIXMSE): 1.3573, GD: 6.3857e-02,     RMSE: 0.7586, MAE: 0.3624
----------------------------------------------------------------------
Epoch   5/50 | Train Loss: 1.3377 | Val Loss: 1.3573 | LR: 0.000254
  Train - Data Loss (MIXMSE): 1.3340, GD: 6.2195e-02,     RMSE: 0.7491, MAE: 0.3632
  Val   - Data Loss (MIXMSE): 1.3573, GD: 6.0052e-02,     RMSE: 0.7586, MAE: 0.3614
----------------------------------------------------------------------

--- TRIAL PRUNED AT EPOCH 5 ---