Starting training for 50 epochs...
--- Optuna Trial 8 ---
Device: cuda
Model parameters: 125,060
----------------------------------------------------------------------
Epoch   1/50 | Train Loss: 2.8274 | Val Loss: 2.4583 | LR: 0.000010
  Train - Data Loss (MIXMSE): 2.8249, GD: 1.3706e-01,     RMSE: 1.0915, MAE: 0.8702
  Val   - Data Loss (MIXMSE): 2.4583, GD: 1.8242e-02,     RMSE: 1.0204, MAE: 0.7666
----------------------------------------------------------------------
Epoch   2/50 | Train Loss: 1.8194 | Val Loss: 1.3583 | LR: 0.000010
  Train - Data Loss (MIXMSE): 1.8181, GD: 7.1896e-02,     RMSE: 0.8702, MAE: 0.5485
  Val   - Data Loss (MIXMSE): 1.3583, GD: 6.2455e-02,     RMSE: 0.7588, MAE: 0.3663
----------------------------------------------------------------------
Epoch   3/50 | Train Loss: 1.3356 | Val Loss: 1.3570 | LR: 0.000010
  Train - Data Loss (MIXMSE): 1.3351, GD: 2.5973e-02,     RMSE: 0.7491, MAE: 0.3654
  Val   - Data Loss (MIXMSE): 1.3570, GD: 1.9993e-02,     RMSE: 0.7585, MAE: 0.3653
----------------------------------------------------------------------
Epoch   4/50 | Train Loss: 1.3344 | Val Loss: 1.3562 | LR: 0.000010
  Train - Data Loss (MIXMSE): 1.3340, GD: 1.8357e-02,     RMSE: 0.7491, MAE: 0.3650
  Val   - Data Loss (MIXMSE): 1.3562, GD: 1.7238e-02,     RMSE: 0.7582, MAE: 0.3645
----------------------------------------------------------------------
Epoch   5/50 | Train Loss: 1.3335 | Val Loss: 1.3554 | LR: 0.000010
  Train - Data Loss (MIXMSE): 1.3332, GD: 1.6074e-02,     RMSE: 0.7489, MAE: 0.3648
  Val   - Data Loss (MIXMSE): 1.3554, GD: 1.5389e-02,     RMSE: 0.7580, MAE: 0.3672
----------------------------------------------------------------------

--- TRIAL PRUNED AT EPOCH 5 ---