Starting training for 50 epochs...
--- Optuna Trial 63 ---
Device: cuda
Model parameters: 148,661
----------------------------------------------------------------------
Epoch   1/50 | Train Loss: 1.4036 | Val Loss: 1.3371 | LR: 0.001472
  Train - Data Loss (MIXMSE): 1.3330, GD: 3.5184e+01,     RMSE: 0.7486, MAE: 0.3638
  Val   - Data Loss (MIXMSE): 1.3371, GD: 8.7518e-02,     RMSE: 0.7529, MAE: 0.3498
----------------------------------------------------------------------
Epoch   2/50 | Train Loss: 1.2699 | Val Loss: 1.2479 | LR: 0.001472
  Train - Data Loss (MIXMSE): 1.2679, GD: 9.7645e-01,     RMSE: 0.7299, MAE: 0.3491
  Val   - Data Loss (MIXMSE): 1.2479, GD: 4.0513e-01,     RMSE: 0.7274, MAE: 0.3445
----------------------------------------------------------------------
Epoch   3/50 | Train Loss: 1.1918 | Val Loss: 1.1712 | LR: 0.001472
  Train - Data Loss (MIXMSE): 1.1889, GD: 1.4667e+00,     RMSE: 0.7068, MAE: 0.3387
  Val   - Data Loss (MIXMSE): 1.1712, GD: 1.1056e+00,     RMSE: 0.7048, MAE: 0.3497
----------------------------------------------------------------------
Epoch   4/50 | Train Loss: 1.0978 | Val Loss: 1.0858 | LR: 0.001472
  Train - Data Loss (MIXMSE): 1.0941, GD: 1.8124e+00,     RMSE: 0.6775, MAE: 0.3435
  Val   - Data Loss (MIXMSE): 1.0858, GD: 2.4939e+00,     RMSE: 0.6785, MAE: 0.3436
----------------------------------------------------------------------
Epoch   5/50 | Train Loss: 1.0158 | Val Loss: 1.0017 | LR: 0.001472
  Train - Data Loss (MIXMSE): 1.0116, GD: 2.0853e+00,     RMSE: 0.6523, MAE: 0.3372
  Val   - Data Loss (MIXMSE): 1.0017, GD: 1.1764e+00,     RMSE: 0.6517, MAE: 0.3358
----------------------------------------------------------------------
Epoch   6/50 | Train Loss: 0.9600 | Val Loss: 0.9542 | LR: 0.001472
  Train - Data Loss (MIXMSE): 0.9568, GD: 1.5951e+00,     RMSE: 0.6342, MAE: 0.3294
  Val   - Data Loss (MIXMSE): 0.9542, GD: 1.3290e+00,     RMSE: 0.6360, MAE: 0.3192
----------------------------------------------------------------------
Epoch   7/50 | Train Loss: 0.8878 | Val Loss: 0.8598 | LR: 0.001472
  Train - Data Loss (MIXMSE): 0.8836, GD: 2.0990e+00,     RMSE: 0.6092, MAE: 0.3180
  Val   - Data Loss (MIXMSE): 0.8598, GD: 1.6075e+00,     RMSE: 0.6039, MAE: 0.3172
----------------------------------------------------------------------
Epoch   8/50 | Train Loss: 0.8284 | Val Loss: 0.8441 | LR: 0.001472
  Train - Data Loss (MIXMSE): 0.8262, GD: 1.0913e+00,     RMSE: 0.5892, MAE: 0.3073
  Val   - Data Loss (MIXMSE): 0.8441, GD: 6.8221e-01,     RMSE: 0.5982, MAE: 0.2999
----------------------------------------------------------------------
Epoch   9/50 | Train Loss: 0.8081 | Val Loss: 0.8196 | LR: 0.001472
  Train - Data Loss (MIXMSE): 0.8064, GD: 8.5378e-01,     RMSE: 0.5813, MAE: 0.3024
  Val   - Data Loss (MIXMSE): 0.8196, GD: 5.9422e-01,     RMSE: 0.5895, MAE: 0.2996
----------------------------------------------------------------------
Epoch  10/50 | Train Loss: 0.7945 | Val Loss: 0.8129 | LR: 0.001472
  Train - Data Loss (MIXMSE): 0.7931, GD: 6.9201e-01,     RMSE: 0.5768, MAE: 0.2992
  Val   - Data Loss (MIXMSE): 0.8129, GD: 4.2997e-01,     RMSE: 0.5872, MAE: 0.2945
----------------------------------------------------------------------
Epoch  11/50 | Train Loss: 0.7829 | Val Loss: 0.8039 | LR: 0.001472
  Train - Data Loss (MIXMSE): 0.7815, GD: 6.5567e-01,     RMSE: 0.5728, MAE: 0.2965
  Val   - Data Loss (MIXMSE): 0.8039, GD: 4.9531e-01,     RMSE: 0.5838, MAE: 0.2968
----------------------------------------------------------------------
Epoch  12/50 | Train Loss: 0.7757 | Val Loss: 0.7977 | LR: 0.001472
  Train - Data Loss (MIXMSE): 0.7747, GD: 4.9924e-01,     RMSE: 0.5701, MAE: 0.2949
  Val   - Data Loss (MIXMSE): 0.7977, GD: 4.1742e-01,     RMSE: 0.5816, MAE: 0.2905
----------------------------------------------------------------------
Epoch  13/50 | Train Loss: 0.7729 | Val Loss: 0.7932 | LR: 0.001472
  Train - Data Loss (MIXMSE): 0.7719, GD: 5.2016e-01,     RMSE: 0.5692, MAE: 0.2945
  Val   - Data Loss (MIXMSE): 0.7932, GD: 3.8593e-01,     RMSE: 0.5800, MAE: 0.2889
----------------------------------------------------------------------
Epoch  14/50 | Train Loss: 0.7666 | Val Loss: 0.7873 | LR: 0.001472
  Train - Data Loss (MIXMSE): 0.7658, GD: 4.3792e-01,     RMSE: 0.5666, MAE: 0.2928
  Val   - Data Loss (MIXMSE): 0.7873, GD: 4.4466e-01,     RMSE: 0.5778, MAE: 0.2948
----------------------------------------------------------------------
Epoch  15/50 | Train Loss: 0.7614 | Val Loss: 0.7992 | LR: 0.001472
  Train - Data Loss (MIXMSE): 0.7605, GD: 4.2850e-01,     RMSE: 0.5650, MAE: 0.2915
  Val   - Data Loss (MIXMSE): 0.7992, GD: 4.1769e-01,     RMSE: 0.5822, MAE: 0.2924
----------------------------------------------------------------------
Epoch  16/50 | Train Loss: 0.7568 | Val Loss: 0.7795 | LR: 0.001472
  Train - Data Loss (MIXMSE): 0.7560, GD: 4.3471e-01,     RMSE: 0.5632, MAE: 0.2904
  Val   - Data Loss (MIXMSE): 0.7795, GD: 3.8232e-01,     RMSE: 0.5749, MAE: 0.2914
----------------------------------------------------------------------
Epoch  17/50 | Train Loss: 0.7536 | Val Loss: 0.7993 | LR: 0.001472
  Train - Data Loss (MIXMSE): 0.7527, GD: 4.1902e-01,     RMSE: 0.5623, MAE: 0.2901
  Val   - Data Loss (MIXMSE): 0.7993, GD: 5.0627e-01,     RMSE: 0.5822, MAE: 0.2859
----------------------------------------------------------------------
Epoch  18/50 | Train Loss: 0.7526 | Val Loss: 0.7777 | LR: 0.001472
  Train - Data Loss (MIXMSE): 0.7516, GD: 4.6646e-01,     RMSE: 0.5618, MAE: 0.2896
  Val   - Data Loss (MIXMSE): 0.7777, GD: 4.3509e-01,     RMSE: 0.5743, MAE: 0.2952
----------------------------------------------------------------------
Epoch  19/50 | Train Loss: 0.7499 | Val Loss: 0.7666 | LR: 0.001472
  Train - Data Loss (MIXMSE): 0.7488, GD: 5.0806e-01,     RMSE: 0.5604, MAE: 0.2890
  Val   - Data Loss (MIXMSE): 0.7666, GD: 5.0544e-01,     RMSE: 0.5702, MAE: 0.2946
----------------------------------------------------------------------
Epoch  20/50 | Train Loss: 0.7452 | Val Loss: 0.7780 | LR: 0.001472
  Train - Data Loss (MIXMSE): 0.7440, GD: 5.9710e-01,     RMSE: 0.5587, MAE: 0.2878
  Val   - Data Loss (MIXMSE): 0.7780, GD: 5.2414e-01,     RMSE: 0.5743, MAE: 0.2917
----------------------------------------------------------------------
Epoch  21/50 | Train Loss: 0.7422 | Val Loss: 0.7615 | LR: 0.001472
  Train - Data Loss (MIXMSE): 0.7408, GD: 6.9328e-01,     RMSE: 0.5575, MAE: 0.2870
  Val   - Data Loss (MIXMSE): 0.7615, GD: 5.2829e-01,     RMSE: 0.5683, MAE: 0.2868
----------------------------------------------------------------------
Epoch  22/50 | Train Loss: 0.7410 | Val Loss: 0.7646 | LR: 0.001472
  Train - Data Loss (MIXMSE): 0.7393, GD: 8.1425e-01,     RMSE: 0.5566, MAE: 0.2870
  Val   - Data Loss (MIXMSE): 0.7646, GD: 6.3027e-01,     RMSE: 0.5694, MAE: 0.2840
----------------------------------------------------------------------
Epoch  23/50 | Train Loss: 0.7388 | Val Loss: 0.7545 | LR: 0.001472
  Train - Data Loss (MIXMSE): 0.7368, GD: 9.9202e-01,     RMSE: 0.5562, MAE: 0.2859
  Val   - Data Loss (MIXMSE): 0.7545, GD: 1.3468e+00,     RMSE: 0.5656, MAE: 0.2860
----------------------------------------------------------------------
Epoch  24/50 | Train Loss: 0.7365 | Val Loss: 0.7592 | LR: 0.001472
  Train - Data Loss (MIXMSE): 0.7342, GD: 1.1655e+00,     RMSE: 0.5549, MAE: 0.2851
  Val   - Data Loss (MIXMSE): 0.7592, GD: 1.1944e+00,     RMSE: 0.5674, MAE: 0.2926
----------------------------------------------------------------------
Epoch  25/50 | Train Loss: 0.7318 | Val Loss: 0.7538 | LR: 0.001472
  Train - Data Loss (MIXMSE): 0.7287, GD: 1.5767e+00,     RMSE: 0.5530, MAE: 0.2836
  Val   - Data Loss (MIXMSE): 0.7538, GD: 3.3014e+00,     RMSE: 0.5653, MAE: 0.2825
----------------------------------------------------------------------
Epoch  26/50 | Train Loss: 0.7290 | Val Loss: 0.7451 | LR: 0.001472
  Train - Data Loss (MIXMSE): 0.7254, GD: 1.7910e+00,     RMSE: 0.5517, MAE: 0.2829
  Val   - Data Loss (MIXMSE): 0.7451, GD: 1.8553e+00,     RMSE: 0.5621, MAE: 0.2835
----------------------------------------------------------------------
Epoch  27/50 | Train Loss: 0.7272 | Val Loss: 0.7434 | LR: 0.001472
  Train - Data Loss (MIXMSE): 0.7219, GD: 2.6095e+00,     RMSE: 0.5502, MAE: 0.2821
  Val   - Data Loss (MIXMSE): 0.7434, GD: 1.4709e+00,     RMSE: 0.5614, MAE: 0.2780
----------------------------------------------------------------------
Epoch  28/50 | Train Loss: 0.7184 | Val Loss: 0.7460 | LR: 0.001472
  Train - Data Loss (MIXMSE): 0.7123, GD: 3.0495e+00,     RMSE: 0.5465, MAE: 0.2797
  Val   - Data Loss (MIXMSE): 0.7460, GD: 2.1794e+00,     RMSE: 0.5625, MAE: 0.2838
----------------------------------------------------------------------
Epoch  29/50 | Train Loss: 0.7113 | Val Loss: 0.7217 | LR: 0.001472
  Train - Data Loss (MIXMSE): 0.7026, GD: 4.3514e+00,     RMSE: 0.5427, MAE: 0.2774
  Val   - Data Loss (MIXMSE): 0.7217, GD: 5.6859e+00,     RMSE: 0.5533, MAE: 0.2768
----------------------------------------------------------------------
Epoch  30/50 | Train Loss: 0.6983 | Val Loss: 0.7040 | LR: 0.001472
  Train - Data Loss (MIXMSE): 0.6892, GD: 4.5492e+00,     RMSE: 0.5375, MAE: 0.2746
  Val   - Data Loss (MIXMSE): 0.7040, GD: 6.5793e+00,     RMSE: 0.5464, MAE: 0.2739
----------------------------------------------------------------------
Epoch  31/50 | Train Loss: 0.6811 | Val Loss: 0.6838 | LR: 0.001472
  Train - Data Loss (MIXMSE): 0.6694, GD: 5.7920e+00,     RMSE: 0.5301, MAE: 0.2701
  Val   - Data Loss (MIXMSE): 0.6838, GD: 3.6268e+00,     RMSE: 0.5386, MAE: 0.2634
----------------------------------------------------------------------
Epoch  32/50 | Train Loss: 0.6617 | Val Loss: 0.6625 | LR: 0.001472
  Train - Data Loss (MIXMSE): 0.6493, GD: 6.1781e+00,     RMSE: 0.5215, MAE: 0.2649
  Val   - Data Loss (MIXMSE): 0.6625, GD: 3.5109e+00,     RMSE: 0.5301, MAE: 0.2584
----------------------------------------------------------------------
Epoch  33/50 | Train Loss: 0.6334 | Val Loss: 0.6293 | LR: 0.001472
  Train - Data Loss (MIXMSE): 0.6207, GD: 6.3226e+00,     RMSE: 0.5099, MAE: 0.2571
  Val   - Data Loss (MIXMSE): 0.6293, GD: 5.6566e+00,     RMSE: 0.5167, MAE: 0.2533
----------------------------------------------------------------------
Epoch  34/50 | Train Loss: 0.6055 | Val Loss: 0.5858 | LR: 0.001472
  Train - Data Loss (MIXMSE): 0.5941, GD: 5.6718e+00,     RMSE: 0.4986, MAE: 0.2495
  Val   - Data Loss (MIXMSE): 0.5858, GD: 6.3674e+00,     RMSE: 0.4985, MAE: 0.2447
----------------------------------------------------------------------
Epoch  35/50 | Train Loss: 0.5767 | Val Loss: 0.5624 | LR: 0.001472
  Train - Data Loss (MIXMSE): 0.5642, GD: 6.1969e+00,     RMSE: 0.4858, MAE: 0.2410
  Val   - Data Loss (MIXMSE): 0.5624, GD: 8.3752e+00,     RMSE: 0.4884, MAE: 0.2394
----------------------------------------------------------------------
Epoch  36/50 | Train Loss: 0.5477 | Val Loss: 0.5552 | LR: 0.001472
  Train - Data Loss (MIXMSE): 0.5373, GD: 5.1890e+00,     RMSE: 0.4739, MAE: 0.2341
  Val   - Data Loss (MIXMSE): 0.5552, GD: 4.4280e+00,     RMSE: 0.4854, MAE: 0.2286
----------------------------------------------------------------------
Epoch  37/50 | Train Loss: 0.5297 | Val Loss: 0.5392 | LR: 0.001472
  Train - Data Loss (MIXMSE): 0.5200, GD: 4.8345e+00,     RMSE: 0.4661, MAE: 0.2299
  Val   - Data Loss (MIXMSE): 0.5392, GD: 4.0511e+00,     RMSE: 0.4782, MAE: 0.2307
----------------------------------------------------------------------
Epoch  38/50 | Train Loss: 0.5049 | Val Loss: 0.5148 | LR: 0.001472
  Train - Data Loss (MIXMSE): 0.4960, GD: 4.4621e+00,     RMSE: 0.4555, MAE: 0.2238
  Val   - Data Loss (MIXMSE): 0.5148, GD: 3.4786e+00,     RMSE: 0.4673, MAE: 0.2210
----------------------------------------------------------------------
Epoch  39/50 | Train Loss: 0.4987 | Val Loss: 0.4944 | LR: 0.001472
  Train - Data Loss (MIXMSE): 0.4900, GD: 4.3332e+00,     RMSE: 0.4527, MAE: 0.2237
  Val   - Data Loss (MIXMSE): 0.4944, GD: 4.9184e+00,     RMSE: 0.4580, MAE: 0.2162
----------------------------------------------------------------------
Epoch  40/50 | Train Loss: 0.4757 | Val Loss: 0.4676 | LR: 0.001472
  Train - Data Loss (MIXMSE): 0.4668, GD: 4.4538e+00,     RMSE: 0.4418, MAE: 0.2173
  Val   - Data Loss (MIXMSE): 0.4676, GD: 3.6531e+00,     RMSE: 0.4454, MAE: 0.2155
----------------------------------------------------------------------
Epoch  41/50 | Train Loss: 0.4535 | Val Loss: 0.4385 | LR: 0.001472
  Train - Data Loss (MIXMSE): 0.4441, GD: 4.6746e+00,     RMSE: 0.4311, MAE: 0.2119
  Val   - Data Loss (MIXMSE): 0.4385, GD: 7.0811e+00,     RMSE: 0.4313, MAE: 0.2087
----------------------------------------------------------------------
Epoch  42/50 | Train Loss: 0.4206 | Val Loss: 0.4119 | LR: 0.001472
  Train - Data Loss (MIXMSE): 0.4085, GD: 6.0311e+00,     RMSE: 0.4130, MAE: 0.2040
  Val   - Data Loss (MIXMSE): 0.4119, GD: 2.8894e+00,     RMSE: 0.4180, MAE: 0.1991
----------------------------------------------------------------------
Epoch  43/50 | Train Loss: 0.3847 | Val Loss: 0.3856 | LR: 0.001472
  Train - Data Loss (MIXMSE): 0.3761, GD: 4.2838e+00,     RMSE: 0.3963, MAE: 0.1985
  Val   - Data Loss (MIXMSE): 0.3856, GD: 4.3483e+00,     RMSE: 0.4045, MAE: 0.1995
----------------------------------------------------------------------
Epoch  44/50 | Train Loss: 0.3619 | Val Loss: 0.3578 | LR: 0.001472
  Train - Data Loss (MIXMSE): 0.3552, GD: 3.3437e+00,     RMSE: 0.3852, MAE: 0.1943
  Val   - Data Loss (MIXMSE): 0.3578, GD: 2.3167e+00,     RMSE: 0.3897, MAE: 0.1880
----------------------------------------------------------------------
Epoch  45/50 | Train Loss: 0.3432 | Val Loss: 0.3435 | LR: 0.001472
  Train - Data Loss (MIXMSE): 0.3376, GD: 2.7610e+00,     RMSE: 0.3748, MAE: 0.1907
  Val   - Data Loss (MIXMSE): 0.3435, GD: 2.5934e+00,     RMSE: 0.3818, MAE: 0.1875
----------------------------------------------------------------------
Epoch  46/50 | Train Loss: 0.3250 | Val Loss: 0.3415 | LR: 0.001472
  Train - Data Loss (MIXMSE): 0.3210, GD: 2.0053e+00,     RMSE: 0.3658, MAE: 0.1863
  Val   - Data Loss (MIXMSE): 0.3415, GD: 1.7303e+00,     RMSE: 0.3807, MAE: 0.1885
----------------------------------------------------------------------
Epoch  47/50 | Train Loss: 0.3130 | Val Loss: 0.3061 | LR: 0.001472
  Train - Data Loss (MIXMSE): 0.3088, GD: 2.1164e+00,     RMSE: 0.3592, MAE: 0.1832
  Val   - Data Loss (MIXMSE): 0.3061, GD: 1.5260e+00,     RMSE: 0.3604, MAE: 0.1769
----------------------------------------------------------------------
Epoch  48/50 | Train Loss: 0.3012 | Val Loss: 0.3122 | LR: 0.001472
  Train - Data Loss (MIXMSE): 0.2975, GD: 1.8438e+00,     RMSE: 0.3523, MAE: 0.1802
  Val   - Data Loss (MIXMSE): 0.3122, GD: 1.8457e+00,     RMSE: 0.3640, MAE: 0.1837
----------------------------------------------------------------------
Epoch  49/50 | Train Loss: 0.2887 | Val Loss: 0.3073 | LR: 0.001472
  Train - Data Loss (MIXMSE): 0.2857, GD: 1.5132e+00,     RMSE: 0.3456, MAE: 0.1776
  Val   - Data Loss (MIXMSE): 0.3073, GD: 1.2739e+00,     RMSE: 0.3611, MAE: 0.1786
----------------------------------------------------------------------
Epoch  50/50 | Train Loss: 0.2815 | Val Loss: 0.2840 | LR: 0.001472
  Train - Data Loss (MIXMSE): 0.2788, GD: 1.3435e+00,     RMSE: 0.3412, MAE: 0.1752
  Val   - Data Loss (MIXMSE): 0.2840, GD: 1.7702e+00,     RMSE: 0.3471, MAE: 0.1695
----------------------------------------------------------------------

Training complete!
Best validation loss: 0.2840 at epoch 50

Evaluating on test set...
Test Loss: 0.2748
Test MIXMSE: 0.2748, GD: 1.8230e+00,     RMSE: 0.3415, MAE: 0.1679