Starting training for 50 epochs...
--- Optuna Trial 46 ---
Device: cuda
Model parameters: 119,348
----------------------------------------------------------------------
Epoch   1/50 | Train Loss: 1.6666 | Val Loss: 1.3344 | LR: 0.002823
  Train - Data Loss (MIXMSE): 1.3315, GD: 6.9927e+01,     RMSE: 0.7484, MAE: 0.3639
  Val   - Data Loss (MIXMSE): 1.3344, GD: 1.6235e-01,     RMSE: 0.7522, MAE: 0.3387
----------------------------------------------------------------------
Epoch   2/50 | Train Loss: 1.2886 | Val Loss: 1.2983 | LR: 0.002823
  Train - Data Loss (MIXMSE): 1.2877, GD: 1.7610e-01,     RMSE: 0.7354, MAE: 0.3560
  Val   - Data Loss (MIXMSE): 1.2983, GD: 2.4588e-01,     RMSE: 0.7419, MAE: 0.3574
----------------------------------------------------------------------
Epoch   3/50 | Train Loss: 1.2513 | Val Loss: 1.2287 | LR: 0.002823
  Train - Data Loss (MIXMSE): 1.2491, GD: 4.5375e-01,     RMSE: 0.7250, MAE: 0.3547
  Val   - Data Loss (MIXMSE): 1.2287, GD: 1.2779e+00,     RMSE: 0.7218, MAE: 0.3443
----------------------------------------------------------------------
Epoch   4/50 | Train Loss: 1.1949 | Val Loss: 1.1847 | LR: 0.002823
  Train - Data Loss (MIXMSE): 1.1880, GD: 1.4404e+00,     RMSE: 0.7065, MAE: 0.3467
  Val   - Data Loss (MIXMSE): 1.1847, GD: 5.5388e-01,     RMSE: 0.7087, MAE: 0.3607
----------------------------------------------------------------------
Epoch   5/50 | Train Loss: 1.0954 | Val Loss: 1.0753 | LR: 0.002823
  Train - Data Loss (MIXMSE): 1.0902, GD: 1.0833e+00,     RMSE: 0.6771, MAE: 0.3410
  Val   - Data Loss (MIXMSE): 1.0753, GD: 8.2823e-01,     RMSE: 0.6752, MAE: 0.3344
----------------------------------------------------------------------
Epoch   6/50 | Train Loss: 0.9957 | Val Loss: 0.9623 | LR: 0.002823
  Train - Data Loss (MIXMSE): 0.9902, GD: 1.1441e+00,     RMSE: 0.6452, MAE: 0.3341
  Val   - Data Loss (MIXMSE): 0.9623, GD: 8.4631e-01,     RMSE: 0.6388, MAE: 0.3327
----------------------------------------------------------------------
Epoch   7/50 | Train Loss: 0.9081 | Val Loss: 0.9186 | LR: 0.002823
  Train - Data Loss (MIXMSE): 0.9036, GD: 9.3579e-01,     RMSE: 0.6161, MAE: 0.3237
  Val   - Data Loss (MIXMSE): 0.9186, GD: 1.8169e+00,     RMSE: 0.6241, MAE: 0.3236
----------------------------------------------------------------------
Epoch   8/50 | Train Loss: 0.8508 | Val Loss: 0.8719 | LR: 0.002823
  Train - Data Loss (MIXMSE): 0.8464, GD: 9.0630e-01,     RMSE: 0.5961, MAE: 0.3139
  Val   - Data Loss (MIXMSE): 0.8719, GD: 5.3482e-01,     RMSE: 0.6081, MAE: 0.3168
----------------------------------------------------------------------
Epoch   9/50 | Train Loss: 0.8248 | Val Loss: 0.8332 | LR: 0.002823
  Train - Data Loss (MIXMSE): 0.8220, GD: 5.8712e-01,     RMSE: 0.5875, MAE: 0.3078
  Val   - Data Loss (MIXMSE): 0.8332, GD: 5.6636e-01,     RMSE: 0.5944, MAE: 0.3063
----------------------------------------------------------------------
Epoch  10/50 | Train Loss: 0.8101 | Val Loss: 0.8210 | LR: 0.002823
  Train - Data Loss (MIXMSE): 0.8077, GD: 4.9413e-01,     RMSE: 0.5820, MAE: 0.3041
  Val   - Data Loss (MIXMSE): 0.8210, GD: 3.2485e-01,     RMSE: 0.5901, MAE: 0.2978
----------------------------------------------------------------------
Epoch  11/50 | Train Loss: 0.7983 | Val Loss: 0.8201 | LR: 0.002823
  Train - Data Loss (MIXMSE): 0.7964, GD: 3.9981e-01,     RMSE: 0.5778, MAE: 0.3010
  Val   - Data Loss (MIXMSE): 0.8201, GD: 2.6662e-01,     RMSE: 0.5897, MAE: 0.2967
----------------------------------------------------------------------
Epoch  12/50 | Train Loss: 0.7877 | Val Loss: 0.8010 | LR: 0.002823
  Train - Data Loss (MIXMSE): 0.7860, GD: 3.5484e-01,     RMSE: 0.5742, MAE: 0.2985
  Val   - Data Loss (MIXMSE): 0.8010, GD: 4.0024e-01,     RMSE: 0.5828, MAE: 0.2965
----------------------------------------------------------------------
Epoch  13/50 | Train Loss: 0.7801 | Val Loss: 0.8044 | LR: 0.002823
  Train - Data Loss (MIXMSE): 0.7785, GD: 3.2628e-01,     RMSE: 0.5716, MAE: 0.2961
  Val   - Data Loss (MIXMSE): 0.8044, GD: 3.3513e-01,     RMSE: 0.5840, MAE: 0.2970
----------------------------------------------------------------------
Epoch  14/50 | Train Loss: 0.7745 | Val Loss: 0.8202 | LR: 0.002823
  Train - Data Loss (MIXMSE): 0.7728, GD: 3.5212e-01,     RMSE: 0.5696, MAE: 0.2946
  Val   - Data Loss (MIXMSE): 0.8202, GD: 4.5671e-01,     RMSE: 0.5897, MAE: 0.2897
----------------------------------------------------------------------
Epoch  15/50 | Train Loss: 0.7683 | Val Loss: 0.7838 | LR: 0.002823
  Train - Data Loss (MIXMSE): 0.7667, GD: 3.3187e-01,     RMSE: 0.5675, MAE: 0.2930
  Val   - Data Loss (MIXMSE): 0.7838, GD: 2.0609e-01,     RMSE: 0.5765, MAE: 0.2943
----------------------------------------------------------------------
Epoch  16/50 | Train Loss: 0.7681 | Val Loss: 0.7847 | LR: 0.002823
  Train - Data Loss (MIXMSE): 0.7666, GD: 3.2793e-01,     RMSE: 0.5670, MAE: 0.2935
  Val   - Data Loss (MIXMSE): 0.7847, GD: 3.4170e-01,     RMSE: 0.5768, MAE: 0.2876
----------------------------------------------------------------------
Epoch  17/50 | Train Loss: 0.7621 | Val Loss: 0.7919 | LR: 0.002823
  Train - Data Loss (MIXMSE): 0.7605, GD: 3.3440e-01,     RMSE: 0.5650, MAE: 0.2915
  Val   - Data Loss (MIXMSE): 0.7919, GD: 2.8854e-01,     RMSE: 0.5794, MAE: 0.2954
----------------------------------------------------------------------
Epoch  18/50 | Train Loss: 0.7622 | Val Loss: 0.7909 | LR: 0.002823
  Train - Data Loss (MIXMSE): 0.7603, GD: 3.8378e-01,     RMSE: 0.5648, MAE: 0.2919
  Val   - Data Loss (MIXMSE): 0.7909, GD: 4.4886e-01,     RMSE: 0.5791, MAE: 0.2975
----------------------------------------------------------------------
Epoch  19/50 | Train Loss: 0.7605 | Val Loss: 0.7856 | LR: 0.002823
  Train - Data Loss (MIXMSE): 0.7581, GD: 5.0583e-01,     RMSE: 0.5637, MAE: 0.2914
  Val   - Data Loss (MIXMSE): 0.7856, GD: 3.8892e-01,     RMSE: 0.5771, MAE: 0.3021
----------------------------------------------------------------------
Epoch  20/50 | Train Loss: 0.7551 | Val Loss: 0.7684 | LR: 0.002823
  Train - Data Loss (MIXMSE): 0.7526, GD: 5.2671e-01,     RMSE: 0.5619, MAE: 0.2899
  Val   - Data Loss (MIXMSE): 0.7684, GD: 5.8382e-01,     RMSE: 0.5708, MAE: 0.2871
----------------------------------------------------------------------
Epoch  21/50 | Train Loss: 0.7530 | Val Loss: 0.7873 | LR: 0.002823
  Train - Data Loss (MIXMSE): 0.7496, GD: 7.0028e-01,     RMSE: 0.5608, MAE: 0.2890
  Val   - Data Loss (MIXMSE): 0.7873, GD: 7.2193e-01,     RMSE: 0.5778, MAE: 0.2885
----------------------------------------------------------------------
Epoch  22/50 | Train Loss: 0.7495 | Val Loss: 0.7700 | LR: 0.002823
  Train - Data Loss (MIXMSE): 0.7452, GD: 8.8189e-01,     RMSE: 0.5588, MAE: 0.2882
  Val   - Data Loss (MIXMSE): 0.7700, GD: 9.0648e-01,     RMSE: 0.5714, MAE: 0.2879
----------------------------------------------------------------------
Epoch  23/50 | Train Loss: 0.7455 | Val Loss: 0.7601 | LR: 0.002823
  Train - Data Loss (MIXMSE): 0.7405, GD: 1.0553e+00,     RMSE: 0.5574, MAE: 0.2866
  Val   - Data Loss (MIXMSE): 0.7601, GD: 5.8960e-01,     RMSE: 0.5677, MAE: 0.2875
----------------------------------------------------------------------
Epoch  24/50 | Train Loss: 0.7417 | Val Loss: 0.7508 | LR: 0.002823
  Train - Data Loss (MIXMSE): 0.7357, GD: 1.2497e+00,     RMSE: 0.5556, MAE: 0.2857
  Val   - Data Loss (MIXMSE): 0.7508, GD: 2.0917e+00,     RMSE: 0.5643, MAE: 0.2811
----------------------------------------------------------------------
Epoch  25/50 | Train Loss: 0.7471 | Val Loss: 0.7562 | LR: 0.002823
  Train - Data Loss (MIXMSE): 0.7406, GD: 1.3703e+00,     RMSE: 0.5574, MAE: 0.2868
  Val   - Data Loss (MIXMSE): 0.7562, GD: 3.6825e+00,     RMSE: 0.5663, MAE: 0.2863
----------------------------------------------------------------------
Epoch  26/50 | Train Loss: 0.7420 | Val Loss: 0.8561 | LR: 0.002823
  Train - Data Loss (MIXMSE): 0.7302, GD: 2.4732e+00,     RMSE: 0.5534, MAE: 0.2841
  Val   - Data Loss (MIXMSE): 0.8561, GD: 6.2647e-01,     RMSE: 0.6025, MAE: 0.3085
----------------------------------------------------------------------
Epoch  27/50 | Train Loss: 0.7487 | Val Loss: 0.7349 | LR: 0.002823
  Train - Data Loss (MIXMSE): 0.7448, GD: 8.2342e-01,     RMSE: 0.5592, MAE: 0.2882
  Val   - Data Loss (MIXMSE): 0.7349, GD: 1.9882e+00,     RMSE: 0.5582, MAE: 0.2815
----------------------------------------------------------------------
Epoch  28/50 | Train Loss: 0.7438 | Val Loss: 0.8067 | LR: 0.002823
  Train - Data Loss (MIXMSE): 0.7299, GD: 2.9037e+00,     RMSE: 0.5530, MAE: 0.2838
  Val   - Data Loss (MIXMSE): 0.8067, GD: 3.9719e-01,     RMSE: 0.5849, MAE: 0.2927
----------------------------------------------------------------------
Epoch  29/50 | Train Loss: 0.7479 | Val Loss: 0.7433 | LR: 0.002823
  Train - Data Loss (MIXMSE): 0.7457, GD: 4.6682e-01,     RMSE: 0.5595, MAE: 0.2877
  Val   - Data Loss (MIXMSE): 0.7433, GD: 1.5745e+00,     RMSE: 0.5614, MAE: 0.2867
----------------------------------------------------------------------
Epoch  30/50 | Train Loss: 0.7172 | Val Loss: 0.7236 | LR: 0.002823
  Train - Data Loss (MIXMSE): 0.7090, GD: 1.7189e+00,     RMSE: 0.5455, MAE: 0.2803
  Val   - Data Loss (MIXMSE): 0.7236, GD: 3.0570e+00,     RMSE: 0.5540, MAE: 0.2812
----------------------------------------------------------------------
Epoch  31/50 | Train Loss: 0.7749 | Val Loss: 0.7833 | LR: 0.002823
  Train - Data Loss (MIXMSE): 0.7638, GD: 2.3267e+00,     RMSE: 0.5655, MAE: 0.2905
  Val   - Data Loss (MIXMSE): 0.7833, GD: 1.4202e-01,     RMSE: 0.5763, MAE: 0.2875
----------------------------------------------------------------------
Epoch  32/50 | Train Loss: 0.7533 | Val Loss: 0.7675 | LR: 0.002823
  Train - Data Loss (MIXMSE): 0.7524, GD: 1.8768e-01,     RMSE: 0.5619, MAE: 0.2891
  Val   - Data Loss (MIXMSE): 0.7675, GD: 3.1040e-01,     RMSE: 0.5705, MAE: 0.2863
----------------------------------------------------------------------
Epoch  33/50 | Train Loss: 0.7290 | Val Loss: 0.7307 | LR: 0.002823
  Train - Data Loss (MIXMSE): 0.7246, GD: 9.0888e-01,     RMSE: 0.5515, MAE: 0.2841
  Val   - Data Loss (MIXMSE): 0.7307, GD: 2.2723e+00,     RMSE: 0.5567, MAE: 0.2792
----------------------------------------------------------------------
Epoch  34/50 | Train Loss: 0.7553 | Val Loss: 0.8160 | LR: 0.002823
  Train - Data Loss (MIXMSE): 0.7405, GD: 3.0849e+00,     RMSE: 0.5563, MAE: 0.2854
  Val   - Data Loss (MIXMSE): 0.8160, GD: 1.8901e-01,     RMSE: 0.5882, MAE: 0.3016
----------------------------------------------------------------------
Epoch  35/50 | Train Loss: 0.7623 | Val Loss: 0.7719 | LR: 0.002823
  Train - Data Loss (MIXMSE): 0.7617, GD: 1.1910e-01,     RMSE: 0.5655, MAE: 0.2902
  Val   - Data Loss (MIXMSE): 0.7719, GD: 9.8614e-02,     RMSE: 0.5721, MAE: 0.2888
----------------------------------------------------------------------

--- TRIAL PRUNED AT EPOCH 35 ---