Starting training for 50 epochs...
--- Optuna Trial 65 ---
Device: cuda
Model parameters: 148,661
----------------------------------------------------------------------
Epoch   1/50 | Train Loss: 1.3394 | Val Loss: 1.3019 | LR: 0.000844
  Train - Data Loss (MIXMSE): 1.3207, GD: 9.2271e+00,     RMSE: 0.7448, MAE: 0.3602
  Val   - Data Loss (MIXMSE): 1.3019, GD: 5.3390e-01,     RMSE: 0.7430, MAE: 0.3470
----------------------------------------------------------------------
Epoch   2/50 | Train Loss: 1.2573 | Val Loss: 1.2304 | LR: 0.000844
  Train - Data Loss (MIXMSE): 1.2542, GD: 1.5113e+00,     RMSE: 0.7258, MAE: 0.3463
  Val   - Data Loss (MIXMSE): 1.2304, GD: 3.9806e+00,     RMSE: 0.7222, MAE: 0.3358
----------------------------------------------------------------------
Epoch   3/50 | Train Loss: 1.1918 | Val Loss: 1.1889 | LR: 0.000844
  Train - Data Loss (MIXMSE): 1.1891, GD: 1.3213e+00,     RMSE: 0.7071, MAE: 0.3429
  Val   - Data Loss (MIXMSE): 1.1889, GD: 1.0349e+00,     RMSE: 0.7100, MAE: 0.3458
----------------------------------------------------------------------
Epoch   4/50 | Train Loss: 1.1075 | Val Loss: 1.0522 | LR: 0.000844
  Train - Data Loss (MIXMSE): 1.1015, GD: 2.9371e+00,     RMSE: 0.6803, MAE: 0.3435
  Val   - Data Loss (MIXMSE): 1.0522, GD: 2.5244e+00,     RMSE: 0.6680, MAE: 0.3367
----------------------------------------------------------------------
Epoch   5/50 | Train Loss: 1.0004 | Val Loss: 0.9964 | LR: 0.000844
  Train - Data Loss (MIXMSE): 0.9966, GD: 1.8730e+00,     RMSE: 0.6470, MAE: 0.3328
  Val   - Data Loss (MIXMSE): 0.9964, GD: 1.6475e+00,     RMSE: 0.6500, MAE: 0.3238
----------------------------------------------------------------------
Epoch   6/50 | Train Loss: 0.9704 | Val Loss: 0.9785 | LR: 0.000844
  Train - Data Loss (MIXMSE): 0.9665, GD: 1.9189e+00,     RMSE: 0.6373, MAE: 0.3285
  Val   - Data Loss (MIXMSE): 0.9785, GD: 1.2148e+00,     RMSE: 0.6441, MAE: 0.3255
----------------------------------------------------------------------
Epoch   7/50 | Train Loss: 0.9537 | Val Loss: 0.9702 | LR: 0.000844
  Train - Data Loss (MIXMSE): 0.9506, GD: 1.5136e+00,     RMSE: 0.6319, MAE: 0.3262
  Val   - Data Loss (MIXMSE): 0.9702, GD: 9.4099e-01,     RMSE: 0.6414, MAE: 0.3258
----------------------------------------------------------------------
Epoch   8/50 | Train Loss: 0.9445 | Val Loss: 0.9563 | LR: 0.000844
  Train - Data Loss (MIXMSE): 0.9410, GD: 1.7226e+00,     RMSE: 0.6288, MAE: 0.3247
  Val   - Data Loss (MIXMSE): 0.9563, GD: 1.6191e+00,     RMSE: 0.6368, MAE: 0.3303
----------------------------------------------------------------------
Epoch   9/50 | Train Loss: 0.9246 | Val Loss: 0.9230 | LR: 0.000844
  Train - Data Loss (MIXMSE): 0.9205, GD: 2.0678e+00,     RMSE: 0.6218, MAE: 0.3216
  Val   - Data Loss (MIXMSE): 0.9230, GD: 1.8109e+00,     RMSE: 0.6257, MAE: 0.3249
----------------------------------------------------------------------

--- TRIAL PRUNED AT EPOCH 9 ---