Starting training for 50 epochs...
--- Optuna Trial 39 ---
Device: cuda
Model parameters: 457,908
----------------------------------------------------------------------
Epoch   1/50 | Train Loss: 2.8874 | Val Loss: 1.3553 | LR: 0.000578
  Train - Data Loss (MIXMSE): 1.3609, GD: 6.9433e+01,     RMSE: 0.7560, MAE: 0.3831
  Val   - Data Loss (MIXMSE): 1.3553, GD: 1.2277e-02,     RMSE: 0.7580, MAE: 0.3583
----------------------------------------------------------------------
Epoch   2/50 | Train Loss: 1.3192 | Val Loss: 1.3194 | LR: 0.000578
  Train - Data Loss (MIXMSE): 1.3186, GD: 2.6547e-02,     RMSE: 0.7447, MAE: 0.3602
  Val   - Data Loss (MIXMSE): 1.3194, GD: 3.2555e-02,     RMSE: 0.7479, MAE: 0.3488
----------------------------------------------------------------------
Epoch   3/50 | Train Loss: 1.2833 | Val Loss: 1.2829 | LR: 0.000578
  Train - Data Loss (MIXMSE): 1.2821, GD: 5.5113e-02,     RMSE: 0.7340, MAE: 0.3514
  Val   - Data Loss (MIXMSE): 1.2829, GD: 2.7261e-02,     RMSE: 0.7375, MAE: 0.3509
----------------------------------------------------------------------
Epoch   4/50 | Train Loss: 1.2679 | Val Loss: 1.2784 | LR: 0.000578
  Train - Data Loss (MIXMSE): 1.2671, GD: 3.7598e-02,     RMSE: 0.7301, MAE: 0.3490
  Val   - Data Loss (MIXMSE): 1.2784, GD: 2.4352e-02,     RMSE: 0.7362, MAE: 0.3423
----------------------------------------------------------------------
Epoch   5/50 | Train Loss: 1.2552 | Val Loss: 1.2475 | LR: 0.000578
  Train - Data Loss (MIXMSE): 1.2521, GD: 1.4316e-01,     RMSE: 0.7256, MAE: 0.3481
  Val   - Data Loss (MIXMSE): 1.2475, GD: 7.8685e-02,     RMSE: 0.7273, MAE: 0.3475
----------------------------------------------------------------------

--- TRIAL PRUNED AT EPOCH 5 ---