Starting training for 50 epochs...
--- Optuna Trial 62 ---
Device: cuda
Model parameters: 148,661
----------------------------------------------------------------------
Epoch   1/50 | Train Loss: 1.3991 | Val Loss: 1.3239 | LR: 0.001560
  Train - Data Loss (MIXMSE): 1.3278, GD: 3.4170e+01,     RMSE: 0.7466, MAE: 0.3620
  Val   - Data Loss (MIXMSE): 1.3239, GD: 3.2458e-02,     RMSE: 0.7492, MAE: 0.3490
----------------------------------------------------------------------
Epoch   2/50 | Train Loss: 1.2792 | Val Loss: 1.2866 | LR: 0.001560
  Train - Data Loss (MIXMSE): 1.2775, GD: 8.1180e-01,     RMSE: 0.7329, MAE: 0.3506
  Val   - Data Loss (MIXMSE): 1.2866, GD: 2.7074e-01,     RMSE: 0.7386, MAE: 0.3497
----------------------------------------------------------------------
Epoch   3/50 | Train Loss: 1.2186 | Val Loss: 1.2069 | LR: 0.001560
  Train - Data Loss (MIXMSE): 1.2161, GD: 1.2220e+00,     RMSE: 0.7143, MAE: 0.3507
  Val   - Data Loss (MIXMSE): 1.2069, GD: 5.5488e-01,     RMSE: 0.7154, MAE: 0.3517
----------------------------------------------------------------------
Epoch   4/50 | Train Loss: 1.1555 | Val Loss: 1.1334 | LR: 0.001560
  Train - Data Loss (MIXMSE): 1.1527, GD: 1.3145e+00,     RMSE: 0.6960, MAE: 0.3458
  Val   - Data Loss (MIXMSE): 1.1334, GD: 1.1333e+00,     RMSE: 0.6932, MAE: 0.3391
----------------------------------------------------------------------
Epoch   5/50 | Train Loss: 1.0498 | Val Loss: 1.0049 | LR: 0.001560
  Train - Data Loss (MIXMSE): 1.0469, GD: 1.4178e+00,     RMSE: 0.6629, MAE: 0.3360
  Val   - Data Loss (MIXMSE): 1.0049, GD: 1.9579e+00,     RMSE: 0.6528, MAE: 0.3197
----------------------------------------------------------------------
Epoch   6/50 | Train Loss: 0.9752 | Val Loss: 1.0092 | LR: 0.001560
  Train - Data Loss (MIXMSE): 0.9730, GD: 1.0498e+00,     RMSE: 0.6396, MAE: 0.3297
  Val   - Data Loss (MIXMSE): 1.0092, GD: 5.8786e-01,     RMSE: 0.6542, MAE: 0.3269
----------------------------------------------------------------------
Epoch   7/50 | Train Loss: 0.9504 | Val Loss: 0.9574 | LR: 0.001560
  Train - Data Loss (MIXMSE): 0.9488, GD: 7.9616e-01,     RMSE: 0.6315, MAE: 0.3262
  Val   - Data Loss (MIXMSE): 0.9574, GD: 1.3697e+00,     RMSE: 0.6371, MAE: 0.3377
----------------------------------------------------------------------
Epoch   8/50 | Train Loss: 0.9361 | Val Loss: 0.9403 | LR: 0.001560
  Train - Data Loss (MIXMSE): 0.9342, GD: 9.3297e-01,     RMSE: 0.6265, MAE: 0.3251
  Val   - Data Loss (MIXMSE): 0.9403, GD: 1.1832e+00,     RMSE: 0.6315, MAE: 0.3250
----------------------------------------------------------------------
Epoch   9/50 | Train Loss: 0.8910 | Val Loss: 0.8623 | LR: 0.001560
  Train - Data Loss (MIXMSE): 0.8877, GD: 1.5472e+00,     RMSE: 0.6106, MAE: 0.3184
  Val   - Data Loss (MIXMSE): 0.8623, GD: 1.7456e+00,     RMSE: 0.6047, MAE: 0.3099
----------------------------------------------------------------------
Epoch  10/50 | Train Loss: 0.8218 | Val Loss: 0.8360 | LR: 0.001560
  Train - Data Loss (MIXMSE): 0.8182, GD: 1.7364e+00,     RMSE: 0.5859, MAE: 0.3067
  Val   - Data Loss (MIXMSE): 0.8360, GD: 1.6684e+00,     RMSE: 0.5954, MAE: 0.3095
----------------------------------------------------------------------
Epoch  11/50 | Train Loss: 0.7963 | Val Loss: 0.8061 | LR: 0.001560
  Train - Data Loss (MIXMSE): 0.7939, GD: 1.1530e+00,     RMSE: 0.5772, MAE: 0.3007
  Val   - Data Loss (MIXMSE): 0.8061, GD: 1.1808e+00,     RMSE: 0.5846, MAE: 0.3029
----------------------------------------------------------------------
Epoch  12/50 | Train Loss: 0.7849 | Val Loss: 0.8123 | LR: 0.001560
  Train - Data Loss (MIXMSE): 0.7826, GD: 1.0765e+00,     RMSE: 0.5732, MAE: 0.2977
  Val   - Data Loss (MIXMSE): 0.8123, GD: 1.2904e+00,     RMSE: 0.5870, MAE: 0.2943
----------------------------------------------------------------------
Epoch  13/50 | Train Loss: 0.7771 | Val Loss: 0.8015 | LR: 0.001560
  Train - Data Loss (MIXMSE): 0.7746, GD: 1.2044e+00,     RMSE: 0.5703, MAE: 0.2952
  Val   - Data Loss (MIXMSE): 0.8015, GD: 5.2642e-01,     RMSE: 0.5830, MAE: 0.2906
----------------------------------------------------------------------
Epoch  14/50 | Train Loss: 0.7689 | Val Loss: 0.7894 | LR: 0.001560
  Train - Data Loss (MIXMSE): 0.7663, GD: 1.2442e+00,     RMSE: 0.5668, MAE: 0.2926
  Val   - Data Loss (MIXMSE): 0.7894, GD: 6.9887e-01,     RMSE: 0.5786, MAE: 0.2890
----------------------------------------------------------------------
Epoch  15/50 | Train Loss: 0.7614 | Val Loss: 0.7825 | LR: 0.001560
  Train - Data Loss (MIXMSE): 0.7581, GD: 1.5903e+00,     RMSE: 0.5640, MAE: 0.2907
  Val   - Data Loss (MIXMSE): 0.7825, GD: 1.8654e+00,     RMSE: 0.5761, MAE: 0.2945
----------------------------------------------------------------------
Epoch  16/50 | Train Loss: 0.7549 | Val Loss: 0.7843 | LR: 0.001560
  Train - Data Loss (MIXMSE): 0.7510, GD: 1.8922e+00,     RMSE: 0.5612, MAE: 0.2884
  Val   - Data Loss (MIXMSE): 0.7843, GD: 1.4825e+00,     RMSE: 0.5767, MAE: 0.2897
----------------------------------------------------------------------
Epoch  17/50 | Train Loss: 0.7505 | Val Loss: 0.7746 | LR: 0.001560
  Train - Data Loss (MIXMSE): 0.7456, GD: 2.3771e+00,     RMSE: 0.5592, MAE: 0.2871
  Val   - Data Loss (MIXMSE): 0.7746, GD: 1.0813e+00,     RMSE: 0.5731, MAE: 0.2885
----------------------------------------------------------------------
Epoch  18/50 | Train Loss: 0.7432 | Val Loss: 0.7633 | LR: 0.001560
  Train - Data Loss (MIXMSE): 0.7380, GD: 2.4685e+00,     RMSE: 0.5564, MAE: 0.2856
  Val   - Data Loss (MIXMSE): 0.7633, GD: 2.3623e+00,     RMSE: 0.5689, MAE: 0.2885
----------------------------------------------------------------------
Epoch  19/50 | Train Loss: 0.7364 | Val Loss: 0.7536 | LR: 0.001560
  Train - Data Loss (MIXMSE): 0.7296, GD: 3.2479e+00,     RMSE: 0.5531, MAE: 0.2832
  Val   - Data Loss (MIXMSE): 0.7536, GD: 6.5459e+00,     RMSE: 0.5653, MAE: 0.2802
----------------------------------------------------------------------
Epoch  20/50 | Train Loss: 0.7260 | Val Loss: 0.7415 | LR: 0.001560
  Train - Data Loss (MIXMSE): 0.7190, GD: 3.3801e+00,     RMSE: 0.5488, MAE: 0.2809
  Val   - Data Loss (MIXMSE): 0.7415, GD: 3.4715e+00,     RMSE: 0.5607, MAE: 0.2836
----------------------------------------------------------------------
Epoch  21/50 | Train Loss: 0.7166 | Val Loss: 0.7242 | LR: 0.001560
  Train - Data Loss (MIXMSE): 0.7085, GD: 3.8950e+00,     RMSE: 0.5454, MAE: 0.2789
  Val   - Data Loss (MIXMSE): 0.7242, GD: 2.0843e+00,     RMSE: 0.5542, MAE: 0.2762
----------------------------------------------------------------------
Epoch  22/50 | Train Loss: 0.7016 | Val Loss: 0.7130 | LR: 0.001560
  Train - Data Loss (MIXMSE): 0.6933, GD: 3.9862e+00,     RMSE: 0.5391, MAE: 0.2749
  Val   - Data Loss (MIXMSE): 0.7130, GD: 3.1835e+00,     RMSE: 0.5498, MAE: 0.2833
----------------------------------------------------------------------
Epoch  23/50 | Train Loss: 0.6876 | Val Loss: 0.6819 | LR: 0.001560
  Train - Data Loss (MIXMSE): 0.6781, GD: 4.5308e+00,     RMSE: 0.5329, MAE: 0.2719
  Val   - Data Loss (MIXMSE): 0.6819, GD: 2.0209e+00,     RMSE: 0.5378, MAE: 0.2645
----------------------------------------------------------------------
Epoch  24/50 | Train Loss: 0.6693 | Val Loss: 0.6858 | LR: 0.001560
  Train - Data Loss (MIXMSE): 0.6584, GD: 5.2164e+00,     RMSE: 0.5252, MAE: 0.2664
  Val   - Data Loss (MIXMSE): 0.6858, GD: 3.5268e+00,     RMSE: 0.5393, MAE: 0.2687
----------------------------------------------------------------------
Epoch  25/50 | Train Loss: 0.6428 | Val Loss: 0.6347 | LR: 0.001560
  Train - Data Loss (MIXMSE): 0.6331, GD: 4.6334e+00,     RMSE: 0.5148, MAE: 0.2598
  Val   - Data Loss (MIXMSE): 0.6347, GD: 4.3425e+00,     RMSE: 0.5188, MAE: 0.2538
----------------------------------------------------------------------
Epoch  26/50 | Train Loss: 0.6154 | Val Loss: 0.6185 | LR: 0.001560
  Train - Data Loss (MIXMSE): 0.6058, GD: 4.6372e+00,     RMSE: 0.5037, MAE: 0.2519
  Val   - Data Loss (MIXMSE): 0.6185, GD: 3.6574e+00,     RMSE: 0.5122, MAE: 0.2451
----------------------------------------------------------------------
Epoch  27/50 | Train Loss: 0.5882 | Val Loss: 0.5928 | LR: 0.001560
  Train - Data Loss (MIXMSE): 0.5772, GD: 5.2576e+00,     RMSE: 0.4917, MAE: 0.2434
  Val   - Data Loss (MIXMSE): 0.5928, GD: 2.7471e+00,     RMSE: 0.5014, MAE: 0.2458
----------------------------------------------------------------------
Epoch  28/50 | Train Loss: 0.5654 | Val Loss: 0.5555 | LR: 0.001560
  Train - Data Loss (MIXMSE): 0.5552, GD: 4.8761e+00,     RMSE: 0.4820, MAE: 0.2380
  Val   - Data Loss (MIXMSE): 0.5555, GD: 3.1441e+00,     RMSE: 0.4853, MAE: 0.2313
----------------------------------------------------------------------
Epoch  29/50 | Train Loss: 0.5388 | Val Loss: 0.5592 | LR: 0.001560
  Train - Data Loss (MIXMSE): 0.5294, GD: 4.4666e+00,     RMSE: 0.4703, MAE: 0.2309
  Val   - Data Loss (MIXMSE): 0.5592, GD: 3.0285e+00,     RMSE: 0.4870, MAE: 0.2385
----------------------------------------------------------------------
Epoch  30/50 | Train Loss: 0.5180 | Val Loss: 0.5129 | LR: 0.001560
  Train - Data Loss (MIXMSE): 0.5104, GD: 3.6682e+00,     RMSE: 0.4623, MAE: 0.2268
  Val   - Data Loss (MIXMSE): 0.5129, GD: 4.0119e+00,     RMSE: 0.4664, MAE: 0.2211
----------------------------------------------------------------------
Epoch  31/50 | Train Loss: 0.5030 | Val Loss: 0.5227 | LR: 0.001560
  Train - Data Loss (MIXMSE): 0.4958, GD: 3.4343e+00,     RMSE: 0.4551, MAE: 0.2240
  Val   - Data Loss (MIXMSE): 0.5227, GD: 2.6229e+00,     RMSE: 0.4708, MAE: 0.2356
----------------------------------------------------------------------
Epoch  32/50 | Train Loss: 0.4871 | Val Loss: 0.4808 | LR: 0.001560
  Train - Data Loss (MIXMSE): 0.4805, GD: 3.1585e+00,     RMSE: 0.4484, MAE: 0.2207
  Val   - Data Loss (MIXMSE): 0.4808, GD: 1.9323e+00,     RMSE: 0.4516, MAE: 0.2146
----------------------------------------------------------------------
Epoch  33/50 | Train Loss: 0.4767 | Val Loss: 0.4974 | LR: 0.001560
  Train - Data Loss (MIXMSE): 0.4702, GD: 3.1177e+00,     RMSE: 0.4435, MAE: 0.2184
  Val   - Data Loss (MIXMSE): 0.4974, GD: 2.8486e+00,     RMSE: 0.4593, MAE: 0.2228
----------------------------------------------------------------------
Epoch  34/50 | Train Loss: 0.4637 | Val Loss: 0.4614 | LR: 0.001560
  Train - Data Loss (MIXMSE): 0.4584, GD: 2.5550e+00,     RMSE: 0.4378, MAE: 0.2163
  Val   - Data Loss (MIXMSE): 0.4614, GD: 2.4865e+00,     RMSE: 0.4423, MAE: 0.2123
----------------------------------------------------------------------
Epoch  35/50 | Train Loss: 0.4560 | Val Loss: 0.4612 | LR: 0.001560
  Train - Data Loss (MIXMSE): 0.4512, GD: 2.3349e+00,     RMSE: 0.4345, MAE: 0.2153
  Val   - Data Loss (MIXMSE): 0.4612, GD: 1.9761e+00,     RMSE: 0.4422, MAE: 0.2180
----------------------------------------------------------------------
Epoch  36/50 | Train Loss: 0.4465 | Val Loss: 0.4419 | LR: 0.001560
  Train - Data Loss (MIXMSE): 0.4426, GD: 1.8695e+00,     RMSE: 0.4301, MAE: 0.2126
  Val   - Data Loss (MIXMSE): 0.4419, GD: 1.1212e+00,     RMSE: 0.4328, MAE: 0.2049
----------------------------------------------------------------------
Epoch  37/50 | Train Loss: 0.4340 | Val Loss: 0.4404 | LR: 0.001560
  Train - Data Loss (MIXMSE): 0.4302, GD: 1.8062e+00,     RMSE: 0.4239, MAE: 0.2099
  Val   - Data Loss (MIXMSE): 0.4404, GD: 2.9307e+00,     RMSE: 0.4321, MAE: 0.2067
----------------------------------------------------------------------
Epoch  38/50 | Train Loss: 0.4274 | Val Loss: 0.4511 | LR: 0.001560
  Train - Data Loss (MIXMSE): 0.4219, GD: 2.6466e+00,     RMSE: 0.4200, MAE: 0.2087
  Val   - Data Loss (MIXMSE): 0.4511, GD: 1.4176e+01,     RMSE: 0.4372, MAE: 0.2128
----------------------------------------------------------------------
Epoch  39/50 | Train Loss: 0.4125 | Val Loss: 0.3924 | LR: 0.001560
  Train - Data Loss (MIXMSE): 0.4030, GD: 4.5474e+00,     RMSE: 0.4103, MAE: 0.2040
  Val   - Data Loss (MIXMSE): 0.3924, GD: 4.0358e+01,     RMSE: 0.4078, MAE: 0.1974
----------------------------------------------------------------------
Epoch  40/50 | Train Loss: 0.3827 | Val Loss: 0.3882 | LR: 0.001560
  Train - Data Loss (MIXMSE): 0.3714, GD: 5.3821e+00,     RMSE: 0.3935, MAE: 0.1971
  Val   - Data Loss (MIXMSE): 0.3882, GD: 1.7367e+01,     RMSE: 0.4057, MAE: 0.1990
----------------------------------------------------------------------
Epoch  41/50 | Train Loss: 0.3494 | Val Loss: 0.3409 | LR: 0.001560
  Train - Data Loss (MIXMSE): 0.3419, GD: 3.5996e+00,     RMSE: 0.3780, MAE: 0.1902
  Val   - Data Loss (MIXMSE): 0.3409, GD: 2.2082e+00,     RMSE: 0.3803, MAE: 0.1861
----------------------------------------------------------------------
Epoch  42/50 | Train Loss: 0.3303 | Val Loss: 0.3223 | LR: 0.001560
  Train - Data Loss (MIXMSE): 0.3237, GD: 3.1324e+00,     RMSE: 0.3678, MAE: 0.1874
  Val   - Data Loss (MIXMSE): 0.3223, GD: 3.7408e+00,     RMSE: 0.3698, MAE: 0.1797
----------------------------------------------------------------------
Epoch  43/50 | Train Loss: 0.3136 | Val Loss: 0.3159 | LR: 0.001560
  Train - Data Loss (MIXMSE): 0.3078, GD: 2.7653e+00,     RMSE: 0.3584, MAE: 0.1830
  Val   - Data Loss (MIXMSE): 0.3159, GD: 1.1756e+00,     RMSE: 0.3661, MAE: 0.1840
----------------------------------------------------------------------
Epoch  44/50 | Train Loss: 0.3034 | Val Loss: 0.3140 | LR: 0.001560
  Train - Data Loss (MIXMSE): 0.2988, GD: 2.1635e+00,     RMSE: 0.3530, MAE: 0.1819
  Val   - Data Loss (MIXMSE): 0.3140, GD: 1.5784e+00,     RMSE: 0.3650, MAE: 0.1811
----------------------------------------------------------------------
Epoch  45/50 | Train Loss: 0.2893 | Val Loss: 0.3085 | LR: 0.001560
  Train - Data Loss (MIXMSE): 0.2847, GD: 2.2019e+00,     RMSE: 0.3445, MAE: 0.1775
  Val   - Data Loss (MIXMSE): 0.3085, GD: 2.0267e+00,     RMSE: 0.3618, MAE: 0.1802
----------------------------------------------------------------------
Epoch  46/50 | Train Loss: 0.2794 | Val Loss: 0.2929 | LR: 0.001560
  Train - Data Loss (MIXMSE): 0.2762, GD: 1.5366e+00,     RMSE: 0.3396, MAE: 0.1761
  Val   - Data Loss (MIXMSE): 0.2929, GD: 2.1207e+00,     RMSE: 0.3524, MAE: 0.1701
----------------------------------------------------------------------
Epoch  47/50 | Train Loss: 0.2773 | Val Loss: 0.2835 | LR: 0.001560
  Train - Data Loss (MIXMSE): 0.2705, GD: 3.2654e+00,     RMSE: 0.3361, MAE: 0.1743
  Val   - Data Loss (MIXMSE): 0.2835, GD: 1.5063e+00,     RMSE: 0.3468, MAE: 0.1766
----------------------------------------------------------------------
Epoch  48/50 | Train Loss: 0.2666 | Val Loss: 0.2844 | LR: 0.001560
  Train - Data Loss (MIXMSE): 0.2635, GD: 1.5031e+00,     RMSE: 0.3320, MAE: 0.1731
  Val   - Data Loss (MIXMSE): 0.2844, GD: 1.5508e+00,     RMSE: 0.3474, MAE: 0.1712
----------------------------------------------------------------------
Epoch  49/50 | Train Loss: 0.2577 | Val Loss: 0.2578 | LR: 0.001560
  Train - Data Loss (MIXMSE): 0.2550, GD: 1.2976e+00,     RMSE: 0.3264, MAE: 0.1695
  Val   - Data Loss (MIXMSE): 0.2578, GD: 1.1652e+00,     RMSE: 0.3308, MAE: 0.1626
----------------------------------------------------------------------
Epoch  50/50 | Train Loss: 0.2522 | Val Loss: 0.2649 | LR: 0.001560
  Train - Data Loss (MIXMSE): 0.2496, GD: 1.2563e+00,     RMSE: 0.3231, MAE: 0.1676
  Val   - Data Loss (MIXMSE): 0.2649, GD: 1.1794e+00,     RMSE: 0.3352, MAE: 0.1696
----------------------------------------------------------------------

Training complete!
Best validation loss: 0.2578 at epoch 49

Evaluating on test set...
Test Loss: 0.2549
Test MIXMSE: 0.2549, GD: 1.2012e+00,     RMSE: 0.3288, MAE: 0.1684