Starting training for 50 epochs...
--- Optuna Trial 14 ---
Device: cuda
Model parameters: 32,579
----------------------------------------------------------------------
Epoch   1/50 | Train Loss: 13.1578 | Val Loss: 1.3602 | LR: 0.007070
  Train - Data Loss (MIXMSE): 1.3367, GD: 2.2772e+02,     RMSE: 0.7497, MAE: 0.3646
  Val   - Data Loss (MIXMSE): 1.3602, GD: 8.5325e-04,     RMSE: 0.7594, MAE: 0.3794
----------------------------------------------------------------------
Epoch   2/50 | Train Loss: 1.3322 | Val Loss: 1.3574 | LR: 0.007070
  Train - Data Loss (MIXMSE): 1.3320, GD: 4.1418e-03,     RMSE: 0.7482, MAE: 0.3636
  Val   - Data Loss (MIXMSE): 1.3574, GD: 4.5362e-03,     RMSE: 0.7586, MAE: 0.3949
----------------------------------------------------------------------
Epoch   3/50 | Train Loss: 1.2836 | Val Loss: 1.2746 | LR: 0.007070
  Train - Data Loss (MIXMSE): 1.2830, GD: 1.1646e-02,     RMSE: 0.7343, MAE: 0.3527
  Val   - Data Loss (MIXMSE): 1.2746, GD: 2.6925e-02,     RMSE: 0.7352, MAE: 0.3540
----------------------------------------------------------------------
Epoch   4/50 | Train Loss: 1.2432 | Val Loss: 1.2351 | LR: 0.007070
  Train - Data Loss (MIXMSE): 1.2428, GD: 6.4572e-03,     RMSE: 0.7227, MAE: 0.3530
  Val   - Data Loss (MIXMSE): 1.2351, GD: 3.1944e-03,     RMSE: 0.7236, MAE: 0.3596
----------------------------------------------------------------------
Epoch   5/50 | Train Loss: 1.2100 | Val Loss: 1.2289 | LR: 0.007070
  Train - Data Loss (MIXMSE): 1.2097, GD: 4.3072e-03,     RMSE: 0.7130, MAE: 0.3573
  Val   - Data Loss (MIXMSE): 1.2289, GD: 8.7643e-03,     RMSE: 0.7218, MAE: 0.3827
----------------------------------------------------------------------
Epoch   6/50 | Train Loss: 1.1956 | Val Loss: 1.1980 | LR: 0.007070
  Train - Data Loss (MIXMSE): 1.1953, GD: 6.9542e-03,     RMSE: 0.7088, MAE: 0.3562
  Val   - Data Loss (MIXMSE): 1.1980, GD: 3.8900e-03,     RMSE: 0.7127, MAE: 0.3487
----------------------------------------------------------------------
Epoch   7/50 | Train Loss: 1.1743 | Val Loss: 1.1708 | LR: 0.007070
  Train - Data Loss (MIXMSE): 1.1740, GD: 6.2776e-03,     RMSE: 0.7025, MAE: 0.3537
  Val   - Data Loss (MIXMSE): 1.1708, GD: 9.9695e-03,     RMSE: 0.7046, MAE: 0.3614
----------------------------------------------------------------------
Epoch   8/50 | Train Loss: 1.1534 | Val Loss: 1.1738 | LR: 0.007070
  Train - Data Loss (MIXMSE): 1.1532, GD: 3.9252e-03,     RMSE: 0.6960, MAE: 0.3528
  Val   - Data Loss (MIXMSE): 1.1738, GD: 3.4667e-03,     RMSE: 0.7055, MAE: 0.3438
----------------------------------------------------------------------
Epoch   9/50 | Train Loss: 1.1587 | Val Loss: 1.2056 | LR: 0.007070
  Train - Data Loss (MIXMSE): 1.1583, GD: 8.1192e-03,     RMSE: 0.6975, MAE: 0.3524
  Val   - Data Loss (MIXMSE): 1.2056, GD: 8.5495e-03,     RMSE: 0.7150, MAE: 0.3423
----------------------------------------------------------------------
Epoch  10/50 | Train Loss: 1.0768 | Val Loss: 1.0985 | LR: 0.007070
  Train - Data Loss (MIXMSE): 1.0767, GD: 1.8557e-03,     RMSE: 0.6724, MAE: 0.3400
  Val   - Data Loss (MIXMSE): 1.0985, GD: 4.1007e-04,     RMSE: 0.6825, MAE: 0.3496
----------------------------------------------------------------------
Epoch  11/50 | Train Loss: 1.0121 | Val Loss: 1.0342 | LR: 0.007070
  Train - Data Loss (MIXMSE): 1.0121, GD: 7.2095e-04,     RMSE: 0.6521, MAE: 0.3377
  Val   - Data Loss (MIXMSE): 1.0342, GD: 7.6907e-04,     RMSE: 0.6622, MAE: 0.3381
----------------------------------------------------------------------
Epoch  12/50 | Train Loss: 0.9890 | Val Loss: 1.0015 | LR: 0.007070
  Train - Data Loss (MIXMSE): 0.9889, GD: 9.6364e-04,     RMSE: 0.6443, MAE: 0.3353
  Val   - Data Loss (MIXMSE): 1.0015, GD: 1.0378e-03,     RMSE: 0.6517, MAE: 0.3389
----------------------------------------------------------------------
Epoch  13/50 | Train Loss: 0.9830 | Val Loss: 0.9849 | LR: 0.007070
  Train - Data Loss (MIXMSE): 0.9829, GD: 1.0769e-03,     RMSE: 0.6424, MAE: 0.3340
  Val   - Data Loss (MIXMSE): 0.9849, GD: 1.0651e-03,     RMSE: 0.6463, MAE: 0.3341
----------------------------------------------------------------------
Epoch  14/50 | Train Loss: 0.9745 | Val Loss: 0.9965 | LR: 0.007070
  Train - Data Loss (MIXMSE): 0.9744, GD: 2.0863e-03,     RMSE: 0.6400, MAE: 0.3329
  Val   - Data Loss (MIXMSE): 0.9965, GD: 3.4627e-03,     RMSE: 0.6501, MAE: 0.3374
----------------------------------------------------------------------
Epoch  15/50 | Train Loss: 0.9705 | Val Loss: 0.9786 | LR: 0.007070
  Train - Data Loss (MIXMSE): 0.9703, GD: 3.5982e-03,     RMSE: 0.6384, MAE: 0.3331
  Val   - Data Loss (MIXMSE): 0.9786, GD: 2.2169e-03,     RMSE: 0.6442, MAE: 0.3319
----------------------------------------------------------------------
Epoch  16/50 | Train Loss: 0.9643 | Val Loss: 0.9653 | LR: 0.007070
  Train - Data Loss (MIXMSE): 0.9641, GD: 4.1013e-03,     RMSE: 0.6363, MAE: 0.3314
  Val   - Data Loss (MIXMSE): 0.9653, GD: 3.9503e-03,     RMSE: 0.6398, MAE: 0.3217
----------------------------------------------------------------------
Epoch  17/50 | Train Loss: 0.9492 | Val Loss: 0.9599 | LR: 0.007070
  Train - Data Loss (MIXMSE): 0.9490, GD: 5.0304e-03,     RMSE: 0.6315, MAE: 0.3314
  Val   - Data Loss (MIXMSE): 0.9599, GD: 9.1135e-03,     RMSE: 0.6380, MAE: 0.3337
----------------------------------------------------------------------
Epoch  18/50 | Train Loss: 0.9173 | Val Loss: 0.9169 | LR: 0.007070
  Train - Data Loss (MIXMSE): 0.9170, GD: 7.2101e-03,     RMSE: 0.6204, MAE: 0.3265
  Val   - Data Loss (MIXMSE): 0.9169, GD: 7.7596e-03,     RMSE: 0.6236, MAE: 0.3192
----------------------------------------------------------------------
Epoch  19/50 | Train Loss: 0.8756 | Val Loss: 0.8773 | LR: 0.007070
  Train - Data Loss (MIXMSE): 0.8753, GD: 4.8341e-03,     RMSE: 0.6064, MAE: 0.3204
  Val   - Data Loss (MIXMSE): 0.8773, GD: 3.5341e-03,     RMSE: 0.6100, MAE: 0.3179
----------------------------------------------------------------------
Epoch  20/50 | Train Loss: 0.8515 | Val Loss: 0.8485 | LR: 0.007070
  Train - Data Loss (MIXMSE): 0.8513, GD: 4.5019e-03,     RMSE: 0.5975, MAE: 0.3160
  Val   - Data Loss (MIXMSE): 0.8485, GD: 2.4600e-03,     RMSE: 0.5998, MAE: 0.3100
----------------------------------------------------------------------
Epoch  21/50 | Train Loss: 0.8401 | Val Loss: 0.8678 | LR: 0.007070
  Train - Data Loss (MIXMSE): 0.8399, GD: 3.8385e-03,     RMSE: 0.5936, MAE: 0.3125
  Val   - Data Loss (MIXMSE): 0.8678, GD: 2.5905e-03,     RMSE: 0.6066, MAE: 0.3024
----------------------------------------------------------------------

--- TRIAL PRUNED AT EPOCH 21 ---