Starting training for 50 epochs...
--- Optuna Trial 28 ---
Device: cuda
Model parameters: 14,947
----------------------------------------------------------------------
Epoch   1/50 | Train Loss: 1.4587 | Val Loss: 1.3598 | LR: 0.000177
  Train - Data Loss (MIXMSE): 1.3365, GD: 7.8869e+01,     RMSE: 0.7493, MAE: 0.3647
  Val   - Data Loss (MIXMSE): 1.3598, GD: 3.6992e+00,     RMSE: 0.7593, MAE: 0.3718
----------------------------------------------------------------------
Epoch   2/50 | Train Loss: 1.3410 | Val Loss: 1.3591 | LR: 0.000177
  Train - Data Loss (MIXMSE): 1.3355, GD: 3.5681e+00,     RMSE: 0.7495, MAE: 0.3647
  Val   - Data Loss (MIXMSE): 1.3591, GD: 3.4227e+00,     RMSE: 0.7591, MAE: 0.3609
----------------------------------------------------------------------
Epoch   3/50 | Train Loss: 1.3399 | Val Loss: 1.3582 | LR: 0.000177
  Train - Data Loss (MIXMSE): 1.3349, GD: 3.2723e+00,     RMSE: 0.7493, MAE: 0.3643
  Val   - Data Loss (MIXMSE): 1.3582, GD: 3.1444e+00,     RMSE: 0.7588, MAE: 0.3604
----------------------------------------------------------------------
Epoch   4/50 | Train Loss: 1.3366 | Val Loss: 1.3512 | LR: 0.000177
  Train - Data Loss (MIXMSE): 1.3319, GD: 3.0349e+00,     RMSE: 0.7481, MAE: 0.3632
  Val   - Data Loss (MIXMSE): 1.3512, GD: 3.0041e+00,     RMSE: 0.7568, MAE: 0.3663
----------------------------------------------------------------------
Epoch   5/50 | Train Loss: 1.3216 | Val Loss: 1.3304 | LR: 0.000177
  Train - Data Loss (MIXMSE): 1.3172, GD: 2.8497e+00,     RMSE: 0.7442, MAE: 0.3599
  Val   - Data Loss (MIXMSE): 1.3304, GD: 2.5710e+00,     RMSE: 0.7510, MAE: 0.3592
----------------------------------------------------------------------

--- TRIAL PRUNED AT EPOCH 5 ---