Starting training for 50 epochs...
--- Optuna Trial 44 ---
Device: cuda
Model parameters: 90,035
----------------------------------------------------------------------
Epoch   1/50 | Train Loss: 1.3510 | Val Loss: 1.2866 | LR: 0.004705
  Train - Data Loss (MIXMSE): 1.3041, GD: 4.2615e+01,     RMSE: 0.7405, MAE: 0.3562
  Val   - Data Loss (MIXMSE): 1.2866, GD: 6.6319e-01,     RMSE: 0.7386, MAE: 0.3342
----------------------------------------------------------------------
Epoch   2/50 | Train Loss: 1.2420 | Val Loss: 1.2521 | LR: 0.004705
  Train - Data Loss (MIXMSE): 1.2411, GD: 8.5608e-01,     RMSE: 0.7223, MAE: 0.3477
  Val   - Data Loss (MIXMSE): 1.2521, GD: 3.2219e-01,     RMSE: 0.7286, MAE: 0.3451
----------------------------------------------------------------------
Epoch   3/50 | Train Loss: 1.0976 | Val Loss: 1.0623 | LR: 0.004705
  Train - Data Loss (MIXMSE): 1.0968, GD: 6.6833e-01,     RMSE: 0.6790, MAE: 0.3368
  Val   - Data Loss (MIXMSE): 1.0623, GD: 5.1571e-01,     RMSE: 0.6711, MAE: 0.3291
----------------------------------------------------------------------
Epoch   4/50 | Train Loss: 0.9834 | Val Loss: 0.9486 | LR: 0.004705
  Train - Data Loss (MIXMSE): 0.9830, GD: 3.4692e-01,     RMSE: 0.6427, MAE: 0.3285
  Val   - Data Loss (MIXMSE): 0.9486, GD: 2.1936e-01,     RMSE: 0.6342, MAE: 0.3202
----------------------------------------------------------------------
Epoch   5/50 | Train Loss: 0.8947 | Val Loss: 0.8741 | LR: 0.004705
  Train - Data Loss (MIXMSE): 0.8945, GD: 2.4931e-01,     RMSE: 0.6130, MAE: 0.3181
  Val   - Data Loss (MIXMSE): 0.8741, GD: 1.4754e-01,     RMSE: 0.6088, MAE: 0.3130
----------------------------------------------------------------------
Epoch   6/50 | Train Loss: 0.8570 | Val Loss: 0.8581 | LR: 0.004705
  Train - Data Loss (MIXMSE): 0.8568, GD: 1.3897e-01,     RMSE: 0.6000, MAE: 0.3110
  Val   - Data Loss (MIXMSE): 0.8581, GD: 9.6834e-02,     RMSE: 0.6032, MAE: 0.3057
----------------------------------------------------------------------
Epoch   7/50 | Train Loss: 0.8361 | Val Loss: 0.8817 | LR: 0.004705
  Train - Data Loss (MIXMSE): 0.8360, GD: 1.1705e-01,     RMSE: 0.5925, MAE: 0.3059
  Val   - Data Loss (MIXMSE): 0.8817, GD: 1.0426e-01,     RMSE: 0.6114, MAE: 0.3297
----------------------------------------------------------------------
Epoch   8/50 | Train Loss: 0.8221 | Val Loss: 0.8319 | LR: 0.004705
  Train - Data Loss (MIXMSE): 0.8220, GD: 9.9051e-02,     RMSE: 0.5874, MAE: 0.3037
  Val   - Data Loss (MIXMSE): 0.8319, GD: 1.3196e-01,     RMSE: 0.5940, MAE: 0.3033
----------------------------------------------------------------------
Epoch   9/50 | Train Loss: 0.8132 | Val Loss: 0.8302 | LR: 0.004705
  Train - Data Loss (MIXMSE): 0.8131, GD: 7.7648e-02,     RMSE: 0.5842, MAE: 0.3019
  Val   - Data Loss (MIXMSE): 0.8302, GD: 6.1358e-02,     RMSE: 0.5934, MAE: 0.3044
----------------------------------------------------------------------
Epoch  10/50 | Train Loss: 0.8044 | Val Loss: 0.8339 | LR: 0.004705
  Train - Data Loss (MIXMSE): 0.8044, GD: 7.1076e-02,     RMSE: 0.5813, MAE: 0.3005
  Val   - Data Loss (MIXMSE): 0.8339, GD: 6.4395e-02,     RMSE: 0.5946, MAE: 0.3161
----------------------------------------------------------------------
Epoch  11/50 | Train Loss: 0.7977 | Val Loss: 0.8187 | LR: 0.004705
  Train - Data Loss (MIXMSE): 0.7977, GD: 6.2198e-02,     RMSE: 0.5788, MAE: 0.2991
  Val   - Data Loss (MIXMSE): 0.8187, GD: 6.9973e-02,     RMSE: 0.5892, MAE: 0.2956
----------------------------------------------------------------------
Epoch  12/50 | Train Loss: 0.7938 | Val Loss: 0.8159 | LR: 0.004705
  Train - Data Loss (MIXMSE): 0.7938, GD: 6.3981e-02,     RMSE: 0.5770, MAE: 0.2983
  Val   - Data Loss (MIXMSE): 0.8159, GD: 3.7639e-02,     RMSE: 0.5882, MAE: 0.3000
----------------------------------------------------------------------
Epoch  13/50 | Train Loss: 0.7881 | Val Loss: 0.8127 | LR: 0.004705
  Train - Data Loss (MIXMSE): 0.7881, GD: 3.8271e-02,     RMSE: 0.5751, MAE: 0.2972
  Val   - Data Loss (MIXMSE): 0.8127, GD: 1.0209e-01,     RMSE: 0.5871, MAE: 0.3032
----------------------------------------------------------------------
Epoch  14/50 | Train Loss: 0.9119 | Val Loss: 0.8807 | LR: 0.004705
  Train - Data Loss (MIXMSE): 0.9106, GD: 1.1914e+00,     RMSE: 0.6168, MAE: 0.3166
  Val   - Data Loss (MIXMSE): 0.8807, GD: 2.0719e-02,     RMSE: 0.6111, MAE: 0.3115
----------------------------------------------------------------------
Epoch  15/50 | Train Loss: 0.8143 | Val Loss: 0.8304 | LR: 0.004705
  Train - Data Loss (MIXMSE): 0.8142, GD: 2.5336e-02,     RMSE: 0.5847, MAE: 0.3022
  Val   - Data Loss (MIXMSE): 0.8304, GD: 2.0706e-02,     RMSE: 0.5933, MAE: 0.3096
----------------------------------------------------------------------
Epoch  16/50 | Train Loss: 0.7972 | Val Loss: 0.8163 | LR: 0.004705
  Train - Data Loss (MIXMSE): 0.7972, GD: 1.3139e-02,     RMSE: 0.5787, MAE: 0.2985
  Val   - Data Loss (MIXMSE): 0.8163, GD: 7.9980e-03,     RMSE: 0.5884, MAE: 0.2957
----------------------------------------------------------------------
Epoch  17/50 | Train Loss: 0.7922 | Val Loss: 0.8114 | LR: 0.004705
  Train - Data Loss (MIXMSE): 0.7922, GD: 8.1864e-03,     RMSE: 0.5764, MAE: 0.2977
  Val   - Data Loss (MIXMSE): 0.8114, GD: 5.1990e-03,     RMSE: 0.5865, MAE: 0.2902
----------------------------------------------------------------------
Epoch  18/50 | Train Loss: 0.7865 | Val Loss: 0.8016 | LR: 0.004705
  Train - Data Loss (MIXMSE): 0.7864, GD: 3.9955e-02,     RMSE: 0.5746, MAE: 0.2962
  Val   - Data Loss (MIXMSE): 0.8016, GD: 6.5412e-03,     RMSE: 0.5830, MAE: 0.2980
----------------------------------------------------------------------
Epoch  19/50 | Train Loss: 0.7817 | Val Loss: 0.7947 | LR: 0.004705
  Train - Data Loss (MIXMSE): 0.7817, GD: 4.6469e-02,     RMSE: 0.5730, MAE: 0.2960
  Val   - Data Loss (MIXMSE): 0.7947, GD: 7.2380e-03,     RMSE: 0.5805, MAE: 0.2922
----------------------------------------------------------------------
Epoch  20/50 | Train Loss: 0.7793 | Val Loss: 0.7977 | LR: 0.004705
  Train - Data Loss (MIXMSE): 0.7790, GD: 2.7729e-01,     RMSE: 0.5717, MAE: 0.2949
  Val   - Data Loss (MIXMSE): 0.7977, GD: 5.1237e-03,     RMSE: 0.5816, MAE: 0.2960
----------------------------------------------------------------------
Epoch  21/50 | Train Loss: 0.7752 | Val Loss: 0.7976 | LR: 0.004705
  Train - Data Loss (MIXMSE): 0.7752, GD: 9.6135e-03,     RMSE: 0.5706, MAE: 0.2949
  Val   - Data Loss (MIXMSE): 0.7976, GD: 1.0861e-02,     RMSE: 0.5816, MAE: 0.2877
----------------------------------------------------------------------
Epoch  22/50 | Train Loss: 0.7712 | Val Loss: 0.8012 | LR: 0.004705
  Train - Data Loss (MIXMSE): 0.7711, GD: 9.3706e-02,     RMSE: 0.5688, MAE: 0.2938
  Val   - Data Loss (MIXMSE): 0.8012, GD: 2.7114e+00,     RMSE: 0.5829, MAE: 0.2875
----------------------------------------------------------------------

--- TRIAL PRUNED AT EPOCH 22 ---