Starting training for 50 epochs...
--- Optuna Trial 41 ---
Device: cuda
Model parameters: 90,035
----------------------------------------------------------------------
Epoch   1/50 | Train Loss: 1.4029 | Val Loss: 1.3078 | LR: 0.002636
  Train - Data Loss (MIXMSE): 1.3256, GD: 4.4810e+01,     RMSE: 0.7463, MAE: 0.3618
  Val   - Data Loss (MIXMSE): 1.3078, GD: 3.9318e-01,     RMSE: 0.7446, MAE: 0.3428
----------------------------------------------------------------------
Epoch   2/50 | Train Loss: 1.2510 | Val Loss: 1.2167 | LR: 0.002636
  Train - Data Loss (MIXMSE): 1.2493, GD: 9.7642e-01,     RMSE: 0.7248, MAE: 0.3467
  Val   - Data Loss (MIXMSE): 1.2167, GD: 1.0715e+00,     RMSE: 0.7183, MAE: 0.3383
----------------------------------------------------------------------
Epoch   3/50 | Train Loss: 1.1050 | Val Loss: 1.0844 | LR: 0.002636
  Train - Data Loss (MIXMSE): 1.1028, GD: 1.3145e+00,     RMSE: 0.6805, MAE: 0.3342
  Val   - Data Loss (MIXMSE): 1.0844, GD: 8.3393e-01,     RMSE: 0.6782, MAE: 0.3278
----------------------------------------------------------------------
Epoch   4/50 | Train Loss: 1.0259 | Val Loss: 1.0303 | LR: 0.002636
  Train - Data Loss (MIXMSE): 1.0245, GD: 7.7602e-01,     RMSE: 0.6562, MAE: 0.3322
  Val   - Data Loss (MIXMSE): 1.0303, GD: 7.1490e-01,     RMSE: 0.6609, MAE: 0.3287
----------------------------------------------------------------------
Epoch   5/50 | Train Loss: 0.9773 | Val Loss: 1.0000 | LR: 0.002636
  Train - Data Loss (MIXMSE): 0.9761, GD: 7.3283e-01,     RMSE: 0.6404, MAE: 0.3293
  Val   - Data Loss (MIXMSE): 1.0000, GD: 1.0524e+00,     RMSE: 0.6511, MAE: 0.3402
----------------------------------------------------------------------
Epoch   6/50 | Train Loss: 0.9468 | Val Loss: 0.9604 | LR: 0.002636
  Train - Data Loss (MIXMSE): 0.9450, GD: 1.0465e+00,     RMSE: 0.6300, MAE: 0.3263
  Val   - Data Loss (MIXMSE): 0.9604, GD: 1.4359e+00,     RMSE: 0.6382, MAE: 0.3287
----------------------------------------------------------------------
Epoch   7/50 | Train Loss: 0.8712 | Val Loss: 0.8765 | LR: 0.002636
  Train - Data Loss (MIXMSE): 0.8689, GD: 1.3214e+00,     RMSE: 0.6041, MAE: 0.3164
  Val   - Data Loss (MIXMSE): 0.8765, GD: 1.2422e+00,     RMSE: 0.6097, MAE: 0.3169
----------------------------------------------------------------------
Epoch   8/50 | Train Loss: 0.8224 | Val Loss: 0.8447 | LR: 0.002636
  Train - Data Loss (MIXMSE): 0.8208, GD: 9.4168e-01,     RMSE: 0.5873, MAE: 0.3064
  Val   - Data Loss (MIXMSE): 0.8447, GD: 9.8999e-01,     RMSE: 0.5985, MAE: 0.2996
----------------------------------------------------------------------
Epoch   9/50 | Train Loss: 0.8007 | Val Loss: 0.8192 | LR: 0.002636
  Train - Data Loss (MIXMSE): 0.7994, GD: 7.2306e-01,     RMSE: 0.5793, MAE: 0.3009
  Val   - Data Loss (MIXMSE): 0.8192, GD: 6.7999e-01,     RMSE: 0.5893, MAE: 0.2978
----------------------------------------------------------------------
Epoch  10/50 | Train Loss: 0.7912 | Val Loss: 0.8007 | LR: 0.002636
  Train - Data Loss (MIXMSE): 0.7899, GD: 7.4277e-01,     RMSE: 0.5760, MAE: 0.2985
  Val   - Data Loss (MIXMSE): 0.8007, GD: 5.5280e-01,     RMSE: 0.5827, MAE: 0.2963
----------------------------------------------------------------------
Epoch  11/50 | Train Loss: 0.7879 | Val Loss: 0.8171 | LR: 0.002636
  Train - Data Loss (MIXMSE): 0.7868, GD: 6.7932e-01,     RMSE: 0.5749, MAE: 0.2986
  Val   - Data Loss (MIXMSE): 0.8171, GD: 1.0812e+00,     RMSE: 0.5886, MAE: 0.3035
----------------------------------------------------------------------
Epoch  12/50 | Train Loss: 0.7806 | Val Loss: 0.7924 | LR: 0.002636
  Train - Data Loss (MIXMSE): 0.7794, GD: 7.0700e-01,     RMSE: 0.5723, MAE: 0.2962
  Val   - Data Loss (MIXMSE): 0.7924, GD: 4.6439e-01,     RMSE: 0.5797, MAE: 0.2896
----------------------------------------------------------------------
Epoch  13/50 | Train Loss: 0.7729 | Val Loss: 0.7929 | LR: 0.002636
  Train - Data Loss (MIXMSE): 0.7715, GD: 8.4252e-01,     RMSE: 0.5687, MAE: 0.2943
  Val   - Data Loss (MIXMSE): 0.7929, GD: 1.0328e+00,     RMSE: 0.5798, MAE: 0.2897
----------------------------------------------------------------------
Epoch  14/50 | Train Loss: 0.7685 | Val Loss: 0.7940 | LR: 0.002636
  Train - Data Loss (MIXMSE): 0.7669, GD: 8.9417e-01,     RMSE: 0.5672, MAE: 0.2936
  Val   - Data Loss (MIXMSE): 0.7940, GD: 7.0938e-01,     RMSE: 0.5802, MAE: 0.2928
----------------------------------------------------------------------
Epoch  15/50 | Train Loss: 0.7624 | Val Loss: 0.7838 | LR: 0.002636
  Train - Data Loss (MIXMSE): 0.7604, GD: 1.1598e+00,     RMSE: 0.5650, MAE: 0.2923
  Val   - Data Loss (MIXMSE): 0.7838, GD: 1.7779e+00,     RMSE: 0.5764, MAE: 0.2963
----------------------------------------------------------------------
Epoch  16/50 | Train Loss: 0.7613 | Val Loss: 0.7758 | LR: 0.002636
  Train - Data Loss (MIXMSE): 0.7581, GD: 1.8563e+00,     RMSE: 0.5639, MAE: 0.2915
  Val   - Data Loss (MIXMSE): 0.7758, GD: 2.8346e+00,     RMSE: 0.5736, MAE: 0.2954
----------------------------------------------------------------------
Epoch  17/50 | Train Loss: 0.7552 | Val Loss: 0.7673 | LR: 0.002636
  Train - Data Loss (MIXMSE): 0.7505, GD: 2.6898e+00,     RMSE: 0.5614, MAE: 0.2896
  Val   - Data Loss (MIXMSE): 0.7673, GD: 2.8087e+00,     RMSE: 0.5704, MAE: 0.2873
----------------------------------------------------------------------
Epoch  18/50 | Train Loss: 0.7531 | Val Loss: 0.7633 | LR: 0.002636
  Train - Data Loss (MIXMSE): 0.7466, GD: 3.7916e+00,     RMSE: 0.5598, MAE: 0.2889
  Val   - Data Loss (MIXMSE): 0.7633, GD: 1.7802e+01,     RMSE: 0.5689, MAE: 0.2925
----------------------------------------------------------------------
Epoch  19/50 | Train Loss: 0.7402 | Val Loss: 0.7340 | LR: 0.002636
  Train - Data Loss (MIXMSE): 0.7303, GD: 5.7546e+00,     RMSE: 0.5535, MAE: 0.2852
  Val   - Data Loss (MIXMSE): 0.7340, GD: 1.3666e+01,     RMSE: 0.5579, MAE: 0.2794
----------------------------------------------------------------------
Epoch  20/50 | Train Loss: 0.7203 | Val Loss: 0.7218 | LR: 0.002636
  Train - Data Loss (MIXMSE): 0.7065, GD: 8.0272e+00,     RMSE: 0.5446, MAE: 0.2801
  Val   - Data Loss (MIXMSE): 0.7218, GD: 3.0083e+00,     RMSE: 0.5532, MAE: 0.2736
----------------------------------------------------------------------
Epoch  21/50 | Train Loss: 0.6874 | Val Loss: 0.6555 | LR: 0.002636
  Train - Data Loss (MIXMSE): 0.6719, GD: 8.9834e+00,     RMSE: 0.5310, MAE: 0.2713
  Val   - Data Loss (MIXMSE): 0.6555, GD: 4.6691e+00,     RMSE: 0.5272, MAE: 0.2619
----------------------------------------------------------------------
Epoch  22/50 | Train Loss: 0.6483 | Val Loss: 0.6219 | LR: 0.002636
  Train - Data Loss (MIXMSE): 0.6325, GD: 9.1132e+00,     RMSE: 0.5147, MAE: 0.2614
  Val   - Data Loss (MIXMSE): 0.6219, GD: 5.3718e+00,     RMSE: 0.5136, MAE: 0.2531
----------------------------------------------------------------------
Epoch  23/50 | Train Loss: 0.5922 | Val Loss: 0.5637 | LR: 0.002636
  Train - Data Loss (MIXMSE): 0.5769, GD: 8.9028e+00,     RMSE: 0.4913, MAE: 0.2462
  Val   - Data Loss (MIXMSE): 0.5637, GD: 4.1549e+00,     RMSE: 0.4890, MAE: 0.2420
----------------------------------------------------------------------
Epoch  24/50 | Train Loss: 0.5563 | Val Loss: 0.5767 | LR: 0.002636
  Train - Data Loss (MIXMSE): 0.5429, GD: 7.7593e+00,     RMSE: 0.4767, MAE: 0.2390
  Val   - Data Loss (MIXMSE): 0.5767, GD: 3.0869e+01,     RMSE: 0.4945, MAE: 0.2573
----------------------------------------------------------------------
Epoch  25/50 | Train Loss: 0.5243 | Val Loss: 0.5157 | LR: 0.002636
  Train - Data Loss (MIXMSE): 0.5154, GD: 5.1569e+00,     RMSE: 0.4647, MAE: 0.2333
  Val   - Data Loss (MIXMSE): 0.5157, GD: 2.7545e+00,     RMSE: 0.4677, MAE: 0.2317
----------------------------------------------------------------------
Epoch  26/50 | Train Loss: 0.5032 | Val Loss: 0.4954 | LR: 0.002636
  Train - Data Loss (MIXMSE): 0.4949, GD: 4.7856e+00,     RMSE: 0.4547, MAE: 0.2291
  Val   - Data Loss (MIXMSE): 0.4954, GD: 3.1732e+00,     RMSE: 0.4583, MAE: 0.2307
----------------------------------------------------------------------
Epoch  27/50 | Train Loss: 0.4869 | Val Loss: 0.5048 | LR: 0.002636
  Train - Data Loss (MIXMSE): 0.4798, GD: 4.1217e+00,     RMSE: 0.4482, MAE: 0.2265
  Val   - Data Loss (MIXMSE): 0.5048, GD: 3.2976e+00,     RMSE: 0.4626, MAE: 0.2326
----------------------------------------------------------------------
Epoch  28/50 | Train Loss: 0.4772 | Val Loss: 0.5211 | LR: 0.002636
  Train - Data Loss (MIXMSE): 0.4707, GD: 3.7629e+00,     RMSE: 0.4441, MAE: 0.2251
  Val   - Data Loss (MIXMSE): 0.5211, GD: 2.1047e+00,     RMSE: 0.4700, MAE: 0.2308
----------------------------------------------------------------------
Epoch  29/50 | Train Loss: 0.4667 | Val Loss: 0.4722 | LR: 0.002636
  Train - Data Loss (MIXMSE): 0.4621, GD: 2.6958e+00,     RMSE: 0.4398, MAE: 0.2237
  Val   - Data Loss (MIXMSE): 0.4722, GD: 2.3641e+00,     RMSE: 0.4474, MAE: 0.2279
----------------------------------------------------------------------
Epoch  30/50 | Train Loss: 0.4597 | Val Loss: 0.4580 | LR: 0.002636
  Train - Data Loss (MIXMSE): 0.4549, GD: 2.7980e+00,     RMSE: 0.4366, MAE: 0.2216
  Val   - Data Loss (MIXMSE): 0.4580, GD: 2.1598e+00,     RMSE: 0.4406, MAE: 0.2186
----------------------------------------------------------------------
Epoch  31/50 | Train Loss: 0.4478 | Val Loss: 0.4504 | LR: 0.002636
  Train - Data Loss (MIXMSE): 0.4449, GD: 1.6592e+00,     RMSE: 0.4317, MAE: 0.2190
  Val   - Data Loss (MIXMSE): 0.4504, GD: 2.2771e+00,     RMSE: 0.4368, MAE: 0.2200
----------------------------------------------------------------------
Epoch  32/50 | Train Loss: 0.4404 | Val Loss: 0.4478 | LR: 0.002636
  Train - Data Loss (MIXMSE): 0.4375, GD: 1.6261e+00,     RMSE: 0.4279, MAE: 0.2165
  Val   - Data Loss (MIXMSE): 0.4478, GD: 1.7741e+00,     RMSE: 0.4356, MAE: 0.2191
----------------------------------------------------------------------
Epoch  33/50 | Train Loss: 0.4375 | Val Loss: 0.4538 | LR: 0.002636
  Train - Data Loss (MIXMSE): 0.4348, GD: 1.5278e+00,     RMSE: 0.4268, MAE: 0.2158
  Val   - Data Loss (MIXMSE): 0.4538, GD: 3.0563e+00,     RMSE: 0.4386, MAE: 0.2191
----------------------------------------------------------------------
Epoch  34/50 | Train Loss: 0.4288 | Val Loss: 0.4288 | LR: 0.002636
  Train - Data Loss (MIXMSE): 0.4262, GD: 1.5185e+00,     RMSE: 0.4227, MAE: 0.2127
  Val   - Data Loss (MIXMSE): 0.4288, GD: 3.0170e+00,     RMSE: 0.4263, MAE: 0.2087
----------------------------------------------------------------------
Epoch  35/50 | Train Loss: 0.4205 | Val Loss: 0.4382 | LR: 0.002636
  Train - Data Loss (MIXMSE): 0.4183, GD: 1.2927e+00,     RMSE: 0.4185, MAE: 0.2104
  Val   - Data Loss (MIXMSE): 0.4382, GD: 1.3923e+00,     RMSE: 0.4310, MAE: 0.2101
----------------------------------------------------------------------
Epoch  36/50 | Train Loss: 0.4183 | Val Loss: 0.4284 | LR: 0.002636
  Train - Data Loss (MIXMSE): 0.4161, GD: 1.2603e+00,     RMSE: 0.4173, MAE: 0.2099
  Val   - Data Loss (MIXMSE): 0.4284, GD: 1.2935e+00,     RMSE: 0.4261, MAE: 0.2119
----------------------------------------------------------------------
Epoch  37/50 | Train Loss: 0.4145 | Val Loss: 0.4069 | LR: 0.002636
  Train - Data Loss (MIXMSE): 0.4121, GD: 1.3873e+00,     RMSE: 0.4154, MAE: 0.2084
  Val   - Data Loss (MIXMSE): 0.4069, GD: 3.6525e+00,     RMSE: 0.4152, MAE: 0.2044
----------------------------------------------------------------------
Epoch  38/50 | Train Loss: 0.4028 | Val Loss: 0.4030 | LR: 0.002636
  Train - Data Loss (MIXMSE): 0.3991, GD: 2.1226e+00,     RMSE: 0.4087, MAE: 0.2046
  Val   - Data Loss (MIXMSE): 0.4030, GD: 2.3937e+00,     RMSE: 0.4132, MAE: 0.2068
----------------------------------------------------------------------
Epoch  39/50 | Train Loss: 0.3922 | Val Loss: 0.3924 | LR: 0.002636
  Train - Data Loss (MIXMSE): 0.3848, GD: 4.3127e+00,     RMSE: 0.4014, MAE: 0.2003
  Val   - Data Loss (MIXMSE): 0.3924, GD: 3.4163e+00,     RMSE: 0.4078, MAE: 0.2004
----------------------------------------------------------------------
Epoch  40/50 | Train Loss: 0.3739 | Val Loss: 0.3497 | LR: 0.002636
  Train - Data Loss (MIXMSE): 0.3617, GD: 7.0561e+00,     RMSE: 0.3890, MAE: 0.1963
  Val   - Data Loss (MIXMSE): 0.3497, GD: 4.0930e+00,     RMSE: 0.3850, MAE: 0.1943
----------------------------------------------------------------------
Epoch  41/50 | Train Loss: 0.3573 | Val Loss: 0.3692 | LR: 0.002636
  Train - Data Loss (MIXMSE): 0.3452, GD: 6.9952e+00,     RMSE: 0.3798, MAE: 0.1967
  Val   - Data Loss (MIXMSE): 0.3692, GD: 6.3450e+00,     RMSE: 0.3955, MAE: 0.1989
----------------------------------------------------------------------
Epoch  42/50 | Train Loss: 0.3216 | Val Loss: 0.3344 | LR: 0.002636
  Train - Data Loss (MIXMSE): 0.3118, GD: 5.6355e+00,     RMSE: 0.3612, MAE: 0.1887
  Val   - Data Loss (MIXMSE): 0.3344, GD: 4.8695e+00,     RMSE: 0.3766, MAE: 0.1979
----------------------------------------------------------------------
Epoch  43/50 | Train Loss: 0.3027 | Val Loss: 0.2945 | LR: 0.002636
  Train - Data Loss (MIXMSE): 0.2938, GD: 5.1682e+00,     RMSE: 0.3505, MAE: 0.1854
  Val   - Data Loss (MIXMSE): 0.2945, GD: 2.9925e+00,     RMSE: 0.3534, MAE: 0.1848
----------------------------------------------------------------------
Epoch  44/50 | Train Loss: 0.2925 | Val Loss: 0.2968 | LR: 0.002636
  Train - Data Loss (MIXMSE): 0.2861, GD: 3.7165e+00,     RMSE: 0.3458, MAE: 0.1839
  Val   - Data Loss (MIXMSE): 0.2968, GD: 1.5447e+00,     RMSE: 0.3546, MAE: 0.1817
----------------------------------------------------------------------
Epoch  45/50 | Train Loss: 0.2844 | Val Loss: 0.2843 | LR: 0.002636
  Train - Data Loss (MIXMSE): 0.2797, GD: 2.7047e+00,     RMSE: 0.3422, MAE: 0.1825
  Val   - Data Loss (MIXMSE): 0.2843, GD: 2.8078e+00,     RMSE: 0.3473, MAE: 0.1787
----------------------------------------------------------------------
Epoch  46/50 | Train Loss: 0.2862 | Val Loss: 0.2903 | LR: 0.002636
  Train - Data Loss (MIXMSE): 0.2797, GD: 3.7461e+00,     RMSE: 0.3422, MAE: 0.1831
  Val   - Data Loss (MIXMSE): 0.2903, GD: 1.5690e+00,     RMSE: 0.3509, MAE: 0.1848
----------------------------------------------------------------------
Epoch  47/50 | Train Loss: 0.2703 | Val Loss: 0.2966 | LR: 0.002636
  Train - Data Loss (MIXMSE): 0.2648, GD: 3.1623e+00,     RMSE: 0.3333, MAE: 0.1786
  Val   - Data Loss (MIXMSE): 0.2966, GD: 1.4438e+00,     RMSE: 0.3546, MAE: 0.1864
----------------------------------------------------------------------
Epoch  48/50 | Train Loss: 0.2709 | Val Loss: 0.3652 | LR: 0.002636
  Train - Data Loss (MIXMSE): 0.2655, GD: 3.1164e+00,     RMSE: 0.3336, MAE: 0.1803
  Val   - Data Loss (MIXMSE): 0.3652, GD: 2.4934e+00,     RMSE: 0.3934, MAE: 0.1994
----------------------------------------------------------------------
Epoch  49/50 | Train Loss: 0.2613 | Val Loss: 0.2655 | LR: 0.002636
  Train - Data Loss (MIXMSE): 0.2575, GD: 2.1854e+00,     RMSE: 0.3287, MAE: 0.1774
  Val   - Data Loss (MIXMSE): 0.2655, GD: 1.9585e+00,     RMSE: 0.3356, MAE: 0.1733
----------------------------------------------------------------------
Epoch  50/50 | Train Loss: 0.2531 | Val Loss: 0.2841 | LR: 0.002636
  Train - Data Loss (MIXMSE): 0.2480, GD: 2.9412e+00,     RMSE: 0.3223, MAE: 0.1737
  Val   - Data Loss (MIXMSE): 0.2841, GD: 3.1342e+00,     RMSE: 0.3470, MAE: 0.1837
----------------------------------------------------------------------

Training complete!
Best validation loss: 0.2655 at epoch 49

Evaluating on test set...
Test Loss: 0.2807
Test MIXMSE: 0.2807, GD: 3.1838e+00,     RMSE: 0.3449, MAE: 0.1829