Starting training for 50 epochs...
--- Optuna Trial 53 ---
Device: cuda
Model parameters: 90,035
----------------------------------------------------------------------
Epoch   1/50 | Train Loss: 1.4041 | Val Loss: 1.3113 | LR: 0.001922
  Train - Data Loss (MIXMSE): 1.3292, GD: 5.4849e+01,     RMSE: 0.7475, MAE: 0.3654
  Val   - Data Loss (MIXMSE): 1.3113, GD: 2.1740e-01,     RMSE: 0.7457, MAE: 0.3617
----------------------------------------------------------------------
Epoch   2/50 | Train Loss: 1.2784 | Val Loss: 1.2834 | LR: 0.001922
  Train - Data Loss (MIXMSE): 1.2746, GD: 2.7673e+00,     RMSE: 0.7320, MAE: 0.3523
  Val   - Data Loss (MIXMSE): 1.2834, GD: 6.8602e+00,     RMSE: 0.7377, MAE: 0.3433
----------------------------------------------------------------------
Epoch   3/50 | Train Loss: 1.2280 | Val Loss: 1.2159 | LR: 0.001922
  Train - Data Loss (MIXMSE): 1.2269, GD: 8.4482e-01,     RMSE: 0.7180, MAE: 0.3506
  Val   - Data Loss (MIXMSE): 1.2159, GD: 6.0326e-01,     RMSE: 0.7180, MAE: 0.3427
----------------------------------------------------------------------
Epoch   4/50 | Train Loss: 1.1357 | Val Loss: 1.0751 | LR: 0.001922
  Train - Data Loss (MIXMSE): 1.1320, GD: 2.7624e+00,     RMSE: 0.6895, MAE: 0.3451
  Val   - Data Loss (MIXMSE): 1.0751, GD: 3.2452e+00,     RMSE: 0.6751, MAE: 0.3381
----------------------------------------------------------------------
Epoch   5/50 | Train Loss: 1.0133 | Val Loss: 1.0196 | LR: 0.001922
  Train - Data Loss (MIXMSE): 1.0108, GD: 1.8390e+00,     RMSE: 0.6517, MAE: 0.3332
  Val   - Data Loss (MIXMSE): 1.0196, GD: 1.0386e+00,     RMSE: 0.6575, MAE: 0.3336
----------------------------------------------------------------------
Epoch   6/50 | Train Loss: 0.9821 | Val Loss: 0.9722 | LR: 0.001922
  Train - Data Loss (MIXMSE): 0.9800, GD: 1.5721e+00,     RMSE: 0.6415, MAE: 0.3298
  Val   - Data Loss (MIXMSE): 0.9722, GD: 1.0803e+00,     RMSE: 0.6420, MAE: 0.3286
----------------------------------------------------------------------
Epoch   7/50 | Train Loss: 0.9302 | Val Loss: 0.9098 | LR: 0.001922
  Train - Data Loss (MIXMSE): 0.9266, GD: 2.6150e+00,     RMSE: 0.6237, MAE: 0.3249
  Val   - Data Loss (MIXMSE): 0.9098, GD: 2.3181e+00,     RMSE: 0.6212, MAE: 0.3199
----------------------------------------------------------------------
Epoch   8/50 | Train Loss: 0.8660 | Val Loss: 0.8950 | LR: 0.001922
  Train - Data Loss (MIXMSE): 0.8615, GD: 3.3344e+00,     RMSE: 0.6013, MAE: 0.3149
  Val   - Data Loss (MIXMSE): 0.8950, GD: 4.0215e+00,     RMSE: 0.6161, MAE: 0.3128
----------------------------------------------------------------------
Epoch   9/50 | Train Loss: 0.8326 | Val Loss: 0.8351 | LR: 0.001922
  Train - Data Loss (MIXMSE): 0.8289, GD: 2.6866e+00,     RMSE: 0.5900, MAE: 0.3079
  Val   - Data Loss (MIXMSE): 0.8351, GD: 2.0796e+00,     RMSE: 0.5951, MAE: 0.3101
----------------------------------------------------------------------
Epoch  10/50 | Train Loss: 0.8063 | Val Loss: 0.8281 | LR: 0.001922
  Train - Data Loss (MIXMSE): 0.8033, GD: 2.2153e+00,     RMSE: 0.5807, MAE: 0.3025
  Val   - Data Loss (MIXMSE): 0.8281, GD: 1.7465e+00,     RMSE: 0.5926, MAE: 0.2987
----------------------------------------------------------------------
Epoch  11/50 | Train Loss: 0.7915 | Val Loss: 0.8113 | LR: 0.001922
  Train - Data Loss (MIXMSE): 0.7888, GD: 2.0450e+00,     RMSE: 0.5753, MAE: 0.2982
  Val   - Data Loss (MIXMSE): 0.8113, GD: 1.9799e+00,     RMSE: 0.5865, MAE: 0.3006
----------------------------------------------------------------------
Epoch  12/50 | Train Loss: 0.7796 | Val Loss: 0.7956 | LR: 0.001922
  Train - Data Loss (MIXMSE): 0.7768, GD: 2.0834e+00,     RMSE: 0.5710, MAE: 0.2957
  Val   - Data Loss (MIXMSE): 0.7956, GD: 1.6628e+00,     RMSE: 0.5808, MAE: 0.2947
----------------------------------------------------------------------
Epoch  13/50 | Train Loss: 0.7702 | Val Loss: 0.7899 | LR: 0.001922
  Train - Data Loss (MIXMSE): 0.7673, GD: 2.1048e+00,     RMSE: 0.5672, MAE: 0.2935
  Val   - Data Loss (MIXMSE): 0.7899, GD: 2.5186e+00,     RMSE: 0.5787, MAE: 0.2925
----------------------------------------------------------------------
Epoch  14/50 | Train Loss: 0.7650 | Val Loss: 0.7763 | LR: 0.001922
  Train - Data Loss (MIXMSE): 0.7617, GD: 2.3989e+00,     RMSE: 0.5654, MAE: 0.2922
  Val   - Data Loss (MIXMSE): 0.7763, GD: 4.9801e+00,     RMSE: 0.5737, MAE: 0.2931
----------------------------------------------------------------------
Epoch  15/50 | Train Loss: 0.7635 | Val Loss: 0.7765 | LR: 0.001922
  Train - Data Loss (MIXMSE): 0.7599, GD: 2.6577e+00,     RMSE: 0.5650, MAE: 0.2914
  Val   - Data Loss (MIXMSE): 0.7765, GD: 2.4659e+00,     RMSE: 0.5738, MAE: 0.2879
----------------------------------------------------------------------
Epoch  16/50 | Train Loss: 0.7547 | Val Loss: 0.7714 | LR: 0.001922
  Train - Data Loss (MIXMSE): 0.7500, GD: 3.4404e+00,     RMSE: 0.5609, MAE: 0.2891
  Val   - Data Loss (MIXMSE): 0.7714, GD: 2.8089e+00,     RMSE: 0.5719, MAE: 0.2919
----------------------------------------------------------------------
Epoch  17/50 | Train Loss: 0.7493 | Val Loss: 0.7613 | LR: 0.001922
  Train - Data Loss (MIXMSE): 0.7442, GD: 3.7749e+00,     RMSE: 0.5589, MAE: 0.2878
  Val   - Data Loss (MIXMSE): 0.7613, GD: 2.5752e+00,     RMSE: 0.5682, MAE: 0.2826
----------------------------------------------------------------------
Epoch  18/50 | Train Loss: 0.7398 | Val Loss: 0.7532 | LR: 0.001922
  Train - Data Loss (MIXMSE): 0.7335, GD: 4.5641e+00,     RMSE: 0.5548, MAE: 0.2854
  Val   - Data Loss (MIXMSE): 0.7532, GD: 6.3854e+00,     RMSE: 0.5651, MAE: 0.2860
----------------------------------------------------------------------
Epoch  19/50 | Train Loss: 0.7318 | Val Loss: 0.7437 | LR: 0.001922
  Train - Data Loss (MIXMSE): 0.7238, GD: 5.8038e+00,     RMSE: 0.5511, MAE: 0.2831
  Val   - Data Loss (MIXMSE): 0.7437, GD: 6.1529e+00,     RMSE: 0.5616, MAE: 0.2864
----------------------------------------------------------------------
Epoch  20/50 | Train Loss: 0.7222 | Val Loss: 0.7235 | LR: 0.001922
  Train - Data Loss (MIXMSE): 0.7127, GD: 6.9063e+00,     RMSE: 0.5466, MAE: 0.2810
  Val   - Data Loss (MIXMSE): 0.7235, GD: 4.3157e+00,     RMSE: 0.5539, MAE: 0.2809
----------------------------------------------------------------------
Epoch  21/50 | Train Loss: 0.7076 | Val Loss: 0.6991 | LR: 0.001922
  Train - Data Loss (MIXMSE): 0.6976, GD: 7.3622e+00,     RMSE: 0.5409, MAE: 0.2780
  Val   - Data Loss (MIXMSE): 0.6991, GD: 5.9898e+00,     RMSE: 0.5445, MAE: 0.2746
----------------------------------------------------------------------
Epoch  22/50 | Train Loss: 0.6862 | Val Loss: 0.6788 | LR: 0.001922
  Train - Data Loss (MIXMSE): 0.6757, GD: 7.6423e+00,     RMSE: 0.5320, MAE: 0.2733
  Val   - Data Loss (MIXMSE): 0.6788, GD: 9.1309e+00,     RMSE: 0.5365, MAE: 0.2701
----------------------------------------------------------------------
Epoch  23/50 | Train Loss: 0.6603 | Val Loss: 0.6506 | LR: 0.001922
  Train - Data Loss (MIXMSE): 0.6500, GD: 7.5662e+00,     RMSE: 0.5220, MAE: 0.2666
  Val   - Data Loss (MIXMSE): 0.6506, GD: 4.2416e+00,     RMSE: 0.5253, MAE: 0.2575
----------------------------------------------------------------------
Epoch  24/50 | Train Loss: 0.6341 | Val Loss: 0.6363 | LR: 0.001922
  Train - Data Loss (MIXMSE): 0.6217, GD: 9.0622e+00,     RMSE: 0.5107, MAE: 0.2591
  Val   - Data Loss (MIXMSE): 0.6363, GD: 3.2560e+00,     RMSE: 0.5195, MAE: 0.2558
----------------------------------------------------------------------
Epoch  25/50 | Train Loss: 0.6047 | Val Loss: 0.5877 | LR: 0.001922
  Train - Data Loss (MIXMSE): 0.5948, GD: 7.2463e+00,     RMSE: 0.4985, MAE: 0.2527
  Val   - Data Loss (MIXMSE): 0.5877, GD: 3.3328e+00,     RMSE: 0.4992, MAE: 0.2471
----------------------------------------------------------------------
Epoch  26/50 | Train Loss: 0.5691 | Val Loss: 0.5657 | LR: 0.001922
  Train - Data Loss (MIXMSE): 0.5597, GD: 6.9213e+00,     RMSE: 0.4838, MAE: 0.2437
  Val   - Data Loss (MIXMSE): 0.5657, GD: 2.6286e+01,     RMSE: 0.4898, MAE: 0.2329
----------------------------------------------------------------------
Epoch  27/50 | Train Loss: 0.5372 | Val Loss: 0.5327 | LR: 0.001922
  Train - Data Loss (MIXMSE): 0.5293, GD: 5.7891e+00,     RMSE: 0.4709, MAE: 0.2361
  Val   - Data Loss (MIXMSE): 0.5327, GD: 6.8430e+00,     RMSE: 0.4753, MAE: 0.2260
----------------------------------------------------------------------
Epoch  28/50 | Train Loss: 0.5183 | Val Loss: 0.5118 | LR: 0.001922
  Train - Data Loss (MIXMSE): 0.5087, GD: 6.9823e+00,     RMSE: 0.4615, MAE: 0.2314
  Val   - Data Loss (MIXMSE): 0.5118, GD: 3.0297e+00,     RMSE: 0.4659, MAE: 0.2310
----------------------------------------------------------------------
Epoch  29/50 | Train Loss: 0.4960 | Val Loss: 0.4876 | LR: 0.001922
  Train - Data Loss (MIXMSE): 0.4915, GD: 3.3291e+00,     RMSE: 0.4537, MAE: 0.2284
  Val   - Data Loss (MIXMSE): 0.4876, GD: 2.2322e+00,     RMSE: 0.4547, MAE: 0.2206
----------------------------------------------------------------------
Epoch  30/50 | Train Loss: 0.4835 | Val Loss: 0.4848 | LR: 0.001922
  Train - Data Loss (MIXMSE): 0.4774, GD: 4.4650e+00,     RMSE: 0.4471, MAE: 0.2255
  Val   - Data Loss (MIXMSE): 0.4848, GD: 2.4454e+00,     RMSE: 0.4534, MAE: 0.2174
----------------------------------------------------------------------
Epoch  31/50 | Train Loss: 0.4698 | Val Loss: 0.4655 | LR: 0.001922
  Train - Data Loss (MIXMSE): 0.4651, GD: 3.3997e+00,     RMSE: 0.4413, MAE: 0.2225
  Val   - Data Loss (MIXMSE): 0.4655, GD: 5.1393e+00,     RMSE: 0.4443, MAE: 0.2126
----------------------------------------------------------------------
Epoch  32/50 | Train Loss: 0.4625 | Val Loss: 0.5001 | LR: 0.001922
  Train - Data Loss (MIXMSE): 0.4583, GD: 3.0768e+00,     RMSE: 0.4382, MAE: 0.2215
  Val   - Data Loss (MIXMSE): 0.5001, GD: 1.4939e+00,     RMSE: 0.4604, MAE: 0.2338
----------------------------------------------------------------------
Epoch  33/50 | Train Loss: 0.4555 | Val Loss: 0.4760 | LR: 0.001922
  Train - Data Loss (MIXMSE): 0.4515, GD: 2.9275e+00,     RMSE: 0.4344, MAE: 0.2199
  Val   - Data Loss (MIXMSE): 0.4760, GD: 3.9194e+00,     RMSE: 0.4492, MAE: 0.2158
----------------------------------------------------------------------
Epoch  34/50 | Train Loss: 0.4478 | Val Loss: 0.4516 | LR: 0.001922
  Train - Data Loss (MIXMSE): 0.4434, GD: 3.2083e+00,     RMSE: 0.4305, MAE: 0.2175
  Val   - Data Loss (MIXMSE): 0.4516, GD: 4.1718e+00,     RMSE: 0.4376, MAE: 0.2175
----------------------------------------------------------------------
Epoch  35/50 | Train Loss: 0.4399 | Val Loss: 0.4478 | LR: 0.001922
  Train - Data Loss (MIXMSE): 0.4368, GD: 2.2558e+00,     RMSE: 0.4269, MAE: 0.2159
  Val   - Data Loss (MIXMSE): 0.4478, GD: 2.9886e+00,     RMSE: 0.4357, MAE: 0.2119
----------------------------------------------------------------------
Epoch  36/50 | Train Loss: 0.4348 | Val Loss: 0.4287 | LR: 0.001922
  Train - Data Loss (MIXMSE): 0.4311, GD: 2.6731e+00,     RMSE: 0.4250, MAE: 0.2139
  Val   - Data Loss (MIXMSE): 0.4287, GD: 9.8386e-01,     RMSE: 0.4262, MAE: 0.2095
----------------------------------------------------------------------
Epoch  37/50 | Train Loss: 0.4262 | Val Loss: 0.4341 | LR: 0.001922
  Train - Data Loss (MIXMSE): 0.4235, GD: 1.9712e+00,     RMSE: 0.4212, MAE: 0.2121
  Val   - Data Loss (MIXMSE): 0.4341, GD: 8.7025e-01,     RMSE: 0.4290, MAE: 0.2057
----------------------------------------------------------------------
Epoch  38/50 | Train Loss: 0.4189 | Val Loss: 0.4255 | LR: 0.001922
  Train - Data Loss (MIXMSE): 0.4162, GD: 1.9901e+00,     RMSE: 0.4174, MAE: 0.2094
  Val   - Data Loss (MIXMSE): 0.4255, GD: 2.3312e+00,     RMSE: 0.4247, MAE: 0.2120
----------------------------------------------------------------------
Epoch  39/50 | Train Loss: 0.4112 | Val Loss: 0.4174 | LR: 0.001922
  Train - Data Loss (MIXMSE): 0.4091, GD: 1.5508e+00,     RMSE: 0.4137, MAE: 0.2072
  Val   - Data Loss (MIXMSE): 0.4174, GD: 1.0359e+00,     RMSE: 0.4207, MAE: 0.2053
----------------------------------------------------------------------
Epoch  40/50 | Train Loss: 0.4086 | Val Loss: 0.4099 | LR: 0.001922
  Train - Data Loss (MIXMSE): 0.4058, GD: 2.0009e+00,     RMSE: 0.4121, MAE: 0.2064
  Val   - Data Loss (MIXMSE): 0.4099, GD: 1.1970e+00,     RMSE: 0.4168, MAE: 0.2013
----------------------------------------------------------------------
Epoch  41/50 | Train Loss: 0.4023 | Val Loss: 0.4211 | LR: 0.001922
  Train - Data Loss (MIXMSE): 0.3991, GD: 2.3629e+00,     RMSE: 0.4088, MAE: 0.2045
  Val   - Data Loss (MIXMSE): 0.4211, GD: 1.2361e+00,     RMSE: 0.4225, MAE: 0.2112
----------------------------------------------------------------------
Epoch  42/50 | Train Loss: 0.3928 | Val Loss: 0.4223 | LR: 0.001922
  Train - Data Loss (MIXMSE): 0.3886, GD: 3.0861e+00,     RMSE: 0.4035, MAE: 0.2017
  Val   - Data Loss (MIXMSE): 0.4223, GD: 7.7139e+00,     RMSE: 0.4231, MAE: 0.2085
----------------------------------------------------------------------
Epoch  43/50 | Train Loss: 0.3821 | Val Loss: 0.3888 | LR: 0.001922
  Train - Data Loss (MIXMSE): 0.3770, GD: 3.7276e+00,     RMSE: 0.3969, MAE: 0.1981
  Val   - Data Loss (MIXMSE): 0.3888, GD: 2.6109e+00,     RMSE: 0.4059, MAE: 0.2011
----------------------------------------------------------------------
Epoch  44/50 | Train Loss: 0.3632 | Val Loss: 0.3577 | LR: 0.001922
  Train - Data Loss (MIXMSE): 0.3563, GD: 5.0248e+00,     RMSE: 0.3860, MAE: 0.1937
  Val   - Data Loss (MIXMSE): 0.3577, GD: 2.0187e+00,     RMSE: 0.3895, MAE: 0.1935
----------------------------------------------------------------------
Epoch  45/50 | Train Loss: 0.3375 | Val Loss: 0.3335 | LR: 0.001922
  Train - Data Loss (MIXMSE): 0.3321, GD: 3.9141e+00,     RMSE: 0.3727, MAE: 0.1891
  Val   - Data Loss (MIXMSE): 0.3335, GD: 1.6259e+00,     RMSE: 0.3760, MAE: 0.1836
----------------------------------------------------------------------
Epoch  46/50 | Train Loss: 0.3107 | Val Loss: 0.3120 | LR: 0.001922
  Train - Data Loss (MIXMSE): 0.3076, GD: 2.2700e+00,     RMSE: 0.3587, MAE: 0.1826
  Val   - Data Loss (MIXMSE): 0.3120, GD: 1.0092e+00,     RMSE: 0.3639, MAE: 0.1737
----------------------------------------------------------------------
Epoch  47/50 | Train Loss: 0.2948 | Val Loss: 0.3124 | LR: 0.001922
  Train - Data Loss (MIXMSE): 0.2919, GD: 2.1507e+00,     RMSE: 0.3491, MAE: 0.1802
  Val   - Data Loss (MIXMSE): 0.3124, GD: 1.0174e+00,     RMSE: 0.3641, MAE: 0.1874
----------------------------------------------------------------------
Epoch  48/50 | Train Loss: 0.2808 | Val Loss: 0.2710 | LR: 0.001922
  Train - Data Loss (MIXMSE): 0.2774, GD: 2.5361e+00,     RMSE: 0.3406, MAE: 0.1772
  Val   - Data Loss (MIXMSE): 0.2710, GD: 3.0689e+00,     RMSE: 0.3391, MAE: 0.1680
----------------------------------------------------------------------
Epoch  49/50 | Train Loss: 0.2655 | Val Loss: 0.2826 | LR: 0.001922
  Train - Data Loss (MIXMSE): 0.2632, GD: 1.7214e+00,     RMSE: 0.3316, MAE: 0.1733
  Val   - Data Loss (MIXMSE): 0.2826, GD: 8.3699e+00,     RMSE: 0.3462, MAE: 0.1738
----------------------------------------------------------------------
Epoch  50/50 | Train Loss: 0.2612 | Val Loss: 0.2587 | LR: 0.001922
  Train - Data Loss (MIXMSE): 0.2586, GD: 1.8959e+00,     RMSE: 0.3290, MAE: 0.1724
  Val   - Data Loss (MIXMSE): 0.2587, GD: 1.5098e+00,     RMSE: 0.3313, MAE: 0.1651
----------------------------------------------------------------------

Training complete!
Best validation loss: 0.2587 at epoch 50

Evaluating on test set...
Test Loss: 0.2518
Test MIXMSE: 0.2518, GD: 1.5765e+00,     RMSE: 0.3267, MAE: 0.1650