Starting training for 50 epochs...
--- Optuna Trial 54 ---
Device: cuda
Model parameters: 90,035
----------------------------------------------------------------------
Epoch   1/50 | Train Loss: 1.7324 | Val Loss: 1.3570 | LR: 0.000705
  Train - Data Loss (MIXMSE): 1.3352, GD: 2.7981e+02,     RMSE: 0.7493, MAE: 0.3635
  Val   - Data Loss (MIXMSE): 1.3570, GD: 1.9863e-01,     RMSE: 0.7585, MAE: 0.3724
----------------------------------------------------------------------
Epoch   2/50 | Train Loss: 1.3201 | Val Loss: 1.3207 | LR: 0.000705
  Train - Data Loss (MIXMSE): 1.3197, GD: 2.6463e-01,     RMSE: 0.7451, MAE: 0.3602
  Val   - Data Loss (MIXMSE): 1.3207, GD: 3.5908e-01,     RMSE: 0.7483, MAE: 0.3491
----------------------------------------------------------------------
Epoch   3/50 | Train Loss: 1.2812 | Val Loss: 1.3006 | LR: 0.000705
  Train - Data Loss (MIXMSE): 1.2807, GD: 3.3582e-01,     RMSE: 0.7336, MAE: 0.3533
  Val   - Data Loss (MIXMSE): 1.3006, GD: 3.8971e-01,     RMSE: 0.7425, MAE: 0.3414
----------------------------------------------------------------------
Epoch   4/50 | Train Loss: 1.2631 | Val Loss: 1.2872 | LR: 0.000705
  Train - Data Loss (MIXMSE): 1.2620, GD: 7.8327e-01,     RMSE: 0.7285, MAE: 0.3498
  Val   - Data Loss (MIXMSE): 1.2872, GD: 1.3453e+00,     RMSE: 0.7387, MAE: 0.3887
----------------------------------------------------------------------
Epoch   5/50 | Train Loss: 1.2134 | Val Loss: 1.2023 | LR: 0.000705
  Train - Data Loss (MIXMSE): 1.2117, GD: 1.1399e+00,     RMSE: 0.7135, MAE: 0.3504
  Val   - Data Loss (MIXMSE): 1.2023, GD: 6.9538e-01,     RMSE: 0.7140, MAE: 0.3577
----------------------------------------------------------------------

--- TRIAL PRUNED AT EPOCH 5 ---