Starting training for 50 epochs...
--- Optuna Trial 17 ---
Device: cuda
Model parameters: 76,610
----------------------------------------------------------------------
Epoch   1/50 | Train Loss: 2.8426 | Val Loss: 1.3524 | LR: 0.001577
  Train - Data Loss (MIXMSE): 1.3523, GD: 1.4649e+02,     RMSE: 0.7539, MAE: 0.3718
  Val   - Data Loss (MIXMSE): 1.3524, GD: 4.8514e-02,     RMSE: 0.7572, MAE: 0.3677
----------------------------------------------------------------------
Epoch   2/50 | Train Loss: 1.3213 | Val Loss: 1.3349 | LR: 0.001577
  Train - Data Loss (MIXMSE): 1.3204, GD: 8.5073e-02,     RMSE: 0.7450, MAE: 0.3615
  Val   - Data Loss (MIXMSE): 1.3349, GD: 1.2665e-01,     RMSE: 0.7523, MAE: 0.3621
----------------------------------------------------------------------
Epoch   3/50 | Train Loss: 1.3138 | Val Loss: 1.3277 | LR: 0.001577
  Train - Data Loss (MIXMSE): 1.3112, GD: 2.5771e-01,     RMSE: 0.7426, MAE: 0.3593
  Val   - Data Loss (MIXMSE): 1.3277, GD: 2.9712e-02,     RMSE: 0.7503, MAE: 0.3632
----------------------------------------------------------------------
Epoch   4/50 | Train Loss: 1.2977 | Val Loss: 1.2942 | LR: 0.001577
  Train - Data Loss (MIXMSE): 1.2960, GD: 1.6791e-01,     RMSE: 0.7383, MAE: 0.3563
  Val   - Data Loss (MIXMSE): 1.2942, GD: 1.2681e-01,     RMSE: 0.7408, MAE: 0.3472
----------------------------------------------------------------------
Epoch   5/50 | Train Loss: 1.2487 | Val Loss: 1.2646 | LR: 0.001577
  Train - Data Loss (MIXMSE): 1.2471, GD: 1.5163e-01,     RMSE: 0.7240, MAE: 0.3507
  Val   - Data Loss (MIXMSE): 1.2646, GD: 2.6411e-02,     RMSE: 0.7323, MAE: 0.3684
----------------------------------------------------------------------
Epoch   6/50 | Train Loss: 1.2149 | Val Loss: 1.2213 | LR: 0.001577
  Train - Data Loss (MIXMSE): 1.2138, GD: 1.0553e-01,     RMSE: 0.7145, MAE: 0.3517
  Val   - Data Loss (MIXMSE): 1.2213, GD: 6.4473e-02,     RMSE: 0.7196, MAE: 0.3520
----------------------------------------------------------------------
Epoch   7/50 | Train Loss: 1.1820 | Val Loss: 1.2172 | LR: 0.001577
  Train - Data Loss (MIXMSE): 1.1794, GD: 2.5253e-01,     RMSE: 0.7041, MAE: 0.3536
  Val   - Data Loss (MIXMSE): 1.2172, GD: 2.6928e-02,     RMSE: 0.7183, MAE: 0.3926
----------------------------------------------------------------------
Epoch   8/50 | Train Loss: 1.1571 | Val Loss: 1.1802 | LR: 0.001577
  Train - Data Loss (MIXMSE): 1.1565, GD: 6.0402e-02,     RMSE: 0.6972, MAE: 0.3535
  Val   - Data Loss (MIXMSE): 1.1802, GD: 4.9332e-02,     RMSE: 0.7073, MAE: 0.3511
----------------------------------------------------------------------
Epoch   9/50 | Train Loss: 1.1440 | Val Loss: 1.1628 | LR: 0.001577
  Train - Data Loss (MIXMSE): 1.1420, GD: 1.9610e-01,     RMSE: 0.6928, MAE: 0.3520
  Val   - Data Loss (MIXMSE): 1.1628, GD: 2.1275e+00,     RMSE: 0.7022, MAE: 0.3487
----------------------------------------------------------------------
Epoch  10/50 | Train Loss: 1.0965 | Val Loss: 1.0670 | LR: 0.001577
  Train - Data Loss (MIXMSE): 1.0921, GD: 4.3603e-01,     RMSE: 0.6773, MAE: 0.3455
  Val   - Data Loss (MIXMSE): 1.0670, GD: 1.7028e-01,     RMSE: 0.6726, MAE: 0.3323
----------------------------------------------------------------------
Epoch  11/50 | Train Loss: 1.0185 | Val Loss: 1.0312 | LR: 0.001577
  Train - Data Loss (MIXMSE): 1.0156, GD: 2.8451e-01,     RMSE: 0.6532, MAE: 0.3374
  Val   - Data Loss (MIXMSE): 1.0312, GD: 2.2705e-01,     RMSE: 0.6612, MAE: 0.3361
----------------------------------------------------------------------
Epoch  12/50 | Train Loss: 0.9867 | Val Loss: 1.0125 | LR: 0.001577
  Train - Data Loss (MIXMSE): 0.9830, GD: 3.6746e-01,     RMSE: 0.6428, MAE: 0.3343
  Val   - Data Loss (MIXMSE): 1.0125, GD: 2.0993e-01,     RMSE: 0.6552, MAE: 0.3499
----------------------------------------------------------------------
Epoch  13/50 | Train Loss: 0.9375 | Val Loss: 0.9368 | LR: 0.001577
  Train - Data Loss (MIXMSE): 0.9340, GD: 3.4972e-01,     RMSE: 0.6265, MAE: 0.3267
  Val   - Data Loss (MIXMSE): 0.9368, GD: 2.1410e-01,     RMSE: 0.6304, MAE: 0.3211
----------------------------------------------------------------------
Epoch  14/50 | Train Loss: 0.8816 | Val Loss: 0.8889 | LR: 0.001577
  Train - Data Loss (MIXMSE): 0.8790, GD: 2.5424e-01,     RMSE: 0.6074, MAE: 0.3177
  Val   - Data Loss (MIXMSE): 0.8889, GD: 1.7021e-01,     RMSE: 0.6140, MAE: 0.3116
----------------------------------------------------------------------
Epoch  15/50 | Train Loss: 0.8530 | Val Loss: 0.8611 | LR: 0.001577
  Train - Data Loss (MIXMSE): 0.8508, GD: 2.1415e-01,     RMSE: 0.5977, MAE: 0.3127
  Val   - Data Loss (MIXMSE): 0.8611, GD: 4.4603e-01,     RMSE: 0.6043, MAE: 0.3089
----------------------------------------------------------------------
Epoch  16/50 | Train Loss: 0.8399 | Val Loss: 0.8537 | LR: 0.001577
  Train - Data Loss (MIXMSE): 0.8375, GD: 2.3694e-01,     RMSE: 0.5932, MAE: 0.3102
  Val   - Data Loss (MIXMSE): 0.8537, GD: 4.5250e-01,     RMSE: 0.6017, MAE: 0.3205
----------------------------------------------------------------------
Epoch  17/50 | Train Loss: 0.8252 | Val Loss: 0.8372 | LR: 0.001577
  Train - Data Loss (MIXMSE): 0.8231, GD: 2.0771e-01,     RMSE: 0.5878, MAE: 0.3067
  Val   - Data Loss (MIXMSE): 0.8372, GD: 1.6959e-01,     RMSE: 0.5959, MAE: 0.3063
----------------------------------------------------------------------
Epoch  18/50 | Train Loss: 0.8149 | Val Loss: 0.8287 | LR: 0.001577
  Train - Data Loss (MIXMSE): 0.8129, GD: 1.9114e-01,     RMSE: 0.5838, MAE: 0.3034
  Val   - Data Loss (MIXMSE): 0.8287, GD: 2.3120e-01,     RMSE: 0.5928, MAE: 0.2991
----------------------------------------------------------------------
Epoch  19/50 | Train Loss: 0.8074 | Val Loss: 0.8166 | LR: 0.001577
  Train - Data Loss (MIXMSE): 0.8055, GD: 1.8161e-01,     RMSE: 0.5814, MAE: 0.3018
  Val   - Data Loss (MIXMSE): 0.8166, GD: 9.1922e-02,     RMSE: 0.5885, MAE: 0.2924
----------------------------------------------------------------------
Epoch  20/50 | Train Loss: 0.7958 | Val Loss: 0.8247 | LR: 0.001577
  Train - Data Loss (MIXMSE): 0.7942, GD: 1.5537e-01,     RMSE: 0.5774, MAE: 0.2990
  Val   - Data Loss (MIXMSE): 0.8247, GD: 1.5156e-01,     RMSE: 0.5914, MAE: 0.2974
----------------------------------------------------------------------
Epoch  21/50 | Train Loss: 0.7912 | Val Loss: 0.8132 | LR: 0.001577
  Train - Data Loss (MIXMSE): 0.7898, GD: 1.3761e-01,     RMSE: 0.5756, MAE: 0.2979
  Val   - Data Loss (MIXMSE): 0.8132, GD: 8.5380e-02,     RMSE: 0.5872, MAE: 0.3002
----------------------------------------------------------------------
Epoch  22/50 | Train Loss: 0.7880 | Val Loss: 0.8119 | LR: 0.001577
  Train - Data Loss (MIXMSE): 0.7864, GD: 1.4882e-01,     RMSE: 0.5745, MAE: 0.2971
  Val   - Data Loss (MIXMSE): 0.8119, GD: 1.1921e-01,     RMSE: 0.5868, MAE: 0.2897
----------------------------------------------------------------------
Epoch  23/50 | Train Loss: 0.7824 | Val Loss: 0.8092 | LR: 0.001577
  Train - Data Loss (MIXMSE): 0.7813, GD: 1.1269e-01,     RMSE: 0.5725, MAE: 0.2965
  Val   - Data Loss (MIXMSE): 0.8092, GD: 9.4240e-02,     RMSE: 0.5858, MAE: 0.3002
----------------------------------------------------------------------
Epoch  24/50 | Train Loss: 0.7775 | Val Loss: 0.8116 | LR: 0.001577
  Train - Data Loss (MIXMSE): 0.7762, GD: 1.3533e-01,     RMSE: 0.5709, MAE: 0.2951
  Val   - Data Loss (MIXMSE): 0.8116, GD: 1.4062e-01,     RMSE: 0.5866, MAE: 0.2945
----------------------------------------------------------------------
Epoch  25/50 | Train Loss: 0.7730 | Val Loss: 0.8054 | LR: 0.001577
  Train - Data Loss (MIXMSE): 0.7719, GD: 1.0951e-01,     RMSE: 0.5693, MAE: 0.2942
  Val   - Data Loss (MIXMSE): 0.8054, GD: 6.9148e-02,     RMSE: 0.5844, MAE: 0.2895
----------------------------------------------------------------------
Epoch  26/50 | Train Loss: 0.7723 | Val Loss: 0.7885 | LR: 0.001577
  Train - Data Loss (MIXMSE): 0.7711, GD: 1.1452e-01,     RMSE: 0.5688, MAE: 0.2946
  Val   - Data Loss (MIXMSE): 0.7885, GD: 7.8924e-02,     RMSE: 0.5783, MAE: 0.2904
----------------------------------------------------------------------
Epoch  27/50 | Train Loss: 0.7680 | Val Loss: 0.7880 | LR: 0.001577
  Train - Data Loss (MIXMSE): 0.7669, GD: 1.0816e-01,     RMSE: 0.5675, MAE: 0.2933
  Val   - Data Loss (MIXMSE): 0.7880, GD: 5.6265e-02,     RMSE: 0.5781, MAE: 0.2919
----------------------------------------------------------------------
Epoch  28/50 | Train Loss: 0.7620 | Val Loss: 0.7847 | LR: 0.001577
  Train - Data Loss (MIXMSE): 0.7610, GD: 1.0011e-01,     RMSE: 0.5652, MAE: 0.2920
  Val   - Data Loss (MIXMSE): 0.7847, GD: 1.0618e-01,     RMSE: 0.5768, MAE: 0.2969
----------------------------------------------------------------------
Epoch  29/50 | Train Loss: 0.7611 | Val Loss: 0.7749 | LR: 0.001577
  Train - Data Loss (MIXMSE): 0.7600, GD: 1.0833e-01,     RMSE: 0.5647, MAE: 0.2914
  Val   - Data Loss (MIXMSE): 0.7749, GD: 8.0726e-02,     RMSE: 0.5732, MAE: 0.2903
----------------------------------------------------------------------
Epoch  30/50 | Train Loss: 0.7573 | Val Loss: 0.7754 | LR: 0.001577
  Train - Data Loss (MIXMSE): 0.7563, GD: 9.7795e-02,     RMSE: 0.5632, MAE: 0.2908
  Val   - Data Loss (MIXMSE): 0.7754, GD: 1.8014e-01,     RMSE: 0.5734, MAE: 0.2871
----------------------------------------------------------------------
Epoch  31/50 | Train Loss: 0.7558 | Val Loss: 0.7741 | LR: 0.001577
  Train - Data Loss (MIXMSE): 0.7546, GD: 1.1738e-01,     RMSE: 0.5626, MAE: 0.2905
  Val   - Data Loss (MIXMSE): 0.7741, GD: 4.6568e-02,     RMSE: 0.5730, MAE: 0.2891
----------------------------------------------------------------------
Epoch  32/50 | Train Loss: 0.7518 | Val Loss: 0.7713 | LR: 0.001577
  Train - Data Loss (MIXMSE): 0.7506, GD: 1.1907e-01,     RMSE: 0.5612, MAE: 0.2900
  Val   - Data Loss (MIXMSE): 0.7713, GD: 9.2337e-02,     RMSE: 0.5719, MAE: 0.2914
----------------------------------------------------------------------
Epoch  33/50 | Train Loss: 0.7537 | Val Loss: 0.7666 | LR: 0.001577
  Train - Data Loss (MIXMSE): 0.7526, GD: 1.1073e-01,     RMSE: 0.5619, MAE: 0.2898
  Val   - Data Loss (MIXMSE): 0.7666, GD: 9.0682e-02,     RMSE: 0.5702, MAE: 0.2893
----------------------------------------------------------------------
Epoch  34/50 | Train Loss: 0.7505 | Val Loss: 0.7751 | LR: 0.001577
  Train - Data Loss (MIXMSE): 0.7493, GD: 1.2187e-01,     RMSE: 0.5606, MAE: 0.2895
  Val   - Data Loss (MIXMSE): 0.7751, GD: 2.2657e-01,     RMSE: 0.5733, MAE: 0.3003
----------------------------------------------------------------------
Epoch  35/50 | Train Loss: 0.7497 | Val Loss: 0.7665 | LR: 0.001577
  Train - Data Loss (MIXMSE): 0.7484, GD: 1.3172e-01,     RMSE: 0.5604, MAE: 0.2890
  Val   - Data Loss (MIXMSE): 0.7665, GD: 1.3452e-01,     RMSE: 0.5702, MAE: 0.2866
----------------------------------------------------------------------
Epoch  36/50 | Train Loss: 0.7458 | Val Loss: 0.7763 | LR: 0.001577
  Train - Data Loss (MIXMSE): 0.7444, GD: 1.3673e-01,     RMSE: 0.5588, MAE: 0.2881
  Val   - Data Loss (MIXMSE): 0.7763, GD: 1.0222e-01,     RMSE: 0.5737, MAE: 0.2935
----------------------------------------------------------------------
Epoch  37/50 | Train Loss: 0.7429 | Val Loss: 0.7652 | LR: 0.001577
  Train - Data Loss (MIXMSE): 0.7416, GD: 1.2628e-01,     RMSE: 0.5577, MAE: 0.2874
  Val   - Data Loss (MIXMSE): 0.7652, GD: 1.2296e-01,     RMSE: 0.5696, MAE: 0.2881
----------------------------------------------------------------------
Epoch  38/50 | Train Loss: 0.7431 | Val Loss: 0.7695 | LR: 0.001577
  Train - Data Loss (MIXMSE): 0.7416, GD: 1.4334e-01,     RMSE: 0.5579, MAE: 0.2874
  Val   - Data Loss (MIXMSE): 0.7695, GD: 1.0008e-01,     RMSE: 0.5712, MAE: 0.2971
----------------------------------------------------------------------
Epoch  39/50 | Train Loss: 0.7411 | Val Loss: 0.7618 | LR: 0.001577
  Train - Data Loss (MIXMSE): 0.7397, GD: 1.3982e-01,     RMSE: 0.5574, MAE: 0.2869
  Val   - Data Loss (MIXMSE): 0.7618, GD: 1.6612e-01,     RMSE: 0.5683, MAE: 0.2890
----------------------------------------------------------------------
Epoch  40/50 | Train Loss: 0.7403 | Val Loss: 0.7608 | LR: 0.001577
  Train - Data Loss (MIXMSE): 0.7387, GD: 1.5921e-01,     RMSE: 0.5567, MAE: 0.2867
  Val   - Data Loss (MIXMSE): 0.7608, GD: 7.4384e-02,     RMSE: 0.5680, MAE: 0.2853
----------------------------------------------------------------------
Epoch  41/50 | Train Loss: 0.7416 | Val Loss: 0.7547 | LR: 0.001577
  Train - Data Loss (MIXMSE): 0.7394, GD: 2.2231e-01,     RMSE: 0.5571, MAE: 0.2871
  Val   - Data Loss (MIXMSE): 0.7547, GD: 4.6161e-03,     RMSE: 0.5657, MAE: 0.2864
----------------------------------------------------------------------
Epoch  42/50 | Train Loss: 0.7409 | Val Loss: 0.7601 | LR: 0.001577
  Train - Data Loss (MIXMSE): 0.7409, GD: 7.0425e-03,     RMSE: 0.5578, MAE: 0.2875
  Val   - Data Loss (MIXMSE): 0.7601, GD: 7.1384e-03,     RMSE: 0.5677, MAE: 0.2857
----------------------------------------------------------------------
Epoch  43/50 | Train Loss: 0.7372 | Val Loss: 0.7652 | LR: 0.001577
  Train - Data Loss (MIXMSE): 0.7370, GD: 1.5309e-02,     RMSE: 0.5562, MAE: 0.2862
  Val   - Data Loss (MIXMSE): 0.7652, GD: 3.1029e-02,     RMSE: 0.5696, MAE: 0.2959
----------------------------------------------------------------------
Epoch  44/50 | Train Loss: 0.7369 | Val Loss: 0.7647 | LR: 0.001577
  Train - Data Loss (MIXMSE): 0.7366, GD: 2.8945e-02,     RMSE: 0.5558, MAE: 0.2863
  Val   - Data Loss (MIXMSE): 0.7647, GD: 8.1816e-02,     RMSE: 0.5695, MAE: 0.2877
----------------------------------------------------------------------
Epoch  45/50 | Train Loss: 0.7367 | Val Loss: 0.7578 | LR: 0.001577
  Train - Data Loss (MIXMSE): 0.7360, GD: 6.9226e-02,     RMSE: 0.5557, MAE: 0.2856
  Val   - Data Loss (MIXMSE): 0.7578, GD: 9.2254e-02,     RMSE: 0.5669, MAE: 0.2910
----------------------------------------------------------------------
Epoch  46/50 | Train Loss: 0.7350 | Val Loss: 0.7640 | LR: 0.001577
  Train - Data Loss (MIXMSE): 0.7339, GD: 1.1009e-01,     RMSE: 0.5552, MAE: 0.2856
  Val   - Data Loss (MIXMSE): 0.7640, GD: 1.0904e-01,     RMSE: 0.5692, MAE: 0.2863
----------------------------------------------------------------------
Epoch  47/50 | Train Loss: 0.7331 | Val Loss: 0.7489 | LR: 0.001577
  Train - Data Loss (MIXMSE): 0.7322, GD: 8.8076e-02,     RMSE: 0.5543, MAE: 0.2852
  Val   - Data Loss (MIXMSE): 0.7489, GD: 1.0594e-01,     RMSE: 0.5635, MAE: 0.2832
----------------------------------------------------------------------
Epoch  48/50 | Train Loss: 0.7300 | Val Loss: 0.7540 | LR: 0.001577
  Train - Data Loss (MIXMSE): 0.7287, GD: 1.3043e-01,     RMSE: 0.5532, MAE: 0.2841
  Val   - Data Loss (MIXMSE): 0.7540, GD: 1.0591e-01,     RMSE: 0.5655, MAE: 0.2816
----------------------------------------------------------------------
Epoch  49/50 | Train Loss: 0.7346 | Val Loss: 0.7575 | LR: 0.001577
  Train - Data Loss (MIXMSE): 0.7317, GD: 2.8034e-01,     RMSE: 0.5538, MAE: 0.2849
  Val   - Data Loss (MIXMSE): 0.7575, GD: 2.4595e-02,     RMSE: 0.5668, MAE: 0.2859
----------------------------------------------------------------------
Epoch  50/50 | Train Loss: 0.7322 | Val Loss: 0.7627 | LR: 0.001577
  Train - Data Loss (MIXMSE): 0.7321, GD: 4.6223e-03,     RMSE: 0.5540, MAE: 0.2849
  Val   - Data Loss (MIXMSE): 0.7627, GD: 3.3859e-03,     RMSE: 0.5687, MAE: 0.2902
----------------------------------------------------------------------

Training complete!
Best validation loss: 0.7489 at epoch 47

Evaluating on test set...
Test Loss: 0.7444
Test MIXMSE: 0.7444, GD: 3.2903e-03,     RMSE: 0.5619, MAE: 0.2880