Starting training for 50 epochs...
--- Optuna Trial 45 ---
Device: cuda
Model parameters: 25,523
----------------------------------------------------------------------
Epoch   1/50 | Train Loss: 1.6946 | Val Loss: 1.3474 | LR: 0.002384
  Train - Data Loss (MIXMSE): 1.3316, GD: 1.1236e+02,     RMSE: 0.7484, MAE: 0.3622
  Val   - Data Loss (MIXMSE): 1.3474, GD: 3.8112e-01,     RMSE: 0.7558, MAE: 0.3576
----------------------------------------------------------------------
Epoch   2/50 | Train Loss: 1.3156 | Val Loss: 1.3256 | LR: 0.002384
  Train - Data Loss (MIXMSE): 1.3137, GD: 5.8759e-01,     RMSE: 0.7432, MAE: 0.3587
  Val   - Data Loss (MIXMSE): 1.3256, GD: 1.6083e+01,     RMSE: 0.7497, MAE: 0.3523
----------------------------------------------------------------------
Epoch   3/50 | Train Loss: 1.2882 | Val Loss: 1.2842 | LR: 0.002384
  Train - Data Loss (MIXMSE): 1.2864, GD: 5.7746e-01,     RMSE: 0.7352, MAE: 0.3517
  Val   - Data Loss (MIXMSE): 1.2842, GD: 3.9116e-01,     RMSE: 0.7379, MAE: 0.3470
----------------------------------------------------------------------
Epoch   4/50 | Train Loss: 1.2524 | Val Loss: 1.2513 | LR: 0.002384
  Train - Data Loss (MIXMSE): 1.2492, GD: 9.9475e-01,     RMSE: 0.7243, MAE: 0.3436
  Val   - Data Loss (MIXMSE): 1.2513, GD: 1.2066e-01,     RMSE: 0.7284, MAE: 0.3326
----------------------------------------------------------------------
Epoch   5/50 | Train Loss: 1.2318 | Val Loss: 1.2174 | LR: 0.002384
  Train - Data Loss (MIXMSE): 1.2251, GD: 2.0751e+00,     RMSE: 0.7175, MAE: 0.3431
  Val   - Data Loss (MIXMSE): 1.2174, GD: 1.6807e-01,     RMSE: 0.7185, MAE: 0.3512
----------------------------------------------------------------------

--- TRIAL PRUNED AT EPOCH 5 ---